found flag name = chicago_taxi_corrix_a1_q3_s05
found flag dataset = /home/ubuntu/correlations/continuous/chicago_taxi/chicago_taxi_sort_octree_0_2_4.bin
found flag workload = /home/ubuntu/correlations/continuous/chicago_taxi/queries_3_s05.dat
found flag visitor = index
found flag indexer-spec = /home/ubuntu/correlations/continuous/chicago_taxi/index_secondary.build
found flag save = results/chicago_taxi_corrix_a1_q3_s05.dat
Dimension is 9
Loaded 1000 queries
Loaded dataset and workload
Setting primary index for CompositeIndex
Adding secondary index to CompositeIndex
Adding secondary index to CompositeIndex
Adding secondary index to CompositeIndex
Building CompositeIndex
Sorting data...
Building Octree with page size 10000 on dimensions: 0 4 
Data was modified
Time to sort and finalize data: 381.01s
Not using datacubes
Compression time: 19.2061s
Leaf nodes: 41380, inner nodes: 13793, max page size: 17250
Indexer sizei (B): 4665925656
Index creation time: 430.301s
Starting queries...
Scan time (us): ranges = 0.22, list = 378148, total = 378148
True: 9782616, scanned range = 0, scanned list = 10328993
Query time (ms): 1170.28
Scan time (us): ranges = 0.17, list = 379763, total = 379763
True: 9760511, scanned range = 0, scanned list = 10137755
Query time (ms): 1182.88
Scan time (us): ranges = 0.24, list = 311081, total = 311081
True: 9439347, scanned range = 0, scanned list = 9439351
Query time (ms): 960.902
Scan time (us): ranges = 0.49, list = 386505, total = 386506
True: 10230828, scanned range = 0, scanned list = 10826187
Query time (ms): 1181.58
Scan time (us): ranges = 0.21, list = 355708, total = 355709
True: 10078869, scanned range = 0, scanned list = 10196124
Query time (ms): 1093.52
Scan time (us): ranges = 0.32, list = 373805, total = 373805
True: 10610980, scanned range = 0, scanned list = 10707170
Query time (ms): 1124.23
Scan time (us): ranges = 0.33, list = 335328, total = 335329
True: 9032038, scanned range = 0, scanned list = 9156776
Query time (ms): 1057.98
Scan time (us): ranges = 0.17, list = 372199, total = 372199
True: 9553512, scanned range = 0, scanned list = 9873691
Query time (ms): 1161.83
Scan time (us): ranges = 0.18, list = 342688, total = 342688
True: 9466747, scanned range = 0, scanned list = 9601978
Query time (ms): 1076.18
Scan time (us): ranges = 0.17, list = 374371, total = 374371
True: 10610980, scanned range = 0, scanned list = 10707170
Query time (ms): 1125.68
Scan time (us): ranges = 0.1, list = 342257, total = 342257
True: 10435936, scanned range = 0, scanned list = 10878513
Query time (ms): 1012.07
Scan time (us): ranges = 0.17, list = 342816, total = 342817
True: 8943356, scanned range = 0, scanned list = 9070834
Query time (ms): 1078.13
Scan time (us): ranges = 0.16, list = 348813, total = 348813
True: 9692956, scanned range = 0, scanned list = 9833888
Query time (ms): 1091.55
Scan time (us): ranges = 0.1, list = 375199, total = 375199
True: 10543037, scanned range = 0, scanned list = 10749864
Query time (ms): 1128.14
Scan time (us): ranges = 0.33, list = 381283, total = 381283
True: 9760511, scanned range = 0, scanned list = 10137755
Query time (ms): 1185.55
Scan time (us): ranges = 0.19, list = 367753, total = 367753
True: 10309093, scanned range = 0, scanned list = 10503125
Query time (ms): 1146.87
Scan time (us): ranges = 0.17, list = 336580, total = 336580
True: 9059214, scanned range = 0, scanned list = 9189232
Query time (ms): 1059.3
Scan time (us): ranges = 0.17, list = 342106, total = 342107
True: 8989171, scanned range = 0, scanned list = 9533334
Query time (ms): 1036.4
Scan time (us): ranges = 0.1, list = 313778, total = 313778
True: 10118859, scanned range = 0, scanned list = 11676914
Query time (ms): 922.558
Scan time (us): ranges = 0.17, list = 349976, total = 349976
True: 9817258, scanned range = 0, scanned list = 9930722
Query time (ms): 1073.55
Scan time (us): ranges = 0.09, list = 315916, total = 315917
True: 9823889, scanned range = 0, scanned list = 10463946
Query time (ms): 925.726
Scan time (us): ranges = 0.17, list = 358839, total = 358839
True: 10048315, scanned range = 0, scanned list = 10215541
Query time (ms): 1121.23
Scan time (us): ranges = 0.17, list = 333556, total = 333556
True: 8567267, scanned range = 0, scanned list = 9148031
Query time (ms): 1010.73
Scan time (us): ranges = 0.21, list = 334822, total = 334822
True: 11128354, scanned range = 0, scanned list = 12816962
Query time (ms): 985.522
Scan time (us): ranges = 0.18, list = 352368, total = 352369
True: 9081743, scanned range = 0, scanned list = 9261850
Query time (ms): 1104.42
Scan time (us): ranges = 0.16, list = 311656, total = 311656
True: 10025486, scanned range = 0, scanned list = 12723589
Query time (ms): 907.559
Scan time (us): ranges = 0.1, list = 338882, total = 338882
True: 9238980, scanned range = 0, scanned list = 9381650
Query time (ms): 1064.92
Scan time (us): ranges = 0.17, list = 359569, total = 359569
True: 10048315, scanned range = 0, scanned list = 10215541
Query time (ms): 1122.49
Scan time (us): ranges = 0.17, list = 324485, total = 324486
True: 9905982, scanned range = 0, scanned list = 10416019
Query time (ms): 954.306
Scan time (us): ranges = 0.1, list = 313795, total = 313795
True: 9297339, scanned range = 0, scanned list = 9692177
Query time (ms): 925.302
Scan time (us): ranges = 0.18, list = 372509, total = 372509
True: 10423344, scanned range = 0, scanned list = 10678268
Query time (ms): 1121.49
Scan time (us): ranges = 0.22, list = 331772, total = 331772
True: 10018923, scanned range = 0, scanned list = 10448496
Query time (ms): 978.684
Scan time (us): ranges = 0.49, list = 327962, total = 327962
True: 10607793, scanned range = 0, scanned list = 11669707
Query time (ms): 963.139
Scan time (us): ranges = 0.47, list = 358615, total = 358616
True: 10801078, scanned range = 0, scanned list = 10802584
Query time (ms): 1106.92
Scan time (us): ranges = 0.31, list = 350976, total = 350976
True: 9081743, scanned range = 0, scanned list = 9261850
Query time (ms): 1103.55
Scan time (us): ranges = 0.16, list = 358661, total = 358662
True: 10048315, scanned range = 0, scanned list = 10215541
Query time (ms): 1121.45
Scan time (us): ranges = 0.23, list = 340062, total = 340062
True: 9238980, scanned range = 0, scanned list = 9381650
Query time (ms): 1066.43
Scan time (us): ranges = 0.17, list = 340930, total = 340930
True: 9283364, scanned range = 0, scanned list = 9425188
Query time (ms): 1068.49
Scan time (us): ranges = 0.09, list = 338967, total = 338967
True: 9238980, scanned range = 0, scanned list = 9381650
Query time (ms): 1065.23
Scan time (us): ranges = 0.19, list = 353798, total = 353798
True: 9860134, scanned range = 0, scanned list = 10013553
Query time (ms): 1105.87
Scan time (us): ranges = 0.09, list = 332978, total = 332978
True: 10927247, scanned range = 0, scanned list = 13959574
Query time (ms): 970.905
Scan time (us): ranges = 0.16, list = 342045, total = 342045
True: 11024931, scanned range = 0, scanned list = 11717326
Query time (ms): 1005.48
Scan time (us): ranges = 0.1, list = 347682, total = 347682
True: 9611461, scanned range = 0, scanned list = 9748530
Query time (ms): 1088.14
Scan time (us): ranges = 0.21, list = 374928, total = 374929
True: 10851434, scanned range = 0, scanned list = 10973980
Query time (ms): 1128.09
Scan time (us): ranges = 0.1, list = 366280, total = 366280
True: 9484917, scanned range = 0, scanned list = 10067812
Query time (ms): 1120.6
Scan time (us): ranges = 0.16, list = 311443, total = 311443
True: 10025486, scanned range = 0, scanned list = 12723589
Query time (ms): 907.664
Scan time (us): ranges = 0.31, list = 340050, total = 340051
True: 8582670, scanned range = 0, scanned list = 9129047
Query time (ms): 1039.2
Scan time (us): ranges = 0.22, list = 365738, total = 365738
True: 10224394, scanned range = 0, scanned list = 10409593
Query time (ms): 1139.19
Scan time (us): ranges = 0.17, list = 372361, total = 372362
True: 10423344, scanned range = 0, scanned list = 10678268
Query time (ms): 1121.48
Scan time (us): ranges = 0.31, list = 356257, total = 356258
True: 9039306, scanned range = 0, scanned list = 9537470
Query time (ms): 1093.07
Scan time (us): ranges = 0.18, list = 377948, total = 377949
True: 10082757, scanned range = 0, scanned list = 10626920
Query time (ms): 1147.12
Scan time (us): ranges = 0.16, list = 325052, total = 325052
True: 9905982, scanned range = 0, scanned list = 10416019
Query time (ms): 954.237
Scan time (us): ranges = 0.1, list = 387116, total = 387117
True: 10230828, scanned range = 0, scanned list = 10826187
Query time (ms): 1184.14
Scan time (us): ranges = 0.1, list = 323962, total = 323962
True: 9905982, scanned range = 0, scanned list = 10416019
Query time (ms): 952.653
Scan time (us): ranges = 0.3, list = 328114, total = 328115
True: 10607793, scanned range = 0, scanned list = 11669707
Query time (ms): 963.368
Scan time (us): ranges = 0.1, list = 345339, total = 345339
True: 10081917, scanned range = 0, scanned list = 10290963
Query time (ms): 1024.01
Scan time (us): ranges = 0.1, list = 356139, total = 356139
True: 9039306, scanned range = 0, scanned list = 9537470
Query time (ms): 1093.55
Scan time (us): ranges = 0.21, list = 376638, total = 376638
True: 10082757, scanned range = 0, scanned list = 10626920
Query time (ms): 1146.14
Scan time (us): ranges = 0.17, list = 361241, total = 361241
True: 10814602, scanned range = 0, scanned list = 10814603
Query time (ms): 1112.74
Scan time (us): ranges = 0.17, list = 370070, total = 370070
True: 10257991, scanned range = 0, scanned list = 10566377
Query time (ms): 1116.53
Scan time (us): ranges = 0.17, list = 357939, total = 357939
True: 9491119, scanned range = 0, scanned list = 10035282
Query time (ms): 1089.16
Scan time (us): ranges = 0.1, list = 394936, total = 394936
True: 12583724, scanned range = 0, scanned list = 18554645
Query time (ms): 1182.71
Scan time (us): ranges = 0.18, list = 366358, total = 366359
True: 10224394, scanned range = 0, scanned list = 10409593
Query time (ms): 1140.68
Scan time (us): ranges = 0.3, list = 340336, total = 340336
True: 8951419, scanned range = 0, scanned list = 9065099
Query time (ms): 1069.06
Scan time (us): ranges = 0.21, list = 387760, total = 387760
True: 10230828, scanned range = 0, scanned list = 10826187
Query time (ms): 1185.7
Scan time (us): ranges = 0.1, list = 346265, total = 346265
True: 10340162, scanned range = 0, scanned list = 10640724
Query time (ms): 1025.3
Scan time (us): ranges = 0.17, list = 348964, total = 348964
True: 9095554, scanned range = 0, scanned list = 9676318
Query time (ms): 1061.99
Scan time (us): ranges = 0.1, list = 342469, total = 342469
True: 9398968, scanned range = 0, scanned list = 9536197
Query time (ms): 1075.59
Scan time (us): ranges = 0.34, list = 320034, total = 320035
True: 10248927, scanned range = 0, scanned list = 11505592
Query time (ms): 942.879
Scan time (us): ranges = 0.17, list = 328927, total = 328927
True: 9213233, scanned range = 0, scanned list = 9315549
Query time (ms): 992.755
Scan time (us): ranges = 0.1, list = 336789, total = 336789
True: 9032038, scanned range = 0, scanned list = 9156776
Query time (ms): 1061.49
Scan time (us): ranges = 0.17, list = 350248, total = 350248
True: 8941012, scanned range = 0, scanned list = 9523907
Query time (ms): 1069.75
Scan time (us): ranges = 0.17, list = 379926, total = 379927
True: 9782616, scanned range = 0, scanned list = 10328993
Query time (ms): 1165.88
Scan time (us): ranges = 0.31, list = 367551, total = 367551
True: 9384485, scanned range = 0, scanned list = 9662878
Query time (ms): 1146.89
Scan time (us): ranges = 0.17, list = 392938, total = 392938
True: 12483730, scanned range = 0, scanned list = 18863155
Query time (ms): 1183.09
Scan time (us): ranges = 0.2, list = 355700, total = 355700
True: 10436596, scanned range = 0, scanned list = 10652366
Query time (ms): 1055.06
Scan time (us): ranges = 0.17, list = 342043, total = 342043
True: 9796817, scanned range = 0, scanned list = 9844947
Query time (ms): 1034.76
Scan time (us): ranges = 0.11, list = 351523, total = 351524
True: 9775524, scanned range = 0, scanned list = 9922053
Query time (ms): 1099.18
Scan time (us): ranges = 0.1, list = 329126, total = 329126
True: 9213233, scanned range = 0, scanned list = 9315549
Query time (ms): 993.569
Scan time (us): ranges = 0.1, list = 354441, total = 354441
True: 11802903, scanned range = 0, scanned list = 15187894
Query time (ms): 1029.61
Scan time (us): ranges = 0.1, list = 313636, total = 313636
True: 10025486, scanned range = 0, scanned list = 12723589
Query time (ms): 911.903
Scan time (us): ranges = 0.1, list = 361514, total = 361514
True: 10275273, scanned range = 0, scanned list = 10326542
Query time (ms): 1090.77
Scan time (us): ranges = 0.31, list = 360879, total = 360879
True: 9257624, scanned range = 0, scanned list = 9490319
Query time (ms): 1128.98
Scan time (us): ranges = 0.31, list = 343528, total = 343528
True: 8690452, scanned range = 0, scanned list = 8923147
Query time (ms): 1067.59
Scan time (us): ranges = 0.1, list = 367801, total = 367801
True: 9384485, scanned range = 0, scanned list = 9662878
Query time (ms): 1147.94
Scan time (us): ranges = 0.1, list = 348810, total = 348810
True: 10292007, scanned range = 0, scanned list = 10305939
Query time (ms): 1074.18
Scan time (us): ranges = 0.17, list = 360719, total = 360719
True: 9066154, scanned range = 0, scanned list = 9505351
Query time (ms): 1107.48
Scan time (us): ranges = 0.1, list = 347282, total = 347282
True: 9831662, scanned range = 0, scanned list = 9938343
Query time (ms): 1044.81
Scan time (us): ranges = 0.17, list = 366583, total = 366583
True: 9384485, scanned range = 0, scanned list = 9662878
Query time (ms): 1146.52
Scan time (us): ranges = 0.17, list = 337582, total = 337582
True: 9022080, scanned range = 0, scanned list = 9144526
Query time (ms): 1064.33
Scan time (us): ranges = 0.1, list = 354750, total = 354750
True: 10900655, scanned range = 0, scanned list = 11358506
Query time (ms): 1047.26
Scan time (us): ranges = 0.33, list = 337295, total = 337295
True: 9508770, scanned range = 0, scanned list = 9625039
Query time (ms): 1018.7
Scan time (us): ranges = 0.1, list = 381671, total = 381671
True: 10702187, scanned range = 0, scanned list = 10903572
Query time (ms): 1186.9
Scan time (us): ranges = 0.31, list = 365582, total = 365582
True: 10025770, scanned range = 0, scanned list = 10395060
Query time (ms): 1101.75
Scan time (us): ranges = 0.23, list = 337495, total = 337495
True: 9508770, scanned range = 0, scanned list = 9625039
Query time (ms): 1018.47
Scan time (us): ranges = 0.16, list = 338027, total = 338027
True: 9159931, scanned range = 0, scanned list = 9301425
Query time (ms): 1061.65
Scan time (us): ranges = 0.1, list = 328255, total = 328255
True: 10411137, scanned range = 0, scanned list = 11080554
Query time (ms): 964.453
Scan time (us): ranges = 0.17, list = 364828, total = 364828
True: 10704428, scanned range = 0, scanned list = 10717919
Query time (ms): 1128.71
Scan time (us): ranges = 0.17, list = 375550, total = 375551
True: 10851434, scanned range = 0, scanned list = 10973980
Query time (ms): 1129.56
Scan time (us): ranges = 0.17, list = 349267, total = 349267
True: 10472763, scanned range = 0, scanned list = 10473043
Query time (ms): 1075.28
Scan time (us): ranges = 0.09, list = 345595, total = 345595
True: 10185256, scanned range = 0, scanned list = 10198711
Query time (ms): 1060.58
Scan time (us): ranges = 0.23, list = 314256, total = 314256
True: 9996982, scanned range = 0, scanned list = 11405166
Query time (ms): 927.696
Scan time (us): ranges = 0.09, list = 365205, total = 365205
True: 10025770, scanned range = 0, scanned list = 10395060
Query time (ms): 1101.19
Scan time (us): ranges = 0.2, list = 324372, total = 324372
True: 9905982, scanned range = 0, scanned list = 10416019
Query time (ms): 955.137
Scan time (us): ranges = 0.17, list = 348401, total = 348401
True: 9611461, scanned range = 0, scanned list = 9748530
Query time (ms): 1089.68
Scan time (us): ranges = 0.18, list = 358674, total = 358674
True: 10078869, scanned range = 0, scanned list = 10196124
Query time (ms): 1099.76
Scan time (us): ranges = 0.17, list = 354823, total = 354823
True: 10900655, scanned range = 0, scanned list = 11358506
Query time (ms): 1047.85
Scan time (us): ranges = 0.17, list = 337892, total = 337892
True: 9107289, scanned range = 0, scanned list = 9244593
Query time (ms): 1061.41
Scan time (us): ranges = 0.1, list = 328982, total = 328982
True: 10607793, scanned range = 0, scanned list = 11669707
Query time (ms): 965.254
Scan time (us): ranges = 0.33, list = 361988, total = 361988
True: 9137393, scanned range = 0, scanned list = 9514637
Query time (ms): 1118.84
Scan time (us): ranges = 0.17, list = 347574, total = 347574
True: 10324370, scanned range = 0, scanned list = 15575671
Query time (ms): 1017.17
Scan time (us): ranges = 0.18, list = 346832, total = 346833
True: 9532760, scanned range = 0, scanned list = 9675793
Query time (ms): 1086.04
Scan time (us): ranges = 0.17, list = 335127, total = 335127
True: 9319580, scanned range = 0, scanned list = 9427150
Query time (ms): 1032.94
Scan time (us): ranges = 0.18, list = 337242, total = 337242
True: 9032038, scanned range = 0, scanned list = 9156776
Query time (ms): 1062.51
Scan time (us): ranges = 0.17, list = 316719, total = 316719
True: 10185413, scanned range = 0, scanned list = 11166085
Query time (ms): 927.391
Scan time (us): ranges = 0.18, list = 347104, total = 347104
True: 10340162, scanned range = 0, scanned list = 10640724
Query time (ms): 1026.62
Scan time (us): ranges = 0.32, list = 341965, total = 341966
True: 9283364, scanned range = 0, scanned list = 9425188
Query time (ms): 1070.5
Scan time (us): ranges = 0.17, list = 352304, total = 352304
True: 9081743, scanned range = 0, scanned list = 9261850
Query time (ms): 1104.57
Scan time (us): ranges = 0.09, list = 348413, total = 348413
True: 9831662, scanned range = 0, scanned list = 9938343
Query time (ms): 1045.98
Scan time (us): ranges = 0.1, list = 354726, total = 354726
True: 8940448, scanned range = 0, scanned list = 9260627
Query time (ms): 1099.08
Scan time (us): ranges = 0.22, list = 339529, total = 339529
True: 11025616, scanned range = 0, scanned list = 12165848
Query time (ms): 999.648
Scan time (us): ranges = 0.3, list = 333523, total = 333524
True: 10037914, scanned range = 0, scanned list = 10037919
Query time (ms): 1027.39
Scan time (us): ranges = 0.16, list = 343178, total = 343178
True: 11024931, scanned range = 0, scanned list = 11717326
Query time (ms): 1006.19
Scan time (us): ranges = 0.17, list = 378373, total = 378373
True: 10638530, scanned range = 0, scanned list = 10753650
Query time (ms): 1135.35
Scan time (us): ranges = 0.17, list = 352989, total = 352989
True: 9775524, scanned range = 0, scanned list = 9922053
Query time (ms): 1100.41
Scan time (us): ranges = 0.17, list = 366845, total = 366846
True: 10501123, scanned range = 0, scanned list = 10620658
Query time (ms): 1101.29
Scan time (us): ranges = 0.18, list = 369437, total = 369437
True: 9709392, scanned range = 0, scanned list = 10290156
Query time (ms): 1124.06
Scan time (us): ranges = 0.3, list = 357438, total = 357438
True: 9159243, scanned range = 0, scanned list = 9361677
Query time (ms): 1117.13
Scan time (us): ranges = 0.31, list = 340318, total = 340318
True: 8980194, scanned range = 0, scanned list = 9095904
Query time (ms): 1066.86
Scan time (us): ranges = 0.17, list = 378098, total = 378098
True: 10612635, scanned range = 0, scanned list = 10780902
Query time (ms): 1134.71
Scan time (us): ranges = 0.17, list = 339308, total = 339308
True: 9238980, scanned range = 0, scanned list = 9381650
Query time (ms): 1065.61
Scan time (us): ranges = 0.17, list = 362233, total = 362234
True: 10275273, scanned range = 0, scanned list = 10326542
Query time (ms): 1091.75
Scan time (us): ranges = 0.31, list = 358411, total = 358411
True: 9159243, scanned range = 0, scanned list = 9361677
Query time (ms): 1118.16
Scan time (us): ranges = 0.23, list = 382937, total = 382938
True: 12251555, scanned range = 0, scanned list = 18455854
Query time (ms): 1142.34
Scan time (us): ranges = 0.17, list = 356811, total = 356811
True: 10162807, scanned range = 0, scanned list = 10274239
Query time (ms): 1073.29
Scan time (us): ranges = 0.18, list = 357011, total = 357011
True: 10698110, scanned range = 0, scanned list = 10701418
Query time (ms): 1101.7
Scan time (us): ranges = 0.33, list = 342143, total = 342144
True: 8945233, scanned range = 0, scanned list = 9067709
Query time (ms): 1072.98
Scan time (us): ranges = 0.1, list = 342643, total = 342643
True: 8989171, scanned range = 0, scanned list = 9533334
Query time (ms): 1038.34
Scan time (us): ranges = 0.11, list = 365264, total = 365264
True: 10025770, scanned range = 0, scanned list = 10395060
Query time (ms): 1101.27
Scan time (us): ranges = 0.18, list = 358332, total = 358332
True: 9039306, scanned range = 0, scanned list = 9537470
Query time (ms): 1096.94
Scan time (us): ranges = 0.22, list = 338704, total = 338704
True: 9075112, scanned range = 0, scanned list = 9207589
Query time (ms): 1062.9
Scan time (us): ranges = 0.1, list = 341141, total = 341141
True: 8694227, scanned range = 0, scanned list = 9289586
Query time (ms): 1037.4
Scan time (us): ranges = 0.2, list = 388038, total = 388038
True: 10230828, scanned range = 0, scanned list = 10826187
Query time (ms): 1186.07
Scan time (us): ranges = 0.2, list = 351596, total = 351596
True: 8941012, scanned range = 0, scanned list = 9523907
Query time (ms): 1071.5
Scan time (us): ranges = 0.2, list = 377388, total = 377389
True: 10638530, scanned range = 0, scanned list = 10753650
Query time (ms): 1133.83
Scan time (us): ranges = 0.18, list = 349315, total = 349315
True: 9950794, scanned range = 0, scanned list = 9994884
Query time (ms): 1055.74
Scan time (us): ranges = 0.17, list = 329445, total = 329445
True: 9213233, scanned range = 0, scanned list = 9315549
Query time (ms): 994.204
Scan time (us): ranges = 0.17, list = 351195, total = 351196
True: 9095554, scanned range = 0, scanned list = 9676318
Query time (ms): 1065.26
Scan time (us): ranges = 0.17, list = 380111, total = 380111
True: 9782616, scanned range = 0, scanned list = 10328993
Query time (ms): 1166.86
Scan time (us): ranges = 0.1, list = 369390, total = 369390
True: 9709392, scanned range = 0, scanned list = 10290156
Query time (ms): 1124.96
Scan time (us): ranges = 0.09, list = 379920, total = 379920
True: 9723115, scanned range = 0, scanned list = 10221279
Query time (ms): 1170.95
Scan time (us): ranges = 0.17, list = 340927, total = 340927
True: 8945233, scanned range = 0, scanned list = 9067709
Query time (ms): 1072.23
Scan time (us): ranges = 0.17, list = 378537, total = 378537
True: 10638530, scanned range = 0, scanned list = 10753650
Query time (ms): 1136.07
Scan time (us): ranges = 0.381, list = 347993, total = 347994
True: 9611461, scanned range = 0, scanned list = 9748530
Query time (ms): 1089.17
Scan time (us): ranges = 0.17, list = 339235, total = 339235
True: 9971307, scanned range = 0, scanned list = 10261680
Query time (ms): 1001.75
Scan time (us): ranges = 0.1, list = 377476, total = 377476
True: 9796369, scanned range = 0, scanned list = 10379264
Query time (ms): 1155.51
Scan time (us): ranges = 0.1, list = 335635, total = 335635
True: 11128354, scanned range = 0, scanned list = 12816962
Query time (ms): 987.989
Scan time (us): ranges = 0.17, list = 362657, total = 362658
True: 10275273, scanned range = 0, scanned list = 10326542
Query time (ms): 1093.32
Scan time (us): ranges = 0.16, list = 337773, total = 337773
True: 9075112, scanned range = 0, scanned list = 9207589
Query time (ms): 1062.14
Scan time (us): ranges = 0.18, list = 360876, total = 360876
True: 10603275, scanned range = 0, scanned list = 10617043
Query time (ms): 1115.21
Scan time (us): ranges = 0.1, list = 318193, total = 318193
True: 10185413, scanned range = 0, scanned list = 11166085
Query time (ms): 929.823
Scan time (us): ranges = 0.18, list = 337593, total = 337593
True: 9084994, scanned range = 0, scanned list = 9228029
Query time (ms): 1062.08
Scan time (us): ranges = 0.17, list = 359985, total = 359985
True: 9734166, scanned range = 0, scanned list = 10166702
Query time (ms): 1086.87
Scan time (us): ranges = 0.11, list = 347091, total = 347091
True: 10324370, scanned range = 0, scanned list = 15575671
Query time (ms): 1017.94
Scan time (us): ranges = 0.17, list = 357308, total = 357308
True: 10503363, scanned range = 0, scanned list = 10517182
Query time (ms): 1102.93
Scan time (us): ranges = 0.58, list = 329833, total = 329834
True: 10607793, scanned range = 0, scanned list = 11669707
Query time (ms): 966.726
Scan time (us): ranges = 0.18, list = 342888, total = 342888
True: 8943356, scanned range = 0, scanned list = 9070834
Query time (ms): 1079.23
Scan time (us): ranges = 0.17, list = 359182, total = 359182
True: 10801078, scanned range = 0, scanned list = 10802584
Query time (ms): 1107.87
Scan time (us): ranges = 0.1, list = 341075, total = 341075
True: 8980194, scanned range = 0, scanned list = 9095904
Query time (ms): 1067.51
Scan time (us): ranges = 0.17, list = 357387, total = 357387
True: 10698110, scanned range = 0, scanned list = 10701418
Query time (ms): 1101.01
Scan time (us): ranges = 0.1, list = 371536, total = 371536
True: 10509858, scanned range = 0, scanned list = 10578408
Query time (ms): 1117.91
Scan time (us): ranges = 0.33, list = 342501, total = 342501
True: 10435936, scanned range = 0, scanned list = 10878513
Query time (ms): 1013.26
Scan time (us): ranges = 0.17, list = 379903, total = 379903
True: 9782616, scanned range = 0, scanned list = 10328993
Query time (ms): 1166.61
Scan time (us): ranges = 0.1, list = 349493, total = 349493
True: 9022326, scanned range = 0, scanned list = 9184059
Query time (ms): 1096.63
Scan time (us): ranges = 0.1, list = 345150, total = 345151
True: 10185256, scanned range = 0, scanned list = 10198711
Query time (ms): 1059.86
Scan time (us): ranges = 0.1, list = 333747, total = 333747
True: 10018923, scanned range = 0, scanned list = 10448496
Query time (ms): 982.156
Scan time (us): ranges = 0.1, list = 366065, total = 366065
True: 10501123, scanned range = 0, scanned list = 10620658
Query time (ms): 1100.14
Scan time (us): ranges = 0.09, list = 347493, total = 347493
True: 10340162, scanned range = 0, scanned list = 10640724
Query time (ms): 1026.33
Scan time (us): ranges = 0.09, list = 334533, total = 334534
True: 10927247, scanned range = 0, scanned list = 13959574
Query time (ms): 972.734
Scan time (us): ranges = 0.17, list = 383988, total = 383988
True: 12251555, scanned range = 0, scanned list = 18455854
Query time (ms): 1144.23
Scan time (us): ranges = 0.1, list = 366316, total = 366316
True: 9391611, scanned range = 0, scanned list = 9937988
Query time (ms): 1123.94
Scan time (us): ranges = 0.1, list = 377932, total = 377932
True: 10612635, scanned range = 0, scanned list = 10780902
Query time (ms): 1135.49
Scan time (us): ranges = 0.1, list = 365420, total = 365420
True: 10025770, scanned range = 0, scanned list = 10395060
Query time (ms): 1101.83
Scan time (us): ranges = 0.1, list = 343463, total = 343463
True: 9398968, scanned range = 0, scanned list = 9536197
Query time (ms): 1076.92
Scan time (us): ranges = 0.17, list = 363341, total = 363341
True: 10137765, scanned range = 0, scanned list = 10313627
Query time (ms): 1131.83
Scan time (us): ranges = 0.22, list = 378713, total = 378713
True: 9892483, scanned range = 0, scanned list = 10487842
Query time (ms): 1153.42
Scan time (us): ranges = 0.1, list = 294162, total = 294162
True: 9239114, scanned range = 0, scanned list = 10098704
Query time (ms): 856.925
Scan time (us): ranges = 0.1, list = 388742, total = 388742
True: 10230828, scanned range = 0, scanned list = 10826187
Query time (ms): 1186.82
Scan time (us): ranges = 0.1, list = 377265, total = 377265
True: 9796369, scanned range = 0, scanned list = 10379264
Query time (ms): 1154.37
Scan time (us): ranges = 0.1, list = 342435, total = 342435
True: 8942208, scanned range = 0, scanned list = 9062891
Query time (ms): 1075.68
Scan time (us): ranges = 0.21, list = 361822, total = 361822
True: 10275273, scanned range = 0, scanned list = 10326542
Query time (ms): 1090.82
Scan time (us): ranges = 0.1, list = 362797, total = 362797
True: 11223425, scanned range = 0, scanned list = 17502856
Query time (ms): 1092.58
Scan time (us): ranges = 0.1, list = 319800, total = 319800
True: 9284933, scanned range = 0, scanned list = 9556761
Query time (ms): 943.954
Scan time (us): ranges = 0.1, list = 341755, total = 341755
True: 9336760, scanned range = 0, scanned list = 9475664
Query time (ms): 1070.61
Scan time (us): ranges = 0.1, list = 338756, total = 338756
True: 9189597, scanned range = 0, scanned list = 9332160
Query time (ms): 1061.9
Scan time (us): ranges = 0.1, list = 343337, total = 343337
True: 10435936, scanned range = 0, scanned list = 10878513
Query time (ms): 1012.78
Scan time (us): ranges = 0.09, list = 367147, total = 367147
True: 9391611, scanned range = 0, scanned list = 9937988
Query time (ms): 1122.26
Scan time (us): ranges = 0.1, list = 319184, total = 319184
True: 9903942, scanned range = 0, scanned list = 14164589
Query time (ms): 918.985
Scan time (us): ranges = 0.17, list = 359629, total = 359629
True: 9734166, scanned range = 0, scanned list = 10166702
Query time (ms): 1085.83
Scan time (us): ranges = 0.17, list = 338810, total = 338810
True: 8998120, scanned range = 0, scanned list = 9116807
Query time (ms): 1064.69
Scan time (us): ranges = 0.1, list = 366222, total = 366222
True: 10501123, scanned range = 0, scanned list = 10620658
Query time (ms): 1101.48
Scan time (us): ranges = 0.17, list = 351872, total = 351872
True: 10030331, scanned range = 0, scanned list = 10075532
Query time (ms): 1063.57
Scan time (us): ranges = 0.17, list = 341438, total = 341438
True: 8582670, scanned range = 0, scanned list = 9129047
Query time (ms): 1039.88
Scan time (us): ranges = 0.1, list = 355669, total = 355669
True: 10111864, scanned range = 0, scanned list = 10157885
Query time (ms): 1072.42
Scan time (us): ranges = 0.1, list = 342274, total = 342275
True: 9567380, scanned range = 0, scanned list = 9677574
Query time (ms): 1053.51
Scan time (us): ranges = 0.1, list = 356409, total = 356409
True: 10652870, scanned range = 0, scanned list = 10653150
Query time (ms): 1095.63
Scan time (us): ranges = 0.1, list = 342786, total = 342786
True: 9567380, scanned range = 0, scanned list = 9677574
Query time (ms): 1053.77
Scan time (us): ranges = 0.1, list = 354384, total = 354384
True: 9860134, scanned range = 0, scanned list = 10013553
Query time (ms): 1106.63
Scan time (us): ranges = 0.21, list = 348240, total = 348240
True: 9950794, scanned range = 0, scanned list = 9994884
Query time (ms): 1053.88
Scan time (us): ranges = 0.1, list = 340719, total = 340720
True: 8948251, scanned range = 0, scanned list = 9064754
Query time (ms): 1072.27
Scan time (us): ranges = 0.1, list = 337170, total = 337171
True: 8998120, scanned range = 0, scanned list = 9116807
Query time (ms): 1063.24
Scan time (us): ranges = 0.1, list = 318338, total = 318338
True: 9903942, scanned range = 0, scanned list = 14164589
Query time (ms): 918.504
Scan time (us): ranges = 0.1, list = 389857, total = 389857
True: 10775429, scanned range = 0, scanned list = 12081618
Query time (ms): 1109.65
Scan time (us): ranges = 0.22, list = 360863, total = 360863
True: 9903942, scanned range = 0, scanned list = 14164589
Query time (ms): 1166.87
Scan time (us): ranges = 0.13, list = 363696, total = 363696
True: 9603148, scanned range = 0, scanned list = 15575272
Query time (ms): 1182.33
Scan time (us): ranges = 0.11, list = 377968, total = 377968
True: 9095554, scanned range = 0, scanned list = 9676318
Query time (ms): 1315.98
Scan time (us): ranges = 0.1, list = 402525, total = 402525
True: 9709392, scanned range = 0, scanned list = 10290156
Query time (ms): 1249.7
Scan time (us): ranges = 0.1, list = 376456, total = 376456
True: 9081743, scanned range = 0, scanned list = 9261850
Query time (ms): 1207.95
Scan time (us): ranges = 0.1, list = 352580, total = 352580
True: 8962682, scanned range = 0, scanned list = 9077326
Query time (ms): 1140.67
Scan time (us): ranges = 0.1, list = 340509, total = 340509
True: 10270609, scanned range = 0, scanned list = 10270614
Query time (ms): 1118.32
Scan time (us): ranges = 0.1, list = 347900, total = 347900
True: 8726621, scanned range = 0, scanned list = 9165818
Query time (ms): 1066.84
Scan time (us): ranges = 0.17, list = 367224, total = 367224
True: 10714303, scanned range = 0, scanned list = 10886532
Query time (ms): 1089.9
Scan time (us): ranges = 0.1, list = 306357, total = 306357
True: 9724728, scanned range = 0, scanned list = 10647298
Query time (ms): 894.43
Scan time (us): ranges = 0.17, list = 329143, total = 329143
True: 10411137, scanned range = 0, scanned list = 11080554
Query time (ms): 966.165
Scan time (us): ranges = 0.1, list = 363826, total = 363826
True: 11223425, scanned range = 0, scanned list = 17502856
Query time (ms): 1092.5
Scan time (us): ranges = 0.11, list = 381576, total = 381576
True: 9760511, scanned range = 0, scanned list = 10137755
Query time (ms): 1187.67
Scan time (us): ranges = 0.1, list = 376347, total = 376347
True: 10543037, scanned range = 0, scanned list = 10749864
Query time (ms): 1131.48
Scan time (us): ranges = 0.16, list = 337908, total = 337908
True: 9971307, scanned range = 0, scanned list = 10261680
Query time (ms): 999.572
Scan time (us): ranges = 0.1, list = 344579, total = 344579
True: 10435936, scanned range = 0, scanned list = 10878513
Query time (ms): 1015.75
Scan time (us): ranges = 0.1, list = 338581, total = 338581
True: 9676750, scanned range = 0, scanned list = 9836349
Query time (ms): 1004.49
Scan time (us): ranges = 0.22, list = 322039, total = 322039
True: 10248927, scanned range = 0, scanned list = 11505592
Query time (ms): 945.762
Scan time (us): ranges = 0.18, list = 375950, total = 375950
True: 10851434, scanned range = 0, scanned list = 10973980
Query time (ms): 1130.11
Scan time (us): ranges = 0.17, list = 343731, total = 343731
True: 11543115, scanned range = 0, scanned list = 13721004
Query time (ms): 1004.86
Scan time (us): ranges = 0.31, list = 348292, total = 348292
True: 8989672, scanned range = 0, scanned list = 9138595
Query time (ms): 1092.15
Scan time (us): ranges = 0.1, list = 343000, total = 343000
True: 8943356, scanned range = 0, scanned list = 9070834
Query time (ms): 1079.93
Scan time (us): ranges = 0.32, list = 374589, total = 374590
True: 10564607, scanned range = 0, scanned list = 10651352
Query time (ms): 1125.35
Scan time (us): ranges = 0.09, list = 312563, total = 312563
True: 9439347, scanned range = 0, scanned list = 9439351
Query time (ms): 965.71
Scan time (us): ranges = 0.17, list = 366527, total = 366527
True: 10025770, scanned range = 0, scanned list = 10395060
Query time (ms): 1103.58
Scan time (us): ranges = 0.26, list = 329224, total = 329224
True: 10411137, scanned range = 0, scanned list = 11080554
Query time (ms): 965.092
Scan time (us): ranges = 0.1, list = 342975, total = 342975
True: 9567380, scanned range = 0, scanned list = 9677574
Query time (ms): 1055.57
Scan time (us): ranges = 0.1, list = 316794, total = 316794
True: 10336013, scanned range = 0, scanned list = 12327990
Query time (ms): 927.097
Scan time (us): ranges = 0.1, list = 339463, total = 339463
True: 8962682, scanned range = 0, scanned list = 9077326
Query time (ms): 1067.78
Scan time (us): ranges = 0.1, list = 343461, total = 343461
True: 8942208, scanned range = 0, scanned list = 9062891
Query time (ms): 1078.63
Scan time (us): ranges = 0.09, list = 357061, total = 357061
True: 10078869, scanned range = 0, scanned list = 10196124
Query time (ms): 1097.58
Scan time (us): ranges = 0.1, list = 378785, total = 378785
True: 9723115, scanned range = 0, scanned list = 10221279
Query time (ms): 1169.35
Scan time (us): ranges = 0.24, list = 318928, total = 318928
True: 9284933, scanned range = 0, scanned list = 9556761
Query time (ms): 943.37
Scan time (us): ranges = 0.17, list = 369080, total = 369081
True: 9397382, scanned range = 0, scanned list = 9836579
Query time (ms): 1142.24
Scan time (us): ranges = 0.18, list = 373312, total = 373312
True: 9553512, scanned range = 0, scanned list = 9873691
Query time (ms): 1165.73
Scan time (us): ranges = 0.09, list = 365110, total = 365110
True: 10362648, scanned range = 0, scanned list = 10418308
Query time (ms): 1101.21
Scan time (us): ranges = 0.17, list = 339086, total = 339086
True: 9059214, scanned range = 0, scanned list = 9189232
Query time (ms): 1062.04
Scan time (us): ranges = 0.1, list = 358860, total = 358860
True: 10936394, scanned range = 0, scanned list = 14263476
Query time (ms): 1104.13
Scan time (us): ranges = 0.17, list = 324419, total = 324419
True: 9905982, scanned range = 0, scanned list = 10416019
Query time (ms): 954.413
Scan time (us): ranges = 0.1, list = 337275, total = 337275
True: 9032038, scanned range = 0, scanned list = 9156776
Query time (ms): 1061.84
Scan time (us): ranges = 0.1, list = 331981, total = 331982
True: 10733514, scanned range = 0, scanned list = 12174871
Query time (ms): 978.185
Scan time (us): ranges = 0.1, list = 343852, total = 343853
True: 8943356, scanned range = 0, scanned list = 9070834
Query time (ms): 1080.49
Scan time (us): ranges = 0.09, list = 342653, total = 342653
True: 8942208, scanned range = 0, scanned list = 9062891
Query time (ms): 1077.24
Scan time (us): ranges = 0.1, list = 344476, total = 344476
True: 8690452, scanned range = 0, scanned list = 8923147
Query time (ms): 1068.08
Scan time (us): ranges = 0.11, list = 386402, total = 386402
True: 10230828, scanned range = 0, scanned list = 10826187
Query time (ms): 1184.38
Scan time (us): ranges = 0.1, list = 347208, total = 347208
True: 9950794, scanned range = 0, scanned list = 9994884
Query time (ms): 1051.67
Scan time (us): ranges = 0.1, list = 312251, total = 312251
True: 10025486, scanned range = 0, scanned list = 12723589
Query time (ms): 907.186
Scan time (us): ranges = 0.1, list = 323101, total = 323101
True: 9643032, scanned range = 0, scanned list = 10054838
Query time (ms): 951.569
Scan time (us): ranges = 0.23, list = 313949, total = 313949
True: 10118859, scanned range = 0, scanned list = 11676914
Query time (ms): 923.042
Scan time (us): ranges = 0.1, list = 349419, total = 349419
True: 9095554, scanned range = 0, scanned list = 9676318
Query time (ms): 1061.89
Scan time (us): ranges = 0.1, list = 338038, total = 338038
True: 11025616, scanned range = 0, scanned list = 12165848
Query time (ms): 995.313
Scan time (us): ranges = 0.1, list = 333712, total = 333712
True: 10927247, scanned range = 0, scanned list = 13959574
Query time (ms): 970.684
Scan time (us): ranges = 0.18, list = 294401, total = 294401
True: 9239114, scanned range = 0, scanned list = 10098704
Query time (ms): 856.733
Scan time (us): ranges = 0.09, list = 319540, total = 319540
True: 9284933, scanned range = 0, scanned list = 9556761
Query time (ms): 943.028
Scan time (us): ranges = 0.24, list = 387243, total = 387243
True: 10230828, scanned range = 0, scanned list = 10826187
Query time (ms): 1183.98
Scan time (us): ranges = 0.22, list = 342268, total = 342268
True: 8943356, scanned range = 0, scanned list = 9070834
Query time (ms): 1077.62
Scan time (us): ranges = 0.1, list = 338334, total = 338334
True: 8980194, scanned range = 0, scanned list = 9095904
Query time (ms): 1062.97
Scan time (us): ranges = 0.1, list = 337018, total = 337018
True: 9084994, scanned range = 0, scanned list = 9228029
Query time (ms): 1059.37
Scan time (us): ranges = 0.1, list = 336804, total = 336804
True: 10439917, scanned range = 0, scanned list = 10967896
Query time (ms): 993.408
Scan time (us): ranges = 0.1, list = 359338, total = 359338
True: 9066154, scanned range = 0, scanned list = 9505351
Query time (ms): 1105.33
Scan time (us): ranges = 0.1, list = 366573, total = 366573
True: 10714303, scanned range = 0, scanned list = 10886532
Query time (ms): 1089.27
Scan time (us): ranges = 0.1, list = 337798, total = 337799
True: 9075112, scanned range = 0, scanned list = 9207589
Query time (ms): 1061.64
Scan time (us): ranges = 0.34, list = 322815, total = 322815
True: 9643032, scanned range = 0, scanned list = 10054838
Query time (ms): 952.177
Scan time (us): ranges = 0.17, list = 357959, total = 357959
True: 10358553, scanned range = 0, scanned list = 10527123
Query time (ms): 1061.31
Scan time (us): ranges = 0.17, list = 346218, total = 346218
True: 9611461, scanned range = 0, scanned list = 9748530
Query time (ms): 1086.47
Scan time (us): ranges = 0.17, list = 366912, total = 366912
True: 9859420, scanned range = 0, scanned list = 10360200
Query time (ms): 1114.33
Scan time (us): ranges = 0.1, list = 352333, total = 352333
True: 10394706, scanned range = 0, scanned list = 10408510
Query time (ms): 1086.21
Scan time (us): ranges = 0.11, list = 332066, total = 332066
True: 10037914, scanned range = 0, scanned list = 10037919
Query time (ms): 1024.08
Scan time (us): ranges = 0.18, list = 358048, total = 358048
True: 10801078, scanned range = 0, scanned list = 10802584
Query time (ms): 1105.34
Scan time (us): ranges = 0.09, list = 368558, total = 368558
True: 9396893, scanned range = 0, scanned list = 9895057
Query time (ms): 1132.84
Scan time (us): ranges = 0.22, list = 375068, total = 375068
True: 10480222, scanned range = 0, scanned list = 10687621
Query time (ms): 1165.49
Scan time (us): ranges = 0.1, list = 355609, total = 355609
True: 10162807, scanned range = 0, scanned list = 10274239
Query time (ms): 1070.7
Scan time (us): ranges = 0.1, list = 380377, total = 380377
True: 9723115, scanned range = 0, scanned list = 10221279
Query time (ms): 1170.67
Scan time (us): ranges = 0.1, list = 356321, total = 356321
True: 10698110, scanned range = 0, scanned list = 10701418
Query time (ms): 1099.95
Scan time (us): ranges = 0.1, list = 317250, total = 317250
True: 8739981, scanned range = 0, scanned list = 13091828
Query time (ms): 951.33
Scan time (us): ranges = 0.1, list = 338076, total = 338076
True: 9022080, scanned range = 0, scanned list = 9144526
Query time (ms): 1063.88
Scan time (us): ranges = 0.17, list = 375165, total = 375165
True: 10851434, scanned range = 0, scanned list = 10973980
Query time (ms): 1127.14
Scan time (us): ranges = 0.1, list = 338932, total = 338932
True: 8951419, scanned range = 0, scanned list = 9065099
Query time (ms): 1067.31
Scan time (us): ranges = 0.1, list = 374456, total = 374456
True: 9553512, scanned range = 0, scanned list = 9873691
Query time (ms): 1167.07
Scan time (us): ranges = 0.1, list = 357140, total = 357140
True: 10436596, scanned range = 0, scanned list = 10652366
Query time (ms): 1055.86
Scan time (us): ranges = 0.1, list = 324730, total = 324730
True: 9905982, scanned range = 0, scanned list = 10416019
Query time (ms): 954.995
