15419
14180
15978
20063
15649
18753
21752
17707
14307
14323
19309
13718
19553
14351
14539
13310
17453
14536
20669
13598
20077
19886
18911
14820
12698
14439
14594
20904
20234
14265
17111
16856
14606
13686
16381
19418
20803
18669
16182
17750
18687
20475
14213
13901
21218
14759
17768
17187
15585
16157
12756
19886
14551
15637
15921
17604
17809
13889
16649
17082
19965
18671
13900
13428
22093
19123
14055
20564
18680
15899
13795
18433
14821
18072
19843
20343
14746
16260
15158
18679
14892
15169
15917
13614
14614
15238
14808
17352
20953
18514
13990
17275
20352
21178
15772
20332
19944
20198
18326
14698
19979
21218
19603
18466
14437
15244
18021
15481
16270
20315
22177
14370
15877
18940
14061
15174
20709
13975
15489
16314
17898
13991
20211
11668
14378
16221
17001
13025
18565
15083
14639
20997
19003
18297
16023
19644
12784
14227
17614
13743
18626
14581
20797
21450
16036
16927
18024
18769
14245
16792
17601
14964
16011
14328
18695
17475
13690
13819
15297
15502
15407
17280
14749
12516
17337
19943
12857
15881
17210
19754
15325
18311
14581
17392
16774
19740
15752
20500
17073
17297
14549
15511
19809
14284
14653
14793
19713
17563
17092
19699
18108
20307
18243
17132
14999
20208
16486
14559
14572
18078
20475
17041
21172
16204
14142
14874
13650
17561
15017
13785
18673
13704
17402
15851
14910
14843
21054
16281
19779
20884
18217
15888
13347
13846
14231
14066
16351
13953
17687
20215
18506
19901
18284
14462
21890
16088
13549
16147
18532
12520
15052
15345
20278
17374
15256
19249
19830
17659
14649
15238
14175
16766
20793
19177
15187
16225
16720
14251
14189
13554
14318
17895
14430
21277
14249
13246
20403
16512
12748
15168
12898
21256
14983
20669
18256
18305
15193
12970
14461
18192
19491
18832
17321
18198
15242
19827
14769
16516
14924
13399
20418
17688
14433
17751
17538
14723
14765
16408
20178
13063
15116
18453
20287
15972
14232
14202
17813
18320
13953
19114
16318
20604
17184
16865
19752
19022
14891
19328
20871
18549
13324
17408
20114
14983
16502
15487
15651
15417
14660
20027
13911
14160
15345
18979
15368
17429
15114
14118
14884
14886
15746
16836
14835
14705
14411
15343
18154
16470
14729
12643
15166
14566
20925
16473
16299
18102
17598
20396
13969
14177
15328
14498
18935
20932
14942
14555
12913
11732
18974
13684
20976
20779
19910
19794
17550
14001
18196
14940
15080
15341
12988
17565
15848
17920
18027
20904
17673
13908
15183
14063
18424
21997
14443
15947
16938
13804
19514
20626
14516
19705
14695
20673
18883
14995
15124
15130
19810
14609
14727
15210
14220
17046
16026
19021
14109
14700
15190
16741
16683
15688
15174
20363
14349
18227
19898
15327
18368
15585
16729
18254
15380
15221
14089
19864
16546
18947
20463
13842
17882
15263
19982
14887
14518
21936
19787
14696
19173
18722
15105
17027
16711
15714
21055
16087
14288
14881
14980
18384
13232
17546
15111
14804
15054
17252
20434
15449
16461
18687
19558
14236
21125
16037
18643
14444
17153
17026
15867
14644
18034
18458
18807
14871
15239
13570
20335
20404
14806
20876
15196
20826
20819
19826
21191
15718
17799
16581
20415
14656
18414
20572
14250
14241
20830
16866
13507
15709
18838
14729
13225
15081
14881
21440
14248
14473
15262
18192
16484
18107
17904
20033
21132
18146
16326
14722
20569
18429
14914
15029
18083
14366
16704
14032
13815
21161
21751
13817
15167
16193
13048
18404
13018
16158
16303
21123
14598
17610
14594
13371
14779
16138
16981
17633
15035
14522
14582
15089
20158
18971
18394
17194
20909
14478
20760
14583
13898
15836
14930
12551
16328
16835
15392
19787
16136
20183
14228
12435
13813
17343
14353
15185
20236
18505
18349
17141
15059
20184
18497
14858
14595
20002
15961
16148
15114
18168
20423
15348
18408
16304
15753
16431
14538
19762
15319
12336
21554
18011
14312
17292
13800
16919
14285
15083
14323
15692
17195
15571
20326
20843
15148
21754
14201
16572
16464
15682
14048
19188
18278
20607
14426
17917
15976
13898
16933
17391
14571
20481
13956
16772
15784
20633
15609
14131
20018
20577
15547
15941
19110
17306
15586
17901
15085
18277
15219
17180
12527
14457
18077
15394
18645
17265
13053
15855
12806
19731
16973
17418
15611
12959
14576
16501
16281
18520
15366
14356
13948
20637
17231
19189
17276
20980
20853
15253
13453
17401
21711
20211
16795
18347
14931
13626
14983
17524
16300
14919
16508
17389
17980
14168
16720
14829
15213
17542
14363
19734
14426
16388
18467
17382
13437
18096
14956
20498
17795
13851
15155
14456
18494
15939
14400
18698
14545
21353
14102
14264
21659
17959
13332
14552
16716
22242
16227
14540
17102
14727
20492
13060
15591
19341
15284
18090
19131
20477
20186
16887
20999
15235
17005
14541
18265
14569
13668
17635
19879
20744
16056
15095
18565
14579
17950
20608
15984
14844
14480
18343
14100
20734
14342
17918
20593
16711
17980
17138
20698
11822
18051
17410
13791
17059
13123
17451
15273
15125
14213
17027
11851
21176
17841
14614
15095
12181
15146
16862
18095
15134
15146
15810
15173
17706
17776
14417
19217
18295
19483
14431
14289
21762
14403
21320
18866
15058
18773
12946
14390
20725
18295
21561
14759
16682
17600
20090
16390
15197
19055
14366
18552
17555
18698
14216
15260
17720
16122
18810
14478
13191
14000
14656
17949
21719
19287
18483
15300
21070
16465
16358
15160
17710
14669
20867
13810
19780
17946
12514
21690
21024
12999
16974
14654
13063
17691
15458
13330
17551
20318
14871
14498
14884
15378
17857
19875
15186
15098
17602
13725
16373
15077
20438
14595
19339
17318
14427
15287
16151
20561
15904
12971
19220
15664
14730
18465
15057
15839
13977
17470
15952
20929
14551
18040
21716
15416
14185
15684
14697
21567
14676
15200
14843
15723
13343
18023
13642
18355
14296
18122
17378
14339
19665
16677
15191
19524
16413
14741
18576
20846
18367
20974
16602
15724
15927
21339
20915
18434
13711
20322
16029
15118
17553
15191
14234
19350
18969
13532
13513
18017
14742
17605
14309
20520
20303
17119
17030
19458
13589
14941
16805
14679
18558
17103
16574
14499
21263
21596
17841
18574
14150
14766
15138
20564
19928
13789
17963
13678
14805
16076
15239
15903
17680
17457
14529
19417
15347
19598
16293
15040
15875
16489
15194
14596
14069
12124
20549
16757
16366
17683
18367
13641
14281
16296
15421
15589
14822
