7126905
7128658
7130411
8669535
8670723
8671911
9372824
9372834
9376049
9376059
9379274
9379284
10539813
10541261
10589074
10589145
10589166
10592682
10592753
10592774
12237610
12241979
12531769
12533212
16171077
16176491
16956750
16956758
16956770
16956781
16956806
16956808
17494102
17896056
18465867
18465868
18545628
18545629
18545630
19145280
19213420
24162349
24162416
24163701
24163768
24165053
24165120
24451009
24451790
24452571
25135492
25136351
25137210
28387324
28387325
28389836
28389837
32018502
32018511
32018524
32021757
32021766
32021779
32707235
32707251
32707257
32708633
32708649
32708655
32710031
32710047
32710053
32711429
32711445
32711451
32712827
32712843
32712849
33868802
33871604
33934280
33934324
33936622
33936666
34976034
34981022
38007825
38007826
38007827
38007828
38007829
38007830
39326538
39326545
39326557
39385546
39626022
39893245
39893289
41379516
45786734
45788421
45790108
45791795
46514921
46514923
46514927
46514932
46514937
46516626
46516628
46516632
46516637
46516642
46518331
46518333
46518337
46518342
46518347
46520036
46520038
46520042
46520047
46520052
47748528
47750680
47752832
47754984
48521727
48521741
48522933
48522947
48524139
48524153
51797998
51799744
52654756
52658531
53391919
53391926
53396886
53396893
54044280
54044530
56095270
56097339
56222500
56222501
56222502
56222503
56222504
56222505
56222506
56222507
56222508
56225359
56225360
56225361
56225362
56225363
56225364
56225365
56225366
56225367
56671192
56671193
56671194
56671195
56671196
56671197
56671198
56675322
56675323
56675324
56675325
56675326
56675327
56675328
58160029
58455946
58455986
58773738
58773739
58773740
61349370
61349371
61349372
61349373
61349374
61349375
61910496
61910497
61910500
65116431
65118843
65121255
65123667
68296594
68297634
68298674
68299714
68300754
70663785
70664482
70665179
77696514
77767008
77767040
77767059
77841453
78149501
78149502
78149503
78149504
78149524
79280026
81731319
83626211
83627289
83628367
83629445
83630523
83631601
83632679
83633757
94314329
94314503
94314509
94314518
94315989
94316163
94316169
94316178
94317649
94317823
94317829
94317838
94319309
94319483
94319489
94319498
98265312
98265319
98266335
98266342
98267358
98267365
100880876
100880897
100882574
100882595
100884272
100884293
103622416
103624828
104013128
104013137
104016700
104016709
105295499
105295510
105299709
105299720
105736830
105737511
110807260
110807285
110812107
110812132
113733959
113733966
113905529
113905548
113905549
113905550
113905551
114714425
118087204
118087205
120080963
121609604
121609612
121609615
121609629
122152613
122946559
122946560
122946561
123330897
123330986
123330989
123330997
123331032
123331043
127979093
127979094
127979095
127979096
127979097
127979098
127979687
127979688
127979689
127979690
127979691
127979692
127980281
127980282
127980283
127980284
127980285
127980286
127980875
127980876
127980877
127980878
127980879
127980880
129451768
129452583
129453398
129454213
129826535
129828001
129829467
129830933
129999417
129999433
130002715
130002731
130006013
130006029
133155918
133158387
133160856
133961975
133961976
133961977
133961978
133961979
133963928
133963929
133963930
133963931
133963932
134822141
134826937
137161599
137165509
137843608
137843666
137845682
137845740
145621801
145626334
145774122
145774123
145774124
145774125
145774126
145774127
145774128
145774129
145776224
145776225
145776226
145776227
145776228
145776229
145776230
145776231
146656104
146656121
146657900
146657917
148770984
148771927
148772870
150030359
150030365
150031321
150031327
153491589
153491590
153495246
153495247
155124158
155124173
155124212
155124213
155124217
155124230
156009009
157670112
157670198
157670208
157670256
157670264
157670273
157670282
157670304
158137431
158137447
160000029
160508225
160508226
161349592
161899503
161899572
161899629
162345325
162573967
162573973
162574011
163705334
164542184
585877
585919
586976
587018
588075
588117
589174
589216
590273
590315
591372
591414
592471
592513
593570
593612
8669533
8669558
8670721
8670746
8671909
8671934
10118552
10118741
10118930
10589130
10589131
10592738
10592739
11233218
11233246
11237332
11237360
11268822
11269554
12237611
12241980
16171078
16956848
17494150
17494173
17494175
17896057
17896058
17896059
18545631
18973900
18973957
19145295
19145309
19326759
24162364
24162390
24163716
24163742
24165068
24165094
25135514
25136373
25137232
28387326
28389838
32018504
32021759
32707232
32708630
32710028
32711426
32712824
33868806
33868811
33871608
33871613
33934338
33936680
34976035
34981023
36734636
37189306
38007831
38007832
38007833
38007834
38007835
38007836
39326571
39326654
39385562
39385566
39626008
39893249
39893268
39893279
46514902
46516607
46518312
46520017
48521704
48521756
48522910
48522962
48524116
48524168
52505176
52505177
52505178
52505179
52505180
52510079
52510080
52510081
52510082
52510083
53391916
53396883
54360288
54360289
54364920
54364921
56222509
56222510
56222511
56222512
56222513
56222514
56222515
56222516
56222517
56222518
56222519
56225368
56225369
56225370
56225371
56225372
56225373
56225374
56225375
56225376
56225377
56225378
56671199
56671200
56671201
56675329
56675330
56675331
58773741
58773742
58773743
61349376
61349377
61349378
61349379
61632699
61910480
61910504
70663765
70664462
70665159
72158226
72162387
74845820
74847026
77642619
77767089
77841435
77841439
78149505
78149506
78149507
78149508
79280035
80100117
81010120
81551487
81551488
81551489
81731320
81824740
94314550
94316210
94317870
94319530
98265333
98265338
98266356
98266361
98267379
98267384
100880804
100882502
100884200
103622417
103622418
103624829
103624830
104013164
104016736
105295511
105295512
105299721
105299722
110807257
110812104
113733993
113733995
118087206
120080951
121329170
121609598
122152562
122152584
122593055
122946562
122946563
123330942
123330943
123330953
123331023
129826533
129827999
129829465
129830931
134822142
134826938
137843601
137843746
137845675
137845820
145774130
145774131
145774132
145776232
145776233
145776234
146656147
146657943
147052184
147052188
147053095
147053099
147054006
147054010
147054917
147054921
147055828
147055832
147056739
147056743
147057650
147057654
148770982
148770985
148771925
148771928
148772868
148772871
149514875
149517977
149521079
150030349
150031311
153491591
153495248
154800017
155124163
155124171
155124196
155124197
155124199
155124211
155124221
157670132
157670171
157670183
157670238
157670254
157670262
157670314
160000027
160508205
160989558
161071780
161349580
161349667
161899634
161899674
161899686
161899708
161899717
162345311
162345324
162345342
162573881
162573969
164393179
164542185
164542210
4786758
4786853
4786925
4786930
4786942
4786961
4786968
4786971
4786972
4786980
4787007
4787109
4788215
4788310
4788382
4788387
4788399
4788418
4788425
4788428
4788429
4788437
4788464
4788566
4789672
4789767
4789839
4789844
4789856
4789875
4789882
4789885
4789886
4789894
4789921
4790023
4791129
4791224
4791296
4791301
4791313
4791332
4791339
4791342
4791343
4791351
4791378
4791480
8669593
8669596
8669638
8670781
8670784
8670826
8671969
8671972
8672014
10589073
10589123
10589176
10589189
10592681
10592731
10592784
10592797
11268798
11268802
11268808
11269530
11269534
11269540
12531764
12533207
16171079
16956767
16956804
17494106
17494115
17494129
17494161
17494166
17494170
17494188
17494218
18465877
18545632
18973879
18973902
18973906
18973914
18973929
18973935
18973941
18973953
18973956
18973960
18973971
18973976
19145221
19145289
19145290
24162392
24162402
24162413
24163744
24163754
24163765
24165096
24165106
24165117
25135499
25135506
25135511
25136358
25136365
25136370
25137217
25137224
25137229
27342835
27346678
32018503
32021758
32707227
32708625
32710023
32711421
32712819
33868812
33868823
33871614
33871625
34976036
34976037
34976038
34976039
34981024
34981025
34981026
34981027
35279403
35280839
36064903
36067024
38007837
38007838
38007839
38977419
38977420
38977421
38977422
38977423
38977424
39326525
39326540
39625991
39626000
39626009
39626011
39626012
39626013
39626014
39626015
39626021
39893286
43969207
43969454
43969701
43969948
43970195
45249849
45249909
45249969
45250029
45250089
45749493
45749524
45749555
45749586
47748529
47748530
47750681
47750682
47752833
47752834
47754985
47754986
47838315
47838419
47838420
47838421
47838422
47838423
47838424
47838425
47838426
47838427
47838428
47838429
47838430
47838431
47838432
47838433
47838434
47838435
47838436
47838437
47838438
47838439
47838440
47838441
47840435
47840539
47840540
47840541
47840542
47840543
47840544
47840545
47840546
47840547
47840548
47840549
47840550
47840551
47840552
47840553
47840554
47840555
47840556
47840557
47840558
47840559
47840560
47840561
47842555
47842659
47842660
47842661
47842662
47842663
47842664
47842665
47842666
47842667
47842668
47842669
47842670
47842671
47842672
47842673
47842674
47842675
47842676
47842677
47842678
47842679
47842680
47842681
47844675
47844779
47844780
47844781
47844782
47844783
47844784
47844785
47844786
47844787
47844788
47844789
47844790
47844791
47844792
47844793
47844794
47844795
47844796
47844797
47844798
47844799
47844800
47844801
48521715
48522921
48524127
49232341
49232342
49232343
49233224
49233225
49233226
49234107
49234108
49234109
52505181
52505182
52505183
52505184
52505185
52505186
52505187
52510084
52510085
52510086
52510087
52510088
52510089
52510090
53391914
53391946
53391947
53396881
53396913
53396914
54360290
54360291
54364922
54364923
56095214
56097283
56222520
56222521
56222522
56225379
56225380
56225381
56671202
56671203
56671204
56671205
56675332
56675333
56675334
56675335
58029019
58029020
58029021
58029022
58160030
58160031
58160048
58455903
58773744
58773745
58773746
58773747
59693322
59693430
61349380
61349381
61349382
61349383
61632700
61632701
61632702
61632703
61632704
61632705
61632746
61632759
63915382
63915386
63915387
63915388
63915389
63915390
63915391
63915392
63915393
63915394
63915395
63915396
63915397
63915398
63915399
63915400
63915401
63915402
63915403
63915404
63915405
63915406
63915407
63915408
63915409
63917210
63917214
63917215
63917216
63917217
63917218
63917219
63917220
63917221
63917222
63917223
63917224
63917225
63917226
63917227
63917228
63917229
63917230
63917231
63917232
63917233
63917234
63917235
63917236
63917237
63919038
63919042
63919043
63919044
63919045
63919046
63919047
63919048
63919049
63919050
63919051
63919052
63919053
63919054
63919055
63919056
63919057
63919058
63919059
63919060
63919061
63919062
63919063
63919064
63919065
63920866
63920870
63920871
63920872
63920873
63920874
63920875
63920876
63920877
63920878
63920879
63920880
63920881
63920882
63920883
63920884
63920885
63920886
63920887
63920888
63920889
63920890
63920891
63920892
63920893
66696010
66696141
66696222
66696223
66696226
66696227
66696228
66696229
66696230
66698488
66698619
66698700
66698701
66698704
66698705
66698706
66698707
66698708
66700966
66701097
66701178
66701179
66701182
66701183
66701184
66701185
66701186
70663758
70664455
70665152
72127214
72127785
72128356
72839985
72840911
74904418
74904476
74904477
74904478
74904479
74904480
74906128
74906186
74906187
74906188
74906189
74906190
75177112
75180760
76199616
76204045
77696565
77767050
77767054
77767079
79413625
79413626
79413627
79413628
79413629
79413630
79413631
79413632
79413633
79413634
79413635
79413636
79413637
79413638
79413639
79413640
79413641
79413642
79413643
79413644
79413645
79413646
79413647
79413648
79413649
79413650
79413651
79413652
79413653
79413654
80100115
81551493
81551494
81551495
81551496
81551497
81551498
81551499
81551500
81551502
81551503
83626187
83626213
83626214
83626216
83626224
83627265
83627291
83627292
83627294
83627302
83628343
83628369
83628370
83628372
83628380
83629421
83629447
83629448
83629450
83629458
83630499
83630525
83630526
83630528
83630536
83631577
83631603
83631604
83631606
83631614
83632655
83632681
83632682
83632684
83632692
83633733
83633759
83633760
83633762
83633770
94532164
94534384
94536604
94538824
96308044
96308045
96308046
96308925
96308926
96308927
96309806
96309807
96309808
96410933
96410934
96414154
96414155
96417375
96417376
96995777
96997237
96998697
98265322
98266345
98267368
99728334
99728335
99728336
99728337
99728338
99728339
99728340
99731437
99731438
99731439
99731440
99731441
99731442
99731443
99734540
99734541
99734542
99734543
99734544
99734545
99734546
100599773
100599793
100599821
100601794
100601814
100601842
100603815
100603835
100603863
100880899
100882597
100884295
103622419
103622420
103622421
103624831
103624832
103624833
104013154
104016726
105295436
105295473
105295517
105299646
105299683
105299727
107629204
107629214
107629215
107629216
107629219
107629222
107629223
107632676
107632686
107632687
107632688
107632691
107632694
107632695
108616511
108616512
108616513
108616514
108616515
108616516
108616517
108616518
108616519
108616520
108619737
108619738
108619739
108619740
108619741
108619742
108619743
108619744
108619745
108619746
110079795
110079796
110079797
110083300
110083301
110083302
111733270
111733647
113733981
113734019
113905552
113905553
113905566
115152326
115152332
116532977
117371387
117565350
117565351
117565352
117565353
117815980
118218270
118218587
118218588
118218589
118218590
119640362
119640375
119640378
120080934
121101165
121101166
121609584
121609588
121609594
121609599
122152598
122152611
122152625
122593043
122946564
122946565
122946566
123330970
123331008
123331024
125131332
125131835
125132338
125132841
125133344
125133847
127979099
127979100
127979101
127979693
127979694
127979695
127980287
127980288
127980289
127980881
127980882
127980883
129082249
129082250
129084500
129084501
129086751
129086752
129089002
129089003
129826546
129828012
129829478
129830944
129999420
129999424
129999440
130002718
130002722
130002738
130006016
130006020
130006036
132750359
132750360
132750729
132750730
132751099
132751100
133155919
133158388
133160857
134292367
134294822
134822143
134826939
135545576
135548045
137161600
137161601
137165510
137165511
137843609
137843691
137845683
137845765
140025303
140025310
140025316
140025332
140025910
140025917
140025923
140025939
140026517
140026524
140026530
140026546
140027124
140027131
140027137
140027153
140027731
140027738
140027744
140027760
145774133
145774134
145774135
145774136
145774137
145776235
145776236
145776237
145776238
145776239
146656135
146657931
147052227
147053138
147054049
147054960
147055871
147056782
147057693
149325554
149325555
149325556
149328846
149328847
149328848
149332138
149332139
149332140
149514856
149514861
149514871
149514876
149514879
149517958
149517963
149517973
149517978
149517981
149521060
149521065
149521075
149521080
149521083
150030308
150030369
150030399
150031270
150031331
150031361
152054575
152054784
152054809
152054810
152054812
152054813
152054814
152054820
152054857
152054858
152054873
152054898
152054996
152056082
152056291
152056316
152056317
152056319
152056320
152056321
152056327
152056364
152056365
152056380
152056405
152056503
152057589
152057798
152057823
152057824
152057826
152057827
152057828
152057834
152057871
152057872
152057887
152057912
152058010
152059096
152059305
152059330
152059331
152059333
152059334
152059335
152059341
152059378
152059379
152059394
152059419
152059517
153220691
153221933
153223175
154800018
154800040
155124138
155124208
156800886
157670125
157670153
157670195
157670253
157670268
157670277
158137426
158137449
158429357
158739801
158877211
158877212
158877213
158877214
160000026
161294777
161294778
161294779
161327367
161349571
161349586
161349590
161349612
161349618
161349649
161899635
161899640
161899652
161899657
161899668
162345321
162345336
162573993
162574009
164542201
585906
585941
587005
587040
588104
588139
589203
589238
590302
590337
591401
591436
592500
592535
593599
593634
7126907
7128660
7130413
9372823
9372831
9372865
9376048
9376056
9376090
9379273
9379281
9379315
10539862
10541310
10589056
10589126
10589155
10589163
10589192
10589205
10592664
10592734
10592763
10592771
10592800
10592813
11268823
11269555
12237612
12241981
12531749
12531760
12531771
12531776
12533192
12533203
12533214
12533219
16171080
16956773
16956800
16956802
16956811
16956821
17494100
17494131
17494147
17494180
17494184
18973916
18973937
18973973
19145288
20094562
24162409
24162411
24162412
24162426
24163761
24163763
24163764
24163778
24165113
24165115
24165116
24165130
24451010
24451791
24452572
25135518
25135526
25136377
25136385
25137236
25137244
28387327
28389839
32018513
32018514
32018559
32021768
32021769
32021814
33868794
33871596
33934288
33934299
33934445
33936630
33936641
33936787
34976040
34976041
34976042
34976043
34976044
34981028
34981029
34981030
34981031
34981032
37189310
38007840
38007841
38007842
38007843
38007844
38007845
38807148
39326528
39326564
39625985
39626017
39626018
39626019
39626020
45786729
45788416
45790103
45791790
46514925
46516630
46518335
46520040
47748531
47748532
47750683
47750684
47752835
47752836
47754987
47754988
48521677
48521696
48522883
48522902
48524089
48524108
49232344
49232345
49232346
49233227
49233228
49233229
49234110
49234111
49234112
52505188
52505189
52505190
52505191
52505192
52505193
52505194
52505195
52505196
52510091
52510092
52510093
52510094
52510095
52510096
52510097
52510098
52510099
54360292
54360293
54360294
54364924
54364925
54364926
56222523
56222524
56222525
56222526
56222527
56222528
56222529
56222530
56222531
56222532
56222533
56222534
56225382
56225383
56225384
56225385
56225386
56225387
56225388
56225389
56225390
56225391
56225392
56225393
56671206
56671207
56671208
56671209
56671210
56671211
56671212
56671213
56675336
56675337
56675338
56675339
56675340
56675341
56675342
56675343
58160025
58160032
58160033
58455954
58773748
58773749
58773750
58773751
59693421
59693465
59693472
61349384
61349385
61349386
61632681
61632706
61632707
61632708
61632713
61632735
61632736
61806292
61910482
61910494
61910522
65116432
65118844
65121256
65123668
71037003
71037321
71037639
71913372
71914325
71915278
72839993
72840919
74904481
74906191
76199606
76199607
76199617
76204035
76204036
76204046
77767067
78149509
78149510
78149511
78149512
78149513
78182266
79280033
80100116
83626192
83626218
83627270
83627296
83628348
83628374
83629426
83629452
83630504
83630530
83631582
83631608
83632660
83632686
83633738
83633764
92972017
92973481
92974945
92976409
94314551
94314562
94314579
94316211
94316222
94316239
94317871
94317882
94317899
94319531
94319542
94319559
98265316
98265321
98265324
98266339
98266344
98266347
98267362
98267367
98267370
100599756
100599759
100599767
100599768
100599786
100599789
100599815
100601777
100601780
100601788
100601789
100601807
100601810
100601836
100603798
100603801
100603809
100603810
100603828
100603831
100603857
100880741
100880910
100882439
100882608
100884137
100884306
103622422
103622423
103622424
103622425
103624834
103624835
103624836
103624837
104013163
104016735
107629228
107632700
110807241
110807253
110812088
110812100
113734004
113734041
114274520
117371363
117371384
119640365
121609626
122593024
122593035
122946567
122946568
122946569
123330991
123330993
123331005
123331019
127979102
127979103
127979104
127979105
127979696
127979697
127979698
127979699
127980290
127980291
127980292
127980293
127980884
127980885
127980886
127980887
133961980
133963933
134822144
134826940
135545577
135548046
137843592
137843676
137843680
137843682
137843718
137845666
137845750
137845754
137845756
137845792
140025287
140025319
140025894
140025926
140026501
140026533
140027108
140027140
140027715
140027747
145621857
145626390
145774138
145776240
146204877
146205815
147052169
147052202
147053080
147053113
147053991
147054024
147054902
147054935
147055813
147055846
147056724
147056757
147057635
147057668
149514872
149517974
149521076
150030345
150031307
154800023
154800031
155124241
155124252
155124263
155124278
155124283
157670164
157670178
157670233
157670248
158137452
158137453
158137454
158137455
158137456
158137457
158137464
160508216
160508228
161071800
161071808
161349619
161899620
161899647
161899699
162345328
162506406
162506407
162506408
162506409
162506410
162506411
162506412
162506413
162506414
162506415
162506416
162506417
162506418
162506419
162506420
163705354
164393160
164542197
164542205
585922
585932
587021
587031
588120
588130
589219
589229
590318
590328
591417
591427
592516
592526
593615
593625
4786970
4786973
4788427
4788430
4789884
4789887
4791341
4791344
9372839
9372840
9376064
9376065
9379289
9379290
10118549
10118738
10118927
10539821
10539828
10539843
10541269
10541276
10541291
10589069
10589101
10589121
10589129
10589164
10589197
10592677
10592709
10592729
10592737
10592772
10592805
11233228
11237342
11268826
11269558
12531754
12533197
16956756
16956766
16956783
16956812
16956831
17494149
17494154
17494167
17494181
17494204
17896060
17896061
18545633
18545634
18973872
18973934
18973948
18973987
19145275
19213412
19213428
24162371
24162423
24163723
24163775
24165075
24165127
27342847
27342857
27346690
27346700
32018469
32018515
32018516
32018518
32021724
32021770
32021771
32021773
32707240
32707258
32708638
32708656
32710036
32710054
32711434
32711452
32712832
32712850
33934317
33936659
34976045
34976046
34981033
34981034
36064918
36067039
37180919
38007846
38007847
38007848
38807113
39326543
39326547
39326554
39326618
39385556
39385578
40552287
45786723
45786724
45786751
45788410
45788411
45788438
45790097
45790098
45790125
45791784
45791785
45791812
46514919
46516624
46518329
46520034
48521711
48521720
48522917
48522926
48524123
48524132
48907740
48910595
48913450
49232347
49233230
49234113
51797990
51799736
52505197
52505198
52505199
52510100
52510101
52510102
53391911
53396878
53674519
53674525
53678154
53678160
54044281
54044531
54360295
54360296
54360297
54364927
54364928
54364929
56095271
56097340
56222535
56222536
56222537
56222538
56222539
56222540
56222541
56225394
56225395
56225396
56225397
56225398
56225399
56225400
56671214
56675344
58455927
58773752
58773753
59693334
61007400
61007401
61349387
61349388
61349389
61349390
61632710
61632711
61806297
65116433
65118845
65121257
65123669
66696126
66696232
66696233
66696234
66698604
66698710
66698711
66698712
66701082
66701188
66701189
66701190
71913361
71914314
71915267
72839987
72840017
72840913
72840943
74904482
74906192
78149514
78149515
78149516
78149517
78881668
78896145
79570254
81551471
81551530
81824752
81824770
83626183
83626219
83626220
83626221
83626222
83627261
83627297
83627298
83627299
83627300
83628339
83628375
83628376
83628377
83628378
83629417
83629453
83629454
83629455
83629456
83630495
83630531
83630532
83630533
83630534
83631573
83631609
83631610
83631611
83631612
83632651
83632687
83632688
83632689
83632690
83633729
83633765
83633766
83633767
83633768
92972019
92973483
92974947
92976411
94314469
94314600
94316129
94316260
94317789
94317920
94319449
94319580
96308047
96308048
96308928
96308929
96309809
96309810
96995773
96997233
96998693
98265311
98265314
98265317
98265320
98265326
98265327
98265334
98266334
98266337
98266340
98266343
98266349
98266350
98266357
98267357
98267360
98267363
98267366
98267372
98267373
98267380
100599762
100599842
100599845
100599846
100601783
100601863
100601866
100601867
100603804
100603884
100603887
100603888
100880896
100882594
100884292
103622426
103622427
103622428
103624838
103624839
103624840
104013147
104013157
104013161
104013162
104013195
104016719
104016729
104016733
104016734
104016767
105295519
105299729
107629227
107629236
107632699
107632708
110342028
110345956
111733273
111733650
113734007
113734035
116312174
116532970
118087207
119640358
120080946
121101177
121329168
121329173
121609605
122152532
122152588
122152609
122152612
122946570
123330951
123330982
127979106
127979700
127980294
127980888
129826534
129828000
129829466
129830932
133155920
133155921
133155922
133158389
133158390
133158391
133160858
133160859
133160860
134822145
134826941
135545578
135545579
135548047
135548048
137161602
137161603
137161604
137165512
137165513
137165514
137843560
137843629
137843665
137843689
137843698
137843753
137843784
137845634
137845703
137845739
137845763
137845772
137845827
137845858
143041520
143042145
143042770
145621869
145626402
145774139
145774140
145774141
145774142
145774143
145776241
145776242
145776243
145776244
145776245
146204797
146205735
146656127
146657923
147052204
147052213
147053115
147053124
147054026
147054035
147054937
147054946
147055848
147055857
147056759
147056768
147057670
147057679
149514862
149517964
149521066
150030449
150031411
155124229
155124233
155124272
155124295
157192024
157670140
157670167
157670193
157670236
157670283
158739788
158739790
160508232
161071762
161071779
161071790
161071807
161349587
161899714
162345322
162345327
162345332
162573978
162573985
162573991
162574047
163705343
163705346
164542220
8669541
8669562
8669565
8669585
8669592
8669613
8670729
8670750
8670753
8670773
8670780
8670801
8671917
8671938
8671941
8671961
8671968
8671989
9372829
9372830
9372832
9372864
9372866
9376054
9376055
9376057
9376089
9376091
9379279
9379280
9379282
9379314
9379316
10589165
10589180
10589195
10592773
10592788
10592803
15602144
16956793
16956817
17494133
17494136
17494152
17494160
17494254
18545635
18545636
18545637
19213426
24451011
24451792
24452573
25135503
25135504
25135508
25136362
25136363
25136367
25137221
25137222
25137226
27342817
27346660
32018519
32018520
32018521
32021774
32021775
32021776
33934347
33936689
38007849
38007850
38217965
38217969
39326578
39385565
39626023
39626024
39626025
39626026
39626059
39626060
39893260
45786760
45788447
45790134
45791821
46514922
46516627
46518332
46520037
48521714
48521733
48521739
48522920
48522939
48522945
48524126
48524145
48524151
48907738
48910593
48913448
51798014
51798024
51799760
51799770
52505200
52505201
52505202
52505203
52505204
52510103
52510104
52510105
52510106
52510107
53391923
53396890
56222542
56222543
56222544
56222545
56222546
56225401
56225402
56225403
56225404
56225405
58773754
58773755
58773756
59693347
59693382
59847992
61349391
61349392
65116434
65118846
65121258
65123670
68296595
68297635
68298675
68299715
68300755
71913378
71914331
71915284
72839992
72840918
74845819
74847025
74904483
74906193
76199618
76204047
77642627
77696588
77841421
78149518
78149519
78149525
78149636
79570255
79570256
80100091
80100102
81551624
81731321
81824751
82508608
83626225
83627303
83628381
83629459
83630537
83631615
83632693
83633771
94532166
94534386
94536606
94538826
96308049
96308930
96309811
98265328
98265331
98266351
98266354
98267374
98267377
98585494
98585611
98585728
100599699
100599800
100599874
100599878
100601720
100601821
100601895
100601899
100603741
100603842
100603916
100603920
103622429
103624841
104013152
104013156
104016724
104016728
105295431
105295514
105295522
105299641
105299724
105299732
107629217
107629221
107632689
107632693
113671331
113733986
113734025
113734067
114714426
117371388
117815983
118087208
120080873
120080945
120080954
121609609
121609642
122152560
122152585
122152628
122593037
122593054
123331046
123331047
127979107
127979701
127980295
127980889
129826536
129828002
129829468
129830934
133155923
133155924
133158392
133158393
133160861
133160862
137161605
137165515
137843646
137843684
137843697
137843716
137845720
137845758
137845771
137845790
140025340
140025947
140026554
140027161
140027768
145621873
145626406
146204860
146205798
150030344
150030370
150031306
150031332
153220730
153221972
153223214
155124223
155124243
155124245
155124271
155124275
155124287
157192022
157670094
157670169
157670222
157670272
157670374
160000043
161071745
161071756
161071799
161185829
161349607
161349637
161899627
161899632
161899666
162345329
162345350
162506422
162573971
162573984
162573986
162573988
162573995
162573997
163705338
163863409
164393169
164393171
164393254
164542198
164542206
