found flag name = just_a_test
found flag dataset = /home/ubuntu/data/chicago_taxi/chicago_taxi_trips_sort3.bin
found flag workload = /home/ubuntu/correlations/continuous/chicago_taxi_combined/queries_2_4_5_n1000_uniform.dat
found flag visitor = index
found flag indexer-spec = /home/ubuntu/correlations/continuous/chicago_taxi_combined/index.build
found flag save = results/just_a_test.dat
Dimension is 9
Loaded 1000 queries
Loaded dataset and workload
Building DummyIndex
Setting primary index for CompositeIndex
Building MappedCorrelationIndex
Reading 1441 mapped buckets
mapping
Finished loading mapping-file
Finished loading target-buckets-file
Finished coaslescing map
Building SecondaryBTreeIndex with dim 2 and outlier list of size 375792
Adding MappedCorrelationIndex to CombinedCorrelationIndex
Adding SecondaryIndex to CombinedCorrelationIndex
Building CombinedCorrelationIndex
Adding correlation index to CompositeIndex
Building MappedCorrelationIndex
Reading 2127 mapped buckets
mapping
Finished loading mapping-file
Finished loading target-buckets-file
Finished coaslescing map
Building SecondaryBTreeIndex with dim 4 and outlier list of size 398714
Adding MappedCorrelationIndex to CombinedCorrelationIndex
Adding SecondaryIndex to CombinedCorrelationIndex
Building CombinedCorrelationIndex
Adding correlation index to CompositeIndex
Building MappedCorrelationIndex
Reading 337 mapped buckets
mapping
Finished loading mapping-file
Finished loading target-buckets-file
Finished coaslescing map
Building SecondaryBTreeIndex with dim 5 and outlier list of size 320285
Adding MappedCorrelationIndex to CombinedCorrelationIndex
Adding SecondaryIndex to CombinedCorrelationIndex
Building CombinedCorrelationIndex
Adding correlation index to CompositeIndex
Building CompositeIndex
Sorting data...
Initialized Correlation Index with column 2
Initialized Correlation Index with column 4
Initialized Correlation Index with column 5
Time to sort and finalize data: 0.327543s
Not using datacubes
Compression time: 17.6836s
Indexer sizei (B): 11016896
Index creation time: 18.06s
Starting queries...
True: 4, scanned range = 0, scanned list = 4
True: 36, scanned range = 0, scanned list = 37
True: 472315, scanned range = 149195198, scanned list = 3428
True: 3, scanned range = 0, scanned list = 3
True: 14, scanned range = 0, scanned list = 14
True: 91, scanned range = 0, scanned list = 91
True: 77, scanned range = 3581, scanned list = 76
True: 108, scanned range = 12226, scanned list = 104
True: 67, scanned range = 10253, scanned list = 67
True: 216, scanned range = 132460, scanned list = 194
True: 1, scanned range = 0, scanned list = 2
True: 146, scanned range = 31442, scanned list = 138
True: 2, scanned range = 10, scanned list = 1
True: 29, scanned range = 1666, scanned list = 30
True: 116, scanned range = 8888, scanned list = 115
True: 25, scanned range = 0, scanned list = 25
True: 14, scanned range = 0, scanned list = 14
True: 71, scanned range = 3576, scanned list = 69
True: 3016, scanned range = 740852, scanned list = 2257
True: 1755, scanned range = 2627817, scanned list = 1151
True: 2, scanned range = 0, scanned list = 2
True: 78, scanned range = 16465, scanned list = 76
True: 8, scanned range = 3311, scanned list = 4
True: 1, scanned range = 2592, scanned list = 1
True: 244, scanned range = 5194, scanned list = 242
True: 63, scanned range = 5, scanned list = 63
True: 18, scanned range = 5001, scanned list = 11
True: 17, scanned range = 1606, scanned list = 16
True: 1, scanned range = 8, scanned list = 0
True: 48, scanned range = 6517, scanned list = 47
True: 1, scanned range = 0, scanned list = 1
True: 6, scanned range = 205, scanned list = 4
True: 4, scanned range = 0, scanned list = 4
True: 3006, scanned range = 740852, scanned list = 2253
True: 2, scanned range = 0, scanned list = 2
True: 1, scanned range = 6, scanned list = 0
True: 1, scanned range = 0, scanned list = 1
True: 71, scanned range = 5, scanned list = 71
True: 1961, scanned range = 374378, scanned list = 1411
True: 9, scanned range = 0, scanned list = 9
True: 1, scanned range = 0, scanned list = 1
True: 2, scanned range = 0, scanned list = 2
True: 43, scanned range = 17901, scanned list = 28
True: 5, scanned range = 0, scanned list = 5
True: 6226, scanned range = 1577383, scanned list = 2847
True: 1, scanned range = 0, scanned list = 1
True: 32, scanned range = 2680, scanned list = 30
True: 35, scanned range = 6467, scanned list = 34
True: 282, scanned range = 0, scanned list = 282
True: 25, scanned range = 0, scanned list = 26
True: 1, scanned range = 0, scanned list = 1
True: 16, scanned range = 0, scanned list = 16
True: 15, scanned range = 0, scanned list = 15
True: 23, scanned range = 7721, scanned list = 17
True: 189, scanned range = 7807, scanned list = 187
True: 32, scanned range = 1106, scanned list = 32
True: 29436, scanned range = 24895884, scanned list = 6781
True: 20, scanned range = 57, scanned list = 18
True: 33, scanned range = 3355, scanned list = 31
True: 12, scanned range = 0, scanned list = 12
True: 76, scanned range = 615, scanned list = 77
True: 12422877, scanned range = 194055482, scanned list = 0
True: 126, scanned range = 14422, scanned list = 123
True: 79, scanned range = 9224, scanned list = 75
True: 597, scanned range = 65126, scanned list = 561
True: 116, scanned range = 31786, scanned list = 114
True: 1985, scanned range = 787342, scanned list = 846
True: 199, scanned range = 147647, scanned list = 93
True: 51226, scanned range = 98972322, scanned list = 4160
True: 12, scanned range = 947, scanned list = 13
True: 1, scanned range = 0, scanned list = 1
True: 10, scanned range = 450, scanned list = 10
True: 71, scanned range = 10385, scanned list = 69
True: 36, scanned range = 7797, scanned list = 37
True: 1, scanned range = 0, scanned list = 1
True: 89, scanned range = 5365, scanned list = 86
True: 109307, scanned range = 160284632, scanned list = 1794
True: 6, scanned range = 5754, scanned list = 4
True: 479, scanned range = 35245, scanned list = 440
True: 1, scanned range = 0, scanned list = 1
True: 1431322, scanned range = 140954468, scanned list = 4664
True: 158, scanned range = 35, scanned list = 158
True: 60, scanned range = 6411, scanned list = 60
True: 71, scanned range = 3046, scanned list = 70
True: 1, scanned range = 95, scanned list = 0
True: 31, scanned range = 432, scanned list = 30
True: 25, scanned range = 5367, scanned list = 23
True: 159781, scanned range = 21144961, scanned list = 50557
True: 278, scanned range = 293890, scanned list = 233
True: 3, scanned range = 0, scanned list = 3
True: 5, scanned range = 0, scanned list = 5
True: 6, scanned range = 0, scanned list = 6
True: 554790, scanned range = 149195198, scanned list = 3511
True: 144, scanned range = 31295, scanned list = 136
True: 71, scanned range = 4752, scanned list = 71
True: 20, scanned range = 8271, scanned list = 12
True: 24, scanned range = 0, scanned list = 24
True: 15, scanned range = 1722, scanned list = 11
True: 470, scanned range = 192129, scanned list = 234
True: 1, scanned range = 697, scanned list = 0
True: 1, scanned range = 0, scanned list = 1
True: 4, scanned range = 90, scanned list = 2
True: 1, scanned range = 0, scanned list = 1
True: 1, scanned range = 0, scanned list = 1
True: 52, scanned range = 5201, scanned list = 49
True: 697, scanned range = 612913, scanned list = 585
True: 24, scanned range = 25447, scanned list = 11
True: 19531813, scanned range = 194050158, scanned list = 0
True: 41, scanned range = 0, scanned list = 41
True: 3, scanned range = 0, scanned list = 3
True: 94, scanned range = 4552, scanned list = 93
True: 28056662, scanned range = 194057833, scanned list = 0
True: 1, scanned range = 0, scanned list = 1
True: 1, scanned range = 3, scanned list = 0
True: 7, scanned range = 1223, scanned list = 7
True: 3, scanned range = 0, scanned list = 3
True: 5, scanned range = 0, scanned list = 5
True: 1890291, scanned range = 155946958, scanned list = 4856
True: 91, scanned range = 1938, scanned list = 90
True: 6, scanned range = 10, scanned list = 4
True: 25, scanned range = 360, scanned list = 24
True: 7, scanned range = 0, scanned list = 7
True: 24, scanned range = 0, scanned list = 24
True: 20, scanned range = 5562, scanned list = 16
True: 41, scanned range = 3538, scanned list = 39
True: 3, scanned range = 0, scanned list = 4
True: 6, scanned range = 10233, scanned list = 5
True: 17, scanned range = 0, scanned list = 17
True: 50, scanned range = 15171, scanned list = 36
True: 5093, scanned range = 2054049, scanned list = 2581
True: 2479546, scanned range = 194061613, scanned list = 0
True: 22, scanned range = 8636, scanned list = 12
True: 7825, scanned range = 17016290, scanned list = 2865
True: 250, scanned range = 146, scanned list = 278
True: 23, scanned range = 104, scanned list = 22
True: 1553, scanned range = 113476, scanned list = 1471
True: 70, scanned range = 11441, scanned list = 52
True: 118, scanned range = 7735, scanned list = 115
True: 3755, scanned range = 1176976, scanned list = 1718
True: 96, scanned range = 8813, scanned list = 97
True: 1, scanned range = 0, scanned list = 1
True: 449, scanned range = 7821, scanned list = 442
True: 85, scanned range = 5067, scanned list = 84
True: 469, scanned range = 35245, scanned list = 436
True: 1, scanned range = 0, scanned list = 1
True: 1, scanned range = 0, scanned list = 1
True: 2, scanned range = 0, scanned list = 2
True: 169, scanned range = 53084, scanned list = 161
True: 125, scanned range = 18461, scanned list = 116
True: 3, scanned range = 0, scanned list = 3
True: 72, scanned range = 0, scanned list = 72
True: 4, scanned range = 16, scanned list = 2
True: 15, scanned range = 10924, scanned list = 16
True: 3, scanned range = 24, scanned list = 1
True: 19, scanned range = 5873, scanned list = 18
True: 71, scanned range = 24069, scanned list = 69
True: 41, scanned range = 0, scanned list = 41
True: 1, scanned range = 0, scanned list = 1
True: 12, scanned range = 0, scanned list = 12
True: 2, scanned range = 0, scanned list = 2
True: 1, scanned range = 792, scanned list = 1
True: 95, scanned range = 1822, scanned list = 93
True: 40, scanned range = 0, scanned list = 40
True: 1, scanned range = 1666, scanned list = 0
True: 185369, scanned range = 166374842, scanned list = 1968
True: 1, scanned range = 0, scanned list = 1
True: 1, scanned range = 0, scanned list = 1
True: 59, scanned range = 3831, scanned list = 56
True: 4, scanned range = 440, scanned list = 4
True: 47, scanned range = 739, scanned list = 47
True: 1, scanned range = 0, scanned list = 1
True: 3717, scanned range = 1031615, scanned list = 1688
True: 76, scanned range = 847, scanned list = 75
True: 199, scanned range = 147597, scanned list = 111
True: 1, scanned range = 0, scanned list = 1
True: 26, scanned range = 2322, scanned list = 26
True: 79, scanned range = 4711, scanned list = 75
True: 18, scanned range = 0, scanned list = 18
True: 1, scanned range = 0, scanned list = 1
True: 26, scanned range = 0, scanned list = 27
True: 701, scanned range = 58477, scanned list = 651
True: 79, scanned range = 2060, scanned list = 81
True: 636, scanned range = 4567, scanned list = 632
True: 1, scanned range = 0, scanned list = 1
True: 7, scanned range = 2159, scanned list = 5
True: 6, scanned range = 732, scanned list = 6
True: 1, scanned range = 0, scanned list = 1
True: 2, scanned range = 0, scanned list = 2
True: 1, scanned range = 4, scanned list = 0
True: 1, scanned range = 0, scanned list = 1
True: 4, scanned range = 36, scanned list = 4
True: 1, scanned range = 0, scanned list = 1
True: 1, scanned range = 269, scanned list = 0
True: 6, scanned range = 1223, scanned list = 6
True: 34, scanned range = 2, scanned list = 33
True: 64, scanned range = 31845, scanned list = 42
True: 10553, scanned range = 2546749, scanned list = 3604
True: 83, scanned range = 0, scanned list = 83
True: 71, scanned range = 3, scanned list = 71
True: 30, scanned range = 0, scanned list = 30
True: 200, scanned range = 47468, scanned list = 194
True: 10, scanned range = 0, scanned list = 10
True: 1171788, scanned range = 140891193, scanned list = 3407
True: 1, scanned range = 0, scanned list = 1
True: 72, scanned range = 5, scanned list = 71
True: 136, scanned range = 27414, scanned list = 128
True: 33, scanned range = 23183, scanned list = 17
True: 4697, scanned range = 1288216, scanned list = 1821
True: 207, scanned range = 105066, scanned list = 182
True: 67, scanned range = 0, scanned list = 67
True: 4, scanned range = 850, scanned list = 4
True: 404, scanned range = 354474, scanned list = 342
True: 28, scanned range = 0, scanned list = 28
True: 4, scanned range = 0, scanned list = 4
True: 10, scanned range = 0, scanned list = 10
True: 4, scanned range = 75, scanned list = 3
True: 23, scanned range = 1200, scanned list = 23
True: 26, scanned range = 17641, scanned list = 24
True: 3727, scanned range = 297797, scanned list = 3469
True: 6, scanned range = 450, scanned list = 5
True: 566, scanned range = 32043, scanned list = 543
True: 69, scanned range = 40768, scanned list = 42
True: 137135, scanned range = 17589338, scanned list = 33072
True: 90, scanned range = 8687, scanned list = 89
True: 4, scanned range = 222, scanned list = 2
True: 163, scanned range = 34648, scanned list = 155
True: 34, scanned range = 11853, scanned list = 34
True: 1, scanned range = 1200, scanned list = 0
True: 126, scanned range = 0, scanned list = 126
True: 212, scanned range = 105066, scanned list = 195
True: 1, scanned range = 0, scanned list = 1
True: 10, scanned range = 1666, scanned list = 11
True: 57, scanned range = 0, scanned list = 99
True: 77, scanned range = 144, scanned list = 77
True: 210737, scanned range = 147945093, scanned list = 2018
True: 322, scanned range = 6267, scanned list = 317
True: 18, scanned range = 0, scanned list = 18
True: 7, scanned range = 410, scanned list = 7
True: 12, scanned range = 616, scanned list = 12
True: 27, scanned range = 1560, scanned list = 27
True: 20939, scanned range = 2571693, scanned list = 8082
True: 73, scanned range = 66658, scanned list = 30
True: 1, scanned range = 0, scanned list = 1
True: 1, scanned range = 0, scanned list = 1
True: 1632, scanned range = 2615953, scanned list = 1079
True: 4, scanned range = 0, scanned list = 4
True: 10, scanned range = 616, scanned list = 10
True: 27, scanned range = 0, scanned list = 27
True: 90, scanned range = 1938, scanned list = 89
True: 95, scanned range = 2035, scanned list = 94
True: 2, scanned range = 0, scanned list = 2
True: 1, scanned range = 0, scanned list = 1
True: 2, scanned range = 0, scanned list = 2
True: 4, scanned range = 0, scanned list = 4
True: 4088, scanned range = 5221245, scanned list = 2405
True: 12, scanned range = 0, scanned list = 12
True: 1660, scanned range = 196241, scanned list = 1394
True: 11, scanned range = 0, scanned list = 11
True: 36, scanned range = 360, scanned list = 35
True: 1, scanned range = 0, scanned list = 1
True: 23, scanned range = 0, scanned list = 24
True: 184500, scanned range = 166374842, scanned list = 1975
True: 2670, scanned range = 2624182, scanned list = 1705
True: 132, scanned range = 5410, scanned list = 128
True: 2, scanned range = 0, scanned list = 2
True: 73, scanned range = 53639, scanned list = 31
True: 69, scanned range = 2892, scanned list = 66
True: 151935, scanned range = 17589338, scanned list = 36935
True: 1, scanned range = 0, scanned list = 1
True: 34, scanned range = 1, scanned list = 33
True: 1, scanned range = 0, scanned list = 1
True: 12, scanned range = 9463, scanned list = 11
True: 111, scanned range = 28731, scanned list = 108
True: 209, scanned range = 107127, scanned list = 190
True: 227616, scanned range = 150773780, scanned list = 1017
True: 16, scanned range = 0, scanned list = 16
True: 500683, scanned range = 194062003, scanned list = 0
True: 3, scanned range = 0, scanned list = 3
True: 66, scanned range = 1223, scanned list = 64
True: 1, scanned range = 269, scanned list = 0
True: 95, scanned range = 51405, scanned list = 43
True: 13643, scanned range = 17020278, scanned list = 4255
True: 13, scanned range = 0, scanned list = 13
True: 1, scanned range = 0, scanned list = 1
True: 1, scanned range = 0, scanned list = 1
True: 2, scanned range = 0, scanned list = 2
True: 214908, scanned range = 194055727, scanned list = 0
True: 31, scanned range = 5442, scanned list = 25
True: 1, scanned range = 54, scanned list = 0
True: 25, scanned range = 0, scanned list = 25
True: 12, scanned range = 4783, scanned list = 8
True: 1, scanned range = 0, scanned list = 1
True: 41, scanned range = 0, scanned list = 41
True: 6, scanned range = 36, scanned list = 5
True: 80, scanned range = 0, scanned list = 80
True: 147, scanned range = 29020, scanned list = 141
True: 3, scanned range = 0, scanned list = 3
True: 344, scanned range = 262518, scanned list = 310
True: 54, scanned range = 10924, scanned list = 54
True: 9, scanned range = 53, scanned list = 9
True: 2, scanned range = 0, scanned list = 2
True: 77, scanned range = 7584, scanned list = 77
True: 29, scanned range = 8973, scanned list = 29
True: 382, scanned range = 140741, scanned list = 228
True: 1, scanned range = 0, scanned list = 1
True: 1, scanned range = 0, scanned list = 1
True: 6689, scanned range = 1999369, scanned list = 2415
True: 12004, scanned range = 2545232, scanned list = 5272
True: 484, scanned range = 365891, scanned list = 395
True: 157, scanned range = 102141, scanned list = 72
True: 91, scanned range = 9446, scanned list = 92
True: 1501, scanned range = 171695, scanned list = 1465
True: 31, scanned range = 0, scanned list = 32
True: 1, scanned range = 0, scanned list = 1
True: 2, scanned range = 48, scanned list = 0
True: 1566, scanned range = 2628476, scanned list = 1042
True: 370, scanned range = 15889, scanned list = 352
True: 9, scanned range = 58, scanned list = 7
True: 4344, scanned range = 708329, scanned list = 2626
True: 9, scanned range = 57, scanned list = 7
True: 104, scanned range = 2170, scanned list = 103
True: 2638394, scanned range = 194059350, scanned list = 0
True: 80, scanned range = 11444, scanned list = 80
True: 145, scanned range = 54675, scanned list = 136
True: 1, scanned range = 0, scanned list = 1
True: 68, scanned range = 20482, scanned list = 67
True: 93, scanned range = 15238, scanned list = 92
True: 8, scanned range = 1223, scanned list = 8
True: 2, scanned range = 44, scanned list = 1
True: 28, scanned range = 1391, scanned list = 28
True: 158, scanned range = 12618, scanned list = 149
True: 333, scanned range = 293890, scanned list = 284
True: 1, scanned range = 540, scanned list = 0
True: 1, scanned range = 0, scanned list = 1
True: 94, scanned range = 13565, scanned list = 92
True: 6, scanned range = 0, scanned list = 6
True: 148, scanned range = 8990, scanned list = 138
True: 85, scanned range = 9453, scanned list = 85
True: 4, scanned range = 0, scanned list = 4
True: 6, scanned range = 9026, scanned list = 3
True: 78, scanned range = 551, scanned list = 78
True: 7, scanned range = 11, scanned list = 6
True: 20, scanned range = 1761, scanned list = 17
True: 2, scanned range = 0, scanned list = 2
True: 35, scanned range = 16609, scanned list = 20
True: 4, scanned range = 48, scanned list = 3
True: 22, scanned range = 0, scanned list = 22
True: 2, scanned range = 0, scanned list = 2
True: 66, scanned range = 5, scanned list = 66
True: 1, scanned range = 0, scanned list = 1
True: 1455, scanned range = 2629776, scanned list = 974
True: 69, scanned range = 0, scanned list = 70
True: 47, scanned range = 4219, scanned list = 43
True: 6, scanned range = 36, scanned list = 4
True: 26544618, scanned range = 194048395, scanned list = 0
True: 16, scanned range = 0, scanned list = 16
True: 3, scanned range = 97, scanned list = 1
True: 67457, scanned range = 21140951, scanned list = 17136
True: 27484, scanned range = 2576553, scanned list = 10718
True: 4, scanned range = 9, scanned list = 3
True: 1, scanned range = 3, scanned list = 0
True: 8673304, scanned range = 194037699, scanned list = 0
True: 79, scanned range = 7584, scanned list = 79
True: 3, scanned range = 0, scanned list = 3
True: 11, scanned range = 440, scanned list = 11
True: 6, scanned range = 23, scanned list = 5
True: 326, scanned range = 293890, scanned list = 275
True: 132553, scanned range = 17589338, scanned list = 32006
True: 1, scanned range = 4, scanned list = 1
True: 4, scanned range = 0, scanned list = 4
True: 54, scanned range = 7751, scanned list = 49
True: 15, scanned range = 1666, scanned list = 14
True: 2, scanned range = 0, scanned list = 2
True: 1, scanned range = 0, scanned list = 1
True: 60, scanned range = 5201, scanned list = 56
True: 4, scanned range = 0, scanned list = 4
True: 130, scanned range = 5410, scanned list = 126
True: 3, scanned range = 3073, scanned list = 2
True: 81, scanned range = 3298, scanned list = 81
True: 93, scanned range = 0, scanned list = 95
True: 17, scanned range = 5873, scanned list = 16
True: 17, scanned range = 1606, scanned list = 16
True: 42, scanned range = 10936, scanned list = 31
True: 8, scanned range = 0, scanned list = 8
True: 699, scanned range = 58477, scanned list = 654
True: 13360395, scanned range = 194048234, scanned list = 0
True: 248, scanned range = 61568, scanned list = 234
True: 24, scanned range = 1105, scanned list = 24
True: 285, scanned range = 0, scanned list = 285
True: 1, scanned range = 642, scanned list = 0
True: 95, scanned range = 51405, scanned list = 43
True: 1, scanned range = 10, scanned list = 0
True: 1, scanned range = 0, scanned list = 1
True: 4, scanned range = 0, scanned list = 4
True: 1, scanned range = 284, scanned list = 0
True: 8, scanned range = 0, scanned list = 8
True: 2, scanned range = 0, scanned list = 2
True: 169, scanned range = 42377, scanned list = 158
True: 526, scanned range = 35245, scanned list = 484
True: 81, scanned range = 98, scanned list = 79
True: 1, scanned range = 2, scanned list = 0
True: 1504, scanned range = 171695, scanned list = 1471
True: 2, scanned range = 0, scanned list = 2
True: 126, scanned range = 61668, scanned list = 84
True: 6, scanned range = 13, scanned list = 6
True: 1, scanned range = 0, scanned list = 1
True: 7, scanned range = 87, scanned list = 4
True: 9801, scanned range = 1997612, scanned list = 5122
True: 3, scanned range = 0, scanned list = 3
True: 22, scanned range = 0, scanned list = 22
True: 16, scanned range = 5342, scanned list = 11
True: 83, scanned range = 847, scanned list = 84
True: 7, scanned range = 376, scanned list = 6
True: 2, scanned range = 0, scanned list = 2
True: 8, scanned range = 3298, scanned list = 8
True: 19, scanned range = 6350, scanned list = 14
True: 36, scanned range = 0, scanned list = 36
True: 1, scanned range = 9, scanned list = 1
True: 42, scanned range = 0, scanned list = 44
True: 8005430, scanned range = 194069377, scanned list = 0
True: 513, scanned range = 32043, scanned list = 492
True: 33, scanned range = 5499, scanned list = 31
True: 133, scanned range = 7793, scanned list = 130
True: 16, scanned range = 0, scanned list = 16
True: 1, scanned range = 37, scanned list = 0
True: 38593, scanned range = 7968884, scanned list = 12837
True: 4, scanned range = 764, scanned list = 3
True: 73, scanned range = 8813, scanned list = 73
True: 75, scanned range = 16211, scanned list = 73
True: 1, scanned range = 0, scanned list = 1
True: 3, scanned range = 0, scanned list = 3
True: 28, scanned range = 0, scanned list = 28
True: 1, scanned range = 0, scanned list = 1
True: 76, scanned range = 3046, scanned list = 75
True: 3, scanned range = 2592, scanned list = 3
True: 1899, scanned range = 374378, scanned list = 1378
True: 3734, scanned range = 5214984, scanned list = 2153
True: 1, scanned range = 95, scanned list = 1
True: 7794, scanned range = 1315113, scanned list = 3613
True: 101, scanned range = 21575, scanned list = 99
True: 781, scanned range = 287366, scanned list = 384
True: 1, scanned range = 0, scanned list = 1
True: 26, scanned range = 619, scanned list = 25
True: 1, scanned range = 0, scanned list = 1
True: 1, scanned range = 0, scanned list = 1
True: 89, scanned range = 0, scanned list = 89
True: 26, scanned range = 17641, scanned list = 25
True: 2, scanned range = 0, scanned list = 2
True: 1, scanned range = 0, scanned list = 1
True: 1, scanned range = 3, scanned list = 0
True: 5083, scanned range = 2054049, scanned list = 2573
True: 88, scanned range = 4517, scanned list = 86
True: 18, scanned range = 578, scanned list = 17
True: 28, scanned range = 0, scanned list = 28
True: 1, scanned range = 348, scanned list = 1
True: 9, scanned range = 450, scanned list = 9
True: 129, scanned range = 49957, scanned list = 108
True: 390427, scanned range = 194060119, scanned list = 0
True: 2, scanned range = 0, scanned list = 2
True: 11339095, scanned range = 194069377, scanned list = 0
True: 2, scanned range = 0, scanned list = 2
True: 1, scanned range = 0, scanned list = 1
True: 2, scanned range = 0, scanned list = 2
True: 14, scanned range = 10281, scanned list = 7
True: 151, scanned range = 40251, scanned list = 130
True: 2, scanned range = 0, scanned list = 2
True: 62, scanned range = 4350, scanned list = 61
True: 309781, scanned range = 147945093, scanned list = 2261
True: 80, scanned range = 0, scanned list = 80
True: 28810902, scanned range = 194057833, scanned list = 0
True: 73526, scanned range = 21140951, scanned list = 18765
True: 1, scanned range = 0, scanned list = 1
True: 36, scanned range = 6467, scanned list = 36
True: 22, scanned range = 1, scanned list = 22
True: 66, scanned range = 1223, scanned list = 64
True: 22, scanned range = 0, scanned list = 22
True: 107, scanned range = 42883, scanned list = 100
True: 33, scanned range = 7024, scanned list = 33
True: 64, scanned range = 502, scanned list = 62
True: 8, scanned range = 0, scanned list = 8
True: 1, scanned range = 0, scanned list = 1
True: 162, scanned range = 42617, scanned list = 154
True: 37, scanned range = 1105, scanned list = 36
True: 85, scanned range = 0, scanned list = 85
True: 1, scanned range = 0, scanned list = 1
True: 2, scanned range = 6, scanned list = 2
True: 12184472, scanned range = 194062120, scanned list = 0
True: 38, scanned range = 1086, scanned list = 39
True: 5, scanned range = 39, scanned list = 4
True: 29, scanned range = 150, scanned list = 26
True: 647, scanned range = 4567, scanned list = 643
True: 1487, scanned range = 113476, scanned list = 1408
True: 51, scanned range = 44, scanned list = 52
True: 1, scanned range = 0, scanned list = 1
True: 88, scanned range = 4554, scanned list = 87
True: 332, scanned range = 230331, scanned list = 289
True: 60, scanned range = 5916, scanned list = 56
True: 47, scanned range = 12, scanned list = 47
True: 1430, scanned range = 2074849, scanned list = 973
True: 135684, scanned range = 17589338, scanned list = 32401
True: 6, scanned range = 10, scanned list = 5
True: 20, scanned range = 0, scanned list = 20
True: 27, scanned range = 0, scanned list = 27
True: 11, scanned range = 616, scanned list = 11
True: 83, scanned range = 3298, scanned list = 82
True: 1560, scanned range = 113476, scanned list = 1493
True: 341, scanned range = 10408, scanned list = 337
True: 5, scanned range = 412, scanned list = 5
True: 1, scanned range = 697, scanned list = 1
True: 27, scanned range = 9802, scanned list = 18
True: 20, scanned range = 3295, scanned list = 20
True: 2, scanned range = 7, scanned list = 1
True: 1, scanned range = 0, scanned list = 1
True: 12593950, scanned range = 194062120, scanned list = 0
True: 611739, scanned range = 194061802, scanned list = 0
True: 90, scanned range = 17397, scanned list = 88
True: 584, scanned range = 654925, scanned list = 485
True: 4, scanned range = 0, scanned list = 4
True: 11, scanned range = 0, scanned list = 11
True: 125, scanned range = 15082, scanned list = 121
True: 86, scanned range = 0, scanned list = 87
True: 1, scanned range = 0, scanned list = 1
True: 30, scanned range = 2322, scanned list = 29
True: 34, scanned range = 1106, scanned list = 34
True: 1, scanned range = 697, scanned list = 1
True: 60, scanned range = 0, scanned list = 60
True: 120, scanned range = 9694, scanned list = 119
True: 124, scanned range = 41106, scanned list = 119
True: 22, scanned range = 1126, scanned list = 18
True: 4, scanned range = 346, scanned list = 1
True: 1, scanned range = 0, scanned list = 1
True: 2262, scanned range = 2628333, scanned list = 1442
True: 2, scanned range = 1106, scanned list = 2
True: 4, scanned range = 18, scanned list = 4
True: 25, scanned range = 952, scanned list = 25
True: 1, scanned range = 0, scanned list = 1
True: 29, scanned range = 8636, scanned list = 21
True: 13, scanned range = 3147, scanned list = 11
True: 94, scanned range = 13201, scanned list = 91
True: 73, scanned range = 3079, scanned list = 73
True: 83, scanned range = 2135, scanned list = 81
True: 2, scanned range = 0, scanned list = 2
True: 588, scanned range = 47308, scanned list = 592
True: 1, scanned range = 0, scanned list = 1
True: 7713, scanned range = 1315113, scanned list = 3679
True: 30, scanned range = 3471, scanned list = 29
True: 6, scanned range = 13, scanned list = 6
True: 22, scanned range = 0, scanned list = 22
True: 30, scanned range = 12575, scanned list = 28
True: 5, scanned range = 410, scanned list = 5
True: 10, scanned range = 0, scanned list = 10
True: 1, scanned range = 0, scanned list = 1
True: 1675, scanned range = 196241, scanned list = 1400
True: 24, scanned range = 0, scanned list = 25
True: 1, scanned range = 0, scanned list = 1
True: 268, scanned range = 137550, scanned list = 148
True: 1, scanned range = 0, scanned list = 1
True: 27, scanned range = 0, scanned list = 27
True: 32, scanned range = 5499, scanned list = 31
True: 1, scanned range = 35, scanned list = 0
True: 72, scanned range = 13703, scanned list = 72
True: 98, scanned range = 14245, scanned list = 97
True: 27, scanned range = 11848, scanned list = 27
True: 3, scanned range = 0, scanned list = 3
True: 4, scanned range = 0, scanned list = 4
True: 34, scanned range = 0, scanned list = 34
True: 81, scanned range = 0, scanned list = 81
True: 2, scanned range = 0, scanned list = 2
True: 132, scanned range = 6757, scanned list = 128
True: 58314, scanned range = 17018185, scanned list = 27801
True: 45, scanned range = 21848, scanned list = 29
True: 9, scanned range = 616, scanned list = 8
True: 3, scanned range = 0, scanned list = 3
True: 89, scanned range = 0, scanned list = 89
True: 10, scanned range = 657, scanned list = 4
True: 1, scanned range = 540, scanned list = 0
True: 84, scanned range = 612, scanned list = 83
True: 859, scanned range = 1118957, scanned list = 638
True: 13, scanned range = 15419, scanned list = 6
True: 14017, scanned range = 22732407, scanned list = 3728
True: 135, scanned range = 4955, scanned list = 132
True: 1, scanned range = 0, scanned list = 1
True: 62, scanned range = 0, scanned list = 63
True: 1, scanned range = 0, scanned list = 1
True: 16, scanned range = 0, scanned list = 16
True: 1, scanned range = 0, scanned list = 1
True: 164, scanned range = 42617, scanned list = 158
True: 1, scanned range = 0, scanned list = 1
True: 20, scanned range = 3295, scanned list = 21
True: 3, scanned range = 0, scanned list = 3
True: 20, scanned range = 0, scanned list = 20
True: 2467, scanned range = 429583, scanned list = 1716
True: 7, scanned range = 0, scanned list = 7
True: 8, scanned range = 1223, scanned list = 8
True: 782145, scanned range = 165105697, scanned list = 2258
True: 92, scanned range = 6998, scanned list = 92
True: 4, scanned range = 0, scanned list = 5
True: 104, scanned range = 61829, scanned list = 102
True: 2526, scanned range = 429583, scanned list = 1748
True: 52885, scanned range = 99011064, scanned list = 4376
True: 18, scanned range = 578, scanned list = 17
True: 205, scanned range = 89727, scanned list = 191
True: 1, scanned range = 0, scanned list = 1
True: 30, scanned range = 6467, scanned list = 29
True: 29, scanned range = 2862, scanned list = 28
True: 24, scanned range = 14335, scanned list = 17
True: 283433, scanned range = 147945093, scanned list = 2198
True: 95, scanned range = 450, scanned list = 95
True: 1023, scanned range = 1521471, scanned list = 755
True: 1961, scanned range = 374378, scanned list = 1411
True: 208, scanned range = 112516, scanned list = 89
True: 672, scanned range = 736114, scanned list = 534
True: 30, scanned range = 16887, scanned list = 18
True: 1, scanned range = 0, scanned list = 1
True: 74, scanned range = 540, scanned list = 74
True: 1, scanned range = 697, scanned list = 0
True: 18, scanned range = 0, scanned list = 18
True: 3, scanned range = 0, scanned list = 3
True: 213928, scanned range = 194055727, scanned list = 0
True: 9, scanned range = 0, scanned list = 9
True: 1, scanned range = 0, scanned list = 1
True: 54, scanned range = 21848, scanned list = 38
True: 1035, scanned range = 1521471, scanned list = 756
True: 18, scanned range = 240, scanned list = 16
True: 2, scanned range = 0, scanned list = 2
True: 1, scanned range = 0, scanned list = 1
True: 89, scanned range = 0, scanned list = 90
True: 1, scanned range = 0, scanned list = 1
True: 1597, scanned range = 2615953, scanned list = 1065
True: 14, scanned range = 0, scanned list = 14
True: 10, scanned range = 0, scanned list = 10
True: 96, scanned range = 49957, scanned list = 89
True: 27, scanned range = 571, scanned list = 26
True: 1, scanned range = 449, scanned list = 0
True: 23, scanned range = 0, scanned list = 23
True: 52, scanned range = 8415, scanned list = 52
True: 7, scanned range = 641, scanned list = 4
True: 5348091, scanned range = 194062954, scanned list = 0
True: 1, scanned range = 90, scanned list = 0
True: 213095, scanned range = 147945093, scanned list = 2018
True: 1418, scanned range = 419040, scanned list = 786
True: 49, scanned range = 0, scanned list = 49
True: 45378, scanned range = 7968884, scanned list = 14724
True: 25, scanned range = 6011, scanned list = 23
True: 4, scanned range = 9, scanned list = 3
True: 91, scanned range = 2166, scanned list = 90
True: 435, scanned range = 129106, scanned list = 329
True: 1, scanned range = 0, scanned list = 1
True: 66, scanned range = 1223, scanned list = 64
True: 92, scanned range = 0, scanned list = 92
True: 182, scanned range = 41360, scanned list = 176
True: 9, scanned range = 0, scanned list = 9
True: 5, scanned range = 0, scanned list = 5
True: 92, scanned range = 12805, scanned list = 91
True: 10, scanned range = 2390, scanned list = 6
True: 1748, scanned range = 2629483, scanned list = 1131
True: 55, scanned range = 7751, scanned list = 50
True: 7, scanned range = 3311, scanned list = 5
True: 66, scanned range = 1446, scanned list = 66
True: 97, scanned range = 4008, scanned list = 98
True: 103, scanned range = 46130, scanned list = 51
True: 456, scanned range = 392154, scanned list = 377
True: 147, scanned range = 29113, scanned list = 138
True: 1, scanned range = 303, scanned list = 0
True: 26, scanned range = 7704, scanned list = 16
True: 8, scanned range = 1306, scanned list = 8
True: 297, scanned range = 141962, scanned list = 269
True: 3, scanned range = 0, scanned list = 3
True: 4, scanned range = 0, scanned list = 4
True: 596, scanned range = 577015, scanned list = 508
True: 27, scanned range = 8813, scanned list = 26
True: 4445, scanned range = 1292939, scanned list = 1887
True: 1, scanned range = 0, scanned list = 1
True: 62, scanned range = 4350, scanned list = 61
True: 1040984, scanned range = 155931814, scanned list = 1147
True: 197, scanned range = 116530, scanned list = 176
True: 650, scanned range = 0, scanned list = 651
True: 7, scanned range = 5569, scanned list = 4
True: 8783, scanned range = 19376935, scanned list = 2785
True: 91, scanned range = 8813, scanned list = 90
True: 26, scanned range = 6467, scanned list = 25
True: 192, scanned range = 111444, scanned list = 111
True: 1, scanned range = 36, scanned list = 0
True: 11415031, scanned range = 194069377, scanned list = 0
True: 106, scanned range = 32162, scanned list = 102
True: 1, scanned range = 0, scanned list = 1
True: 22, scanned range = 0, scanned list = 23
True: 21, scanned range = 1200, scanned list = 22
True: 80, scanned range = 3, scanned list = 79
True: 8, scanned range = 0, scanned list = 8
True: 1, scanned range = 0, scanned list = 1
True: 597539, scanned range = 149195198, scanned list = 3762
True: 35, scanned range = 0, scanned list = 35
True: 211, scanned range = 132460, scanned list = 186
True: 5, scanned range = 1755, scanned list = 4
True: 7015, scanned range = 1999369, scanned list = 2606
True: 5, scanned range = 0, scanned list = 5
True: 4, scanned range = 572, scanned list = 1
True: 2175145, scanned range = 194062332, scanned list = 0
True: 286, scanned range = 236108, scanned list = 247
True: 8, scanned range = 616, scanned list = 7
True: 5142, scanned range = 2054049, scanned list = 2518
True: 23, scanned range = 15622, scanned list = 12
True: 95, scanned range = 5186, scanned list = 672
True: 29676, scanned range = 87484544, scanned list = 941
True: 647, scanned range = 275686, scanned list = 330
True: 84, scanned range = 540, scanned list = 84
True: 8, scanned range = 0, scanned list = 8
True: 8, scanned range = 11469, scanned list = 3
True: 26, scanned range = 5215, scanned list = 27
True: 18, scanned range = 1663, scanned list = 14
True: 5, scanned range = 27, scanned list = 4
True: 1167394, scanned range = 152947981, scanned list = 1955
True: 1, scanned range = 0, scanned list = 1
True: 2, scanned range = 0, scanned list = 2
True: 1, scanned range = 0, scanned list = 1
True: 10, scanned range = 3212, scanned list = 7
True: 2321625, scanned range = 166386123, scanned list = 7184
True: 219, scanned range = 163794, scanned list = 101
True: 5, scanned range = 0, scanned list = 5
True: 88, scanned range = 20951, scanned list = 86
True: 3, scanned range = 16, scanned list = 2
True: 96, scanned range = 1650, scanned list = 96
True: 1, scanned range = 0, scanned list = 1
True: 76, scanned range = 5215, scanned list = 76
True: 1, scanned range = 0, scanned list = 1
True: 59, scanned range = 5916, scanned list = 55
True: 10588387, scanned range = 194069377, scanned list = 0
True: 3, scanned range = 0, scanned list = 3
True: 31, scanned range = 5499, scanned list = 30
True: 2, scanned range = 60, scanned list = 1
True: 13975912, scanned range = 194063855, scanned list = 0
True: 2, scanned range = 0, scanned list = 2
True: 13, scanned range = 14354, scanned list = 13
True: 1998, scanned range = 374378, scanned list = 1487
True: 1, scanned range = 6714, scanned list = 1
True: 95, scanned range = 450, scanned list = 95
True: 1, scanned range = 0, scanned list = 1
True: 10, scanned range = 450, scanned list = 10
True: 1, scanned range = 0, scanned list = 1
True: 76, scanned range = 10716, scanned list = 73
True: 38, scanned range = 1086, scanned list = 38
True: 7, scanned range = 0, scanned list = 7
True: 34, scanned range = 0, scanned list = 34
True: 1, scanned range = 0, scanned list = 1
True: 49, scanned range = 6411, scanned list = 49
True: 40, scanned range = 0, scanned list = 40
True: 3, scanned range = 0, scanned list = 3
True: 54975, scanned range = 99011064, scanned list = 5462
True: 1, scanned range = 0, scanned list = 1
True: 7, scanned range = 0, scanned list = 7
True: 87, scanned range = 1686, scanned list = 87
True: 40, scanned range = 734, scanned list = 40
True: 1, scanned range = 0, scanned list = 1
True: 94, scanned range = 450, scanned list = 94
True: 80, scanned range = 10752, scanned list = 79
True: 44, scanned range = 7590, scanned list = 42
True: 208, scanned range = 89727, scanned list = 196
True: 1, scanned range = 0, scanned list = 1
True: 8, scanned range = 1223, scanned list = 8
True: 74878, scanned range = 147921943, scanned list = 791
True: 3732984, scanned range = 185138329, scanned list = 251
True: 40, scanned range = 1105, scanned list = 39
True: 31, scanned range = 22823, scanned list = 20
True: 32, scanned range = 2671, scanned list = 29
True: 9, scanned range = 0, scanned list = 9
True: 20, scanned range = 0, scanned list = 20
True: 173, scanned range = 83852, scanned list = 162
True: 18, scanned range = 0, scanned list = 18
True: 2, scanned range = 0, scanned list = 2
True: 31, scanned range = 56, scanned list = 31
True: 3, scanned range = 0, scanned list = 3
True: 4, scanned range = 0, scanned list = 4
True: 3, scanned range = 110, scanned list = 1
True: 871, scanned range = 1395186, scanned list = 656
True: 1, scanned range = 0, scanned list = 1
True: 5, scanned range = 1755, scanned list = 4
True: 7, scanned range = 7797, scanned list = 7
True: 1, scanned range = 0, scanned list = 1
True: 1, scanned range = 0, scanned list = 1
True: 73, scanned range = 3471, scanned list = 72
True: 129, scanned range = 34581, scanned list = 119
True: 75, scanned range = 4752, scanned list = 72
True: 186811, scanned range = 21144961, scanned list = 54768
True: 2, scanned range = 9, scanned list = 2
True: 589, scanned range = 99203, scanned list = 523
True: 11, scanned range = 0, scanned list = 11
True: 2673001, scanned range = 166386123, scanned list = 7154
True: 92, scanned range = 50, scanned list = 92
True: 3, scanned range = 0, scanned list = 3
True: 126, scanned range = 18461, scanned list = 115
True: 75, scanned range = 14795, scanned list = 74
True: 602, scanned range = 99203, scanned list = 533
True: 27, scanned range = 0, scanned list = 27
True: 20, scanned range = 793, scanned list = 20
True: 2527642, scanned range = 166386123, scanned list = 7134
True: 16, scanned range = 8, scanned list = 15
True: 34, scanned range = 0, scanned list = 34
True: 23, scanned range = 56, scanned list = 23
True: 146, scanned range = 43112, scanned list = 138
True: 19, scanned range = 14194, scanned list = 11
True: 77, scanned range = 3, scanned list = 78
True: 1, scanned range = 0, scanned list = 1
True: 1, scanned range = 1, scanned list = 1
True: 24, scanned range = 4350, scanned list = 23
True: 358, scanned range = 15889, scanned list = 341
True: 2, scanned range = 2159, scanned list = 2
True: 235, scanned range = 132380, scanned list = 220
True: 180786, scanned range = 17589338, scanned list = 45215
True: 1, scanned range = 269, scanned list = 0
True: 8995, scanned range = 1338241, scanned list = 6554
True: 3, scanned range = 545, scanned list = 0
True: 88, scanned range = 5098, scanned list = 87
True: 21, scanned range = 11914, scanned list = 10
True: 12, scanned range = 0, scanned list = 12
True: 3, scanned range = 0, scanned list = 3
True: 1, scanned range = 2, scanned list = 0
True: 69, scanned range = 611, scanned list = 67
True: 23, scanned range = 1761, scanned list = 20
True: 1, scanned range = 348, scanned list = 1
True: 3, scanned range = 0, scanned list = 3
True: 1, scanned range = 0, scanned list = 1
True: 466274, scanned range = 194061863, scanned list = 0
True: 1, scanned range = 0, scanned list = 1
True: 4, scanned range = 452, scanned list = 3
True: 5, scanned range = 351, scanned list = 4
True: 33639, scanned range = 6725370, scanned list = 10265
True: 384184, scanned range = 194060119, scanned list = 0
True: 258, scanned range = 20527, scanned list = 247
True: 1, scanned range = 33, scanned list = 0
True: 33631, scanned range = 87436640, scanned list = 3114
True: 123, scanned range = 7320, scanned list = 122
True: 3, scanned range = 0, scanned list = 3
True: 34, scanned range = 4960, scanned list = 35
True: 1, scanned range = 0, scanned list = 1
True: 427, scanned range = 313558, scanned list = 376
True: 24, scanned range = 0, scanned list = 24
True: 8462561, scanned range = 194069377, scanned list = 0
True: 1, scanned range = 792, scanned list = 1
True: 3, scanned range = 23, scanned list = 3
True: 6, scanned range = 0, scanned list = 6
True: 2, scanned range = 104, scanned list = 1
True: 1, scanned range = 50, scanned list = 1
True: 1, scanned range = 0, scanned list = 1
True: 10, scanned range = 0, scanned list = 10
True: 1331, scanned range = 725457, scanned list = 880
True: 61, scanned range = 724, scanned list = 62
True: 6, scanned range = 461, scanned list = 5
True: 9, scanned range = 1872, scanned list = 8
True: 8, scanned range = 0, scanned list = 8
True: 83, scanned range = 10924, scanned list = 137
True: 1, scanned range = 0, scanned list = 1
True: 3, scanned range = 0, scanned list = 3
True: 67, scanned range = 847, scanned list = 67
True: 4, scanned range = 0, scanned list = 4
True: 1, scanned range = 1, scanned list = 0
True: 8, scanned range = 440, scanned list = 7
True: 18, scanned range = 20850, scanned list = 8
True: 7, scanned range = 1223, scanned list = 7
True: 1, scanned range = 1, scanned list = 0
True: 6, scanned range = 1086, scanned list = 4
True: 47846, scanned range = 98972322, scanned list = 4174
True: 4, scanned range = 0, scanned list = 4
True: 135, scanned range = 26994, scanned list = 127
True: 35, scanned range = 21302, scanned list = 15
True: 74, scanned range = 3, scanned list = 73
True: 25, scanned range = 4350, scanned list = 24
True: 1, scanned range = 2, scanned list = 0
True: 1, scanned range = 0, scanned list = 1
True: 343, scanned range = 262518, scanned list = 307
True: 5, scanned range = 732, scanned list = 5
True: 67, scanned range = 0, scanned list = 67
True: 5, scanned range = 0, scanned list = 5
True: 2, scanned range = 0, scanned list = 2
True: 6, scanned range = 111, scanned list = 3
True: 1, scanned range = 0, scanned list = 1
True: 32, scanned range = 8874, scanned list = 31
True: 2, scanned range = 0, scanned list = 2
True: 76218, scanned range = 100670640, scanned list = 5721
True: 4, scanned range = 344, scanned list = 2
True: 8, scanned range = 0, scanned list = 8
True: 1, scanned range = 0, scanned list = 1
True: 2, scanned range = 8, scanned list = 1
True: 21, scanned range = 10654, scanned list = 12
True: 31, scanned range = 2671, scanned list = 28
True: 32, scanned range = 1999, scanned list = 31
True: 13, scanned range = 0, scanned list = 13
True: 1, scanned range = 0, scanned list = 1
True: 1, scanned range = 0, scanned list = 1
True: 28, scanned range = 679, scanned list = 27
True: 1349, scanned range = 725457, scanned list = 886
True: 4, scanned range = 0, scanned list = 4
True: 1, scanned range = 0, scanned list = 1
True: 9149924, scanned range = 194043332, scanned list = 0
True: 159736, scanned range = 166378513, scanned list = 1729
True: 6, scanned range = 1306, scanned list = 6
True: 102, scanned range = 41, scanned list = 101
True: 22655, scanned range = 22742853, scanned list = 5453
True: 7, scanned range = 23, scanned list = 6
True: 25, scanned range = 0, scanned list = 25
True: 82, scanned range = 3471, scanned list = 81
True: 184, scanned range = 79513, scanned list = 172
True: 38, scanned range = 0, scanned list = 38
True: 129, scanned range = 1446, scanned list = 128
True: 28, scanned range = 3349, scanned list = 27
True: 2, scanned range = 0, scanned list = 2
True: 16, scanned range = 8303, scanned list = 13
True: 24, scanned range = 14770, scanned list = 22
True: 1, scanned range = 0, scanned list = 1
True: 91, scanned range = 54688, scanned list = 50
True: 82, scanned range = 2939, scanned list = 80
True: 1, scanned range = 0, scanned list = 1
True: 60, scanned range = 20532, scanned list = 35
True: 15, scanned range = 8373, scanned list = 15
True: 38, scanned range = 15627, scanned list = 26
True: 80, scanned range = 3298, scanned list = 80
True: 2, scanned range = 1106, scanned list = 2
True: 106, scanned range = 18179, scanned list = 102
True: 473, scanned range = 392154, scanned list = 385
True: 304, scanned range = 228018, scanned list = 269
True: 1, scanned range = 0, scanned list = 1
True: 404, scanned range = 0, scanned list = 407
True: 43, scanned range = 0, scanned list = 43
True: 414605, scanned range = 84946111, scanned list = 667
True: 71, scanned range = 555, scanned list = 71
True: 8, scanned range = 53, scanned list = 8
True: 1428, scanned range = 2074849, scanned list = 974
True: 8, scanned range = 0, scanned list = 8
True: 31, scanned range = 11798, scanned list = 14
True: 63, scanned range = 13948, scanned list = 63
True: 66, scanned range = 0, scanned list = 66
True: 128, scanned range = 104, scanned list = 127
True: 7, scanned range = 4148, scanned list = 4
True: 80, scanned range = 0, scanned list = 80
True: 81, scanned range = 0, scanned list = 81
True: 19, scanned range = 6890, scanned list = 17
True: 26, scanned range = 0, scanned list = 26
True: 298, scanned range = 221998, scanned list = 254
True: 3, scanned range = 0, scanned list = 3
True: 77, scanned range = 3576, scanned list = 74
True: 14, scanned range = 0, scanned list = 14
True: 404, scanned range = 192794, scanned list = 185
True: 65, scanned range = 53639, scanned list = 32
True: 710, scanned range = 1043589, scanned list = 548
True: 716, scanned range = 33303, scanned list = 690
True: 1, scanned range = 44, scanned list = 1
True: 1, scanned range = 0, scanned list = 1
True: 124, scanned range = 33670, scanned list = 117
True: 100, scanned range = 1002, scanned list = 99
True: 11, scanned range = 440, scanned list = 10
True: 86, scanned range = 9446, scanned list = 86
True: 2219, scanned range = 1341729, scanned list = 1210
True: 1, scanned range = 0, scanned list = 1
True: 6815027, scanned range = 194033888, scanned list = 0
True: 2736, scanned range = 904401, scanned list = 1160
True: 48, scanned range = 27119, scanned list = 28
True: 2, scanned range = 9, scanned list = 2
True: 4542637, scanned range = 194062954, scanned list = 0
True: 2, scanned range = 0, scanned list = 2
True: 31, scanned range = 14707, scanned list = 19
True: 1, scanned range = 0, scanned list = 1
True: 24, scanned range = 17641, scanned list = 23
True: 1, scanned range = 0, scanned list = 1
True: 1, scanned range = 0, scanned list = 1
True: 2, scanned range = 2159, scanned list = 2
True: 18, scanned range = 412, scanned list = 17
True: 135, scanned range = 29560, scanned list = 130
True: 316, scanned range = 17442, scanned list = 307
True: 25, scanned range = 0, scanned list = 25
True: 48, scanned range = 1666, scanned list = 48
True: 7, scanned range = 0, scanned list = 7
True: 83, scanned range = 1034, scanned list = 82
True: 78, scanned range = 10752, scanned list = 77
True: 11, scanned range = 156, scanned list = 8
True: 14336, scanned range = 17020278, scanned list = 4511
True: 3, scanned range = 0, scanned list = 3
True: 3, scanned range = 816, scanned list = 3
True: 3, scanned range = 410, scanned list = 2
True: 4, scanned range = 15, scanned list = 4
True: 43, scanned range = 3018, scanned list = 38
True: 2, scanned range = 0, scanned list = 2
True: 1, scanned range = 0, scanned list = 1
True: 1, scanned range = 0, scanned list = 1
True: 13384411, scanned range = 194048234, scanned list = 0
True: 17, scanned range = 15743, scanned list = 7
True: 84, scanned range = 9240, scanned list = 81
True: 464, scanned range = 268288, scanned list = 222
True: 2, scanned range = 0, scanned list = 2
True: 881, scanned range = 1214451, scanned list = 684
True: 135, scanned range = 2368, scanned list = 134
True: 390, scanned range = 278848, scanned list = 335
True: 41, scanned range = 1365, scanned list = 42
True: 17, scanned range = 11853, scanned list = 16
True: 1, scanned range = 9, scanned list = 0
True: 4, scanned range = 0, scanned list = 4
True: 5, scanned range = 0, scanned list = 5
True: 85, scanned range = 9453, scanned list = 85
True: 99, scanned range = 12780, scanned list = 96
True: 1, scanned range = 0, scanned list = 1
True: 1, scanned range = 1, scanned list = 0
Total points returned by queries: 300167256
Total queries: 1000
Avg range query time (ns): 5.18764e+07
Total points scanned: 10626789376 (range), 687986 (list)
