found flag name = just_a_test
found flag dataset = /home/ubuntu/data/chicago_taxi/chicago_taxi_trips_sort3.bin
found flag workload = /home/ubuntu/correlations/continuous/chicago_taxi_combined/queries_2_4_5_n1000_uniform.dat
found flag visitor = index
found flag indexer-spec = /home/ubuntu/correlations/continuous/chicago_taxi_combined/index_full.build
found flag save = results/just_a_test.dat
Dimension is 9
Loaded 1000 queries
Loaded dataset and workload
Building DummyIndex
Sorting data...
Time to sort and finalize data: 7e-08s
Not using datacubes
Compression time: 18.1084s
Indexer sizei (B): 0
Index creation time: 18.1085s
Starting queries...
True: 4, scanned range = 194069509, scanned list = 0
True: 36, scanned range = 194069509, scanned list = 0
True: 472315, scanned range = 194069509, scanned list = 0
True: 3, scanned range = 194069509, scanned list = 0
True: 14, scanned range = 194069509, scanned list = 0
True: 91, scanned range = 194069509, scanned list = 0
True: 77, scanned range = 194069509, scanned list = 0
True: 108, scanned range = 194069509, scanned list = 0
True: 67, scanned range = 194069509, scanned list = 0
True: 216, scanned range = 194069509, scanned list = 0
True: 1, scanned range = 194069509, scanned list = 0
True: 146, scanned range = 194069509, scanned list = 0
True: 2, scanned range = 194069509, scanned list = 0
True: 29, scanned range = 194069509, scanned list = 0
True: 116, scanned range = 194069509, scanned list = 0
True: 25, scanned range = 194069509, scanned list = 0
True: 14, scanned range = 194069509, scanned list = 0
True: 71, scanned range = 194069509, scanned list = 0
True: 3016, scanned range = 194069509, scanned list = 0
True: 1755, scanned range = 194069509, scanned list = 0
True: 2, scanned range = 194069509, scanned list = 0
True: 78, scanned range = 194069509, scanned list = 0
True: 8, scanned range = 194069509, scanned list = 0
True: 1, scanned range = 194069509, scanned list = 0
True: 244, scanned range = 194069509, scanned list = 0
True: 63, scanned range = 194069509, scanned list = 0
True: 18, scanned range = 194069509, scanned list = 0
True: 17, scanned range = 194069509, scanned list = 0
True: 1, scanned range = 194069509, scanned list = 0
True: 48, scanned range = 194069509, scanned list = 0
True: 1, scanned range = 194069509, scanned list = 0
True: 6, scanned range = 194069509, scanned list = 0
True: 4, scanned range = 194069509, scanned list = 0
True: 3006, scanned range = 194069509, scanned list = 0
True: 2, scanned range = 194069509, scanned list = 0
True: 1, scanned range = 194069509, scanned list = 0
True: 1, scanned range = 194069509, scanned list = 0
True: 71, scanned range = 194069509, scanned list = 0
True: 1961, scanned range = 194069509, scanned list = 0
True: 9, scanned range = 194069509, scanned list = 0
True: 1, scanned range = 194069509, scanned list = 0
True: 2, scanned range = 194069509, scanned list = 0
True: 43, scanned range = 194069509, scanned list = 0
True: 5, scanned range = 194069509, scanned list = 0
True: 6226, scanned range = 194069509, scanned list = 0
True: 1, scanned range = 194069509, scanned list = 0
True: 32, scanned range = 194069509, scanned list = 0
True: 35, scanned range = 194069509, scanned list = 0
True: 282, scanned range = 194069509, scanned list = 0
True: 25, scanned range = 194069509, scanned list = 0
True: 1, scanned range = 194069509, scanned list = 0
True: 16, scanned range = 194069509, scanned list = 0
True: 15, scanned range = 194069509, scanned list = 0
True: 23, scanned range = 194069509, scanned list = 0
True: 189, scanned range = 194069509, scanned list = 0
True: 32, scanned range = 194069509, scanned list = 0
True: 29436, scanned range = 194069509, scanned list = 0
True: 20, scanned range = 194069509, scanned list = 0
True: 33, scanned range = 194069509, scanned list = 0
True: 12, scanned range = 194069509, scanned list = 0
True: 76, scanned range = 194069509, scanned list = 0
True: 12422877, scanned range = 194069509, scanned list = 0
True: 126, scanned range = 194069509, scanned list = 0
True: 79, scanned range = 194069509, scanned list = 0
True: 597, scanned range = 194069509, scanned list = 0
True: 116, scanned range = 194069509, scanned list = 0
True: 1985, scanned range = 194069509, scanned list = 0
True: 199, scanned range = 194069509, scanned list = 0
True: 51226, scanned range = 194069509, scanned list = 0
True: 12, scanned range = 194069509, scanned list = 0
True: 1, scanned range = 194069509, scanned list = 0
True: 10, scanned range = 194069509, scanned list = 0
True: 71, scanned range = 194069509, scanned list = 0
True: 36, scanned range = 194069509, scanned list = 0
True: 1, scanned range = 194069509, scanned list = 0
True: 89, scanned range = 194069509, scanned list = 0
True: 109307, scanned range = 194069509, scanned list = 0
True: 6, scanned range = 194069509, scanned list = 0
True: 479, scanned range = 194069509, scanned list = 0
True: 1, scanned range = 194069509, scanned list = 0
True: 1431322, scanned range = 194069509, scanned list = 0
True: 158, scanned range = 194069509, scanned list = 0
True: 60, scanned range = 194069509, scanned list = 0
True: 71, scanned range = 194069509, scanned list = 0
True: 1, scanned range = 194069509, scanned list = 0
True: 31, scanned range = 194069509, scanned list = 0
True: 25, scanned range = 194069509, scanned list = 0
True: 159781, scanned range = 194069509, scanned list = 0
True: 278, scanned range = 194069509, scanned list = 0
True: 3, scanned range = 194069509, scanned list = 0
True: 5, scanned range = 194069509, scanned list = 0
True: 6, scanned range = 194069509, scanned list = 0
True: 554790, scanned range = 194069509, scanned list = 0
True: 144, scanned range = 194069509, scanned list = 0
True: 71, scanned range = 194069509, scanned list = 0
True: 20, scanned range = 194069509, scanned list = 0
True: 24, scanned range = 194069509, scanned list = 0
True: 15, scanned range = 194069509, scanned list = 0
True: 470, scanned range = 194069509, scanned list = 0
True: 1, scanned range = 194069509, scanned list = 0
True: 1, scanned range = 194069509, scanned list = 0
True: 4, scanned range = 194069509, scanned list = 0
True: 1, scanned range = 194069509, scanned list = 0
True: 1, scanned range = 194069509, scanned list = 0
True: 52, scanned range = 194069509, scanned list = 0
True: 697, scanned range = 194069509, scanned list = 0
True: 24, scanned range = 194069509, scanned list = 0
True: 19531813, scanned range = 194069509, scanned list = 0
True: 41, scanned range = 194069509, scanned list = 0
True: 3, scanned range = 194069509, scanned list = 0
True: 94, scanned range = 194069509, scanned list = 0
True: 28056662, scanned range = 194069509, scanned list = 0
True: 1, scanned range = 194069509, scanned list = 0
True: 1, scanned range = 194069509, scanned list = 0
True: 7, scanned range = 194069509, scanned list = 0
True: 3, scanned range = 194069509, scanned list = 0
True: 5, scanned range = 194069509, scanned list = 0
True: 1890291, scanned range = 194069509, scanned list = 0
True: 91, scanned range = 194069509, scanned list = 0
True: 6, scanned range = 194069509, scanned list = 0
True: 25, scanned range = 194069509, scanned list = 0
True: 7, scanned range = 194069509, scanned list = 0
True: 24, scanned range = 194069509, scanned list = 0
True: 20, scanned range = 194069509, scanned list = 0
True: 41, scanned range = 194069509, scanned list = 0
True: 3, scanned range = 194069509, scanned list = 0
True: 6, scanned range = 194069509, scanned list = 0
True: 17, scanned range = 194069509, scanned list = 0
True: 50, scanned range = 194069509, scanned list = 0
True: 5093, scanned range = 194069509, scanned list = 0
True: 2479546, scanned range = 194069509, scanned list = 0
True: 22, scanned range = 194069509, scanned list = 0
True: 7825, scanned range = 194069509, scanned list = 0
True: 250, scanned range = 194069509, scanned list = 0
True: 23, scanned range = 194069509, scanned list = 0
True: 1553, scanned range = 194069509, scanned list = 0
True: 70, scanned range = 194069509, scanned list = 0
True: 118, scanned range = 194069509, scanned list = 0
True: 3755, scanned range = 194069509, scanned list = 0
True: 96, scanned range = 194069509, scanned list = 0
True: 1, scanned range = 194069509, scanned list = 0
True: 449, scanned range = 194069509, scanned list = 0
True: 85, scanned range = 194069509, scanned list = 0
True: 469, scanned range = 194069509, scanned list = 0
True: 1, scanned range = 194069509, scanned list = 0
True: 1, scanned range = 194069509, scanned list = 0
True: 2, scanned range = 194069509, scanned list = 0
True: 169, scanned range = 194069509, scanned list = 0
True: 125, scanned range = 194069509, scanned list = 0
True: 3, scanned range = 194069509, scanned list = 0
True: 72, scanned range = 194069509, scanned list = 0
True: 4, scanned range = 194069509, scanned list = 0
True: 15, scanned range = 194069509, scanned list = 0
True: 3, scanned range = 194069509, scanned list = 0
True: 19, scanned range = 194069509, scanned list = 0
True: 71, scanned range = 194069509, scanned list = 0
True: 41, scanned range = 194069509, scanned list = 0
True: 1, scanned range = 194069509, scanned list = 0
True: 12, scanned range = 194069509, scanned list = 0
True: 2, scanned range = 194069509, scanned list = 0
True: 1, scanned range = 194069509, scanned list = 0
True: 95, scanned range = 194069509, scanned list = 0
True: 40, scanned range = 194069509, scanned list = 0
True: 1, scanned range = 194069509, scanned list = 0
True: 185369, scanned range = 194069509, scanned list = 0
True: 1, scanned range = 194069509, scanned list = 0
True: 1, scanned range = 194069509, scanned list = 0
True: 59, scanned range = 194069509, scanned list = 0
True: 4, scanned range = 194069509, scanned list = 0
True: 47, scanned range = 194069509, scanned list = 0
True: 1, scanned range = 194069509, scanned list = 0
True: 3717, scanned range = 194069509, scanned list = 0
True: 76, scanned range = 194069509, scanned list = 0
True: 199, scanned range = 194069509, scanned list = 0
True: 1, scanned range = 194069509, scanned list = 0
True: 26, scanned range = 194069509, scanned list = 0
True: 79, scanned range = 194069509, scanned list = 0
True: 18, scanned range = 194069509, scanned list = 0
True: 1, scanned range = 194069509, scanned list = 0
True: 26, scanned range = 194069509, scanned list = 0
True: 701, scanned range = 194069509, scanned list = 0
True: 79, scanned range = 194069509, scanned list = 0
True: 636, scanned range = 194069509, scanned list = 0
True: 1, scanned range = 194069509, scanned list = 0
True: 7, scanned range = 194069509, scanned list = 0
True: 6, scanned range = 194069509, scanned list = 0
True: 1, scanned range = 194069509, scanned list = 0
True: 2, scanned range = 194069509, scanned list = 0
True: 1, scanned range = 194069509, scanned list = 0
True: 1, scanned range = 194069509, scanned list = 0
True: 4, scanned range = 194069509, scanned list = 0
True: 1, scanned range = 194069509, scanned list = 0
True: 1, scanned range = 194069509, scanned list = 0
True: 6, scanned range = 194069509, scanned list = 0
True: 34, scanned range = 194069509, scanned list = 0
True: 64, scanned range = 194069509, scanned list = 0
True: 10553, scanned range = 194069509, scanned list = 0
True: 83, scanned range = 194069509, scanned list = 0
True: 71, scanned range = 194069509, scanned list = 0
True: 30, scanned range = 194069509, scanned list = 0
True: 200, scanned range = 194069509, scanned list = 0
True: 10, scanned range = 194069509, scanned list = 0
True: 1171788, scanned range = 194069509, scanned list = 0
True: 1, scanned range = 194069509, scanned list = 0
True: 72, scanned range = 194069509, scanned list = 0
True: 136, scanned range = 194069509, scanned list = 0
True: 33, scanned range = 194069509, scanned list = 0
True: 4697, scanned range = 194069509, scanned list = 0
True: 207, scanned range = 194069509, scanned list = 0
True: 67, scanned range = 194069509, scanned list = 0
True: 4, scanned range = 194069509, scanned list = 0
True: 404, scanned range = 194069509, scanned list = 0
True: 28, scanned range = 194069509, scanned list = 0
True: 4, scanned range = 194069509, scanned list = 0
True: 10, scanned range = 194069509, scanned list = 0
True: 4, scanned range = 194069509, scanned list = 0
True: 23, scanned range = 194069509, scanned list = 0
True: 26, scanned range = 194069509, scanned list = 0
True: 3727, scanned range = 194069509, scanned list = 0
True: 6, scanned range = 194069509, scanned list = 0
True: 566, scanned range = 194069509, scanned list = 0
True: 69, scanned range = 194069509, scanned list = 0
True: 137135, scanned range = 194069509, scanned list = 0
True: 90, scanned range = 194069509, scanned list = 0
True: 4, scanned range = 194069509, scanned list = 0
True: 163, scanned range = 194069509, scanned list = 0
True: 34, scanned range = 194069509, scanned list = 0
True: 1, scanned range = 194069509, scanned list = 0
True: 126, scanned range = 194069509, scanned list = 0
True: 212, scanned range = 194069509, scanned list = 0
True: 1, scanned range = 194069509, scanned list = 0
True: 10, scanned range = 194069509, scanned list = 0
True: 57, scanned range = 194069509, scanned list = 0
True: 77, scanned range = 194069509, scanned list = 0
True: 210737, scanned range = 194069509, scanned list = 0
True: 322, scanned range = 194069509, scanned list = 0
True: 18, scanned range = 194069509, scanned list = 0
True: 7, scanned range = 194069509, scanned list = 0
True: 12, scanned range = 194069509, scanned list = 0
True: 27, scanned range = 194069509, scanned list = 0
True: 20939, scanned range = 194069509, scanned list = 0
True: 73, scanned range = 194069509, scanned list = 0
True: 1, scanned range = 194069509, scanned list = 0
True: 1, scanned range = 194069509, scanned list = 0
True: 1632, scanned range = 194069509, scanned list = 0
True: 4, scanned range = 194069509, scanned list = 0
True: 10, scanned range = 194069509, scanned list = 0
True: 27, scanned range = 194069509, scanned list = 0
True: 90, scanned range = 194069509, scanned list = 0
True: 95, scanned range = 194069509, scanned list = 0
True: 2, scanned range = 194069509, scanned list = 0
True: 1, scanned range = 194069509, scanned list = 0
True: 2, scanned range = 194069509, scanned list = 0
True: 4, scanned range = 194069509, scanned list = 0
True: 4088, scanned range = 194069509, scanned list = 0
True: 12, scanned range = 194069509, scanned list = 0
True: 1660, scanned range = 194069509, scanned list = 0
True: 11, scanned range = 194069509, scanned list = 0
True: 36, scanned range = 194069509, scanned list = 0
True: 1, scanned range = 194069509, scanned list = 0
True: 23, scanned range = 194069509, scanned list = 0
True: 184500, scanned range = 194069509, scanned list = 0
True: 2670, scanned range = 194069509, scanned list = 0
True: 132, scanned range = 194069509, scanned list = 0
True: 2, scanned range = 194069509, scanned list = 0
True: 73, scanned range = 194069509, scanned list = 0
True: 69, scanned range = 194069509, scanned list = 0
True: 151935, scanned range = 194069509, scanned list = 0
True: 1, scanned range = 194069509, scanned list = 0
True: 34, scanned range = 194069509, scanned list = 0
True: 1, scanned range = 194069509, scanned list = 0
True: 12, scanned range = 194069509, scanned list = 0
True: 111, scanned range = 194069509, scanned list = 0
True: 209, scanned range = 194069509, scanned list = 0
True: 227616, scanned range = 194069509, scanned list = 0
True: 16, scanned range = 194069509, scanned list = 0
True: 500683, scanned range = 194069509, scanned list = 0
True: 3, scanned range = 194069509, scanned list = 0
True: 66, scanned range = 194069509, scanned list = 0
True: 1, scanned range = 194069509, scanned list = 0
True: 95, scanned range = 194069509, scanned list = 0
True: 13643, scanned range = 194069509, scanned list = 0
True: 13, scanned range = 194069509, scanned list = 0
True: 1, scanned range = 194069509, scanned list = 0
True: 1, scanned range = 194069509, scanned list = 0
True: 2, scanned range = 194069509, scanned list = 0
True: 214908, scanned range = 194069509, scanned list = 0
True: 31, scanned range = 194069509, scanned list = 0
True: 1, scanned range = 194069509, scanned list = 0
True: 25, scanned range = 194069509, scanned list = 0
True: 12, scanned range = 194069509, scanned list = 0
True: 1, scanned range = 194069509, scanned list = 0
True: 41, scanned range = 194069509, scanned list = 0
True: 6, scanned range = 194069509, scanned list = 0
True: 80, scanned range = 194069509, scanned list = 0
True: 147, scanned range = 194069509, scanned list = 0
True: 3, scanned range = 194069509, scanned list = 0
True: 344, scanned range = 194069509, scanned list = 0
True: 54, scanned range = 194069509, scanned list = 0
True: 9, scanned range = 194069509, scanned list = 0
True: 2, scanned range = 194069509, scanned list = 0
True: 77, scanned range = 194069509, scanned list = 0
True: 29, scanned range = 194069509, scanned list = 0
True: 382, scanned range = 194069509, scanned list = 0
True: 1, scanned range = 194069509, scanned list = 0
True: 1, scanned range = 194069509, scanned list = 0
True: 6689, scanned range = 194069509, scanned list = 0
True: 12004, scanned range = 194069509, scanned list = 0
True: 484, scanned range = 194069509, scanned list = 0
True: 157, scanned range = 194069509, scanned list = 0
True: 91, scanned range = 194069509, scanned list = 0
True: 1501, scanned range = 194069509, scanned list = 0
True: 31, scanned range = 194069509, scanned list = 0
True: 1, scanned range = 194069509, scanned list = 0
True: 2, scanned range = 194069509, scanned list = 0
True: 1566, scanned range = 194069509, scanned list = 0
True: 370, scanned range = 194069509, scanned list = 0
True: 9, scanned range = 194069509, scanned list = 0
True: 4344, scanned range = 194069509, scanned list = 0
True: 9, scanned range = 194069509, scanned list = 0
True: 104, scanned range = 194069509, scanned list = 0
True: 2638394, scanned range = 194069509, scanned list = 0
True: 80, scanned range = 194069509, scanned list = 0
True: 145, scanned range = 194069509, scanned list = 0
True: 1, scanned range = 194069509, scanned list = 0
True: 68, scanned range = 194069509, scanned list = 0
True: 93, scanned range = 194069509, scanned list = 0
True: 8, scanned range = 194069509, scanned list = 0
True: 2, scanned range = 194069509, scanned list = 0
True: 28, scanned range = 194069509, scanned list = 0
True: 158, scanned range = 194069509, scanned list = 0
True: 333, scanned range = 194069509, scanned list = 0
True: 1, scanned range = 194069509, scanned list = 0
True: 1, scanned range = 194069509, scanned list = 0
True: 94, scanned range = 194069509, scanned list = 0
True: 6, scanned range = 194069509, scanned list = 0
True: 148, scanned range = 194069509, scanned list = 0
True: 85, scanned range = 194069509, scanned list = 0
True: 4, scanned range = 194069509, scanned list = 0
True: 6, scanned range = 194069509, scanned list = 0
True: 78, scanned range = 194069509, scanned list = 0
True: 7, scanned range = 194069509, scanned list = 0
True: 20, scanned range = 194069509, scanned list = 0
True: 2, scanned range = 194069509, scanned list = 0
True: 35, scanned range = 194069509, scanned list = 0
True: 4, scanned range = 194069509, scanned list = 0
True: 22, scanned range = 194069509, scanned list = 0
True: 2, scanned range = 194069509, scanned list = 0
True: 66, scanned range = 194069509, scanned list = 0
True: 1, scanned range = 194069509, scanned list = 0
True: 1455, scanned range = 194069509, scanned list = 0
True: 69, scanned range = 194069509, scanned list = 0
True: 47, scanned range = 194069509, scanned list = 0
True: 6, scanned range = 194069509, scanned list = 0
True: 26544618, scanned range = 194069509, scanned list = 0
True: 16, scanned range = 194069509, scanned list = 0
True: 3, scanned range = 194069509, scanned list = 0
True: 67457, scanned range = 194069509, scanned list = 0
True: 27484, scanned range = 194069509, scanned list = 0
True: 4, scanned range = 194069509, scanned list = 0
True: 1, scanned range = 194069509, scanned list = 0
True: 8673304, scanned range = 194069509, scanned list = 0
True: 79, scanned range = 194069509, scanned list = 0
True: 3, scanned range = 194069509, scanned list = 0
True: 11, scanned range = 194069509, scanned list = 0
True: 6, scanned range = 194069509, scanned list = 0
True: 326, scanned range = 194069509, scanned list = 0
True: 132553, scanned range = 194069509, scanned list = 0
True: 1, scanned range = 194069509, scanned list = 0
True: 4, scanned range = 194069509, scanned list = 0
True: 54, scanned range = 194069509, scanned list = 0
True: 15, scanned range = 194069509, scanned list = 0
True: 2, scanned range = 194069509, scanned list = 0
True: 1, scanned range = 194069509, scanned list = 0
True: 60, scanned range = 194069509, scanned list = 0
True: 4, scanned range = 194069509, scanned list = 0
True: 130, scanned range = 194069509, scanned list = 0
True: 3, scanned range = 194069509, scanned list = 0
True: 81, scanned range = 194069509, scanned list = 0
True: 93, scanned range = 194069509, scanned list = 0
True: 17, scanned range = 194069509, scanned list = 0
True: 17, scanned range = 194069509, scanned list = 0
True: 42, scanned range = 194069509, scanned list = 0
True: 8, scanned range = 194069509, scanned list = 0
True: 699, scanned range = 194069509, scanned list = 0
True: 13360395, scanned range = 194069509, scanned list = 0
True: 248, scanned range = 194069509, scanned list = 0
True: 24, scanned range = 194069509, scanned list = 0
True: 285, scanned range = 194069509, scanned list = 0
True: 1, scanned range = 194069509, scanned list = 0
True: 95, scanned range = 194069509, scanned list = 0
True: 1, scanned range = 194069509, scanned list = 0
True: 1, scanned range = 194069509, scanned list = 0
True: 4, scanned range = 194069509, scanned list = 0
True: 1, scanned range = 194069509, scanned list = 0
True: 8, scanned range = 194069509, scanned list = 0
True: 2, scanned range = 194069509, scanned list = 0
True: 169, scanned range = 194069509, scanned list = 0
True: 526, scanned range = 194069509, scanned list = 0
True: 81, scanned range = 194069509, scanned list = 0
True: 1, scanned range = 194069509, scanned list = 0
True: 1504, scanned range = 194069509, scanned list = 0
True: 2, scanned range = 194069509, scanned list = 0
True: 126, scanned range = 194069509, scanned list = 0
True: 6, scanned range = 194069509, scanned list = 0
True: 1, scanned range = 194069509, scanned list = 0
True: 7, scanned range = 194069509, scanned list = 0
True: 9801, scanned range = 194069509, scanned list = 0
True: 3, scanned range = 194069509, scanned list = 0
True: 22, scanned range = 194069509, scanned list = 0
True: 16, scanned range = 194069509, scanned list = 0
True: 83, scanned range = 194069509, scanned list = 0
True: 7, scanned range = 194069509, scanned list = 0
True: 2, scanned range = 194069509, scanned list = 0
True: 8, scanned range = 194069509, scanned list = 0
True: 19, scanned range = 194069509, scanned list = 0
True: 36, scanned range = 194069509, scanned list = 0
True: 1, scanned range = 194069509, scanned list = 0
True: 42, scanned range = 194069509, scanned list = 0
True: 8005430, scanned range = 194069509, scanned list = 0
True: 513, scanned range = 194069509, scanned list = 0
True: 33, scanned range = 194069509, scanned list = 0
True: 133, scanned range = 194069509, scanned list = 0
True: 16, scanned range = 194069509, scanned list = 0
True: 1, scanned range = 194069509, scanned list = 0
True: 38593, scanned range = 194069509, scanned list = 0
True: 4, scanned range = 194069509, scanned list = 0
True: 73, scanned range = 194069509, scanned list = 0
True: 75, scanned range = 194069509, scanned list = 0
True: 1, scanned range = 194069509, scanned list = 0
True: 3, scanned range = 194069509, scanned list = 0
True: 28, scanned range = 194069509, scanned list = 0
True: 1, scanned range = 194069509, scanned list = 0
True: 76, scanned range = 194069509, scanned list = 0
True: 3, scanned range = 194069509, scanned list = 0
True: 1899, scanned range = 194069509, scanned list = 0
True: 3734, scanned range = 194069509, scanned list = 0
True: 1, scanned range = 194069509, scanned list = 0
True: 7794, scanned range = 194069509, scanned list = 0
True: 101, scanned range = 194069509, scanned list = 0
True: 781, scanned range = 194069509, scanned list = 0
True: 1, scanned range = 194069509, scanned list = 0
True: 26, scanned range = 194069509, scanned list = 0
True: 1, scanned range = 194069509, scanned list = 0
True: 1, scanned range = 194069509, scanned list = 0
True: 89, scanned range = 194069509, scanned list = 0
True: 26, scanned range = 194069509, scanned list = 0
True: 2, scanned range = 194069509, scanned list = 0
True: 1, scanned range = 194069509, scanned list = 0
True: 1, scanned range = 194069509, scanned list = 0
True: 5083, scanned range = 194069509, scanned list = 0
True: 88, scanned range = 194069509, scanned list = 0
True: 18, scanned range = 194069509, scanned list = 0
True: 28, scanned range = 194069509, scanned list = 0
True: 1, scanned range = 194069509, scanned list = 0
True: 9, scanned range = 194069509, scanned list = 0
True: 129, scanned range = 194069509, scanned list = 0
True: 390427, scanned range = 194069509, scanned list = 0
True: 2, scanned range = 194069509, scanned list = 0
True: 11339095, scanned range = 194069509, scanned list = 0
True: 2, scanned range = 194069509, scanned list = 0
True: 1, scanned range = 194069509, scanned list = 0
True: 2, scanned range = 194069509, scanned list = 0
True: 14, scanned range = 194069509, scanned list = 0
True: 151, scanned range = 194069509, scanned list = 0
True: 2, scanned range = 194069509, scanned list = 0
True: 62, scanned range = 194069509, scanned list = 0
True: 309781, scanned range = 194069509, scanned list = 0
True: 80, scanned range = 194069509, scanned list = 0
True: 28810902, scanned range = 194069509, scanned list = 0
True: 73526, scanned range = 194069509, scanned list = 0
True: 1, scanned range = 194069509, scanned list = 0
True: 36, scanned range = 194069509, scanned list = 0
True: 22, scanned range = 194069509, scanned list = 0
True: 66, scanned range = 194069509, scanned list = 0
True: 22, scanned range = 194069509, scanned list = 0
True: 107, scanned range = 194069509, scanned list = 0
True: 33, scanned range = 194069509, scanned list = 0
True: 64, scanned range = 194069509, scanned list = 0
True: 8, scanned range = 194069509, scanned list = 0
True: 1, scanned range = 194069509, scanned list = 0
True: 162, scanned range = 194069509, scanned list = 0
True: 37, scanned range = 194069509, scanned list = 0
True: 85, scanned range = 194069509, scanned list = 0
True: 1, scanned range = 194069509, scanned list = 0
True: 2, scanned range = 194069509, scanned list = 0
True: 12184472, scanned range = 194069509, scanned list = 0
True: 38, scanned range = 194069509, scanned list = 0
True: 5, scanned range = 194069509, scanned list = 0
True: 29, scanned range = 194069509, scanned list = 0
True: 647, scanned range = 194069509, scanned list = 0
True: 1487, scanned range = 194069509, scanned list = 0
True: 51, scanned range = 194069509, scanned list = 0
True: 1, scanned range = 194069509, scanned list = 0
True: 88, scanned range = 194069509, scanned list = 0
True: 332, scanned range = 194069509, scanned list = 0
True: 60, scanned range = 194069509, scanned list = 0
True: 47, scanned range = 194069509, scanned list = 0
True: 1430, scanned range = 194069509, scanned list = 0
True: 135684, scanned range = 194069509, scanned list = 0
True: 6, scanned range = 194069509, scanned list = 0
True: 20, scanned range = 194069509, scanned list = 0
True: 27, scanned range = 194069509, scanned list = 0
True: 11, scanned range = 194069509, scanned list = 0
True: 83, scanned range = 194069509, scanned list = 0
True: 1560, scanned range = 194069509, scanned list = 0
True: 341, scanned range = 194069509, scanned list = 0
True: 5, scanned range = 194069509, scanned list = 0
True: 1, scanned range = 194069509, scanned list = 0
True: 27, scanned range = 194069509, scanned list = 0
True: 20, scanned range = 194069509, scanned list = 0
True: 2, scanned range = 194069509, scanned list = 0
True: 1, scanned range = 194069509, scanned list = 0
True: 12593950, scanned range = 194069509, scanned list = 0
True: 611739, scanned range = 194069509, scanned list = 0
True: 90, scanned range = 194069509, scanned list = 0
True: 584, scanned range = 194069509, scanned list = 0
True: 4, scanned range = 194069509, scanned list = 0
True: 11, scanned range = 194069509, scanned list = 0
True: 125, scanned range = 194069509, scanned list = 0
True: 86, scanned range = 194069509, scanned list = 0
True: 1, scanned range = 194069509, scanned list = 0
True: 30, scanned range = 194069509, scanned list = 0
True: 34, scanned range = 194069509, scanned list = 0
True: 1, scanned range = 194069509, scanned list = 0
True: 60, scanned range = 194069509, scanned list = 0
True: 120, scanned range = 194069509, scanned list = 0
True: 124, scanned range = 194069509, scanned list = 0
True: 22, scanned range = 194069509, scanned list = 0
True: 4, scanned range = 194069509, scanned list = 0
True: 1, scanned range = 194069509, scanned list = 0
True: 2262, scanned range = 194069509, scanned list = 0
True: 2, scanned range = 194069509, scanned list = 0
True: 4, scanned range = 194069509, scanned list = 0
True: 25, scanned range = 194069509, scanned list = 0
True: 1, scanned range = 194069509, scanned list = 0
True: 29, scanned range = 194069509, scanned list = 0
True: 13, scanned range = 194069509, scanned list = 0
True: 94, scanned range = 194069509, scanned list = 0
True: 73, scanned range = 194069509, scanned list = 0
True: 83, scanned range = 194069509, scanned list = 0
True: 2, scanned range = 194069509, scanned list = 0
True: 588, scanned range = 194069509, scanned list = 0
True: 1, scanned range = 194069509, scanned list = 0
True: 7713, scanned range = 194069509, scanned list = 0
True: 30, scanned range = 194069509, scanned list = 0
True: 6, scanned range = 194069509, scanned list = 0
True: 22, scanned range = 194069509, scanned list = 0
True: 30, scanned range = 194069509, scanned list = 0
True: 5, scanned range = 194069509, scanned list = 0
True: 10, scanned range = 194069509, scanned list = 0
True: 1, scanned range = 194069509, scanned list = 0
True: 1675, scanned range = 194069509, scanned list = 0
True: 24, scanned range = 194069509, scanned list = 0
True: 1, scanned range = 194069509, scanned list = 0
True: 268, scanned range = 194069509, scanned list = 0
True: 1, scanned range = 194069509, scanned list = 0
True: 27, scanned range = 194069509, scanned list = 0
True: 32, scanned range = 194069509, scanned list = 0
True: 1, scanned range = 194069509, scanned list = 0
True: 72, scanned range = 194069509, scanned list = 0
True: 98, scanned range = 194069509, scanned list = 0
True: 27, scanned range = 194069509, scanned list = 0
True: 3, scanned range = 194069509, scanned list = 0
True: 4, scanned range = 194069509, scanned list = 0
True: 34, scanned range = 194069509, scanned list = 0
True: 81, scanned range = 194069509, scanned list = 0
True: 2, scanned range = 194069509, scanned list = 0
True: 132, scanned range = 194069509, scanned list = 0
True: 58314, scanned range = 194069509, scanned list = 0
True: 45, scanned range = 194069509, scanned list = 0
True: 9, scanned range = 194069509, scanned list = 0
True: 3, scanned range = 194069509, scanned list = 0
True: 89, scanned range = 194069509, scanned list = 0
True: 10, scanned range = 194069509, scanned list = 0
True: 1, scanned range = 194069509, scanned list = 0
True: 84, scanned range = 194069509, scanned list = 0
True: 859, scanned range = 194069509, scanned list = 0
True: 13, scanned range = 194069509, scanned list = 0
True: 14017, scanned range = 194069509, scanned list = 0
True: 135, scanned range = 194069509, scanned list = 0
True: 1, scanned range = 194069509, scanned list = 0
True: 62, scanned range = 194069509, scanned list = 0
True: 1, scanned range = 194069509, scanned list = 0
True: 16, scanned range = 194069509, scanned list = 0
True: 1, scanned range = 194069509, scanned list = 0
True: 164, scanned range = 194069509, scanned list = 0
True: 1, scanned range = 194069509, scanned list = 0
True: 20, scanned range = 194069509, scanned list = 0
True: 3, scanned range = 194069509, scanned list = 0
True: 20, scanned range = 194069509, scanned list = 0
True: 2467, scanned range = 194069509, scanned list = 0
True: 7, scanned range = 194069509, scanned list = 0
True: 8, scanned range = 194069509, scanned list = 0
True: 782145, scanned range = 194069509, scanned list = 0
True: 92, scanned range = 194069509, scanned list = 0
True: 4, scanned range = 194069509, scanned list = 0
True: 104, scanned range = 194069509, scanned list = 0
True: 2526, scanned range = 194069509, scanned list = 0
True: 52885, scanned range = 194069509, scanned list = 0
True: 18, scanned range = 194069509, scanned list = 0
True: 205, scanned range = 194069509, scanned list = 0
True: 1, scanned range = 194069509, scanned list = 0
True: 30, scanned range = 194069509, scanned list = 0
True: 29, scanned range = 194069509, scanned list = 0
True: 24, scanned range = 194069509, scanned list = 0
True: 283433, scanned range = 194069509, scanned list = 0
True: 95, scanned range = 194069509, scanned list = 0
True: 1023, scanned range = 194069509, scanned list = 0
True: 1961, scanned range = 194069509, scanned list = 0
True: 208, scanned range = 194069509, scanned list = 0
True: 672, scanned range = 194069509, scanned list = 0
True: 30, scanned range = 194069509, scanned list = 0
True: 1, scanned range = 194069509, scanned list = 0
True: 74, scanned range = 194069509, scanned list = 0
True: 1, scanned range = 194069509, scanned list = 0
True: 18, scanned range = 194069509, scanned list = 0
True: 3, scanned range = 194069509, scanned list = 0
True: 213928, scanned range = 194069509, scanned list = 0
True: 9, scanned range = 194069509, scanned list = 0
True: 1, scanned range = 194069509, scanned list = 0
True: 54, scanned range = 194069509, scanned list = 0
True: 1035, scanned range = 194069509, scanned list = 0
True: 18, scanned range = 194069509, scanned list = 0
True: 2, scanned range = 194069509, scanned list = 0
True: 1, scanned range = 194069509, scanned list = 0
True: 89, scanned range = 194069509, scanned list = 0
True: 1, scanned range = 194069509, scanned list = 0
True: 1597, scanned range = 194069509, scanned list = 0
True: 14, scanned range = 194069509, scanned list = 0
True: 10, scanned range = 194069509, scanned list = 0
True: 96, scanned range = 194069509, scanned list = 0
True: 27, scanned range = 194069509, scanned list = 0
True: 1, scanned range = 194069509, scanned list = 0
True: 23, scanned range = 194069509, scanned list = 0
True: 52, scanned range = 194069509, scanned list = 0
True: 7, scanned range = 194069509, scanned list = 0
True: 5348091, scanned range = 194069509, scanned list = 0
True: 1, scanned range = 194069509, scanned list = 0
True: 213095, scanned range = 194069509, scanned list = 0
True: 1418, scanned range = 194069509, scanned list = 0
True: 49, scanned range = 194069509, scanned list = 0
True: 45378, scanned range = 194069509, scanned list = 0
True: 25, scanned range = 194069509, scanned list = 0
True: 4, scanned range = 194069509, scanned list = 0
True: 91, scanned range = 194069509, scanned list = 0
True: 435, scanned range = 194069509, scanned list = 0
True: 1, scanned range = 194069509, scanned list = 0
True: 66, scanned range = 194069509, scanned list = 0
True: 92, scanned range = 194069509, scanned list = 0
True: 182, scanned range = 194069509, scanned list = 0
True: 9, scanned range = 194069509, scanned list = 0
True: 5, scanned range = 194069509, scanned list = 0
True: 92, scanned range = 194069509, scanned list = 0
True: 10, scanned range = 194069509, scanned list = 0
True: 1748, scanned range = 194069509, scanned list = 0
True: 55, scanned range = 194069509, scanned list = 0
True: 7, scanned range = 194069509, scanned list = 0
True: 66, scanned range = 194069509, scanned list = 0
True: 97, scanned range = 194069509, scanned list = 0
True: 103, scanned range = 194069509, scanned list = 0
True: 456, scanned range = 194069509, scanned list = 0
True: 147, scanned range = 194069509, scanned list = 0
True: 1, scanned range = 194069509, scanned list = 0
True: 26, scanned range = 194069509, scanned list = 0
True: 8, scanned range = 194069509, scanned list = 0
True: 297, scanned range = 194069509, scanned list = 0
True: 3, scanned range = 194069509, scanned list = 0
True: 4, scanned range = 194069509, scanned list = 0
True: 596, scanned range = 194069509, scanned list = 0
True: 27, scanned range = 194069509, scanned list = 0
True: 4445, scanned range = 194069509, scanned list = 0
True: 1, scanned range = 194069509, scanned list = 0
True: 62, scanned range = 194069509, scanned list = 0
True: 1040984, scanned range = 194069509, scanned list = 0
True: 197, scanned range = 194069509, scanned list = 0
True: 650, scanned range = 194069509, scanned list = 0
True: 7, scanned range = 194069509, scanned list = 0
True: 8783, scanned range = 194069509, scanned list = 0
True: 91, scanned range = 194069509, scanned list = 0
True: 26, scanned range = 194069509, scanned list = 0
True: 192, scanned range = 194069509, scanned list = 0
True: 1, scanned range = 194069509, scanned list = 0
True: 11415031, scanned range = 194069509, scanned list = 0
True: 106, scanned range = 194069509, scanned list = 0
True: 1, scanned range = 194069509, scanned list = 0
True: 22, scanned range = 194069509, scanned list = 0
True: 21, scanned range = 194069509, scanned list = 0
True: 80, scanned range = 194069509, scanned list = 0
True: 8, scanned range = 194069509, scanned list = 0
True: 1, scanned range = 194069509, scanned list = 0
True: 597539, scanned range = 194069509, scanned list = 0
True: 35, scanned range = 194069509, scanned list = 0
True: 211, scanned range = 194069509, scanned list = 0
True: 5, scanned range = 194069509, scanned list = 0
True: 7015, scanned range = 194069509, scanned list = 0
True: 5, scanned range = 194069509, scanned list = 0
True: 4, scanned range = 194069509, scanned list = 0
True: 2175145, scanned range = 194069509, scanned list = 0
True: 286, scanned range = 194069509, scanned list = 0
True: 8, scanned range = 194069509, scanned list = 0
True: 5142, scanned range = 194069509, scanned list = 0
True: 23, scanned range = 194069509, scanned list = 0
True: 95, scanned range = 194069509, scanned list = 0
True: 29676, scanned range = 194069509, scanned list = 0
True: 647, scanned range = 194069509, scanned list = 0
True: 84, scanned range = 194069509, scanned list = 0
True: 8, scanned range = 194069509, scanned list = 0
True: 8, scanned range = 194069509, scanned list = 0
True: 26, scanned range = 194069509, scanned list = 0
True: 18, scanned range = 194069509, scanned list = 0
True: 5, scanned range = 194069509, scanned list = 0
True: 1167394, scanned range = 194069509, scanned list = 0
True: 1, scanned range = 194069509, scanned list = 0
True: 2, scanned range = 194069509, scanned list = 0
True: 1, scanned range = 194069509, scanned list = 0
True: 10, scanned range = 194069509, scanned list = 0
True: 2321625, scanned range = 194069509, scanned list = 0
True: 219, scanned range = 194069509, scanned list = 0
True: 5, scanned range = 194069509, scanned list = 0
True: 88, scanned range = 194069509, scanned list = 0
True: 3, scanned range = 194069509, scanned list = 0
True: 96, scanned range = 194069509, scanned list = 0
True: 1, scanned range = 194069509, scanned list = 0
True: 76, scanned range = 194069509, scanned list = 0
True: 1, scanned range = 194069509, scanned list = 0
True: 59, scanned range = 194069509, scanned list = 0
True: 10588387, scanned range = 194069509, scanned list = 0
True: 3, scanned range = 194069509, scanned list = 0
True: 31, scanned range = 194069509, scanned list = 0
True: 2, scanned range = 194069509, scanned list = 0
True: 13975912, scanned range = 194069509, scanned list = 0
True: 2, scanned range = 194069509, scanned list = 0
True: 13, scanned range = 194069509, scanned list = 0
True: 1998, scanned range = 194069509, scanned list = 0
True: 1, scanned range = 194069509, scanned list = 0
True: 95, scanned range = 194069509, scanned list = 0
True: 1, scanned range = 194069509, scanned list = 0
True: 10, scanned range = 194069509, scanned list = 0
True: 1, scanned range = 194069509, scanned list = 0
True: 76, scanned range = 194069509, scanned list = 0
True: 38, scanned range = 194069509, scanned list = 0
True: 7, scanned range = 194069509, scanned list = 0
True: 34, scanned range = 194069509, scanned list = 0
True: 1, scanned range = 194069509, scanned list = 0
True: 49, scanned range = 194069509, scanned list = 0
True: 40, scanned range = 194069509, scanned list = 0
True: 3, scanned range = 194069509, scanned list = 0
True: 54975, scanned range = 194069509, scanned list = 0
True: 1, scanned range = 194069509, scanned list = 0
True: 7, scanned range = 194069509, scanned list = 0
True: 87, scanned range = 194069509, scanned list = 0
True: 40, scanned range = 194069509, scanned list = 0
True: 1, scanned range = 194069509, scanned list = 0
True: 94, scanned range = 194069509, scanned list = 0
True: 80, scanned range = 194069509, scanned list = 0
True: 44, scanned range = 194069509, scanned list = 0
True: 208, scanned range = 194069509, scanned list = 0
True: 1, scanned range = 194069509, scanned list = 0
True: 8, scanned range = 194069509, scanned list = 0
True: 74878, scanned range = 194069509, scanned list = 0
True: 3732984, scanned range = 194069509, scanned list = 0
True: 40, scanned range = 194069509, scanned list = 0
True: 31, scanned range = 194069509, scanned list = 0
True: 32, scanned range = 194069509, scanned list = 0
True: 9, scanned range = 194069509, scanned list = 0
True: 20, scanned range = 194069509, scanned list = 0
True: 173, scanned range = 194069509, scanned list = 0
True: 18, scanned range = 194069509, scanned list = 0
True: 2, scanned range = 194069509, scanned list = 0
True: 31, scanned range = 194069509, scanned list = 0
True: 3, scanned range = 194069509, scanned list = 0
True: 4, scanned range = 194069509, scanned list = 0
True: 3, scanned range = 194069509, scanned list = 0
True: 871, scanned range = 194069509, scanned list = 0
True: 1, scanned range = 194069509, scanned list = 0
True: 5, scanned range = 194069509, scanned list = 0
True: 7, scanned range = 194069509, scanned list = 0
True: 1, scanned range = 194069509, scanned list = 0
True: 1, scanned range = 194069509, scanned list = 0
True: 73, scanned range = 194069509, scanned list = 0
True: 129, scanned range = 194069509, scanned list = 0
True: 75, scanned range = 194069509, scanned list = 0
True: 186811, scanned range = 194069509, scanned list = 0
True: 2, scanned range = 194069509, scanned list = 0
True: 589, scanned range = 194069509, scanned list = 0
True: 11, scanned range = 194069509, scanned list = 0
True: 2673001, scanned range = 194069509, scanned list = 0
True: 92, scanned range = 194069509, scanned list = 0
True: 3, scanned range = 194069509, scanned list = 0
True: 126, scanned range = 194069509, scanned list = 0
True: 75, scanned range = 194069509, scanned list = 0
True: 602, scanned range = 194069509, scanned list = 0
True: 27, scanned range = 194069509, scanned list = 0
True: 20, scanned range = 194069509, scanned list = 0
True: 2527642, scanned range = 194069509, scanned list = 0
True: 16, scanned range = 194069509, scanned list = 0
True: 34, scanned range = 194069509, scanned list = 0
True: 23, scanned range = 194069509, scanned list = 0
True: 146, scanned range = 194069509, scanned list = 0
True: 19, scanned range = 194069509, scanned list = 0
True: 77, scanned range = 194069509, scanned list = 0
True: 1, scanned range = 194069509, scanned list = 0
True: 1, scanned range = 194069509, scanned list = 0
True: 24, scanned range = 194069509, scanned list = 0
True: 358, scanned range = 194069509, scanned list = 0
True: 2, scanned range = 194069509, scanned list = 0
True: 235, scanned range = 194069509, scanned list = 0
True: 180786, scanned range = 194069509, scanned list = 0
True: 1, scanned range = 194069509, scanned list = 0
True: 8995, scanned range = 194069509, scanned list = 0
True: 3, scanned range = 194069509, scanned list = 0
True: 88, scanned range = 194069509, scanned list = 0
True: 21, scanned range = 194069509, scanned list = 0
True: 12, scanned range = 194069509, scanned list = 0
True: 3, scanned range = 194069509, scanned list = 0
True: 1, scanned range = 194069509, scanned list = 0
True: 69, scanned range = 194069509, scanned list = 0
True: 23, scanned range = 194069509, scanned list = 0
True: 1, scanned range = 194069509, scanned list = 0
True: 3, scanned range = 194069509, scanned list = 0
True: 1, scanned range = 194069509, scanned list = 0
True: 466274, scanned range = 194069509, scanned list = 0
True: 1, scanned range = 194069509, scanned list = 0
True: 4, scanned range = 194069509, scanned list = 0
True: 5, scanned range = 194069509, scanned list = 0
True: 33639, scanned range = 194069509, scanned list = 0
True: 384184, scanned range = 194069509, scanned list = 0
True: 258, scanned range = 194069509, scanned list = 0
True: 1, scanned range = 194069509, scanned list = 0
True: 33631, scanned range = 194069509, scanned list = 0
True: 123, scanned range = 194069509, scanned list = 0
True: 3, scanned range = 194069509, scanned list = 0
True: 34, scanned range = 194069509, scanned list = 0
True: 1, scanned range = 194069509, scanned list = 0
True: 427, scanned range = 194069509, scanned list = 0
True: 24, scanned range = 194069509, scanned list = 0
True: 8462561, scanned range = 194069509, scanned list = 0
True: 1, scanned range = 194069509, scanned list = 0
True: 3, scanned range = 194069509, scanned list = 0
True: 6, scanned range = 194069509, scanned list = 0
True: 2, scanned range = 194069509, scanned list = 0
True: 1, scanned range = 194069509, scanned list = 0
True: 1, scanned range = 194069509, scanned list = 0
True: 10, scanned range = 194069509, scanned list = 0
True: 1331, scanned range = 194069509, scanned list = 0
True: 61, scanned range = 194069509, scanned list = 0
True: 6, scanned range = 194069509, scanned list = 0
True: 9, scanned range = 194069509, scanned list = 0
True: 8, scanned range = 194069509, scanned list = 0
True: 83, scanned range = 194069509, scanned list = 0
True: 1, scanned range = 194069509, scanned list = 0
True: 3, scanned range = 194069509, scanned list = 0
True: 67, scanned range = 194069509, scanned list = 0
True: 4, scanned range = 194069509, scanned list = 0
True: 1, scanned range = 194069509, scanned list = 0
True: 8, scanned range = 194069509, scanned list = 0
True: 18, scanned range = 194069509, scanned list = 0
True: 7, scanned range = 194069509, scanned list = 0
True: 1, scanned range = 194069509, scanned list = 0
True: 6, scanned range = 194069509, scanned list = 0
True: 47846, scanned range = 194069509, scanned list = 0
True: 4, scanned range = 194069509, scanned list = 0
True: 135, scanned range = 194069509, scanned list = 0
True: 35, scanned range = 194069509, scanned list = 0
True: 74, scanned range = 194069509, scanned list = 0
True: 25, scanned range = 194069509, scanned list = 0
True: 1, scanned range = 194069509, scanned list = 0
True: 1, scanned range = 194069509, scanned list = 0
True: 343, scanned range = 194069509, scanned list = 0
True: 5, scanned range = 194069509, scanned list = 0
True: 67, scanned range = 194069509, scanned list = 0
True: 5, scanned range = 194069509, scanned list = 0
True: 2, scanned range = 194069509, scanned list = 0
True: 6, scanned range = 194069509, scanned list = 0
True: 1, scanned range = 194069509, scanned list = 0
True: 32, scanned range = 194069509, scanned list = 0
True: 2, scanned range = 194069509, scanned list = 0
True: 76218, scanned range = 194069509, scanned list = 0
True: 4, scanned range = 194069509, scanned list = 0
True: 8, scanned range = 194069509, scanned list = 0
True: 1, scanned range = 194069509, scanned list = 0
True: 2, scanned range = 194069509, scanned list = 0
True: 21, scanned range = 194069509, scanned list = 0
True: 31, scanned range = 194069509, scanned list = 0
True: 32, scanned range = 194069509, scanned list = 0
True: 13, scanned range = 194069509, scanned list = 0
True: 1, scanned range = 194069509, scanned list = 0
True: 1, scanned range = 194069509, scanned list = 0
True: 28, scanned range = 194069509, scanned list = 0
True: 1349, scanned range = 194069509, scanned list = 0
True: 4, scanned range = 194069509, scanned list = 0
True: 1, scanned range = 194069509, scanned list = 0
True: 9149924, scanned range = 194069509, scanned list = 0
True: 159736, scanned range = 194069509, scanned list = 0
True: 6, scanned range = 194069509, scanned list = 0
True: 102, scanned range = 194069509, scanned list = 0
True: 22655, scanned range = 194069509, scanned list = 0
True: 7, scanned range = 194069509, scanned list = 0
True: 25, scanned range = 194069509, scanned list = 0
True: 82, scanned range = 194069509, scanned list = 0
True: 184, scanned range = 194069509, scanned list = 0
True: 38, scanned range = 194069509, scanned list = 0
True: 129, scanned range = 194069509, scanned list = 0
True: 28, scanned range = 194069509, scanned list = 0
True: 2, scanned range = 194069509, scanned list = 0
True: 16, scanned range = 194069509, scanned list = 0
True: 24, scanned range = 194069509, scanned list = 0
True: 1, scanned range = 194069509, scanned list = 0
True: 91, scanned range = 194069509, scanned list = 0
True: 82, scanned range = 194069509, scanned list = 0
True: 1, scanned range = 194069509, scanned list = 0
True: 60, scanned range = 194069509, scanned list = 0
True: 15, scanned range = 194069509, scanned list = 0
True: 38, scanned range = 194069509, scanned list = 0
True: 80, scanned range = 194069509, scanned list = 0
True: 2, scanned range = 194069509, scanned list = 0
True: 106, scanned range = 194069509, scanned list = 0
True: 473, scanned range = 194069509, scanned list = 0
True: 304, scanned range = 194069509, scanned list = 0
True: 1, scanned range = 194069509, scanned list = 0
True: 404, scanned range = 194069509, scanned list = 0
True: 43, scanned range = 194069509, scanned list = 0
True: 414605, scanned range = 194069509, scanned list = 0
True: 71, scanned range = 194069509, scanned list = 0
True: 8, scanned range = 194069509, scanned list = 0
True: 1428, scanned range = 194069509, scanned list = 0
True: 8, scanned range = 194069509, scanned list = 0
True: 31, scanned range = 194069509, scanned list = 0
True: 63, scanned range = 194069509, scanned list = 0
True: 66, scanned range = 194069509, scanned list = 0
True: 128, scanned range = 194069509, scanned list = 0
True: 7, scanned range = 194069509, scanned list = 0
True: 80, scanned range = 194069509, scanned list = 0
True: 81, scanned range = 194069509, scanned list = 0
True: 19, scanned range = 194069509, scanned list = 0
True: 26, scanned range = 194069509, scanned list = 0
True: 298, scanned range = 194069509, scanned list = 0
True: 3, scanned range = 194069509, scanned list = 0
True: 77, scanned range = 194069509, scanned list = 0
True: 14, scanned range = 194069509, scanned list = 0
True: 404, scanned range = 194069509, scanned list = 0
True: 65, scanned range = 194069509, scanned list = 0
True: 710, scanned range = 194069509, scanned list = 0
True: 716, scanned range = 194069509, scanned list = 0
True: 1, scanned range = 194069509, scanned list = 0
True: 1, scanned range = 194069509, scanned list = 0
True: 124, scanned range = 194069509, scanned list = 0
True: 100, scanned range = 194069509, scanned list = 0
True: 11, scanned range = 194069509, scanned list = 0
True: 86, scanned range = 194069509, scanned list = 0
True: 2219, scanned range = 194069509, scanned list = 0
True: 1, scanned range = 194069509, scanned list = 0
True: 6815027, scanned range = 194069509, scanned list = 0
True: 2736, scanned range = 194069509, scanned list = 0
True: 48, scanned range = 194069509, scanned list = 0
True: 2, scanned range = 194069509, scanned list = 0
True: 4542637, scanned range = 194069509, scanned list = 0
True: 2, scanned range = 194069509, scanned list = 0
True: 31, scanned range = 194069509, scanned list = 0
True: 1, scanned range = 194069509, scanned list = 0
True: 24, scanned range = 194069509, scanned list = 0
True: 1, scanned range = 194069509, scanned list = 0
True: 1, scanned range = 194069509, scanned list = 0
True: 2, scanned range = 194069509, scanned list = 0
True: 18, scanned range = 194069509, scanned list = 0
True: 135, scanned range = 194069509, scanned list = 0
True: 316, scanned range = 194069509, scanned list = 0
True: 25, scanned range = 194069509, scanned list = 0
True: 48, scanned range = 194069509, scanned list = 0
True: 7, scanned range = 194069509, scanned list = 0
True: 83, scanned range = 194069509, scanned list = 0
True: 78, scanned range = 194069509, scanned list = 0
True: 11, scanned range = 194069509, scanned list = 0
True: 14336, scanned range = 194069509, scanned list = 0
True: 3, scanned range = 194069509, scanned list = 0
True: 3, scanned range = 194069509, scanned list = 0
True: 3, scanned range = 194069509, scanned list = 0
True: 4, scanned range = 194069509, scanned list = 0
True: 43, scanned range = 194069509, scanned list = 0
True: 2, scanned range = 194069509, scanned list = 0
True: 1, scanned range = 194069509, scanned list = 0
True: 1, scanned range = 194069509, scanned list = 0
True: 13384411, scanned range = 194069509, scanned list = 0
True: 17, scanned range = 194069509, scanned list = 0
True: 84, scanned range = 194069509, scanned list = 0
True: 464, scanned range = 194069509, scanned list = 0
True: 2, scanned range = 194069509, scanned list = 0
True: 881, scanned range = 194069509, scanned list = 0
True: 135, scanned range = 194069509, scanned list = 0
True: 390, scanned range = 194069509, scanned list = 0
True: 41, scanned range = 194069509, scanned list = 0
True: 17, scanned range = 194069509, scanned list = 0
True: 1, scanned range = 194069509, scanned list = 0
True: 4, scanned range = 194069509, scanned list = 0
True: 5, scanned range = 194069509, scanned list = 0
True: 85, scanned range = 194069509, scanned list = 0
True: 99, scanned range = 194069509, scanned list = 0
True: 1, scanned range = 194069509, scanned list = 0
True: 1, scanned range = 194069509, scanned list = 0
Total points returned by queries: 300167256
Total queries: 1000
Avg range query time (ns): 8.66854e+08
Total points scanned: 194069509000 (range), 0 (list)
