found flag name = just_a_test
found flag dataset = /home/ubuntu/correlations/continuous/chicago_taxi_combined/chicago_taxi_sort_octree_0_2_4.bin
found flag workload = /home/ubuntu/correlations/continuous/chicago_taxi_combined/queries_3_w100_uniform.dat
found flag visitor = index
found flag indexer-spec = /home/ubuntu/correlations/continuous/chicago_taxi_combined/index_octree.build
found flag save = results/just_a_test.dat
Dimension is 9
Loaded 1000 queries
Loaded dataset and workload
Sorting data...
Data was modified
Time to sort and finalize data: 162.431s
Not using datacubes
Compression time: 17.3656s
Leaf nodes: 285759, inner nodes: 9218, max page size: 17250
Indexer sizei (B): 51916024
Index creation time: 181.062s
Starting queries...
Scan time (us): 11.97
True: 2, scanned range = 2042, scanned list = 0
Query time (ms): 0.0236
Scan time (us): 1352.21
True: 13559, scanned range = 285011, scanned list = 0
Query time (ms): 1.50236
Scan time (us): 84.931
True: 46, scanned range = 10058, scanned list = 0
Query time (ms): 0.102792
Scan time (us): 1262.18
True: 18497, scanned range = 278078, scanned list = 0
Query time (ms): 1.37267
Scan time (us): 11.15
True: 134, scanned range = 2042, scanned list = 0
Query time (ms): 0.018571
Scan time (us): 271031
True: 18067178, scanned range = 27814715, scanned list = 0
Query time (ms): 274.965
Scan time (us): 58.34
True: 99, scanned range = 13371, scanned list = 0
Query time (ms): 0.102931
Scan time (us): 8.66
True: 4, scanned range = 2042, scanned list = 0
Query time (ms): 0.015711
Scan time (us): 8.93
True: 14, scanned range = 2042, scanned list = 0
Query time (ms): 0.01511
Scan time (us): 264.843
True: 501, scanned range = 63008, scanned list = 0
Query time (ms): 0.314245
Scan time (us): 41.841
True: 38, scanned range = 10058, scanned list = 0
Query time (ms): 0.057281
Scan time (us): 671.33
True: 8025, scanned range = 153103, scanned list = 0
Query time (ms): 0.750201
Scan time (us): 8.411
True: 1, scanned range = 2042, scanned list = 0
Query time (ms): 0.015191
Scan time (us): 265.534
True: 1043, scanned range = 63008, scanned list = 0
Query time (ms): 0.309184
Scan time (us): 41.32
True: 17, scanned range = 10058, scanned list = 0
Query time (ms): 0.056
Scan time (us): 41.61
True: 29, scanned range = 10058, scanned list = 0
Query time (ms): 0.055601
Scan time (us): 56.981
True: 80, scanned range = 13371, scanned list = 0
Query time (ms): 0.083012
Scan time (us): 10.2
True: 88, scanned range = 2042, scanned list = 0
Query time (ms): 0.01666
Scan time (us): 41.66
True: 33, scanned range = 10058, scanned list = 0
Query time (ms): 0.05536
Scan time (us): 36871
True: 843003, scanned range = 7854542, scanned list = 0
Query time (ms): 38.9036
Scan time (us): 56.431
True: 54, scanned range = 13371, scanned list = 0
Query time (ms): 0.096142
Scan time (us): 8.3
True: 1, scanned range = 2042, scanned list = 0
Query time (ms): 0.01507
Scan time (us): 8.28
True: 1, scanned range = 2042, scanned list = 0
Query time (ms): 0.01418
Scan time (us): 55.39
True: 45, scanned range = 13371, scanned list = 0
Query time (ms): 0.081731
Scan time (us): 56.15
True: 68, scanned range = 13371, scanned list = 0
Query time (ms): 0.082301
Scan time (us): 41.7
True: 60, scanned range = 10058, scanned list = 0
Query time (ms): 0.055891
Scan time (us): 266.674
True: 1043, scanned range = 63008, scanned list = 0
Query time (ms): 0.314995
Scan time (us): 41.251
True: 35, scanned range = 10058, scanned list = 0
Query time (ms): 0.056021
Scan time (us): 41.511
True: 45, scanned range = 10058, scanned list = 0
Query time (ms): 0.055151
Scan time (us): 8.48
True: 3, scanned range = 2042, scanned list = 0
Query time (ms): 0.01458
Scan time (us): 258.124
True: 243, scanned range = 63008, scanned list = 0
Query time (ms): 0.301435
Scan time (us): 41.301
True: 46, scanned range = 10058, scanned list = 0
Query time (ms): 0.055691
Scan time (us): 256.393
True: 224, scanned range = 63008, scanned list = 0
Query time (ms): 0.299383
Scan time (us): 8.921
True: 14, scanned range = 2042, scanned list = 0
Query time (ms): 0.015331
Scan time (us): 41.461
True: 35, scanned range = 10058, scanned list = 0
Query time (ms): 0.056161
Scan time (us): 41.68
True: 53, scanned range = 10058, scanned list = 0
Query time (ms): 0.05552
Scan time (us): 40.74
True: 15, scanned range = 10058, scanned list = 0
Query time (ms): 0.054001
Scan time (us): 8.58
True: 5, scanned range = 2042, scanned list = 0
Query time (ms): 0.01463
Scan time (us): 41.39
True: 48, scanned range = 10058, scanned list = 0
Query time (ms): 0.054641
Scan time (us): 42.251
True: 114, scanned range = 10058, scanned list = 0
Query time (ms): 0.055461
Scan time (us): 10.54
True: 134, scanned range = 2042, scanned list = 0
Query time (ms): 0.01662
Scan time (us): 659.971
True: 5398, scanned range = 153103, scanned list = 0
Query time (ms): 0.737032
Scan time (us): 56.601
True: 56, scanned range = 13371, scanned list = 0
Query time (ms): 0.083291
Scan time (us): 10.92
True: 174, scanned range = 2042, scanned list = 0
Query time (ms): 0.01704
Scan time (us): 8.28
True: 1, scanned range = 2042, scanned list = 0
Query time (ms): 0.01435
Scan time (us): 56.131
True: 85, scanned range = 13371, scanned list = 0
Query time (ms): 0.081771
Scan time (us): 8.59
True: 8, scanned range = 2042, scanned list = 0
Query time (ms): 0.01468
Scan time (us): 268.924
True: 201, scanned range = 63008, scanned list = 0
Query time (ms): 0.312564
Scan time (us): 8.32
True: 1, scanned range = 2042, scanned list = 0
Query time (ms): 0.01492
Scan time (us): 8.23
True: 1, scanned range = 2042, scanned list = 0
Query time (ms): 0.01391
Scan time (us): 42.121
True: 49, scanned range = 10058, scanned list = 0
Query time (ms): 0.055961
Scan time (us): 256.295
True: 345, scanned range = 63008, scanned list = 0
Query time (ms): 0.299885
Scan time (us): 55.631
True: 55, scanned range = 13371, scanned list = 0
Query time (ms): 0.082231
Scan time (us): 8.27
True: 1, scanned range = 2042, scanned list = 0
Query time (ms): 0.01412
Scan time (us): 8.39
True: 2, scanned range = 2042, scanned list = 0
Query time (ms): 0.01394
Scan time (us): 8.65
True: 9, scanned range = 2042, scanned list = 0
Query time (ms): 0.01425
Scan time (us): 56.09
True: 92, scanned range = 13371, scanned list = 0
Query time (ms): 0.081591
Scan time (us): 8.77
True: 10, scanned range = 2042, scanned list = 0
Query time (ms): 0.014691
Scan time (us): 41.23
True: 29, scanned range = 10058, scanned list = 0
Query time (ms): 0.05443
Scan time (us): 8.401
True: 2, scanned range = 2042, scanned list = 0
Query time (ms): 0.014211
Scan time (us): 55.581
True: 64, scanned range = 13371, scanned list = 0
Query time (ms): 0.080961
Scan time (us): 41.101
True: 24, scanned range = 10058, scanned list = 0
Query time (ms): 0.054581
Scan time (us): 41.01
True: 28, scanned range = 10058, scanned list = 0
Query time (ms): 0.054311
Scan time (us): 41.351
True: 48, scanned range = 10058, scanned list = 0
Query time (ms): 0.054591
Scan time (us): 41.261
True: 35, scanned range = 10058, scanned list = 0
Query time (ms): 0.054461
Scan time (us): 8.33
True: 1, scanned range = 2042, scanned list = 0
Query time (ms): 0.01415
Scan time (us): 8.53
True: 5, scanned range = 2042, scanned list = 0
Query time (ms): 0.01408
Scan time (us): 10.11
True: 88, scanned range = 2042, scanned list = 0
Query time (ms): 0.01589
Scan time (us): 41.19
True: 38, scanned range = 10058, scanned list = 0
Query time (ms): 0.054381
Scan time (us): 8.33
True: 2, scanned range = 2042, scanned list = 0
Query time (ms): 0.01408
Scan time (us): 55.36
True: 44, scanned range = 13371, scanned list = 0
Query time (ms): 0.080781
Scan time (us): 8.381
True: 2, scanned range = 2042, scanned list = 0
Query time (ms): 0.014371
Scan time (us): 41.14
True: 20, scanned range = 10058, scanned list = 0
Query time (ms): 0.05415
Scan time (us): 41.19
True: 34, scanned range = 10058, scanned list = 0
Query time (ms): 0.054401
Scan time (us): 8.54
True: 5, scanned range = 2042, scanned list = 0
Query time (ms): 0.01442
Scan time (us): 40.991
True: 32, scanned range = 10058, scanned list = 0
Query time (ms): 0.054051
Scan time (us): 255.233
True: 235, scanned range = 63008, scanned list = 0
Query time (ms): 0.301604
Scan time (us): 41.312
True: 32, scanned range = 10058, scanned list = 0
Query time (ms): 0.055312
Scan time (us): 8.47
True: 4, scanned range = 2042, scanned list = 0
Query time (ms): 0.01434
Scan time (us): 41.061
True: 28, scanned range = 10058, scanned list = 0
Query time (ms): 0.054031
Scan time (us): 41.26
True: 41, scanned range = 10058, scanned list = 0
Query time (ms): 0.0544
Scan time (us): 57.28
True: 169, scanned range = 13371, scanned list = 0
Query time (ms): 0.083361
Scan time (us): 55.421
True: 63, scanned range = 13371, scanned list = 0
Query time (ms): 0.081241
Scan time (us): 8.29
True: 1, scanned range = 2042, scanned list = 0
Query time (ms): 0.01404
Scan time (us): 661.55
True: 8721, scanned range = 153103, scanned list = 0
Query time (ms): 0.730531
Scan time (us): 41.891
True: 40, scanned range = 10058, scanned list = 0
Query time (ms): 0.056561
Scan time (us): 8.31
True: 1, scanned range = 2042, scanned list = 0
Query time (ms): 0.0142
Scan time (us): 315.185
True: 519, scanned range = 63008, scanned list = 0
Query time (ms): 0.359016
Scan time (us): 49.341
True: 26, scanned range = 10058, scanned list = 0
Query time (ms): 0.066241
Scan time (us): 1373.06
True: 9490, scanned range = 264625, scanned list = 0
Query time (ms): 1.50894
Scan time (us): 10.48
True: 12, scanned range = 2042, scanned list = 0
Query time (ms): 0.01807
Scan time (us): 8.51
True: 3, scanned range = 2042, scanned list = 0
Query time (ms): 0.01412
Scan time (us): 41.47
True: 26, scanned range = 10058, scanned list = 0
Query time (ms): 0.054891
Scan time (us): 41.471
True: 29, scanned range = 10058, scanned list = 0
Query time (ms): 0.054891
Scan time (us): 8.48
True: 4, scanned range = 2042, scanned list = 0
Query time (ms): 0.01428
Scan time (us): 258.364
True: 241, scanned range = 63008, scanned list = 0
Query time (ms): 0.301445
Scan time (us): 41.331
True: 27, scanned range = 10058, scanned list = 0
Query time (ms): 0.055301
Scan time (us): 8.39
True: 2, scanned range = 2042, scanned list = 0
Query time (ms): 0.01428
Scan time (us): 41.581
True: 35, scanned range = 10058, scanned list = 0
Query time (ms): 0.055041
Scan time (us): 56.881
True: 69, scanned range = 13371, scanned list = 0
Query time (ms): 0.082611
Scan time (us): 55.761
True: 34, scanned range = 13371, scanned list = 0
Query time (ms): 0.081411
Scan time (us): 41.251
True: 20, scanned range = 10058, scanned list = 0
Query time (ms): 0.054631
Scan time (us): 257.443
True: 241, scanned range = 63008, scanned list = 0
Query time (ms): 0.300135
Scan time (us): 259.444
True: 523, scanned range = 63008, scanned list = 0
Query time (ms): 0.303384
Scan time (us): 41.68
True: 45, scanned range = 10058, scanned list = 0
Query time (ms): 0.055801
Scan time (us): 8.62
True: 5, scanned range = 2042, scanned list = 0
Query time (ms): 0.01439
Scan time (us): 41.6
True: 32, scanned range = 10058, scanned list = 0
Query time (ms): 0.054781
Scan time (us): 632.229
True: 6178, scanned range = 148489, scanned list = 0
Query time (ms): 0.70122
Scan time (us): 41.862
True: 33, scanned range = 10058, scanned list = 0
Query time (ms): 0.056092
Scan time (us): 259.384
True: 420, scanned range = 63008, scanned list = 0
Query time (ms): 0.302814
Scan time (us): 41.481
True: 28, scanned range = 10058, scanned list = 0
Query time (ms): 0.055981
Scan time (us): 42.11
True: 52, scanned range = 10058, scanned list = 0
Query time (ms): 0.05603
Scan time (us): 8.311
True: 1, scanned range = 2042, scanned list = 0
Query time (ms): 0.014181
Scan time (us): 56.142
True: 63, scanned range = 13371, scanned list = 0
Query time (ms): 0.082072
Scan time (us): 55.591
True: 34, scanned range = 13371, scanned list = 0
Query time (ms): 0.081631
Scan time (us): 66.731
True: 121, scanned range = 13371, scanned list = 0
Query time (ms): 0.093601
Scan time (us): 8.36
True: 1, scanned range = 2042, scanned list = 0
Query time (ms): 0.0145
Scan time (us): 8.82
True: 14, scanned range = 2042, scanned list = 0
Query time (ms): 0.01449
Scan time (us): 8.3
True: 1, scanned range = 2042, scanned list = 0
Query time (ms): 0.01449
Scan time (us): 41.59
True: 37, scanned range = 10058, scanned list = 0
Query time (ms): 0.05494
Scan time (us): 8.74
True: 10, scanned range = 2042, scanned list = 0
Query time (ms): 0.014331
Scan time (us): 41.7
True: 53, scanned range = 10058, scanned list = 0
Query time (ms): 0.05479
Scan time (us): 41.79
True: 40, scanned range = 10058, scanned list = 0
Query time (ms): 0.055081
Scan time (us): 8.42
True: 2, scanned range = 2042, scanned list = 0
Query time (ms): 0.01419
Scan time (us): 41.32
True: 28, scanned range = 10058, scanned list = 0
Query time (ms): 0.054392
Scan time (us): 41.681
True: 45, scanned range = 10058, scanned list = 0
Query time (ms): 0.055101
Scan time (us): 8.31
True: 1, scanned range = 2042, scanned list = 0
Query time (ms): 0.01399
Scan time (us): 41.631
True: 45, scanned range = 10058, scanned list = 0
Query time (ms): 0.054791
Scan time (us): 56.511
True: 70, scanned range = 13371, scanned list = 0
Query time (ms): 0.082121
Scan time (us): 41.631
True: 45, scanned range = 10058, scanned list = 0
Query time (ms): 0.055011
Scan time (us): 8.34
True: 1, scanned range = 2042, scanned list = 0
Query time (ms): 0.01415
Scan time (us): 41.341
True: 24, scanned range = 10058, scanned list = 0
Query time (ms): 0.054471
Scan time (us): 8.58
True: 5, scanned range = 2042, scanned list = 0
Query time (ms): 0.01427
Scan time (us): 56.441
True: 80, scanned range = 13371, scanned list = 0
Query time (ms): 0.081881
Scan time (us): 1120.87
True: 9490, scanned range = 264625, scanned list = 0
Query time (ms): 1.22832
Scan time (us): 41.53
True: 33, scanned range = 10058, scanned list = 0
Query time (ms): 0.05627
Scan time (us): 8.331
True: 1, scanned range = 2042, scanned list = 0
Query time (ms): 0.014241
Scan time (us): 8.3
True: 1, scanned range = 2042, scanned list = 0
Query time (ms): 0.01391
Scan time (us): 8.59
True: 8, scanned range = 2042, scanned list = 0
Query time (ms): 0.01417
Scan time (us): 41.301
True: 18, scanned range = 10058, scanned list = 0
Query time (ms): 0.054261
Scan time (us): 56.551
True: 80, scanned range = 13371, scanned list = 0
Query time (ms): 0.082211
Scan time (us): 8.3
True: 1, scanned range = 2042, scanned list = 0
Query time (ms): 0.01419
Scan time (us): 8.27
True: 1, scanned range = 2042, scanned list = 0
Query time (ms): 0.0138
Scan time (us): 56.281
True: 70, scanned range = 13371, scanned list = 0
Query time (ms): 0.081922
Scan time (us): 8.52
True: 3, scanned range = 2042, scanned list = 0
Query time (ms): 0.014291
Scan time (us): 260.263
True: 523, scanned range = 63008, scanned list = 0
Query time (ms): 0.302594
Scan time (us): 8.31
True: 1, scanned range = 2042, scanned list = 0
Query time (ms): 0.01461
Scan time (us): 11.11
True: 173, scanned range = 2042, scanned list = 0
Query time (ms): 0.01684
Scan time (us): 259.364
True: 449, scanned range = 63008, scanned list = 0
Query time (ms): 0.302685
Scan time (us): 10.9
True: 153, scanned range = 2042, scanned list = 0
Query time (ms): 0.01748
Scan time (us): 56.07
True: 45, scanned range = 13371, scanned list = 0
Query time (ms): 0.082381
Scan time (us): 43.371
True: 175, scanned range = 10058, scanned list = 0
Query time (ms): 0.056731
Scan time (us): 41.621
True: 43, scanned range = 10058, scanned list = 0
Query time (ms): 0.054991
Scan time (us): 8.42
True: 2, scanned range = 2042, scanned list = 0
Query time (ms): 0.01432
Scan time (us): 41.791
True: 54, scanned range = 10058, scanned list = 0
Query time (ms): 0.054821
Scan time (us): 655.509
True: 10881, scanned range = 148489, scanned list = 0
Query time (ms): 0.725911
Scan time (us): 41.691
True: 32, scanned range = 10058, scanned list = 0
Query time (ms): 0.056161
Scan time (us): 41.551
True: 36, scanned range = 10058, scanned list = 0
Query time (ms): 0.054891
Scan time (us): 71.411
True: 27, scanned range = 17292, scanned list = 0
Query time (ms): 0.097561
Scan time (us): 1423.89
True: 6678, scanned range = 307795, scanned list = 0
Query time (ms): 1.53749
Scan time (us): 49.471
True: 23, scanned range = 10058, scanned list = 0
Query time (ms): 0.067281
Scan time (us): 311.434
True: 580, scanned range = 63008, scanned list = 0
Query time (ms): 0.362884
Scan time (us): 10.87
True: 9, scanned range = 2042, scanned list = 0
Query time (ms): 0.01839
Scan time (us): 66.942
True: 51, scanned range = 13371, scanned list = 0
Query time (ms): 0.098053
Scan time (us): 48.911
True: 23, scanned range = 10058, scanned list = 0
Query time (ms): 0.065901
Scan time (us): 49.4
True: 25, scanned range = 10058, scanned list = 0
Query time (ms): 0.06519
Scan time (us): 49.21
True: 26, scanned range = 10058, scanned list = 0
Query time (ms): 0.06556
Scan time (us): 10.251
True: 1, scanned range = 2042, scanned list = 0
Query time (ms): 0.017301
Scan time (us): 49.221
True: 28, scanned range = 10058, scanned list = 0
Query time (ms): 0.064791
Scan time (us): 67.001
True: 97, scanned range = 13371, scanned list = 0
Query time (ms): 0.097851
Scan time (us): 49.531
True: 44, scanned range = 10058, scanned list = 0
Query time (ms): 0.065431
Scan time (us): 664.339
True: 8721, scanned range = 153103, scanned list = 0
Query time (ms): 0.742021
Scan time (us): 740.852
True: 4321, scanned range = 175115, scanned list = 0
Query time (ms): 0.812203
Scan time (us): 9.37
True: 36, scanned range = 2042, scanned list = 0
Query time (ms): 0.01567
Scan time (us): 41.461
True: 41, scanned range = 10058, scanned list = 0
Query time (ms): 0.055151
Scan time (us): 51.58
True: 199, scanned range = 12100, scanned list = 0
Query time (ms): 0.06551
Scan time (us): 56.201
True: 105, scanned range = 13371, scanned list = 0
Query time (ms): 0.082331
Scan time (us): 41.37
True: 38, scanned range = 10058, scanned list = 0
Query time (ms): 0.05493
Scan time (us): 41.1
True: 32, scanned range = 10058, scanned list = 0
Query time (ms): 0.054461
Scan time (us): 257.054
True: 352, scanned range = 63008, scanned list = 0
Query time (ms): 0.299805
Scan time (us): 41.371
True: 37, scanned range = 10058, scanned list = 0
Query time (ms): 0.055751
Scan time (us): 51.491
True: 199, scanned range = 12100, scanned list = 0
Query time (ms): 0.065721
Scan time (us): 8.4
True: 2, scanned range = 2042, scanned list = 0
Query time (ms): 0.01443
Scan time (us): 41.661
True: 40, scanned range = 10058, scanned list = 0
Query time (ms): 0.054701
Scan time (us): 10.24
True: 111, scanned range = 2042, scanned list = 0
Query time (ms): 0.01628
Scan time (us): 8.4
True: 2, scanned range = 2042, scanned list = 0
Query time (ms): 0.0145
Scan time (us): 57.011
True: 99, scanned range = 13371, scanned list = 0
Query time (ms): 0.082262
Scan time (us): 56.711
True: 134, scanned range = 13371, scanned list = 0
Query time (ms): 0.082551
Scan time (us): 71.06
True: 36, scanned range = 17292, scanned list = 0
Query time (ms): 0.097112
Scan time (us): 41.16
True: 35, scanned range = 10058, scanned list = 0
Query time (ms): 0.05463
Scan time (us): 8.43
True: 2, scanned range = 2042, scanned list = 0
Query time (ms): 0.0144
Scan time (us): 41.3
True: 47, scanned range = 10058, scanned list = 0
Query time (ms): 0.05443
Scan time (us): 41.421
True: 44, scanned range = 10058, scanned list = 0
Query time (ms): 0.054491
Scan time (us): 41.342
True: 43, scanned range = 10058, scanned list = 0
Query time (ms): 0.054552
Scan time (us): 41.11
True: 36, scanned range = 10058, scanned list = 0
Query time (ms): 0.05447
Scan time (us): 55.49
True: 51, scanned range = 13371, scanned list = 0
Query time (ms): 0.081312
Scan time (us): 255.483
True: 224, scanned range = 63008, scanned list = 0
Query time (ms): 0.298113
Scan time (us): 255.373
True: 201, scanned range = 63008, scanned list = 0
Query time (ms): 0.298415
Scan time (us): 5067.2
True: 200899, scanned range = 1013211, scanned list = 0
Query time (ms): 5.35682
Scan time (us): 67.021
True: 56, scanned range = 13371, scanned list = 0
Query time (ms): 0.110421
Scan time (us): 311.135
True: 668, scanned range = 63008, scanned list = 0
Query time (ms): 0.366636
Scan time (us): 67.741
True: 34, scanned range = 13371, scanned list = 0
Query time (ms): 0.100041
Scan time (us): 49.401
True: 30, scanned range = 10058, scanned list = 0
Query time (ms): 0.066341
Scan time (us): 67.361
True: 72, scanned range = 13371, scanned list = 0
Query time (ms): 0.098051
Scan time (us): 49.39
True: 31, scanned range = 10058, scanned list = 0
Query time (ms): 0.065391
Scan time (us): 68.86
True: 155, scanned range = 13371, scanned list = 0
Query time (ms): 0.099791
Scan time (us): 10.7
True: 10, scanned range = 2042, scanned list = 0
Query time (ms): 0.01783
Scan time (us): 56.471
True: 104, scanned range = 13371, scanned list = 0
Query time (ms): 0.081881
Scan time (us): 41.471
True: 44, scanned range = 10058, scanned list = 0
Query time (ms): 0.055401
Scan time (us): 8.42
True: 2, scanned range = 2042, scanned list = 0
Query time (ms): 0.0144
Scan time (us): 41.371
True: 40, scanned range = 10058, scanned list = 0
Query time (ms): 0.054761
Scan time (us): 8.63
True: 8, scanned range = 2042, scanned list = 0
Query time (ms): 0.01451
Scan time (us): 1305.84
True: 6678, scanned range = 307795, scanned list = 0
Query time (ms): 1.43138
Scan time (us): 8.46
True: 2, scanned range = 2042, scanned list = 0
Query time (ms): 0.0147
Scan time (us): 9.921
True: 73, scanned range = 2042, scanned list = 0
Query time (ms): 0.015561
Scan time (us): 8.45
True: 3, scanned range = 2042, scanned list = 0
Query time (ms): 0.0143
Scan time (us): 8.29
True: 2, scanned range = 2042, scanned list = 0
Query time (ms): 0.01391
Scan time (us): 56.021
True: 72, scanned range = 13371, scanned list = 0
Query time (ms): 0.082011
Scan time (us): 55.901
True: 71, scanned range = 13371, scanned list = 0
Query time (ms): 0.081811
Scan time (us): 56.041
True: 87, scanned range = 13371, scanned list = 0
Query time (ms): 0.082142
Scan time (us): 41.311
True: 36, scanned range = 10058, scanned list = 0
Query time (ms): 0.054781
Scan time (us): 55.401
True: 51, scanned range = 13371, scanned list = 0
Query time (ms): 0.081091
Scan time (us): 41.421
True: 44, scanned range = 10058, scanned list = 0
Query time (ms): 0.055081
Scan time (us): 9.76
True: 73, scanned range = 2042, scanned list = 0
Query time (ms): 0.01565
Scan time (us): 55.191
True: 40, scanned range = 13371, scanned list = 0
Query time (ms): 0.081281
Scan time (us): 41.281
True: 36, scanned range = 10058, scanned list = 0
Query time (ms): 0.054731
Scan time (us): 8.57
True: 5, scanned range = 2042, scanned list = 0
Query time (ms): 0.01439
Scan time (us): 56.951
True: 149, scanned range = 13371, scanned list = 0
Query time (ms): 0.082301
Scan time (us): 271.403
True: 172, scanned range = 66657, scanned list = 0
Query time (ms): 0.316205
Scan time (us): 4578.57
True: 104466, scanned range = 1013211, scanned list = 0
Query time (ms): 4.87827
Scan time (us): 8.33
True: 1, scanned range = 2042, scanned list = 0
Query time (ms): 0.01593
Scan time (us): 1302.58
True: 9490, scanned range = 264625, scanned list = 0
Query time (ms): 1.42542
Scan time (us): 50.941
True: 50, scanned range = 10058, scanned list = 0
Query time (ms): 0.068991
Scan time (us): 309.744
True: 453, scanned range = 63008, scanned list = 0
Query time (ms): 0.361355
Scan time (us): 52.33
True: 192, scanned range = 10058, scanned list = 0
Query time (ms): 0.069
Scan time (us): 9.94
True: 2, scanned range = 2042, scanned list = 0
Query time (ms): 0.017681
Scan time (us): 10.41
True: 2, scanned range = 2042, scanned list = 0
Query time (ms): 0.01719
Scan time (us): 301.614
True: 169, scanned range = 63008, scanned list = 0
Query time (ms): 0.352466
Scan time (us): 56.541
True: 82, scanned range = 13371, scanned list = 0
Query time (ms): 0.082911
Scan time (us): 41.94
True: 50, scanned range = 10058, scanned list = 0
Query time (ms): 0.05556
Scan time (us): 41.69
True: 46, scanned range = 10058, scanned list = 0
Query time (ms): 0.055241
Scan time (us): 8.81
True: 9, scanned range = 2042, scanned list = 0
Query time (ms): 0.01469
Scan time (us): 41.64
True: 48, scanned range = 10058, scanned list = 0
Query time (ms): 0.054881
Scan time (us): 41.751
True: 40, scanned range = 10058, scanned list = 0
Query time (ms): 0.055141
Scan time (us): 257.873
True: 227, scanned range = 63008, scanned list = 0
Query time (ms): 0.300695
Scan time (us): 8.44
True: 2, scanned range = 2042, scanned list = 0
Query time (ms): 0.01487
Scan time (us): 8.29
True: 1, scanned range = 2042, scanned list = 0
Query time (ms): 0.01389
Scan time (us): 41.591
True: 33, scanned range = 10058, scanned list = 0
Query time (ms): 0.054991
Scan time (us): 9.41
True: 45, scanned range = 2042, scanned list = 0
Query time (ms): 0.01537
Scan time (us): 8.84
True: 12, scanned range = 2042, scanned list = 0
Query time (ms): 0.014391
Scan time (us): 43.43
True: 193, scanned range = 10058, scanned list = 0
Query time (ms): 0.05633
Scan time (us): 57.341
True: 146, scanned range = 13371, scanned list = 0
Query time (ms): 0.083332
Scan time (us): 41.67
True: 45, scanned range = 10058, scanned list = 0
Query time (ms): 0.068561
Scan time (us): 41.681
True: 48, scanned range = 10058, scanned list = 0
Query time (ms): 0.055081
Scan time (us): 41.381
True: 32, scanned range = 10058, scanned list = 0
Query time (ms): 0.054781
Scan time (us): 41.531
True: 37, scanned range = 10058, scanned list = 0
Query time (ms): 0.055021
Scan time (us): 71.751
True: 36, scanned range = 17292, scanned list = 0
Query time (ms): 0.097891
Scan time (us): 9.13
True: 28, scanned range = 2042, scanned list = 0
Query time (ms): 0.01512
Scan time (us): 41.261
True: 23, scanned range = 10058, scanned list = 0
Query time (ms): 0.054511
Scan time (us): 41.651
True: 33, scanned range = 10058, scanned list = 0
Query time (ms): 0.055212
Scan time (us): 746.461
True: 4546, scanned range = 175115, scanned list = 0
Query time (ms): 0.816681
Scan time (us): 262.444
True: 844, scanned range = 63008, scanned list = 0
Query time (ms): 0.306425
Scan time (us): 258.734
True: 307, scanned range = 63008, scanned list = 0
Query time (ms): 0.302945
Scan time (us): 1231.55
True: 18497, scanned range = 278078, scanned list = 0
Query time (ms): 1.3399
Scan time (us): 56.611
True: 72, scanned range = 13371, scanned list = 0
Query time (ms): 0.083411
Scan time (us): 41.712
True: 45, scanned range = 10058, scanned list = 0
Query time (ms): 0.056002
Scan time (us): 258.284
True: 420, scanned range = 63008, scanned list = 0
Query time (ms): 0.300894
Scan time (us): 41.65
True: 35, scanned range = 10058, scanned list = 0
Query time (ms): 0.05579
Scan time (us): 41.61
True: 41, scanned range = 10058, scanned list = 0
Query time (ms): 0.055311
Scan time (us): 9.3
True: 39, scanned range = 2042, scanned list = 0
Query time (ms): 0.01516
Scan time (us): 8.36
True: 2, scanned range = 2042, scanned list = 0
Query time (ms): 0.013891
Scan time (us): 8.29
True: 1, scanned range = 2042, scanned list = 0
Query time (ms): 0.0138
Scan time (us): 266.844
True: 227, scanned range = 63008, scanned list = 0
Query time (ms): 0.311164
Scan time (us): 41.681
True: 35, scanned range = 10058, scanned list = 0
Query time (ms): 0.055781
Scan time (us): 8.29
True: 1, scanned range = 2042, scanned list = 0
Query time (ms): 0.01408
Scan time (us): 260.205
True: 501, scanned range = 63008, scanned list = 0
Query time (ms): 0.302675
Scan time (us): 257.334
True: 243, scanned range = 63008, scanned list = 0
Query time (ms): 0.301064
Scan time (us): 8.48
True: 2, scanned range = 2042, scanned list = 0
Query time (ms): 0.01469
Scan time (us): 41.522
True: 32, scanned range = 10058, scanned list = 0
Query time (ms): 0.055002
Scan time (us): 11.46
True: 217, scanned range = 2042, scanned list = 0
Query time (ms): 0.01747
Scan time (us): 41.571
True: 46, scanned range = 10058, scanned list = 0
Query time (ms): 0.055341
Scan time (us): 56.811
True: 105, scanned range = 13371, scanned list = 0
Query time (ms): 0.082571
Scan time (us): 41.65
True: 47, scanned range = 10058, scanned list = 0
Query time (ms): 0.05517
Scan time (us): 8.36
True: 1, scanned range = 2042, scanned list = 0
Query time (ms): 0.01423
Scan time (us): 8.28
True: 1, scanned range = 2042, scanned list = 0
Query time (ms): 0.01377
Scan time (us): 8.79
True: 12, scanned range = 2042, scanned list = 0
Query time (ms): 0.01443
Scan time (us): 8.28
True: 1, scanned range = 2042, scanned list = 0
Query time (ms): 0.01409
Scan time (us): 57.221
True: 132, scanned range = 13371, scanned list = 0
Query time (ms): 0.082822
Scan time (us): 1223.18
True: 13559, scanned range = 285011, scanned list = 0
Query time (ms): 1.33062
Scan time (us): 41.72
True: 51, scanned range = 10058, scanned list = 0
Query time (ms): 0.0561
Scan time (us): 41.581
True: 35, scanned range = 10058, scanned list = 0
Query time (ms): 0.054951
Scan time (us): 42.661
True: 114, scanned range = 10058, scanned list = 0
Query time (ms): 0.055901
Scan time (us): 293.355
True: 224, scanned range = 63008, scanned list = 0
Query time (ms): 0.337305
Scan time (us): 49.711
True: 43, scanned range = 10058, scanned list = 0
Query time (ms): 0.066621
Scan time (us): 1480.16
True: 13559, scanned range = 285011, scanned list = 0
Query time (ms): 1.61114
Scan time (us): 86.151
True: 27, scanned range = 17292, scanned list = 0
Query time (ms): 0.118991
Scan time (us): 8.28
True: 1, scanned range = 2042, scanned list = 0
Query time (ms): 0.01493
Scan time (us): 8.331
True: 2, scanned range = 2042, scanned list = 0
Query time (ms): 0.013921
Scan time (us): 57.171
True: 155, scanned range = 13371, scanned list = 0
Query time (ms): 0.082662
Scan time (us): 41.4
True: 39, scanned range = 10058, scanned list = 0
Query time (ms): 0.05533
Scan time (us): 8.27
True: 1, scanned range = 2042, scanned list = 0
Query time (ms): 0.01415
Scan time (us): 8.27
True: 1, scanned range = 2042, scanned list = 0
Query time (ms): 0.01385
Scan time (us): 255.754
True: 352, scanned range = 63008, scanned list = 0
Query time (ms): 0.298484
Scan time (us): 8.79
True: 10, scanned range = 2042, scanned list = 0
Query time (ms): 0.015441
Scan time (us): 8.99
True: 25, scanned range = 2042, scanned list = 0
Query time (ms): 0.01454
Scan time (us): 41.291
True: 43, scanned range = 10058, scanned list = 0
Query time (ms): 0.054611
Scan time (us): 262.263
True: 855, scanned range = 63008, scanned list = 0
Query time (ms): 0.304854
Scan time (us): 57.121
True: 81, scanned range = 13371, scanned list = 0
Query time (ms): 0.083591
Scan time (us): 56.051
True: 73, scanned range = 13371, scanned list = 0
Query time (ms): 0.082092
Scan time (us): 55.671
True: 55, scanned range = 13371, scanned list = 0
Query time (ms): 0.081261
Scan time (us): 4385.27
True: 29472, scanned range = 1039343, scanned list = 0
Query time (ms): 4.67429
Scan time (us): 43.121
True: 174, scanned range = 10058, scanned list = 0
Query time (ms): 0.061971
Scan time (us): 41.211
True: 24, scanned range = 10058, scanned list = 0
Query time (ms): 0.055021
Scan time (us): 56.7
True: 115, scanned range = 13371, scanned list = 0
Query time (ms): 0.083361
Scan time (us): 41.48
True: 48, scanned range = 10058, scanned list = 0
Query time (ms): 0.055321
Scan time (us): 57
True: 169, scanned range = 13371, scanned list = 0
Query time (ms): 0.082611
Scan time (us): 41.331
True: 48, scanned range = 10058, scanned list = 0
Query time (ms): 0.055041
Scan time (us): 56.901
True: 161, scanned range = 13371, scanned list = 0
Query time (ms): 0.082731
Scan time (us): 41.481
True: 52, scanned range = 10058, scanned list = 0
Query time (ms): 0.055071
Scan time (us): 41.212
True: 33, scanned range = 10058, scanned list = 0
Query time (ms): 0.054712
Scan time (us): 8.28
True: 1, scanned range = 2042, scanned list = 0
Query time (ms): 0.0142
Scan time (us): 41.161
True: 29, scanned range = 10058, scanned list = 0
Query time (ms): 0.054381
Scan time (us): 8.3
True: 1, scanned range = 2042, scanned list = 0
Query time (ms): 0.0142
Scan time (us): 41.001
True: 32, scanned range = 10058, scanned list = 0
Query time (ms): 0.054001
Scan time (us): 41.97
True: 79, scanned range = 10058, scanned list = 0
Query time (ms): 0.05529
Scan time (us): 8.551
True: 5, scanned range = 2042, scanned list = 0
Query time (ms): 0.014481
Scan time (us): 8.49
True: 6, scanned range = 2042, scanned list = 0
Query time (ms): 0.0141
Scan time (us): 272.795
True: 855, scanned range = 63008, scanned list = 0
Query time (ms): 0.324975
Scan time (us): 41.371
True: 38, scanned range = 10058, scanned list = 0
Query time (ms): 0.055941
Scan time (us): 650.049
True: 1215, scanned range = 158816, scanned list = 0
Query time (ms): 0.72636
Scan time (us): 8.46
True: 2, scanned range = 2042, scanned list = 0
Query time (ms): 0.01482
Scan time (us): 8.78
True: 13, scanned range = 2042, scanned list = 0
Query time (ms): 0.01437
Scan time (us): 8.28
True: 1, scanned range = 2042, scanned list = 0
Query time (ms): 0.01374
Scan time (us): 8.68
True: 9, scanned range = 2042, scanned list = 0
Query time (ms): 0.01413
Scan time (us): 42.022
True: 95, scanned range = 10058, scanned list = 0
Query time (ms): 0.055362
Scan time (us): 41.39
True: 43, scanned range = 10058, scanned list = 0
Query time (ms): 0.05463
Scan time (us): 66.411
True: 70, scanned range = 13371, scanned list = 0
Query time (ms): 0.093202
Scan time (us): 46.88
True: 32, scanned range = 10058, scanned list = 0
Query time (ms): 0.0609
Scan time (us): 67.511
True: 52, scanned range = 13371, scanned list = 0
Query time (ms): 0.097581
Scan time (us): 50.111
True: 32, scanned range = 10058, scanned list = 0
Query time (ms): 0.065941
Scan time (us): 50.242
True: 48, scanned range = 10058, scanned list = 0
Query time (ms): 0.066772
Scan time (us): 66.621
True: 54, scanned range = 13371, scanned list = 0
Query time (ms): 0.097431
Scan time (us): 10.33
True: 1, scanned range = 2042, scanned list = 0
Query time (ms): 0.01755
Scan time (us): 10.97
True: 9, scanned range = 2042, scanned list = 0
Query time (ms): 0.01771
Scan time (us): 785.912
True: 4840, scanned range = 153103, scanned list = 0
Query time (ms): 0.868334
Scan time (us): 313.264
True: 509, scanned range = 63008, scanned list = 0
Query time (ms): 0.365404
Scan time (us): 50.321
True: 51, scanned range = 10058, scanned list = 0
Query time (ms): 0.066991
Scan time (us): 2.06561e+06
True: 171646389, scanned range = 179347895, scanned list = 0
Query time (ms): 2090.45
Scan time (us): 9.74
True: 2, scanned range = 2042, scanned list = 0
Query time (ms): 0.04637
Scan time (us): 266.953
True: 547, scanned range = 63008, scanned list = 0
Query time (ms): 0.325836
Scan time (us): 257.554
True: 224, scanned range = 63008, scanned list = 0
Query time (ms): 0.302164
Scan time (us): 57.681
True: 145, scanned range = 13371, scanned list = 0
Query time (ms): 0.085232
Scan time (us): 55.971
True: 58, scanned range = 13371, scanned list = 0
Query time (ms): 0.082741
Scan time (us): 8.68
True: 8, scanned range = 2042, scanned list = 0
Query time (ms): 0.01477
Scan time (us): 8.4
True: 2, scanned range = 2042, scanned list = 0
Query time (ms): 0.01435
Scan time (us): 8.76
True: 9, scanned range = 2042, scanned list = 0
Query time (ms): 0.0145
Scan time (us): 57.55
True: 151, scanned range = 13371, scanned list = 0
Query time (ms): 0.083231
Scan time (us): 57.492
True: 169, scanned range = 13371, scanned list = 0
Query time (ms): 0.083742
Scan time (us): 56.621
True: 91, scanned range = 13371, scanned list = 0
Query time (ms): 0.082821
Scan time (us): 56.801
True: 88, scanned range = 13371, scanned list = 0
Query time (ms): 0.082791
Scan time (us): 56.461
True: 99, scanned range = 13371, scanned list = 0
Query time (ms): 0.082931
Scan time (us): 257.525
True: 224, scanned range = 63008, scanned list = 0
Query time (ms): 0.300745
Scan time (us): 51.991
True: 198, scanned range = 12100, scanned list = 0
Query time (ms): 0.067151
Scan time (us): 41.41
True: 18, scanned range = 10058, scanned list = 0
Query time (ms): 0.05569
Scan time (us): 57.33
True: 85, scanned range = 13371, scanned list = 0
Query time (ms): 0.083192
Scan time (us): 10.82
True: 134, scanned range = 2042, scanned list = 0
Query time (ms): 0.01704
Scan time (us): 275.675
True: 519, scanned range = 63008, scanned list = 0
Query time (ms): 0.320865
Scan time (us): 51.901
True: 198, scanned range = 12100, scanned list = 0
Query time (ms): 0.067501
Scan time (us): 1158.72
True: 8188, scanned range = 264625, scanned list = 0
Query time (ms): 1.28344
Scan time (us): 41.641
True: 30, scanned range = 10058, scanned list = 0
Query time (ms): 0.057212
Scan time (us): 693.2
True: 8721, scanned range = 153103, scanned list = 0
Query time (ms): 0.765801
Scan time (us): 11.18
True: 153, scanned range = 2042, scanned list = 0
Query time (ms): 0.01791
Scan time (us): 56.85
True: 125, scanned range = 13371, scanned list = 0
Query time (ms): 0.083401
Scan time (us): 8.35
True: 1, scanned range = 2042, scanned list = 0
Query time (ms): 0.01414
Scan time (us): 56.901
True: 105, scanned range = 13371, scanned list = 0
Query time (ms): 0.082111
Scan time (us): 41.701
True: 40, scanned range = 10058, scanned list = 0
Query time (ms): 0.055381
Scan time (us): 8.421
True: 2, scanned range = 2042, scanned list = 0
Query time (ms): 0.014351
Scan time (us): 41.67
True: 54, scanned range = 10058, scanned list = 0
Query time (ms): 0.05495
Scan time (us): 41.631
True: 47, scanned range = 10058, scanned list = 0
Query time (ms): 0.055321
Scan time (us): 41.531
True: 40, scanned range = 10058, scanned list = 0
Query time (ms): 0.054891
Scan time (us): 41.561
True: 51, scanned range = 10058, scanned list = 0
Query time (ms): 0.054981
Scan time (us): 56.581
True: 73, scanned range = 13371, scanned list = 0
Query time (ms): 0.082651
Scan time (us): 71.481
True: 27, scanned range = 17292, scanned list = 0
Query time (ms): 0.097661
Scan time (us): 41.832
True: 23, scanned range = 10058, scanned list = 0
Query time (ms): 0.072752
Scan time (us): 1563.42
True: 22778, scanned range = 278078, scanned list = 0
Query time (ms): 1.69601
Scan time (us): 49.91
True: 35, scanned range = 10058, scanned list = 0
Query time (ms): 0.06733
Scan time (us): 9.83
True: 1, scanned range = 2042, scanned list = 0
Query time (ms): 0.01711
Scan time (us): 10.27
True: 1, scanned range = 2042, scanned list = 0
Query time (ms): 0.017
Scan time (us): 50.131
True: 40, scanned range = 10058, scanned list = 0
Query time (ms): 0.065981
Scan time (us): 10.51
True: 2, scanned range = 2042, scanned list = 0
Query time (ms): 0.01784
Scan time (us): 8.57
True: 6, scanned range = 2042, scanned list = 0
Query time (ms): 0.01417
Scan time (us): 1220.75
True: 11455, scanned range = 285011, scanned list = 0
Query time (ms): 1.32866
Scan time (us): 8.311
True: 1, scanned range = 2042, scanned list = 0
Query time (ms): 0.014911
Scan time (us): 8.46
True: 3, scanned range = 2042, scanned list = 0
Query time (ms): 0.01414
Scan time (us): 41.441
True: 26, scanned range = 10058, scanned list = 0
Query time (ms): 0.055161
Scan time (us): 41.28
True: 30, scanned range = 10058, scanned list = 0
Query time (ms): 0.05468
Scan time (us): 41.64
True: 33, scanned range = 10058, scanned list = 0
Query time (ms): 0.055041
Scan time (us): 264.833
True: 1043, scanned range = 63008, scanned list = 0
Query time (ms): 0.308125
Scan time (us): 41.891
True: 54, scanned range = 10058, scanned list = 0
Query time (ms): 0.055981
Scan time (us): 43.341
True: 174, scanned range = 10058, scanned list = 0
Query time (ms): 0.056391
Scan time (us): 8.4
True: 2, scanned range = 2042, scanned list = 0
Query time (ms): 0.01457
Scan time (us): 8.5
True: 3, scanned range = 2042, scanned list = 0
Query time (ms): 0.01412
Scan time (us): 8.26
True: 1, scanned range = 2042, scanned list = 0
Query time (ms): 0.01383
Scan time (us): 55.951
True: 52, scanned range = 13371, scanned list = 0
Query time (ms): 0.082072
Scan time (us): 258.123
True: 227, scanned range = 63008, scanned list = 0
Query time (ms): 0.300734
Scan time (us): 261.204
True: 668, scanned range = 63008, scanned list = 0
Query time (ms): 0.304855
Scan time (us): 55.771
True: 52, scanned range = 13371, scanned list = 0
Query time (ms): 0.082641
Scan time (us): 1119.97
True: 8188, scanned range = 264625, scanned list = 0
Query time (ms): 1.238
Scan time (us): 8.9
True: 10, scanned range = 2042, scanned list = 0
Query time (ms): 0.01547
Scan time (us): 8.74
True: 9, scanned range = 2042, scanned list = 0
Query time (ms): 0.014371
Scan time (us): 41.65
True: 37, scanned range = 10058, scanned list = 0
Query time (ms): 0.05515
Scan time (us): 8.341
True: 1, scanned range = 2042, scanned list = 0
Query time (ms): 0.014531
Scan time (us): 8.3
True: 1, scanned range = 2042, scanned list = 0
Query time (ms): 0.01381
Scan time (us): 8.38
True: 2, scanned range = 2042, scanned list = 0
Query time (ms): 0.01386
Scan time (us): 8.54
True: 5, scanned range = 2042, scanned list = 0
Query time (ms): 0.01399
Scan time (us): 71.76
True: 36, scanned range = 17292, scanned list = 0
Query time (ms): 0.098181
Scan time (us): 257.964
True: 243, scanned range = 63008, scanned list = 0
Query time (ms): 0.300944
Scan time (us): 57.5
True: 169, scanned range = 13371, scanned list = 0
Query time (ms): 0.084081
Scan time (us): 8.67
True: 8, scanned range = 2042, scanned list = 0
Query time (ms): 0.01503
Scan time (us): 659.559
True: 5137, scanned range = 153103, scanned list = 0
Query time (ms): 0.72933
Scan time (us): 55.892
True: 54, scanned range = 13371, scanned list = 0
Query time (ms): 0.082852
Scan time (us): 55.94
True: 53, scanned range = 13371, scanned list = 0
Query time (ms): 0.082091
Scan time (us): 57.05
True: 136, scanned range = 13371, scanned list = 0
Query time (ms): 0.083271
Scan time (us): 8.351
True: 1, scanned range = 2042, scanned list = 0
Query time (ms): 0.014441
Scan time (us): 8.36
True: 2, scanned range = 2042, scanned list = 0
Query time (ms): 0.01399
Scan time (us): 9.97
True: 77, scanned range = 2042, scanned list = 0
Query time (ms): 0.01553
Scan time (us): 9.27
True: 36, scanned range = 2042, scanned list = 0
Query time (ms): 0.01517
Scan time (us): 8.28
True: 1, scanned range = 2042, scanned list = 0
Query time (ms): 0.013841
Scan time (us): 618.5
True: 2190, scanned range = 148489, scanned list = 0
Query time (ms): 0.68741
Scan time (us): 41.78
True: 37, scanned range = 10058, scanned list = 0
Query time (ms): 0.056201
Scan time (us): 41.611
True: 41, scanned range = 10058, scanned list = 0
Query time (ms): 0.054951
Scan time (us): 41.731
True: 46, scanned range = 10058, scanned list = 0
Query time (ms): 0.055031
Scan time (us): 41.48
True: 44, scanned range = 10058, scanned list = 0
Query time (ms): 0.05479
Scan time (us): 57.35
True: 159, scanned range = 13371, scanned list = 0
Query time (ms): 0.083021
Scan time (us): 41.39
True: 32, scanned range = 10058, scanned list = 0
Query time (ms): 0.055151
Scan time (us): 8.65
True: 8, scanned range = 2042, scanned list = 0
Query time (ms): 0.01451
Scan time (us): 9.32
True: 36, scanned range = 2042, scanned list = 0
Query time (ms): 0.01608
Scan time (us): 41.561
True: 45, scanned range = 10058, scanned list = 0
Query time (ms): 0.054952
Scan time (us): 631.549
True: 6178, scanned range = 148489, scanned list = 0
Query time (ms): 0.701019
Scan time (us): 256.634
True: 243, scanned range = 63008, scanned list = 0
Query time (ms): 0.308734
Scan time (us): 41.72
True: 39, scanned range = 10058, scanned list = 0
Query time (ms): 0.05632
Scan time (us): 314.724
True: 799, scanned range = 63008, scanned list = 0
Query time (ms): 0.366375
Scan time (us): 9.83
True: 1, scanned range = 2042, scanned list = 0
Query time (ms): 0.01735
Scan time (us): 49.901
True: 35, scanned range = 10058, scanned list = 0
Query time (ms): 0.066672
Scan time (us): 5290.02
True: 104466, scanned range = 1013211, scanned list = 0
Query time (ms): 5.63511
Scan time (us): 8.69
True: 6, scanned range = 2042, scanned list = 0
Query time (ms): 0.01821
Scan time (us): 55.59
True: 40, scanned range = 13371, scanned list = 0
Query time (ms): 0.088531
Scan time (us): 56.01
True: 83, scanned range = 13371, scanned list = 0
Query time (ms): 0.082321
Scan time (us): 56.061
True: 107, scanned range = 13371, scanned list = 0
Query time (ms): 0.082071
Scan time (us): 8.3
True: 1, scanned range = 2042, scanned list = 0
Query time (ms): 0.01421
Scan time (us): 8.37
True: 2, scanned range = 2042, scanned list = 0
Query time (ms): 0.01404
Scan time (us): 8.34
True: 2, scanned range = 2042, scanned list = 0
Query time (ms): 0.01388
Scan time (us): 258.784
True: 536, scanned range = 63008, scanned list = 0
Query time (ms): 0.306225
Scan time (us): 70.271
True: 71, scanned range = 13371, scanned list = 0
Query time (ms): 0.098352
Scan time (us): 660.89
True: 6282, scanned range = 153103, scanned list = 0
Query time (ms): 0.737761
Scan time (us): 8.45
True: 2, scanned range = 2042, scanned list = 0
Query time (ms): 0.01505
Scan time (us): 56.26
True: 99, scanned range = 13371, scanned list = 0
Query time (ms): 0.081981
Scan time (us): 8.281
True: 1, scanned range = 2042, scanned list = 0
Query time (ms): 0.014171
Scan time (us): 259.283
True: 799, scanned range = 63008, scanned list = 0
Query time (ms): 0.301873
Scan time (us): 55.371
True: 45, scanned range = 13371, scanned list = 0
Query time (ms): 0.082021
Scan time (us): 55.621
True: 63, scanned range = 13371, scanned list = 0
Query time (ms): 0.081261
Scan time (us): 260.964
True: 855, scanned range = 63008, scanned list = 0
Query time (ms): 0.303684
Scan time (us): 41.251
True: 34, scanned range = 10058, scanned list = 0
Query time (ms): 0.056031
Scan time (us): 658.07
True: 6492, scanned range = 153103, scanned list = 0
Query time (ms): 0.726551
Scan time (us): 41.77
True: 49, scanned range = 10058, scanned list = 0
Query time (ms): 0.05631
Scan time (us): 8.491
True: 4, scanned range = 2042, scanned list = 0
Query time (ms): 0.014331
Scan time (us): 41.08
True: 25, scanned range = 10058, scanned list = 0
Query time (ms): 0.05414
Scan time (us): 8.291
True: 1, scanned range = 2042, scanned list = 0
Query time (ms): 0.014231
Scan time (us): 41.29
True: 37, scanned range = 10058, scanned list = 0
Query time (ms): 0.05449
Scan time (us): 56.05
True: 99, scanned range = 13371, scanned list = 0
Query time (ms): 0.082032
Scan time (us): 55.49
True: 45, scanned range = 13371, scanned list = 0
Query time (ms): 0.081001
Scan time (us): 41.38
True: 44, scanned range = 10058, scanned list = 0
Query time (ms): 0.05488
Scan time (us): 2.07992e+06
True: 171646389, scanned range = 179347895, scanned list = 0
Query time (ms): 2107.36
Scan time (us): 291.745
True: 283, scanned range = 63008, scanned list = 0
Query time (ms): 0.382066
Scan time (us): 50.22
True: 35, scanned range = 10058, scanned list = 0
Query time (ms): 0.068681
Scan time (us): 10.601
True: 3, scanned range = 2042, scanned list = 0
Query time (ms): 0.018391
Scan time (us): 49.95
True: 53, scanned range = 10058, scanned list = 0
Query time (ms): 0.06621
Scan time (us): 805.171
True: 1629, scanned range = 158816, scanned list = 0
Query time (ms): 0.903064
Scan time (us): 49.881
True: 54, scanned range = 10058, scanned list = 0
Query time (ms): 0.067631
Scan time (us): 9.79
True: 1, scanned range = 2042, scanned list = 0
Query time (ms): 0.01721
Scan time (us): 211585
True: 14236201, scanned range = 27548021, scanned list = 0
Query time (ms): 215.934
Scan time (us): 59.931
True: 40, scanned range = 13371, scanned list = 0
Query time (ms): 0.128322
Scan time (us): 50.801
True: 53, scanned range = 10058, scanned list = 0
Query time (ms): 0.068271
Scan time (us): 68.781
True: 80, scanned range = 13371, scanned list = 0
Query time (ms): 0.101071
Scan time (us): 49.88
True: 32, scanned range = 10058, scanned list = 0
Query time (ms): 0.066212
Scan time (us): 11.19
True: 20, scanned range = 2042, scanned list = 0
Query time (ms): 0.018451
Scan time (us): 11.02
True: 12, scanned range = 2042, scanned list = 0
Query time (ms): 0.01802
Scan time (us): 50.261
True: 58, scanned range = 10058, scanned list = 0
Query time (ms): 0.065951
Scan time (us): 49.641
True: 24, scanned range = 10058, scanned list = 0
Query time (ms): 0.065931
Scan time (us): 68.631
True: 153, scanned range = 13371, scanned list = 0
Query time (ms): 0.099861
Scan time (us): 67.101
True: 56, scanned range = 13371, scanned list = 0
Query time (ms): 0.098491
Scan time (us): 10.35
True: 1, scanned range = 2042, scanned list = 0
Query time (ms): 0.01773
Scan time (us): 50.091
True: 49, scanned range = 10058, scanned list = 0
Query time (ms): 0.065911
Scan time (us): 50.19
True: 54, scanned range = 10058, scanned list = 0
Query time (ms): 0.067091
Scan time (us): 50.19
True: 48, scanned range = 10058, scanned list = 0
Query time (ms): 0.091352
Scan time (us): 9.8
True: 1, scanned range = 2042, scanned list = 0
Query time (ms): 0.01777
Scan time (us): 68.111
True: 71, scanned range = 13371, scanned list = 0
Query time (ms): 0.098951
Scan time (us): 9.91
True: 2, scanned range = 2042, scanned list = 0
Query time (ms): 0.01734
Scan time (us): 9.75
True: 1, scanned range = 2042, scanned list = 0
Query time (ms): 0.016451
Scan time (us): 312.725
True: 453, scanned range = 63008, scanned list = 0
Query time (ms): 0.370305
Scan time (us): 49.91
True: 37, scanned range = 10058, scanned list = 0
Query time (ms): 0.066581
Scan time (us): 308.295
True: 201, scanned range = 63008, scanned list = 0
Query time (ms): 0.359966
Scan time (us): 61.191
True: 58, scanned range = 13371, scanned list = 0
Query time (ms): 0.093501
Scan time (us): 41.261
True: 28, scanned range = 10058, scanned list = 0
Query time (ms): 0.055101
Scan time (us): 56.441
True: 73, scanned range = 13371, scanned list = 0
Query time (ms): 0.082461
Scan time (us): 8.91
True: 12, scanned range = 2042, scanned list = 0
Query time (ms): 0.01474
Scan time (us): 56.211
True: 69, scanned range = 13371, scanned list = 0
Query time (ms): 0.081152
Scan time (us): 41.47
True: 43, scanned range = 10058, scanned list = 0
Query time (ms): 0.054691
Scan time (us): 55.791
True: 54, scanned range = 13371, scanned list = 0
Query time (ms): 0.081391
Scan time (us): 43.531
True: 193, scanned range = 10058, scanned list = 0
Query time (ms): 0.056981
Scan time (us): 41.601
True: 28, scanned range = 10058, scanned list = 0
Query time (ms): 0.055221
Scan time (us): 4613.16
True: 104466, scanned range = 1013211, scanned list = 0
Query time (ms): 4.9121
Scan time (us): 671.441
True: 8721, scanned range = 153103, scanned list = 0
Query time (ms): 0.755892
Scan time (us): 41.961
True: 48, scanned range = 10058, scanned list = 0
Query time (ms): 0.056731
Scan time (us): 56.631
True: 81, scanned range = 13371, scanned list = 0
Query time (ms): 0.082771
Scan time (us): 8.94
True: 16, scanned range = 2042, scanned list = 0
Query time (ms): 0.01492
Scan time (us): 261.744
True: 680, scanned range = 63008, scanned list = 0
Query time (ms): 0.304545
Scan time (us): 41.171
True: 14, scanned range = 10058, scanned list = 0
Query time (ms): 0.056161
Scan time (us): 41.3
True: 22, scanned range = 10058, scanned list = 0
Query time (ms): 0.054661
Scan time (us): 9.14
True: 28, scanned range = 2042, scanned list = 0
Query time (ms): 0.01504
Scan time (us): 56.411
True: 174, scanned range = 10058, scanned list = 0
Query time (ms): 0.071161
Scan time (us): 41.22
True: 16, scanned range = 10058, scanned list = 0
Query time (ms): 0.05538
Scan time (us): 41.09
True: 14, scanned range = 10058, scanned list = 0
Query time (ms): 0.05443
Scan time (us): 654.75
True: 1215, scanned range = 158816, scanned list = 0
Query time (ms): 0.725751
Scan time (us): 8.46
True: 1, scanned range = 2042, scanned list = 0
Query time (ms): 0.01471
Scan time (us): 43.56
True: 192, scanned range = 10058, scanned list = 0
Query time (ms): 0.057121
Scan time (us): 8.44
True: 2, scanned range = 2042, scanned list = 0
Query time (ms): 0.01448
Scan time (us): 42.6
True: 96, scanned range = 10058, scanned list = 0
Query time (ms): 0.05583
Scan time (us): 60.08
True: 52, scanned range = 10058, scanned list = 0
Query time (ms): 0.07423
Scan time (us): 44.26
True: 37, scanned range = 10058, scanned list = 0
Query time (ms): 0.05832
Scan time (us): 306.135
True: 243, scanned range = 63008, scanned list = 0
Query time (ms): 0.357576
Scan time (us): 12.5
True: 111, scanned range = 2042, scanned list = 0
Query time (ms): 0.02012
Scan time (us): 67.3
True: 71, scanned range = 13371, scanned list = 0
Query time (ms): 0.098822
Scan time (us): 10.12
True: 7, scanned range = 2042, scanned list = 0
Query time (ms): 0.01722
Scan time (us): 49.451
True: 28, scanned range = 10058, scanned list = 0
Query time (ms): 0.065031
Scan time (us): 49.281
True: 19, scanned range = 10058, scanned list = 0
Query time (ms): 0.064982
Scan time (us): 312.684
True: 855, scanned range = 63008, scanned list = 0
Query time (ms): 0.364094
Scan time (us): 67.952
True: 146, scanned range = 13371, scanned list = 0
Query time (ms): 0.099833
Scan time (us): 51.471
True: 174, scanned range = 10058, scanned list = 0
Query time (ms): 0.067511
Scan time (us): 49.23
True: 26, scanned range = 10058, scanned list = 0
Query time (ms): 0.06498
Scan time (us): 305.595
True: 245, scanned range = 63008, scanned list = 0
Query time (ms): 0.356625
Scan time (us): 10.05
True: 4, scanned range = 2042, scanned list = 0
Query time (ms): 0.0176
Scan time (us): 49.53
True: 43, scanned range = 10058, scanned list = 0
Query time (ms): 0.065761
Scan time (us): 49.351
True: 48, scanned range = 10058, scanned list = 0
Query time (ms): 0.065571
Scan time (us): 68.12
True: 146, scanned range = 13371, scanned list = 0
Query time (ms): 0.098801
Scan time (us): 654.081
True: 6201, scanned range = 153103, scanned list = 0
Query time (ms): 0.731981
Scan time (us): 272.174
True: 855, scanned range = 63008, scanned list = 0
Query time (ms): 0.317764
Scan time (us): 55.391
True: 51, scanned range = 13371, scanned list = 0
Query time (ms): 0.082491
Scan time (us): 41.302
True: 40, scanned range = 10058, scanned list = 0
Query time (ms): 0.054992
Scan time (us): 42.21
True: 95, scanned range = 10058, scanned list = 0
Query time (ms): 0.055631
Scan time (us): 257.293
True: 352, scanned range = 63008, scanned list = 0
Query time (ms): 0.300533
Scan time (us): 51.58
True: 199, scanned range = 12100, scanned list = 0
Query time (ms): 0.066431
Scan time (us): 8.29
True: 1, scanned range = 2042, scanned list = 0
Query time (ms): 0.014351
Scan time (us): 8.41
True: 2, scanned range = 2042, scanned list = 0
Query time (ms): 0.01401
Scan time (us): 41.271
True: 37, scanned range = 10058, scanned list = 0
Query time (ms): 0.054511
Scan time (us): 9.21
True: 39, scanned range = 2042, scanned list = 0
Query time (ms): 0.01504
Scan time (us): 8.45
True: 3, scanned range = 2042, scanned list = 0
Query time (ms): 0.01396
Scan time (us): 8.71
True: 9, scanned range = 2042, scanned list = 0
Query time (ms): 0.01421
Scan time (us): 55.65
True: 58, scanned range = 13371, scanned list = 0
Query time (ms): 0.081191
Scan time (us): 42.271
True: 112, scanned range = 10058, scanned list = 0
Query time (ms): 0.055731
Scan time (us): 55.521
True: 55, scanned range = 13371, scanned list = 0
Query time (ms): 0.081381
Scan time (us): 41.081
True: 20, scanned range = 10058, scanned list = 0
Query time (ms): 0.054571
Scan time (us): 41.621
True: 54, scanned range = 10058, scanned list = 0
Query time (ms): 0.054921
Scan time (us): 40.9
True: 19, scanned range = 10058, scanned list = 0
Query time (ms): 0.05415
Scan time (us): 8.381
True: 2, scanned range = 2042, scanned list = 0
Query time (ms): 0.014141
Scan time (us): 41.45
True: 60, scanned range = 10058, scanned list = 0
Query time (ms): 0.054561
Scan time (us): 41.001
True: 32, scanned range = 10058, scanned list = 0
Query time (ms): 0.054371
Scan time (us): 8.3
True: 1, scanned range = 2042, scanned list = 0
Query time (ms): 0.01417
Scan time (us): 10.94
True: 174, scanned range = 2042, scanned list = 0
Query time (ms): 0.01664
Scan time (us): 41.19
True: 41, scanned range = 10058, scanned list = 0
Query time (ms): 0.05514
Scan time (us): 8.25
True: 1, scanned range = 2042, scanned list = 0
Query time (ms): 0.01408
Scan time (us): 41.05
True: 17, scanned range = 10058, scanned list = 0
Query time (ms): 0.05408
Scan time (us): 42.981
True: 192, scanned range = 10058, scanned list = 0
Query time (ms): 0.056241
Scan time (us): 40.871
True: 15, scanned range = 10058, scanned list = 0
Query time (ms): 0.054701
Scan time (us): 1225.66
True: 13559, scanned range = 285011, scanned list = 0
Query time (ms): 1.33857
Scan time (us): 43.091
True: 175, scanned range = 10058, scanned list = 0
Query time (ms): 0.057531
Scan time (us): 55.801
True: 71, scanned range = 13371, scanned list = 0
Query time (ms): 0.082091
Scan time (us): 56.571
True: 153, scanned range = 13371, scanned list = 0
Query time (ms): 0.082021
Scan time (us): 41.001
True: 20, scanned range = 10058, scanned list = 0
Query time (ms): 0.055101
Scan time (us): 41.3
True: 33, scanned range = 10058, scanned list = 0
Query time (ms): 0.05453
Scan time (us): 41.371
True: 48, scanned range = 10058, scanned list = 0
Query time (ms): 0.054542
Scan time (us): 41.201
True: 39, scanned range = 10058, scanned list = 0
Query time (ms): 0.054581
Scan time (us): 9.24
True: 39, scanned range = 2042, scanned list = 0
Query time (ms): 0.01497
Scan time (us): 8.42
True: 3, scanned range = 2042, scanned list = 0
Query time (ms): 0.01403
Scan time (us): 205235
True: 14236201, scanned range = 27548021, scanned list = 0
Query time (ms): 209.108
Scan time (us): 4882.08
True: 40721, scanned range = 1039343, scanned list = 0
Query time (ms): 5.21507
Scan time (us): 8.69
True: 2, scanned range = 2042, scanned list = 0
Query time (ms): 0.01757
Scan time (us): 41.931
True: 41, scanned range = 10058, scanned list = 0
Query time (ms): 0.060121
Scan time (us): 11.43
True: 201, scanned range = 2042, scanned list = 0
Query time (ms): 0.01775
Scan time (us): 57.591
True: 145, scanned range = 13371, scanned list = 0
Query time (ms): 0.086252
Scan time (us): 8.33
True: 1, scanned range = 2042, scanned list = 0
Query time (ms): 0.01461
Scan time (us): 56.061
True: 56, scanned range = 13371, scanned list = 0
Query time (ms): 0.081891
Scan time (us): 42.001
True: 58, scanned range = 10058, scanned list = 0
Query time (ms): 0.055871
Scan time (us): 56.891
True: 125, scanned range = 13371, scanned list = 0
Query time (ms): 0.083251
Scan time (us): 41.68
True: 38, scanned range = 10058, scanned list = 0
Query time (ms): 0.05544
Scan time (us): 8.93
True: 14, scanned range = 2042, scanned list = 0
Query time (ms): 0.014961
Scan time (us): 8.58
True: 6, scanned range = 2042, scanned list = 0
Query time (ms): 0.01428
Scan time (us): 5506.47
True: 432059, scanned range = 994219, scanned list = 0
Query time (ms): 5.8168
Scan time (us): 8.79
True: 8, scanned range = 2042, scanned list = 0
Query time (ms): 0.01721
Scan time (us): 8.82
True: 14, scanned range = 2042, scanned list = 0
Query time (ms): 0.01446
Scan time (us): 41.45
True: 28, scanned range = 10058, scanned list = 0
Query time (ms): 0.05909
Scan time (us): 803.763
True: 6178, scanned range = 148489, scanned list = 0
Query time (ms): 0.890054
Scan time (us): 89.371
True: 69, scanned range = 13371, scanned list = 0
Query time (ms): 0.124181
Scan time (us): 50.23
True: 54, scanned range = 10058, scanned list = 0
Query time (ms): 0.067031
Scan time (us): 261.074
True: 241, scanned range = 63008, scanned list = 0
Query time (ms): 0.313675
Scan time (us): 41.971
True: 39, scanned range = 10058, scanned list = 0
Query time (ms): 0.056351
Scan time (us): 41.351
True: 24, scanned range = 10058, scanned list = 0
Query time (ms): 0.055131
Scan time (us): 40.93
True: 14, scanned range = 10058, scanned list = 0
Query time (ms): 0.054401
Scan time (us): 10.39
True: 112, scanned range = 2042, scanned list = 0
Query time (ms): 0.01635
Scan time (us): 627.96
True: 5815, scanned range = 148489, scanned list = 0
Query time (ms): 0.696781
Scan time (us): 41.28
True: 26, scanned range = 10058, scanned list = 0
Query time (ms): 0.0558
Scan time (us): 8.35
True: 1, scanned range = 2042, scanned list = 0
Query time (ms): 0.014311
Scan time (us): 658.729
True: 6492, scanned range = 153103, scanned list = 0
Query time (ms): 0.72747
Scan time (us): 8.39
True: 1, scanned range = 2042, scanned list = 0
Query time (ms): 0.01481
Scan time (us): 8.58
True: 6, scanned range = 2042, scanned list = 0
Query time (ms): 0.0143
Scan time (us): 41.8
True: 45, scanned range = 10058, scanned list = 0
Query time (ms): 0.055341
Scan time (us): 41.692
True: 53, scanned range = 10058, scanned list = 0
Query time (ms): 0.055112
Scan time (us): 8.5
True: 3, scanned range = 2042, scanned list = 0
Query time (ms): 0.01438
Scan time (us): 653.429
True: 5398, scanned range = 153103, scanned list = 0
Query time (ms): 0.72259
Scan time (us): 8.48
True: 2, scanned range = 2042, scanned list = 0
Query time (ms): 0.014641
Scan time (us): 56.471
True: 72, scanned range = 13371, scanned list = 0
Query time (ms): 0.082351
Scan time (us): 41.671
True: 41, scanned range = 10058, scanned list = 0
Query time (ms): 0.055181
Scan time (us): 8.34
True: 1, scanned range = 2042, scanned list = 0
Query time (ms): 0.01402
Scan time (us): 8.83
True: 13, scanned range = 2042, scanned list = 0
Query time (ms): 0.01443
Scan time (us): 8.731
True: 11, scanned range = 2042, scanned list = 0
Query time (ms): 0.014261
Scan time (us): 56.48
True: 69, scanned range = 13371, scanned list = 0
Query time (ms): 0.082071
Scan time (us): 56.85
True: 80, scanned range = 13371, scanned list = 0
Query time (ms): 0.082441
Scan time (us): 57.381
True: 169, scanned range = 13371, scanned list = 0
Query time (ms): 0.083071
Scan time (us): 8.35
True: 1, scanned range = 2042, scanned list = 0
Query time (ms): 0.01483
Scan time (us): 42.671
True: 123, scanned range = 10058, scanned list = 0
Query time (ms): 0.055681
Scan time (us): 55.691
True: 53, scanned range = 13371, scanned list = 0
Query time (ms): 0.081121
Scan time (us): 41.32
True: 28, scanned range = 10058, scanned list = 0
Query time (ms): 0.05488
Scan time (us): 8.422
True: 2, scanned range = 2042, scanned list = 0
Query time (ms): 0.014222
Scan time (us): 41.77
True: 50, scanned range = 10058, scanned list = 0
Query time (ms): 0.05466
Scan time (us): 665.53
True: 1629, scanned range = 158816, scanned list = 0
Query time (ms): 0.737271
Scan time (us): 8.89
True: 9, scanned range = 2042, scanned list = 0
Query time (ms): 0.0153
Scan time (us): 8.3
True: 1, scanned range = 2042, scanned list = 0
Query time (ms): 0.01391
Scan time (us): 4699.21
True: 104466, scanned range = 1013211, scanned list = 0
Query time (ms): 4.99559
Scan time (us): 14.1
True: 187, scanned range = 2042, scanned list = 0
Query time (ms): 0.02375
Scan time (us): 325.335
True: 171, scanned range = 66657, scanned list = 0
Query time (ms): 0.384866
Scan time (us): 49.301
True: 28, scanned range = 10058, scanned list = 0
Query time (ms): 0.066541
Scan time (us): 36444.2
True: 843003, scanned range = 7854542, scanned list = 0
Query time (ms): 38.5962
Scan time (us): 8.92
True: 2, scanned range = 2042, scanned list = 0
Query time (ms): 0.019421
Scan time (us): 72.851
True: 36, scanned range = 17292, scanned list = 0
Query time (ms): 0.106781
Scan time (us): 303.094
True: 245, scanned range = 63008, scanned list = 0
Query time (ms): 0.351506
Scan time (us): 48.901
True: 26, scanned range = 10058, scanned list = 0
Query time (ms): 0.066651
Scan time (us): 775.712
True: 10881, scanned range = 148489, scanned list = 0
Query time (ms): 0.866773
Scan time (us): 9.74
True: 1, scanned range = 2042, scanned list = 0
Query time (ms): 0.01726
Scan time (us): 49.721
True: 43, scanned range = 10058, scanned list = 0
Query time (ms): 0.066561
Scan time (us): 12.83
True: 134, scanned range = 2042, scanned list = 0
Query time (ms): 0.02006
Scan time (us): 9.98
True: 3, scanned range = 2042, scanned list = 0
Query time (ms): 0.01747
Scan time (us): 49.91
True: 39, scanned range = 10058, scanned list = 0
Query time (ms): 0.065481
Scan time (us): 1246.6
True: 9490, scanned range = 264625, scanned list = 0
Query time (ms): 1.37873
Scan time (us): 622.06
True: 2190, scanned range = 148489, scanned list = 0
Query time (ms): 0.693381
Scan time (us): 41.551
True: 50, scanned range = 10058, scanned list = 0
Query time (ms): 0.056561
Scan time (us): 41.39
True: 41, scanned range = 10058, scanned list = 0
Query time (ms): 0.05508
Scan time (us): 55.58
True: 45, scanned range = 13371, scanned list = 0
Query time (ms): 0.082051
Scan time (us): 41.05
True: 17, scanned range = 10058, scanned list = 0
Query time (ms): 0.054621
Scan time (us): 56.241
True: 73, scanned range = 13371, scanned list = 0
Query time (ms): 0.081611
Scan time (us): 41.101
True: 30, scanned range = 10058, scanned list = 0
Query time (ms): 0.054611
Scan time (us): 41.241
True: 39, scanned range = 10058, scanned list = 0
Query time (ms): 0.054981
Scan time (us): 40.78
True: 16, scanned range = 10058, scanned list = 0
Query time (ms): 0.063781
Scan time (us): 40.94
True: 24, scanned range = 10058, scanned list = 0
Query time (ms): 0.05409
Scan time (us): 41.38
True: 60, scanned range = 10058, scanned list = 0
Query time (ms): 0.054391
Scan time (us): 8.54
True: 5, scanned range = 2042, scanned list = 0
Query time (ms): 0.01441
Scan time (us): 8.35
True: 2, scanned range = 2042, scanned list = 0
Query time (ms): 0.013871
Scan time (us): 8.68
True: 10, scanned range = 2042, scanned list = 0
Query time (ms): 0.01424
Scan time (us): 56.081
True: 73, scanned range = 13371, scanned list = 0
Query time (ms): 0.081531
Scan time (us): 8.53
True: 4, scanned range = 2042, scanned list = 0
Query time (ms): 0.0144
Scan time (us): 8.33
True: 2, scanned range = 2042, scanned list = 0
Query time (ms): 0.0138
Scan time (us): 10.67
True: 135, scanned range = 2042, scanned list = 0
Query time (ms): 0.016391
Scan time (us): 41.29
True: 49, scanned range = 10058, scanned list = 0
Query time (ms): 0.055101
Scan time (us): 8.49
True: 3, scanned range = 2042, scanned list = 0
Query time (ms): 0.01424
Scan time (us): 55.511
True: 53, scanned range = 13371, scanned list = 0
Query time (ms): 0.080711
Scan time (us): 56.221
True: 104, scanned range = 13371, scanned list = 0
Query time (ms): 0.081561
Scan time (us): 8.48
True: 4, scanned range = 2042, scanned list = 0
Query time (ms): 0.01423
Scan time (us): 10.2
True: 112, scanned range = 2042, scanned list = 0
Query time (ms): 0.01593
Scan time (us): 41.271
True: 46, scanned range = 10058, scanned list = 0
Query time (ms): 0.054731
Scan time (us): 41.061
True: 32, scanned range = 10058, scanned list = 0
Query time (ms): 0.054371
Scan time (us): 55.301
True: 51, scanned range = 13371, scanned list = 0
Query time (ms): 0.080741
Scan time (us): 262.165
True: 855, scanned range = 63008, scanned list = 0
Query time (ms): 0.304805
Scan time (us): 8.32
True: 1, scanned range = 2042, scanned list = 0
Query time (ms): 0.01448
Scan time (us): 8.56
True: 5, scanned range = 2042, scanned list = 0
Query time (ms): 0.01405
Scan time (us): 10.95
True: 173, scanned range = 2042, scanned list = 0
Query time (ms): 0.01666
Scan time (us): 41.11
True: 29, scanned range = 10058, scanned list = 0
Query time (ms): 0.054961
Scan time (us): 41.271
True: 51, scanned range = 10058, scanned list = 0
Query time (ms): 0.054571
Scan time (us): 55.322
True: 55, scanned range = 13371, scanned list = 0
Query time (ms): 0.080872
Scan time (us): 8.46
True: 4, scanned range = 2042, scanned list = 0
Query time (ms): 0.01405
Scan time (us): 55.371
True: 63, scanned range = 13371, scanned list = 0
Query time (ms): 0.080461
Scan time (us): 8.38
True: 2, scanned range = 2042, scanned list = 0
Query time (ms): 0.01423
Scan time (us): 41.38
True: 43, scanned range = 10058, scanned list = 0
Query time (ms): 0.054541
Scan time (us): 8.48
True: 3, scanned range = 2042, scanned list = 0
Query time (ms): 0.01424
Scan time (us): 55.91
True: 82, scanned range = 13371, scanned list = 0
Query time (ms): 0.081281
Scan time (us): 658.791
True: 7487, scanned range = 153103, scanned list = 0
Query time (ms): 0.726752
Scan time (us): 9.28
True: 39, scanned range = 2042, scanned list = 0
Query time (ms): 0.01541
Scan time (us): 743.17
True: 4546, scanned range = 175115, scanned list = 0
Query time (ms): 0.812681
Scan time (us): 41.51
True: 31, scanned range = 10058, scanned list = 0
Query time (ms): 0.056031
Scan time (us): 42.601
True: 114, scanned range = 10058, scanned list = 0
Query time (ms): 0.055851
Scan time (us): 4723.33
True: 29472, scanned range = 1039343, scanned list = 0
Query time (ms): 5.01296
Scan time (us): 56.981
True: 145, scanned range = 13371, scanned list = 0
Query time (ms): 0.088621
Scan time (us): 261.524
True: 680, scanned range = 63008, scanned list = 0
Query time (ms): 0.306925
Scan time (us): 41.151
True: 26, scanned range = 10058, scanned list = 0
Query time (ms): 0.055301
Scan time (us): 41.32
True: 37, scanned range = 10058, scanned list = 0
Query time (ms): 0.05466
Scan time (us): 8.811
True: 13, scanned range = 2042, scanned list = 0
Query time (ms): 0.022501
Scan time (us): 8.39
True: 2, scanned range = 2042, scanned list = 0
Query time (ms): 0.01403
Scan time (us): 8.42
True: 4, scanned range = 2042, scanned list = 0
Query time (ms): 0.01394
Scan time (us): 41.361
True: 41, scanned range = 10058, scanned list = 0
Query time (ms): 0.054291
Scan time (us): 258.174
True: 530, scanned range = 63008, scanned list = 0
Query time (ms): 0.300995
Scan time (us): 8.31
True: 1, scanned range = 2042, scanned list = 0
Query time (ms): 0.01463
Scan time (us): 41.221
True: 43, scanned range = 10058, scanned list = 0
Query time (ms): 0.054471
Scan time (us): 56.311
True: 111, scanned range = 13371, scanned list = 0
Query time (ms): 0.081941
Scan time (us): 41.162
True: 30, scanned range = 10058, scanned list = 0
Query time (ms): 0.054612
Scan time (us): 8.55
True: 5, scanned range = 2042, scanned list = 0
Query time (ms): 0.01439
Scan time (us): 41.261
True: 41, scanned range = 10058, scanned list = 0
Query time (ms): 0.054251
Scan time (us): 1115.31
True: 8188, scanned range = 264625, scanned list = 0
Query time (ms): 1.22875
Scan time (us): 8.6
True: 5, scanned range = 2042, scanned list = 0
Query time (ms): 0.0147
Scan time (us): 40.77
True: 15, scanned range = 10058, scanned list = 0
Query time (ms): 0.05409
Scan time (us): 668.051
True: 6492, scanned range = 153103, scanned list = 0
Query time (ms): 0.739472
Scan time (us): 8.29
True: 1, scanned range = 2042, scanned list = 0
Query time (ms): 0.01463
Scan time (us): 55.451
True: 51, scanned range = 13371, scanned list = 0
Query time (ms): 0.081181
Scan time (us): 55.991
True: 97, scanned range = 13371, scanned list = 0
Query time (ms): 0.081381
Scan time (us): 8.52
True: 5, scanned range = 2042, scanned list = 0
Query time (ms): 0.01416
Scan time (us): 55.37
True: 56, scanned range = 13371, scanned list = 0
Query time (ms): 0.080431
Scan time (us): 56.021
True: 99, scanned range = 13371, scanned list = 0
Query time (ms): 0.081442
Scan time (us): 41.6
True: 47, scanned range = 10058, scanned list = 0
Query time (ms): 0.055071
Scan time (us): 55.26
True: 42, scanned range = 13371, scanned list = 0
Query time (ms): 0.080491
Scan time (us): 56.48
True: 145, scanned range = 13371, scanned list = 0
Query time (ms): 0.081941
Scan time (us): 8.361
True: 2, scanned range = 2042, scanned list = 0
Query time (ms): 0.014491
Scan time (us): 55.781
True: 71, scanned range = 13371, scanned list = 0
Query time (ms): 0.080871
Scan time (us): 41.27
True: 35, scanned range = 10058, scanned list = 0
Query time (ms): 0.05503
Scan time (us): 41.901
True: 78, scanned range = 10058, scanned list = 0
Query time (ms): 0.055172
Scan time (us): 55.301
True: 51, scanned range = 13371, scanned list = 0
Query time (ms): 0.080691
Scan time (us): 41.121
True: 33, scanned range = 10058, scanned list = 0
Query time (ms): 0.054291
Scan time (us): 8.8
True: 9, scanned range = 2042, scanned list = 0
Query time (ms): 0.01468
Scan time (us): 56.1
True: 83, scanned range = 13371, scanned list = 0
Query time (ms): 0.081371
Scan time (us): 8.52
True: 5, scanned range = 2042, scanned list = 0
Query time (ms): 0.01425
Scan time (us): 41.11
True: 32, scanned range = 10058, scanned list = 0
Query time (ms): 0.05422
Scan time (us): 1290.63
True: 6591, scanned range = 307795, scanned list = 0
Query time (ms): 1.40149
Scan time (us): 661.92
True: 6492, scanned range = 153103, scanned list = 0
Query time (ms): 0.731651
Scan time (us): 9
True: 18, scanned range = 2042, scanned list = 0
Query time (ms): 0.01539
Scan time (us): 8.33
True: 2, scanned range = 2042, scanned list = 0
Query time (ms): 0.01391
Scan time (us): 55.711
True: 56, scanned range = 13371, scanned list = 0
Query time (ms): 0.081561
Scan time (us): 50.961
True: 37, scanned range = 10058, scanned list = 0
Query time (ms): 0.065971
Scan time (us): 56.281
True: 121, scanned range = 13371, scanned list = 0
Query time (ms): 0.082911
Scan time (us): 42.181
True: 122, scanned range = 10058, scanned list = 0
Query time (ms): 0.055611
Scan time (us): 41.18
True: 37, scanned range = 10058, scanned list = 0
Query time (ms): 0.058091
Scan time (us): 261.544
True: 844, scanned range = 63008, scanned list = 0
Query time (ms): 0.304454
Scan time (us): 253.984
True: 224, scanned range = 63008, scanned list = 0
Query time (ms): 0.297004
Scan time (us): 8.701
True: 5, scanned range = 2042, scanned list = 0
Query time (ms): 0.015161
Scan time (us): 267.333
True: 224, scanned range = 63008, scanned list = 0
Query time (ms): 0.310614
Scan time (us): 309.715
True: 580, scanned range = 63008, scanned list = 0
Query time (ms): 0.362045
Scan time (us): 9.87
True: 2, scanned range = 2042, scanned list = 0
Query time (ms): 0.01725
Scan time (us): 49.76
True: 26, scanned range = 10058, scanned list = 0
Query time (ms): 0.06558
Scan time (us): 66.221
True: 54, scanned range = 13371, scanned list = 0
Query time (ms): 0.096692
Scan time (us): 49.702
True: 48, scanned range = 10058, scanned list = 0
Query time (ms): 0.065212
Scan time (us): 66.061
True: 47, scanned range = 13371, scanned list = 0
Query time (ms): 0.096321
Scan time (us): 10.43
True: 8, scanned range = 2042, scanned list = 0
Query time (ms): 0.01804
Scan time (us): 67.81
True: 159, scanned range = 13371, scanned list = 0
Query time (ms): 0.097581
Scan time (us): 10.41
True: 12, scanned range = 2042, scanned list = 0
Query time (ms): 0.018231
Scan time (us): 67.631
True: 64, scanned range = 13371, scanned list = 0
Query time (ms): 0.097351
Scan time (us): 8.55
True: 5, scanned range = 2042, scanned list = 0
Query time (ms): 0.01443
Scan time (us): 8.41
True: 4, scanned range = 2042, scanned list = 0
Query time (ms): 0.01402
Scan time (us): 56.64
True: 151, scanned range = 13371, scanned list = 0
Query time (ms): 0.081782
Scan time (us): 41.381
True: 40, scanned range = 10058, scanned list = 0
Query time (ms): 0.055081
Scan time (us): 8.35
True: 1, scanned range = 2042, scanned list = 0
Query time (ms): 0.014141
Scan time (us): 42.34
True: 112, scanned range = 10058, scanned list = 0
Query time (ms): 0.05543
Scan time (us): 8.47
True: 3, scanned range = 2042, scanned list = 0
Query time (ms): 0.01442
Scan time (us): 56.171
True: 115, scanned range = 13371, scanned list = 0
Query time (ms): 0.081121
Scan time (us): 56.601
True: 136, scanned range = 13371, scanned list = 0
Query time (ms): 0.081971
Scan time (us): 41.03
True: 32, scanned range = 10058, scanned list = 0
Query time (ms): 0.05463
Scan time (us): 9.371
True: 45, scanned range = 2042, scanned list = 0
Query time (ms): 0.015141
Scan time (us): 8.54
True: 6, scanned range = 2042, scanned list = 0
Query time (ms): 0.01414
Scan time (us): 41.271
True: 45, scanned range = 10058, scanned list = 0
Query time (ms): 0.054651
Scan time (us): 8.29
True: 1, scanned range = 2042, scanned list = 0
Query time (ms): 0.01404
Scan time (us): 8.23
True: 1, scanned range = 2042, scanned list = 0
Query time (ms): 0.01363
Scan time (us): 41.011
True: 24, scanned range = 10058, scanned list = 0
Query time (ms): 0.054011
Scan time (us): 41.29
True: 44, scanned range = 10058, scanned list = 0
Query time (ms): 0.054761
Scan time (us): 8.57
True: 5, scanned range = 2042, scanned list = 0
Query time (ms): 0.0145
Scan time (us): 55.791
True: 80, scanned range = 13371, scanned list = 0
Query time (ms): 0.080811
Scan time (us): 8.56
True: 6, scanned range = 2042, scanned list = 0
Query time (ms): 0.01433
Scan time (us): 8.2
True: 1, scanned range = 2042, scanned list = 0
Query time (ms): 0.01381
Scan time (us): 55.82
True: 72, scanned range = 13371, scanned list = 0
Query time (ms): 0.081061
Scan time (us): 41.28
True: 33, scanned range = 10058, scanned list = 0
Query time (ms): 0.054741
Scan time (us): 51.621
True: 199, scanned range = 12100, scanned list = 0
Query time (ms): 0.065591
Scan time (us): 55.252
True: 54, scanned range = 13371, scanned list = 0
Query time (ms): 0.080792
Scan time (us): 56.681
True: 140, scanned range = 13371, scanned list = 0
Query time (ms): 0.081861
Scan time (us): 55.381
True: 56, scanned range = 13371, scanned list = 0
Query time (ms): 0.081231
Scan time (us): 8.31
True: 1, scanned range = 2042, scanned list = 0
Query time (ms): 0.01709
Scan time (us): 8.32
True: 1, scanned range = 2042, scanned list = 0
Query time (ms): 0.01393
Scan time (us): 8.24
True: 1, scanned range = 2042, scanned list = 0
Query time (ms): 0.01372
Scan time (us): 41.111
True: 28, scanned range = 10058, scanned list = 0
Query time (ms): 0.054271
Scan time (us): 8.5
True: 4, scanned range = 2042, scanned list = 0
Query time (ms): 0.01438
Scan time (us): 8.36
True: 3, scanned range = 2042, scanned list = 0
Query time (ms): 0.01385
Scan time (us): 41.691
True: 48, scanned range = 10058, scanned list = 0
Query time (ms): 0.054621
Scan time (us): 55.882
True: 92, scanned range = 13371, scanned list = 0
Query time (ms): 0.081322
Scan time (us): 8.93
True: 18, scanned range = 2042, scanned list = 0
Query time (ms): 0.0148
Scan time (us): 41.251
True: 39, scanned range = 10058, scanned list = 0
Query time (ms): 0.054341
Scan time (us): 657.759
True: 5398, scanned range = 153103, scanned list = 0
Query time (ms): 0.72727
Scan time (us): 9.29
True: 39, scanned range = 2042, scanned list = 0
Query time (ms): 0.01572
Scan time (us): 8.32
True: 2, scanned range = 2042, scanned list = 0
Query time (ms): 0.014041
Scan time (us): 55.501
True: 54, scanned range = 13371, scanned list = 0
Query time (ms): 0.081561
Scan time (us): 55.951
True: 92, scanned range = 13371, scanned list = 0
Query time (ms): 0.081392
Scan time (us): 611.358
True: 2460, scanned range = 148489, scanned list = 0
Query time (ms): 0.68022
Scan time (us): 8.39
True: 1, scanned range = 2042, scanned list = 0
Query time (ms): 0.01454
Scan time (us): 55.211
True: 40, scanned range = 13371, scanned list = 0
Query time (ms): 0.081001
Scan time (us): 41.251
True: 35, scanned range = 10058, scanned list = 0
Query time (ms): 0.054741
Scan time (us): 41.28
True: 41, scanned range = 10058, scanned list = 0
Query time (ms): 0.0545
Scan time (us): 55.91
True: 80, scanned range = 13371, scanned list = 0
Query time (ms): 0.081201
Scan time (us): 41.01
True: 32, scanned range = 10058, scanned list = 0
Query time (ms): 0.054291
Scan time (us): 41.181
True: 30, scanned range = 10058, scanned list = 0
Query time (ms): 0.054581
Scan time (us): 56.101
True: 88, scanned range = 13371, scanned list = 0
Query time (ms): 0.081241
Scan time (us): 56.071
True: 99, scanned range = 13371, scanned list = 0
Query time (ms): 0.081221
Scan time (us): 8.29
True: 1, scanned range = 2042, scanned list = 0
Query time (ms): 0.01397
Scan time (us): 41.031
True: 28, scanned range = 10058, scanned list = 0
Query time (ms): 0.054141
Scan time (us): 42.281
True: 114, scanned range = 10058, scanned list = 0
Query time (ms): 0.055561
Scan time (us): 651.28
True: 5137, scanned range = 153103, scanned list = 0
Query time (ms): 0.719511
Scan time (us): 56.681
True: 110, scanned range = 13371, scanned list = 0
Query time (ms): 0.082871
Scan time (us): 55.441
True: 56, scanned range = 13371, scanned list = 0
Query time (ms): 0.080661
Scan time (us): 256.523
True: 331, scanned range = 63008, scanned list = 0
Query time (ms): 0.298734
Scan time (us): 8.311
True: 1, scanned range = 2042, scanned list = 0
Query time (ms): 0.014531
Scan time (us): 8.5
True: 4, scanned range = 2042, scanned list = 0
Query time (ms): 0.01405
Scan time (us): 41.44
True: 40, scanned range = 10058, scanned list = 0
Query time (ms): 0.054781
Scan time (us): 41.341
True: 46, scanned range = 10058, scanned list = 0
Query time (ms): 0.054591
Scan time (us): 8.48
True: 3, scanned range = 2042, scanned list = 0
Query time (ms): 0.01427
Scan time (us): 55.191
True: 34, scanned range = 13371, scanned list = 0
Query time (ms): 0.080711
Scan time (us): 56.07
True: 91, scanned range = 13371, scanned list = 0
Query time (ms): 0.081361
Scan time (us): 56.65
True: 146, scanned range = 13371, scanned list = 0
Query time (ms): 0.081791
Scan time (us): 8.461
True: 3, scanned range = 2042, scanned list = 0
Query time (ms): 0.014541
Scan time (us): 41.18
True: 28, scanned range = 10058, scanned list = 0
Query time (ms): 0.05422
Scan time (us): 8.501
True: 3, scanned range = 2042, scanned list = 0
Query time (ms): 0.017631
Scan time (us): 51.271
True: 35, scanned range = 10058, scanned list = 0
Query time (ms): 0.066192
Scan time (us): 43.15
True: 193, scanned range = 10058, scanned list = 0
Query time (ms): 0.05681
Scan time (us): 41.331
True: 40, scanned range = 10058, scanned list = 0
Query time (ms): 0.055021
Scan time (us): 8.76
True: 9, scanned range = 2042, scanned list = 0
Query time (ms): 0.01455
Scan time (us): 8.97
True: 24, scanned range = 2042, scanned list = 0
Query time (ms): 0.014551
Scan time (us): 263.084
True: 1043, scanned range = 63008, scanned list = 0
Query time (ms): 0.306104
Scan time (us): 56.271
True: 85, scanned range = 13371, scanned list = 0
Query time (ms): 0.082662
Scan time (us): 42.13
True: 122, scanned range = 10058, scanned list = 0
Query time (ms): 0.05534
Scan time (us): 8.74
True: 10, scanned range = 2042, scanned list = 0
Query time (ms): 0.014571
Scan time (us): 8.71
True: 12, scanned range = 2042, scanned list = 0
Query time (ms): 0.01412
Scan time (us): 8.48
True: 8, scanned range = 2042, scanned list = 0
Query time (ms): 0.01389
Scan time (us): 8.28
True: 1, scanned range = 2042, scanned list = 0
Query time (ms): 0.01368
Scan time (us): 8.46
True: 6, scanned range = 2042, scanned list = 0
Query time (ms): 0.0139
Scan time (us): 41.18
True: 41, scanned range = 10058, scanned list = 0
Query time (ms): 0.054241
Scan time (us): 41.331
True: 39, scanned range = 10058, scanned list = 0
Query time (ms): 0.054831
Scan time (us): 260.195
True: 800, scanned range = 63008, scanned list = 0
Query time (ms): 0.302665
Scan time (us): 258.214
True: 680, scanned range = 63008, scanned list = 0
Query time (ms): 0.301854
Scan time (us): 41.01
True: 29, scanned range = 10058, scanned list = 0
Query time (ms): 0.05512
Scan time (us): 56.83
True: 72, scanned range = 13371, scanned list = 0
Query time (ms): 0.082362
Scan time (us): 56.661
True: 155, scanned range = 13371, scanned list = 0
Query time (ms): 0.082141
Scan time (us): 8.62
True: 6, scanned range = 2042, scanned list = 0
Query time (ms): 0.01472
Scan time (us): 41.531
True: 46, scanned range = 10058, scanned list = 0
Query time (ms): 0.055041
Scan time (us): 56.431
True: 97, scanned range = 13371, scanned list = 0
Query time (ms): 0.082181
Scan time (us): 8.32
True: 1, scanned range = 2042, scanned list = 0
Query time (ms): 0.01427
Scan time (us): 41.021
True: 27, scanned range = 10058, scanned list = 0
Query time (ms): 0.054381
Scan time (us): 56.151
True: 90, scanned range = 13371, scanned list = 0
Query time (ms): 0.081972
Scan time (us): 41.46
True: 43, scanned range = 10058, scanned list = 0
Query time (ms): 0.05511
Scan time (us): 8.39
True: 2, scanned range = 2042, scanned list = 0
Query time (ms): 0.01429
Scan time (us): 611.648
True: 2460, scanned range = 148489, scanned list = 0
Query time (ms): 0.679519
Scan time (us): 55.91
True: 68, scanned range = 13371, scanned list = 0
Query time (ms): 0.082222
Scan time (us): 41.44
True: 48, scanned range = 10058, scanned list = 0
Query time (ms): 0.05497
Scan time (us): 10.01
True: 77, scanned range = 2042, scanned list = 0
Query time (ms): 0.016
Scan time (us): 280.434
True: 215, scanned range = 63008, scanned list = 0
Query time (ms): 0.324525
Scan time (us): 50.091
True: 50, scanned range = 10058, scanned list = 0
Query time (ms): 0.068151
Scan time (us): 66.802
True: 64, scanned range = 13371, scanned list = 0
Query time (ms): 0.098022
Scan time (us): 10.41
True: 2, scanned range = 2042, scanned list = 0
Query time (ms): 0.01744
Scan time (us): 802.361
True: 7487, scanned range = 153103, scanned list = 0
Query time (ms): 0.885342
Scan time (us): 10.19
True: 5, scanned range = 2042, scanned list = 0
Query time (ms): 0.01803
Scan time (us): 9.81
True: 1, scanned range = 2042, scanned list = 0
Query time (ms): 0.01654
Scan time (us): 67.141
True: 53, scanned range = 13371, scanned list = 0
Query time (ms): 0.098472
Scan time (us): 50.23
True: 55, scanned range = 10058, scanned list = 0
Query time (ms): 0.066691
Scan time (us): 308.975
True: 283, scanned range = 63008, scanned list = 0
Query time (ms): 0.364476
Scan time (us): 49.821
True: 39, scanned range = 10058, scanned list = 0
Query time (ms): 0.066231
Scan time (us): 664.809
True: 4840, scanned range = 153103, scanned list = 0
Query time (ms): 0.74657
Scan time (us): 631.06
True: 5815, scanned range = 148489, scanned list = 0
Query time (ms): 0.699641
Scan time (us): 56.44
True: 69, scanned range = 13371, scanned list = 0
Query time (ms): 0.082611
Scan time (us): 8.37
True: 1, scanned range = 2042, scanned list = 0
Query time (ms): 0.01434
Scan time (us): 8.3
True: 1, scanned range = 2042, scanned list = 0
Query time (ms): 0.01388
Scan time (us): 41.511
True: 32, scanned range = 10058, scanned list = 0
Query time (ms): 0.054811
Scan time (us): 41.56
True: 36, scanned range = 10058, scanned list = 0
Query time (ms): 0.0554
Scan time (us): 57.06
True: 134, scanned range = 13371, scanned list = 0
Query time (ms): 0.082512
Scan time (us): 41.55
True: 38, scanned range = 10058, scanned list = 0
Query time (ms): 0.05502
Scan time (us): 660.26
True: 8025, scanned range = 153103, scanned list = 0
Query time (ms): 0.728422
Scan time (us): 1241.91
True: 22778, scanned range = 278078, scanned list = 0
Query time (ms): 1.35016
Scan time (us): 41.251
True: 19, scanned range = 10058, scanned list = 0
Query time (ms): 0.056081
Scan time (us): 8.56
True: 4, scanned range = 2042, scanned list = 0
Query time (ms): 0.01457
Scan time (us): 57.091
True: 91, scanned range = 13371, scanned list = 0
Query time (ms): 0.082611
Scan time (us): 257.985
True: 352, scanned range = 63008, scanned list = 0
Query time (ms): 0.300385
Scan time (us): 43.461
True: 174, scanned range = 10058, scanned list = 0
Query time (ms): 0.057791
Scan time (us): 8.35
True: 1, scanned range = 2042, scanned list = 0
Query time (ms): 0.01443
Scan time (us): 657.859
True: 1215, scanned range = 158816, scanned list = 0
Query time (ms): 0.72731
Scan time (us): 58.691
True: 149, scanned range = 13371, scanned list = 0
Query time (ms): 0.084991
Scan time (us): 42.702
True: 114, scanned range = 10058, scanned list = 0
Query time (ms): 0.056372
Scan time (us): 42.691
True: 114, scanned range = 10058, scanned list = 0
Query time (ms): 0.056051
Scan time (us): 57.271
True: 169, scanned range = 13371, scanned list = 0
Query time (ms): 0.082571
Scan time (us): 41.341
True: 29, scanned range = 10058, scanned list = 0
Query time (ms): 0.055091
Scan time (us): 258.594
True: 169, scanned range = 63008, scanned list = 0
Query time (ms): 0.301234
Scan time (us): 41.82
True: 27, scanned range = 10058, scanned list = 0
Query time (ms): 0.05611
Scan time (us): 56.53
True: 97, scanned range = 13371, scanned list = 0
Query time (ms): 0.082091
Scan time (us): 8.341
True: 1, scanned range = 2042, scanned list = 0
Query time (ms): 0.014011
Scan time (us): 56.481
True: 80, scanned range = 13371, scanned list = 0
Query time (ms): 0.081631
Scan time (us): 10.68
True: 135, scanned range = 2042, scanned list = 0
Query time (ms): 0.01655
Scan time (us): 41.631
True: 37, scanned range = 10058, scanned list = 0
Query time (ms): 0.054731
Scan time (us): 41.53
True: 36, scanned range = 10058, scanned list = 0
Query time (ms): 0.0548
Scan time (us): 41.42
True: 31, scanned range = 10058, scanned list = 0
Query time (ms): 0.054381
Scan time (us): 56.961
True: 145, scanned range = 13371, scanned list = 0
Query time (ms): 0.082522
Scan time (us): 41.521
True: 37, scanned range = 10058, scanned list = 0
Query time (ms): 0.055071
Scan time (us): 56.501
True: 115, scanned range = 13371, scanned list = 0
Query time (ms): 0.081681
Scan time (us): 41.491
True: 33, scanned range = 10058, scanned list = 0
Query time (ms): 0.054951
Scan time (us): 8.82
True: 11, scanned range = 2042, scanned list = 0
Query time (ms): 0.01453
Scan time (us): 8.31
True: 1, scanned range = 2042, scanned list = 0
Query time (ms): 0.01394
Scan time (us): 41.411
True: 27, scanned range = 10058, scanned list = 0
Query time (ms): 0.054311
Scan time (us): 8.5
True: 3, scanned range = 2042, scanned list = 0
Query time (ms): 0.01438
Scan time (us): 41.621
True: 41, scanned range = 10058, scanned list = 0
Query time (ms): 0.054811
Scan time (us): 8.84
True: 13, scanned range = 2042, scanned list = 0
Query time (ms): 0.01463
Scan time (us): 56.021
True: 70, scanned range = 13371, scanned list = 0
Query time (ms): 0.081082
Scan time (us): 8.391
True: 2, scanned range = 2042, scanned list = 0
Query time (ms): 0.014031
Scan time (us): 41.19
True: 26, scanned range = 10058, scanned list = 0
Query time (ms): 0.05407
Scan time (us): 8.38
True: 2, scanned range = 2042, scanned list = 0
Query time (ms): 0.0145
Scan time (us): 8.32
True: 2, scanned range = 2042, scanned list = 0
Query time (ms): 0.01382
Scan time (us): 51.361
True: 37, scanned range = 10058, scanned list = 0
Query time (ms): 0.065871
Scan time (us): 8.47
True: 4, scanned range = 2042, scanned list = 0
Query time (ms): 0.01464
Scan time (us): 41.781
True: 44, scanned range = 10058, scanned list = 0
Query time (ms): 0.054991
Scan time (us): 41.43
True: 32, scanned range = 10058, scanned list = 0
Query time (ms): 0.05478
Scan time (us): 41.49
True: 38, scanned range = 10058, scanned list = 0
Query time (ms): 0.055081
Scan time (us): 41.091
True: 14, scanned range = 10058, scanned list = 0
Query time (ms): 0.054291
Scan time (us): 41.472
True: 43, scanned range = 10058, scanned list = 0
Query time (ms): 0.054542
Scan time (us): 8.86
True: 12, scanned range = 2042, scanned list = 0
Query time (ms): 0.01472
Scan time (us): 57.221
True: 153, scanned range = 13371, scanned list = 0
Query time (ms): 0.082511
Scan time (us): 41.281
True: 24, scanned range = 10058, scanned list = 0
Query time (ms): 0.054841
Scan time (us): 256.933
True: 215, scanned range = 63008, scanned list = 0
Query time (ms): 0.299593
Scan time (us): 10.35
True: 112, scanned range = 2042, scanned list = 0
Query time (ms): 0.01648
Scan time (us): 41.54
True: 30, scanned range = 10058, scanned list = 0
Query time (ms): 0.055191
Scan time (us): 56.881
True: 121, scanned range = 13371, scanned list = 0
Query time (ms): 0.082511
Scan time (us): 43.44
True: 175, scanned range = 10058, scanned list = 0
Query time (ms): 0.05675
Scan time (us): 10.021
True: 88, scanned range = 2042, scanned list = 0
Query time (ms): 0.016191
Scan time (us): 49.53
True: 26, scanned range = 10058, scanned list = 0
Query time (ms): 0.06359
Scan time (us): 49.35
True: 32, scanned range = 10058, scanned list = 0
Query time (ms): 0.063081
Scan time (us): 68.041
True: 127, scanned range = 13371, scanned list = 0
Query time (ms): 0.098782
Scan time (us): 49.17
True: 28, scanned range = 10058, scanned list = 0
Query time (ms): 0.065521
Scan time (us): 50.01
True: 33, scanned range = 10058, scanned list = 0
Query time (ms): 0.06565
Scan time (us): 12.361
True: 88, scanned range = 2042, scanned list = 0
Query time (ms): 0.019331
Scan time (us): 311.584
True: 544, scanned range = 63008, scanned list = 0
Query time (ms): 0.362834
Scan time (us): 50.201
True: 50, scanned range = 10058, scanned list = 0
Query time (ms): 0.066602
Scan time (us): 49.091
True: 31, scanned range = 10058, scanned list = 0
Query time (ms): 0.065251
Scan time (us): 49.751
True: 18, scanned range = 10058, scanned list = 0
Query time (ms): 0.065681
Scan time (us): 9.9
True: 2, scanned range = 2042, scanned list = 0
Query time (ms): 0.01671
Scan time (us): 9.751
True: 1, scanned range = 2042, scanned list = 0
Query time (ms): 0.016441
Scan time (us): 49.81
True: 28, scanned range = 10058, scanned list = 0
Query time (ms): 0.06581
Scan time (us): 8.68
True: 1, scanned range = 2042, scanned list = 0
Query time (ms): 0.01532
Scan time (us): 41.74
True: 33, scanned range = 10058, scanned list = 0
Query time (ms): 0.05482
Scan time (us): 8.49
True: 3, scanned range = 2042, scanned list = 0
Query time (ms): 0.01436
Scan time (us): 8.38
True: 2, scanned range = 2042, scanned list = 0
Query time (ms): 0.01388
Scan time (us): 8.8
True: 14, scanned range = 2042, scanned list = 0
Query time (ms): 0.01431
Scan time (us): 57.861
True: 159, scanned range = 13371, scanned list = 0
Query time (ms): 0.083431
Scan time (us): 41.622
True: 39, scanned range = 10058, scanned list = 0
Query time (ms): 0.055302
Scan time (us): 8.52
True: 3, scanned range = 2042, scanned list = 0
Query time (ms): 0.01431
Scan time (us): 41.641
True: 49, scanned range = 10058, scanned list = 0
Query time (ms): 0.054621
Scan time (us): 8.4
True: 2, scanned range = 2042, scanned list = 0
Query time (ms): 0.01425
Scan time (us): 8.38
True: 2, scanned range = 2042, scanned list = 0
Query time (ms): 0.01391
Scan time (us): 41.58
True: 43, scanned range = 10058, scanned list = 0
Query time (ms): 0.054601
Scan time (us): 8.54
True: 5, scanned range = 2042, scanned list = 0
Query time (ms): 0.01433
Scan time (us): 41.65
True: 54, scanned range = 10058, scanned list = 0
Query time (ms): 0.054581
Scan time (us): 41.461
True: 41, scanned range = 10058, scanned list = 0
Query time (ms): 0.054751
Scan time (us): 1244.22
True: 11455, scanned range = 285011, scanned list = 0
Query time (ms): 1.35228
Scan time (us): 8.9
True: 10, scanned range = 2042, scanned list = 0
Query time (ms): 0.01556
Scan time (us): 41.71
True: 48, scanned range = 10058, scanned list = 0
Query time (ms): 0.055281
Scan time (us): 41.351
True: 28, scanned range = 10058, scanned list = 0
Query time (ms): 0.054541
Scan time (us): 43.611
True: 193, scanned range = 10058, scanned list = 0
Query time (ms): 0.056701
Scan time (us): 41.57
True: 28, scanned range = 10058, scanned list = 0
Query time (ms): 0.0551
Scan time (us): 55.8
True: 45, scanned range = 13371, scanned list = 0
Query time (ms): 0.081831
Scan time (us): 56.972
True: 88, scanned range = 13371, scanned list = 0
Query time (ms): 0.082322
Scan time (us): 41.48
True: 43, scanned range = 10058, scanned list = 0
Query time (ms): 0.05509
Scan time (us): 8.601
True: 5, scanned range = 2042, scanned list = 0
Query time (ms): 0.014581
Scan time (us): 41.56
True: 37, scanned range = 10058, scanned list = 0
Query time (ms): 0.05448
Scan time (us): 56.19
True: 69, scanned range = 13371, scanned list = 0
Query time (ms): 0.081861
Scan time (us): 41.72
True: 50, scanned range = 10058, scanned list = 0
Query time (ms): 0.054851
Scan time (us): 259.714
True: 544, scanned range = 63008, scanned list = 0
Query time (ms): 0.302435
Scan time (us): 4587.09
True: 104466, scanned range = 1013211, scanned list = 0
Query time (ms): 4.86574
Scan time (us): 41.401
True: 16, scanned range = 10058, scanned list = 0
Query time (ms): 0.061741
Scan time (us): 41.261
True: 22, scanned range = 10058, scanned list = 0
Query time (ms): 0.054901
Scan time (us): 52.01
True: 198, scanned range = 12100, scanned list = 0
Query time (ms): 0.06602
Scan time (us): 56.631
True: 80, scanned range = 13371, scanned list = 0
Query time (ms): 0.084211
Scan time (us): 41.65
True: 49, scanned range = 10058, scanned list = 0
Query time (ms): 0.05491
Scan time (us): 55.76
True: 42, scanned range = 13371, scanned list = 0
Query time (ms): 0.081621
Scan time (us): 651.41
True: 5815, scanned range = 148489, scanned list = 0
Query time (ms): 0.728881
Scan time (us): 66.551
True: 47, scanned range = 13371, scanned list = 0
Query time (ms): 0.097271
Scan time (us): 68.951
True: 161, scanned range = 13371, scanned list = 0
Query time (ms): 0.099951
Scan time (us): 10.35
True: 2, scanned range = 2042, scanned list = 0
Query time (ms): 0.017771
Scan time (us): 85.791
True: 27, scanned range = 17292, scanned list = 0
Query time (ms): 0.116582
Scan time (us): 68.03
True: 85, scanned range = 13371, scanned list = 0
Query time (ms): 0.098412
Scan time (us): 66.521
True: 52, scanned range = 13371, scanned list = 0
Query time (ms): 0.097091
Scan time (us): 49.741
True: 38, scanned range = 10058, scanned list = 0
Query time (ms): 0.066411
Scan time (us): 9.83
True: 1, scanned range = 2042, scanned list = 0
Query time (ms): 0.01682
Scan time (us): 50.211
True: 31, scanned range = 10058, scanned list = 0
Query time (ms): 0.066331
Scan time (us): 68.212
True: 136, scanned range = 13371, scanned list = 0
Query time (ms): 0.098982
Scan time (us): 79.861
True: 34, scanned range = 13371, scanned list = 0
Query time (ms): 0.112472
Scan time (us): 63.591
True: 42, scanned range = 13371, scanned list = 0
Query time (ms): 0.094651
Scan time (us): 8.88
True: 10, scanned range = 2042, scanned list = 0
Query time (ms): 0.01484
Scan time (us): 257.854
True: 224, scanned range = 63008, scanned list = 0
Query time (ms): 0.300685
Total points returned by queries: 393318521
Total queries: 1000
Avg range query time (ns): 5.23008e+06
Total points scanned: 491147022 (range), 0 (list)
