found flag name = just_a_test
found flag dataset = /home/ubuntu/correlations/continuous/chicago_taxi_combined/chicago_taxi_sort_octree_0_2_4.bin
found flag workload = /home/ubuntu/correlations/continuous/chicago_taxi_combined/queries_3_w100_uniform.dat
found flag visitor = index
found flag indexer-spec = /home/ubuntu/correlations/continuous/chicago_taxi_combined/index_0_2_4_a1.build
found flag save = results/just_a_test.dat
Dimension is 9
Loaded 1000 queries
Loaded dataset and workload
Setting primary index for CompositeIndex
Building MappedCorrelationIndex
Reading 1369 mapped buckets
mapping
Finished loading mapping-file
Finished loading target-buckets-file
Finished coaslescing map
Building SecondaryBTreeIndex with dim 3 and outlier list of size 11665464
Adding MappedCorrelationIndex to CombinedCorrelationIndex
Adding SecondaryIndex to CombinedCorrelationIndex
Building CombinedCorrelationIndex
Adding correlation index to CompositeIndex
Building MappedCorrelationIndex
Reading 337 mapped buckets
mapping
Finished loading mapping-file
Finished loading target-buckets-file
Finished coaslescing map
Building SecondaryBTreeIndex with dim 5 and outlier list of size 25587003
Adding MappedCorrelationIndex to CombinedCorrelationIndex
Adding SecondaryIndex to CombinedCorrelationIndex
Building CombinedCorrelationIndex
Adding correlation index to CompositeIndex
Building CompositeIndex
Sorting data...
Data was not modified
Initialized Correlation Index with column 3
Initialized Correlation Index with column 5
Time to sort and finalize data: 158.28s
Not using datacubes
Compression time: 17.3227s
Leaf nodes: 95950, inner nodes: 13707, max page size: 17250
Indexer sizei (B): 320061272
Index creation time: 178.65s
Starting queries...
Scan time (us): 1.3
True: 2, scanned range = 0, scanned list = 2
Query time (ms): 0.02296
Scan time (us): 822.052
True: 13559, scanned range = 3679, scanned list = 12783
Query time (ms): 70.2029
Scan time (us): 10.22
True: 46, scanned range = 0, scanned list = 46
Query time (ms): 0.04141
Scan time (us): 897.194
True: 18497, scanned range = 4325, scanned list = 17510
Query time (ms): 54.0905
Scan time (us): 21.88
True: 134, scanned range = 0, scanned list = 134
Query time (ms): 0.064161
Scan time (us): 279659
True: 18067174, scanned range = 28842075, scanned list = 636433
Query time (ms): 691.092
Scan time (us): 13.25
True: 99, scanned range = 19, scanned list = 99
Query time (ms): 0.062431
Scan time (us): 1.05
True: 4, scanned range = 0, scanned list = 4
Query time (ms): 0.00895
Scan time (us): 2.52
True: 14, scanned range = 0, scanned list = 14
Query time (ms): 0.01111
Scan time (us): 46.761
True: 501, scanned range = 61, scanned list = 488
Query time (ms): 0.153842
Scan time (us): 4.68
True: 37, scanned range = 0, scanned list = 37
Query time (ms): 0.02039
Scan time (us): 548.708
True: 8025, scanned range = 173, scanned list = 8031
Query time (ms): 1.7606
Scan time (us): 0.26
True: 1, scanned range = 0, scanned list = 1
Query time (ms): 0.0089
Scan time (us): 127.531
True: 1043, scanned range = 196, scanned list = 1034
Query time (ms): 0.341355
Scan time (us): 4.36
True: 17, scanned range = 0, scanned list = 17
Query time (ms): 0.018771
Scan time (us): 6.07
True: 29, scanned range = 0, scanned list = 29
Query time (ms): 0.01936
Scan time (us): 17.301
True: 80, scanned range = 8, scanned list = 80
Query time (ms): 0.043841
Scan time (us): 15.74
True: 88, scanned range = 0, scanned list = 88
Query time (ms): 0.04377
Scan time (us): 6.021
True: 33, scanned range = 0, scanned list = 33
Query time (ms): 0.018231
Scan time (us): 16670.1
True: 843003, scanned range = 807660, scanned list = 443681
Query time (ms): 65.1527
Scan time (us): 6.9
True: 54, scanned range = 0, scanned list = 55
Query time (ms): 0.04094
Scan time (us): 0.29
True: 1, scanned range = 0, scanned list = 1
Query time (ms): 0.00771
Scan time (us): 0.34
True: 1, scanned range = 0, scanned list = 1
Query time (ms): 0.00547
Scan time (us): 5.83
True: 44, scanned range = 0, scanned list = 45
Query time (ms): 0.02475
Scan time (us): 7.981
True: 65, scanned range = 0, scanned list = 65
Query time (ms): 0.031501
Scan time (us): 7.03
True: 60, scanned range = 0, scanned list = 60
Query time (ms): 0.02767
Scan time (us): 146.292
True: 1043, scanned range = 196, scanned list = 1034
Query time (ms): 8.95954
Scan time (us): 8.01
True: 35, scanned range = 0, scanned list = 35
Query time (ms): 0.027031
Scan time (us): 8.27
True: 45, scanned range = 0, scanned list = 45
Query time (ms): 0.02618
Scan time (us): 1.19
True: 3, scanned range = 0, scanned list = 3
Query time (ms): 0.00791
Scan time (us): 42.161
True: 243, scanned range = 42, scanned list = 241
Query time (ms): 0.105993
Scan time (us): 9.79
True: 46, scanned range = 0, scanned list = 46
Query time (ms): 0.02939
Scan time (us): 32.88
True: 224, scanned range = 118, scanned list = 210
Query time (ms): 0.087171
Scan time (us): 3.211
True: 14, scanned range = 0, scanned list = 14
Query time (ms): 0.012851
Scan time (us): 7.05
True: 35, scanned range = 0, scanned list = 35
Query time (ms): 0.0204
Scan time (us): 8.811
True: 53, scanned range = 0, scanned list = 53
Query time (ms): 0.026821
Scan time (us): 2.98
True: 15, scanned range = 18, scanned list = 15
Query time (ms): 0.01424
Scan time (us): 1.02
True: 5, scanned range = 0, scanned list = 5
Query time (ms): 0.00814
Scan time (us): 6.77
True: 46, scanned range = 0, scanned list = 46
Query time (ms): 0.02319
Scan time (us): 19.45
True: 114, scanned range = 0, scanned list = 114
Query time (ms): 0.050741
Scan time (us): 15.31
True: 134, scanned range = 0, scanned list = 134
Query time (ms): 0.048412
Scan time (us): 421.517
True: 5398, scanned range = 754, scanned list = 5262
Query time (ms): 1.10009
Scan time (us): 10.44
True: 56, scanned range = 0, scanned list = 57
Query time (ms): 0.03162
Scan time (us): 17.73
True: 174, scanned range = 0, scanned list = 174
Query time (ms): 0.054181
Scan time (us): 0.24
True: 1, scanned range = 0, scanned list = 1
Query time (ms): 0.00626
Scan time (us): 15.88
True: 85, scanned range = 0, scanned list = 85
Query time (ms): 0.042571
Scan time (us): 1.52
True: 8, scanned range = 0, scanned list = 8
Query time (ms): 0.00928
Scan time (us): 27.18
True: 201, scanned range = 37, scanned list = 198
Query time (ms): 0.068031
Scan time (us): 0.34
True: 1, scanned range = 0, scanned list = 1
Query time (ms): 0.00539
Scan time (us): 0.37
True: 1, scanned range = 0, scanned list = 1
Query time (ms): 0.00569
Scan time (us): 6.601
True: 49, scanned range = 0, scanned list = 49
Query time (ms): 0.022001
Scan time (us): 43.27
True: 345, scanned range = 90, scanned list = 339
Query time (ms): 0.119122
Scan time (us): 9.061
True: 55, scanned range = 32, scanned list = 55
Query time (ms): 0.029621
Scan time (us): 0.16
True: 1, scanned range = 0, scanned list = 1
Query time (ms): 0.00528
Scan time (us): 0.64
True: 2, scanned range = 0, scanned list = 2
Query time (ms): 0.0066
Scan time (us): 1.88
True: 9, scanned range = 0, scanned list = 9
Query time (ms): 0.00919
Scan time (us): 16.261
True: 92, scanned range = 12, scanned list = 92
Query time (ms): 0.042751
Scan time (us): 1.83
True: 10, scanned range = 0, scanned list = 10
Query time (ms): 0.00897
Scan time (us): 4.43
True: 29, scanned range = 0, scanned list = 29
Query time (ms): 0.01663
Scan time (us): 0.34
True: 2, scanned range = 0, scanned list = 2
Query time (ms): 0.00599
Scan time (us): 8.69
True: 64, scanned range = 15, scanned list = 65
Query time (ms): 0.028581
Scan time (us): 3.21
True: 24, scanned range = 0, scanned list = 24
Query time (ms): 0.01333
Scan time (us): 4
True: 28, scanned range = 0, scanned list = 28
Query time (ms): 0.01537
Scan time (us): 2.67
True: 48, scanned range = 0, scanned list = 48
Query time (ms): 0.01183
Scan time (us): 4.63
True: 35, scanned range = 0, scanned list = 35
Query time (ms): 0.01728
Scan time (us): 0.21
True: 1, scanned range = 0, scanned list = 1
Query time (ms): 0.00604
Scan time (us): 0.86
True: 5, scanned range = 0, scanned list = 5
Query time (ms): 0.0071
Scan time (us): 10.001
True: 88, scanned range = 0, scanned list = 88
Query time (ms): 0.032221
Scan time (us): 4.81
True: 38, scanned range = 0, scanned list = 38
Query time (ms): 0.0182
Scan time (us): 0.52
True: 2, scanned range = 0, scanned list = 2
Query time (ms): 0.0056
Scan time (us): 3.21
True: 44, scanned range = 0, scanned list = 44
Query time (ms): 0.0136
Scan time (us): 0.29
True: 2, scanned range = 0, scanned list = 2
Query time (ms): 0.00592
Scan time (us): 2.82
True: 20, scanned range = 0, scanned list = 20
Query time (ms): 0.011481
Scan time (us): 4.22
True: 34, scanned range = 0, scanned list = 34
Query time (ms): 0.01554
Scan time (us): 0.8
True: 5, scanned range = 0, scanned list = 5
Query time (ms): 0.0078
Scan time (us): 4.08
True: 32, scanned range = 0, scanned list = 32
Query time (ms): 0.01479
Scan time (us): 20.54
True: 235, scanned range = 14, scanned list = 232
Query time (ms): 0.060271
Scan time (us): 1.54
True: 32, scanned range = 0, scanned list = 32
Query time (ms): 0.00949
Scan time (us): 0.8
True: 4, scanned range = 0, scanned list = 4
Query time (ms): 0.006341
Scan time (us): 3.04
True: 28, scanned range = 0, scanned list = 28
Query time (ms): 0.01281
Scan time (us): 5.28
True: 41, scanned range = 0, scanned list = 41
Query time (ms): 0.01801
Scan time (us): 22.87
True: 169, scanned range = 71, scanned list = 168
Query time (ms): 0.061831
Scan time (us): 8.61
True: 63, scanned range = 9, scanned list = 63
Query time (ms): 0.0256
Scan time (us): 0.27
True: 1, scanned range = 0, scanned list = 1
Query time (ms): 0.00538
Scan time (us): 463.517
True: 8721, scanned range = 124, scanned list = 8747
Query time (ms): 1.30994
Scan time (us): 4.611
True: 40, scanned range = 0, scanned list = 40
Query time (ms): 0.018531
Scan time (us): 0.25
True: 1, scanned range = 0, scanned list = 1
Query time (ms): 0.00591
Scan time (us): 61.001
True: 519, scanned range = 0, scanned list = 524
Query time (ms): 0.179252
Scan time (us): 4.87
True: 26, scanned range = 15, scanned list = 26
Query time (ms): 0.01934
Scan time (us): 556.259
True: 9489, scanned range = 2760, scanned list = 8915
Query time (ms): 1.51292
Scan time (us): 2.03
True: 12, scanned range = 0, scanned list = 12
Query time (ms): 0.01177
Scan time (us): 0.52
True: 3, scanned range = 0, scanned list = 3
Query time (ms): 0.00645
Scan time (us): 2.93
True: 26, scanned range = 0, scanned list = 26
Query time (ms): 0.01375
Scan time (us): 2.47
True: 29, scanned range = 0, scanned list = 29
Query time (ms): 0.012881
Scan time (us): 0.64
True: 4, scanned range = 0, scanned list = 4
Query time (ms): 0.00745
Scan time (us): 21.711
True: 241, scanned range = 90, scanned list = 232
Query time (ms): 0.063041
Scan time (us): 3.09
True: 27, scanned range = 0, scanned list = 27
Query time (ms): 0.0132
Scan time (us): 0.38
True: 2, scanned range = 0, scanned list = 2
Query time (ms): 0.00568
Scan time (us): 4.05
True: 35, scanned range = 0, scanned list = 35
Query time (ms): 0.01496
Scan time (us): 11.54
True: 68, scanned range = 17, scanned list = 68
Query time (ms): 0.034591
Scan time (us): 5.99
True: 34, scanned range = 8, scanned list = 34
Query time (ms): 0.0201
Scan time (us): 1.53
True: 20, scanned range = 0, scanned list = 20
Query time (ms): 0.00869
Scan time (us): 9.65
True: 241, scanned range = 90, scanned list = 232
Query time (ms): 0.035611
Scan time (us): 34.08
True: 523, scanned range = 66, scanned list = 517
Query time (ms): 0.101281
Scan time (us): 5.54
True: 45, scanned range = 0, scanned list = 45
Query time (ms): 0.019852
Scan time (us): 0.83
True: 5, scanned range = 0, scanned list = 5
Query time (ms): 0.00659
Scan time (us): 3.47
True: 31, scanned range = 0, scanned list = 31
Query time (ms): 0.01436
Scan time (us): 287.924
True: 6178, scanned range = 296, scanned list = 6179
Query time (ms): 0.901223
Scan time (us): 4.22
True: 33, scanned range = 0, scanned list = 33
Query time (ms): 0.01748
Scan time (us): 41.86
True: 420, scanned range = 61, scanned list = 417
Query time (ms): 0.124061
Scan time (us): 2.33
True: 28, scanned range = 0, scanned list = 28
Query time (ms): 0.01119
Scan time (us): 4.99
True: 52, scanned range = 0, scanned list = 52
Query time (ms): 0.0185
Scan time (us): 0.19
True: 1, scanned range = 0, scanned list = 1
Query time (ms): 0.0059
Scan time (us): 5.35
True: 63, scanned range = 9, scanned list = 63
Query time (ms): 0.020201
Scan time (us): 2.83
True: 34, scanned range = 8, scanned list = 34
Query time (ms): 0.01269
Scan time (us): 17.25
True: 121, scanned range = 21, scanned list = 121
Query time (ms): 0.0483
Scan time (us): 0.27
True: 1, scanned range = 0, scanned list = 1
Query time (ms): 0.005431
Scan time (us): 2.02
True: 14, scanned range = 0, scanned list = 14
Query time (ms): 0.01025
Scan time (us): 0.2
True: 1, scanned range = 0, scanned list = 1
Query time (ms): 0.00539
Scan time (us): 4.11
True: 37, scanned range = 0, scanned list = 37
Query time (ms): 0.01584
Scan time (us): 1.31
True: 10, scanned range = 0, scanned list = 10
Query time (ms): 0.00841
Scan time (us): 5.12
True: 53, scanned range = 0, scanned list = 53
Query time (ms): 0.018831
Scan time (us): 4.18
True: 40, scanned range = 0, scanned list = 40
Query time (ms): 0.0168
Scan time (us): 0.45
True: 2, scanned range = 0, scanned list = 2
Query time (ms): 0.00551
Scan time (us): 1.93
True: 28, scanned range = 0, scanned list = 28
Query time (ms): 0.01038
Scan time (us): 5.371
True: 45, scanned range = 0, scanned list = 45
Query time (ms): 0.018611
Scan time (us): 0.33
True: 1, scanned range = 0, scanned list = 1
Query time (ms): 0.00511
Scan time (us): 3.57
True: 45, scanned range = 0, scanned list = 45
Query time (ms): 0.01452
Scan time (us): 10.1
True: 69, scanned range = 22, scanned list = 69
Query time (ms): 0.03079
Scan time (us): 1.73
True: 45, scanned range = 0, scanned list = 45
Query time (ms): 0.00983
Scan time (us): 0.17
True: 1, scanned range = 0, scanned list = 1
Query time (ms): 0.0049
Scan time (us): 2.36
True: 24, scanned range = 0, scanned list = 24
Query time (ms): 0.0119
Scan time (us): 1.04
True: 5, scanned range = 0, scanned list = 5
Query time (ms): 0.00731
Scan time (us): 12.881
True: 80, scanned range = 8, scanned list = 80
Query time (ms): 0.034921
Scan time (us): 300.325
True: 9489, scanned range = 2760, scanned list = 8915
Query time (ms): 0.797072
Scan time (us): 4.84
True: 33, scanned range = 0, scanned list = 33
Query time (ms): 0.02068
Scan time (us): 0.18
True: 1, scanned range = 0, scanned list = 1
Query time (ms): 0.00555
Scan time (us): 0.24
True: 1, scanned range = 0, scanned list = 1
Query time (ms): 0.00511
Scan time (us): 1.49
True: 8, scanned range = 0, scanned list = 8
Query time (ms): 0.00883
Scan time (us): 1.98
True: 18, scanned range = 0, scanned list = 18
Query time (ms): 0.01115
Scan time (us): 10.66
True: 78, scanned range = 0, scanned list = 78
Query time (ms): 0.03237
Scan time (us): 0.18
True: 1, scanned range = 0, scanned list = 1
Query time (ms): 0.005261
Scan time (us): 0.15
True: 1, scanned range = 0, scanned list = 1
Query time (ms): 0.00474
Scan time (us): 6.23
True: 69, scanned range = 22, scanned list = 69
Query time (ms): 0.01984
Scan time (us): 0.68
True: 3, scanned range = 0, scanned list = 3
Query time (ms): 0.00632
Scan time (us): 30.19
True: 523, scanned range = 66, scanned list = 517
Query time (ms): 0.089391
Scan time (us): 0.23
True: 1, scanned range = 0, scanned list = 1
Query time (ms): 0.00573
Scan time (us): 13.74
True: 173, scanned range = 0, scanned list = 173
Query time (ms): 0.04115
Scan time (us): 25.121
True: 449, scanned range = 59, scanned list = 442
Query time (ms): 0.081792
Scan time (us): 13.98
True: 153, scanned range = 0, scanned list = 153
Query time (ms): 0.047561
Scan time (us): 5.52
True: 45, scanned range = 9, scanned list = 45
Query time (ms): 0.02173
Scan time (us): 13.2
True: 175, scanned range = 0, scanned list = 176
Query time (ms): 0.044501
Scan time (us): 4.66
True: 43, scanned range = 0, scanned list = 43
Query time (ms): 0.0181
Scan time (us): 0.44
True: 2, scanned range = 0, scanned list = 2
Query time (ms): 0.00682
Scan time (us): 4.051
True: 54, scanned range = 0, scanned list = 54
Query time (ms): 0.017261
Scan time (us): 323.766
True: 10881, scanned range = 239, scanned list = 10909
Query time (ms): 1.0239
Scan time (us): 4.02
True: 32, scanned range = 0, scanned list = 32
Query time (ms): 0.01762
Scan time (us): 3.68
True: 36, scanned range = 0, scanned list = 36
Query time (ms): 0.01578
Scan time (us): 3.54
True: 26, scanned range = 15, scanned list = 26
Query time (ms): 0.013931
Scan time (us): 393.666
True: 6678, scanned range = 97, scanned list = 6695
Query time (ms): 1.09794
Scan time (us): 3.32
True: 23, scanned range = 0, scanned list = 23
Query time (ms): 0.01562
Scan time (us): 64.351
True: 580, scanned range = 41, scanned list = 579
Query time (ms): 0.174242
Scan time (us): 1.35
True: 9, scanned range = 0, scanned list = 9
Query time (ms): 0.00879
Scan time (us): 6.71
True: 51, scanned range = 0, scanned list = 51
Query time (ms): 0.021741
Scan time (us): 2.42
True: 23, scanned range = 0, scanned list = 23
Query time (ms): 0.01207
Scan time (us): 3.22
True: 25, scanned range = 0, scanned list = 25
Query time (ms): 0.01403
Scan time (us): 2.46
True: 26, scanned range = 0, scanned list = 26
Query time (ms): 0.01109
Scan time (us): 0.16
True: 1, scanned range = 0, scanned list = 1
Query time (ms): 0.005611
Scan time (us): 2.79
True: 28, scanned range = 0, scanned list = 28
Query time (ms): 0.01232
Scan time (us): 14.48
True: 96, scanned range = 21, scanned list = 96
Query time (ms): 0.0424
Scan time (us): 4.12
True: 44, scanned range = 0, scanned list = 44
Query time (ms): 0.014922
Scan time (us): 343.905
True: 8721, scanned range = 124, scanned list = 8747
Query time (ms): 1.04513
Scan time (us): 223.683
True: 4321, scanned range = 475, scanned list = 4285
Query time (ms): 0.67828
Scan time (us): 4.88
True: 36, scanned range = 0, scanned list = 36
Query time (ms): 0.0192
Scan time (us): 5.22
True: 41, scanned range = 0, scanned list = 41
Query time (ms): 0.01982
Scan time (us): 17.37
True: 199, scanned range = 0, scanned list = 199
Query time (ms): 0.057921
Scan time (us): 14.66
True: 104, scanned range = 0, scanned list = 104
Query time (ms): 0.042581
Scan time (us): 5.66
True: 37, scanned range = 0, scanned list = 37
Query time (ms): 0.01884
Scan time (us): 3.81
True: 32, scanned range = 0, scanned list = 32
Query time (ms): 0.01535
Scan time (us): 37.351
True: 352, scanned range = 38, scanned list = 349
Query time (ms): 0.103251
Scan time (us): 5.2
True: 37, scanned range = 0, scanned list = 37
Query time (ms): 0.01786
Scan time (us): 9.061
True: 199, scanned range = 0, scanned list = 199
Query time (ms): 0.029001
Scan time (us): 0.57
True: 2, scanned range = 0, scanned list = 2
Query time (ms): 0.00655
Scan time (us): 3.76
True: 40, scanned range = 0, scanned list = 40
Query time (ms): 0.01651
Scan time (us): 9.3
True: 111, scanned range = 0, scanned list = 111
Query time (ms): 0.03038
Scan time (us): 0.37
True: 2, scanned range = 0, scanned list = 2
Query time (ms): 0.0058
Scan time (us): 10.41
True: 99, scanned range = 33, scanned list = 98
Query time (ms): 0.02915
Scan time (us): 17.901
True: 133, scanned range = 0, scanned list = 133
Query time (ms): 0.048701
Scan time (us): 4.14
True: 35, scanned range = 0, scanned list = 35
Query time (ms): 0.0144
Scan time (us): 4.261
True: 35, scanned range = 0, scanned list = 35
Query time (ms): 0.016691
Scan time (us): 0.38
True: 2, scanned range = 0, scanned list = 2
Query time (ms): 0.00566
Scan time (us): 6.67
True: 47, scanned range = 0, scanned list = 47
Query time (ms): 0.022061
Scan time (us): 3.33
True: 44, scanned range = 0, scanned list = 44
Query time (ms): 0.01312
Scan time (us): 4.19
True: 43, scanned range = 0, scanned list = 43
Query time (ms): 0.01687
Scan time (us): 3.7
True: 36, scanned range = 0, scanned list = 36
Query time (ms): 0.015021
Scan time (us): 7.95
True: 51, scanned range = 1, scanned list = 51
Query time (ms): 0.02331
Scan time (us): 24.47
True: 224, scanned range = 118, scanned list = 210
Query time (ms): 0.070511
Scan time (us): 16.391
True: 201, scanned range = 37, scanned list = 198
Query time (ms): 0.049061
Scan time (us): 5186.12
True: 200898, scanned range = 219601, scanned list = 105563
Query time (ms): 17.3719
Scan time (us): 11.301
True: 56, scanned range = 0, scanned list = 57
Query time (ms): 0.045241
Scan time (us): 82.672
True: 668, scanned range = 26, scanned list = 668
Query time (ms): 0.234894
Scan time (us): 5.87
True: 34, scanned range = 8, scanned list = 34
Query time (ms): 0.02382
Scan time (us): 5.4
True: 30, scanned range = 0, scanned list = 30
Query time (ms): 0.02107
Scan time (us): 11.79
True: 72, scanned range = 15, scanned list = 73
Query time (ms): 0.037151
Scan time (us): 4.12
True: 31, scanned range = 0, scanned list = 32
Query time (ms): 0.03662
Scan time (us): 22.22
True: 155, scanned range = 0, scanned list = 156
Query time (ms): 0.06476
Scan time (us): 1.5
True: 10, scanned range = 0, scanned list = 10
Query time (ms): 0.011851
Scan time (us): 14.24
True: 103, scanned range = 0, scanned list = 103
Query time (ms): 0.04376
Scan time (us): 5.681
True: 44, scanned range = 0, scanned list = 44
Query time (ms): 0.023401
Scan time (us): 0.28
True: 2, scanned range = 0, scanned list = 2
Query time (ms): 0.0071
Scan time (us): 4.67
True: 40, scanned range = 0, scanned list = 40
Query time (ms): 0.02064
Scan time (us): 0.91
True: 8, scanned range = 0, scanned list = 8
Query time (ms): 0.00903
Scan time (us): 482.867
True: 6678, scanned range = 97, scanned list = 6695
Query time (ms): 1.34715
Scan time (us): 0.71
True: 2, scanned range = 0, scanned list = 2
Query time (ms): 0.00928
Scan time (us): 8.44
True: 73, scanned range = 0, scanned list = 73
Query time (ms): 0.02996
Scan time (us): 0.53
True: 3, scanned range = 0, scanned list = 3
Query time (ms): 0.00691
Scan time (us): 0.32
True: 2, scanned range = 0, scanned list = 2
Query time (ms): 0.00505
Scan time (us): 6.09
True: 72, scanned range = 15, scanned list = 73
Query time (ms): 0.020491
Scan time (us): 10.891
True: 70, scanned range = 0, scanned list = 70
Query time (ms): 0.033841
Scan time (us): 14.14
True: 87, scanned range = 46, scanned list = 87
Query time (ms): 0.041031
Scan time (us): 5.16
True: 36, scanned range = 0, scanned list = 36
Query time (ms): 0.01923
Scan time (us): 4.81
True: 51, scanned range = 1, scanned list = 51
Query time (ms): 0.0164
Scan time (us): 6.53
True: 44, scanned range = 0, scanned list = 44
Query time (ms): 0.02132
Scan time (us): 3.63
True: 73, scanned range = 0, scanned list = 73
Query time (ms): 0.01415
Scan time (us): 6.44
True: 40, scanned range = 0, scanned list = 40
Query time (ms): 0.01966
Scan time (us): 3.9
True: 36, scanned range = 0, scanned list = 36
Query time (ms): 0.016971
Scan time (us): 0.79
True: 5, scanned range = 0, scanned list = 5
Query time (ms): 0.00765
Scan time (us): 20.321
True: 149, scanned range = 0, scanned list = 149
Query time (ms): 0.053321
Scan time (us): 25.11
True: 172, scanned range = 17, scanned list = 171
Query time (ms): 0.068171
Scan time (us): 3273.03
True: 104466, scanned range = 41397, scanned list = 88814
Query time (ms): 10.9159
Scan time (us): 0.29
True: 1, scanned range = 0, scanned list = 1
Query time (ms): 0.01436
Scan time (us): 566.448
True: 9489, scanned range = 2760, scanned list = 8915
Query time (ms): 1.59805
Scan time (us): 7.39
True: 50, scanned range = 0, scanned list = 50
Query time (ms): 0.028801
Scan time (us): 58.351
True: 453, scanned range = 59, scanned list = 447
Query time (ms): 0.157862
Scan time (us): 23.101
True: 192, scanned range = 0, scanned list = 193
Query time (ms): 0.072241
Scan time (us): 0.47
True: 2, scanned range = 0, scanned list = 2
Query time (ms): 0.00719
Scan time (us): 0.79
True: 2, scanned range = 0, scanned list = 2
Query time (ms): 0.00645
Scan time (us): 26.04
True: 169, scanned range = 0, scanned list = 170
Query time (ms): 0.068462
Scan time (us): 13.741
True: 82, scanned range = 8, scanned list = 82
Query time (ms): 0.041651
Scan time (us): 2.84
True: 50, scanned range = 0, scanned list = 50
Query time (ms): 0.01253
Scan time (us): 5.42
True: 46, scanned range = 0, scanned list = 46
Query time (ms): 0.02133
Scan time (us): 1.53
True: 9, scanned range = 0, scanned list = 9
Query time (ms): 0.01005
Scan time (us): 6.67
True: 47, scanned range = 0, scanned list = 47
Query time (ms): 0.02435
Scan time (us): 5.12
True: 40, scanned range = 0, scanned list = 40
Query time (ms): 0.01923
Scan time (us): 29.74
True: 227, scanned range = 25, scanned list = 226
Query time (ms): 0.080981
Scan time (us): 0.31
True: 2, scanned range = 0, scanned list = 2
Query time (ms): 0.00628
Scan time (us): 0.15
True: 1, scanned range = 0, scanned list = 1
Query time (ms): 0.00567
Scan time (us): 4.2
True: 33, scanned range = 0, scanned list = 33
Query time (ms): 0.01668
Scan time (us): 5.74
True: 45, scanned range = 0, scanned list = 45
Query time (ms): 0.02153
Scan time (us): 1.64
True: 12, scanned range = 0, scanned list = 12
Query time (ms): 0.00898
Scan time (us): 9.18
True: 193, scanned range = 0, scanned list = 193
Query time (ms): 0.0325
Scan time (us): 21.472
True: 146, scanned range = 22, scanned list = 146
Query time (ms): 0.059822
Scan time (us): 4.53
True: 45, scanned range = 0, scanned list = 45
Query time (ms): 0.01993
Scan time (us): 5.23
True: 48, scanned range = 0, scanned list = 48
Query time (ms): 0.0197
Scan time (us): 3.55
True: 32, scanned range = 0, scanned list = 32
Query time (ms): 0.014341
Scan time (us): 2.53
True: 37, scanned range = 0, scanned list = 37
Query time (ms): 0.01091
Scan time (us): 5.89
True: 35, scanned range = 0, scanned list = 35
Query time (ms): 0.01935
Scan time (us): 3.61
True: 28, scanned range = 0, scanned list = 28
Query time (ms): 0.01534
Scan time (us): 3.93
True: 23, scanned range = 0, scanned list = 23
Query time (ms): 0.01515
Scan time (us): 5.13
True: 33, scanned range = 0, scanned list = 33
Query time (ms): 0.01782
Scan time (us): 299.895
True: 4546, scanned range = 289, scanned list = 4531
Query time (ms): 0.850513
Scan time (us): 93.621
True: 844, scanned range = 153, scanned list = 835
Query time (ms): 0.258543
Scan time (us): 34.481
True: 307, scanned range = 131, scanned list = 297
Query time (ms): 0.098102
Scan time (us): 899.844
True: 18497, scanned range = 4325, scanned list = 17510
Query time (ms): 2.60883
Scan time (us): 13.01
True: 72, scanned range = 15, scanned list = 73
Query time (ms): 0.03855
Scan time (us): 6.56
True: 45, scanned range = 0, scanned list = 45
Query time (ms): 0.02205
Scan time (us): 45.531
True: 420, scanned range = 61, scanned list = 417
Query time (ms): 0.126262
Scan time (us): 5.1
True: 35, scanned range = 0, scanned list = 35
Query time (ms): 0.01626
Scan time (us): 5.3
True: 41, scanned range = 0, scanned list = 41
Query time (ms): 0.0196
Scan time (us): 5.17
True: 39, scanned range = 0, scanned list = 39
Query time (ms): 0.0178
Scan time (us): 0.49
True: 2, scanned range = 0, scanned list = 2
Query time (ms): 0.006751
Scan time (us): 0.33
True: 1, scanned range = 0, scanned list = 1
Query time (ms): 0.00492
Scan time (us): 15.92
True: 227, scanned range = 25, scanned list = 226
Query time (ms): 0.0505
Scan time (us): 1.79
True: 35, scanned range = 0, scanned list = 35
Query time (ms): 0.009331
Scan time (us): 0.25
True: 1, scanned range = 0, scanned list = 1
Query time (ms): 0.00577
Scan time (us): 50.281
True: 501, scanned range = 61, scanned list = 488
Query time (ms): 0.143192
Scan time (us): 27.791
True: 243, scanned range = 42, scanned list = 241
Query time (ms): 0.095011
Scan time (us): 0.66
True: 2, scanned range = 0, scanned list = 2
Query time (ms): 0.00729
Scan time (us): 3.74
True: 31, scanned range = 0, scanned list = 31
Query time (ms): 0.015621
Scan time (us): 23.1
True: 217, scanned range = 0, scanned list = 217
Query time (ms): 0.066331
Scan time (us): 3.441
True: 46, scanned range = 0, scanned list = 46
Query time (ms): 0.015421
Scan time (us): 14.49
True: 104, scanned range = 0, scanned list = 104
Query time (ms): 0.04115
Scan time (us): 7.93
True: 47, scanned range = 0, scanned list = 47
Query time (ms): 0.024471
Scan time (us): 0.26
True: 1, scanned range = 0, scanned list = 1
Query time (ms): 0.00553
Scan time (us): 0.24
True: 1, scanned range = 0, scanned list = 1
Query time (ms): 0.00507
Scan time (us): 1.57
True: 12, scanned range = 0, scanned list = 12
Query time (ms): 0.01644
Scan time (us): 0.19
True: 1, scanned range = 0, scanned list = 1
Query time (ms): 0.00632
Scan time (us): 17.92
True: 131, scanned range = 0, scanned list = 131
Query time (ms): 0.049471
Scan time (us): 551.599
True: 13559, scanned range = 3679, scanned list = 12783
Query time (ms): 1.63851
Scan time (us): 5.51
True: 51, scanned range = 0, scanned list = 51
Query time (ms): 0.02494
Scan time (us): 4.35
True: 35, scanned range = 0, scanned list = 35
Query time (ms): 0.017621
Scan time (us): 12.87
True: 114, scanned range = 0, scanned list = 114
Query time (ms): 0.03991
Scan time (us): 24.35
True: 224, scanned range = 138, scanned list = 212
Query time (ms): 0.068111
Scan time (us): 5.02
True: 43, scanned range = 0, scanned list = 43
Query time (ms): 0.01948
Scan time (us): 375.486
True: 13559, scanned range = 3679, scanned list = 12783
Query time (ms): 0.981985
Scan time (us): 4.71
True: 26, scanned range = 15, scanned list = 26
Query time (ms): 0.01965
Scan time (us): 0.3
True: 1, scanned range = 0, scanned list = 1
Query time (ms): 0.00597
Scan time (us): 0.27
True: 2, scanned range = 0, scanned list = 2
Query time (ms): 0.00628
Scan time (us): 20.14
True: 155, scanned range = 0, scanned list = 156
Query time (ms): 0.05627
Scan time (us): 4.53
True: 39, scanned range = 0, scanned list = 40
Query time (ms): 0.017711
Scan time (us): 0.16
True: 1, scanned range = 0, scanned list = 1
Query time (ms): 0.005611
Scan time (us): 0.15
True: 1, scanned range = 0, scanned list = 1
Query time (ms): 0.00548
Scan time (us): 34.43
True: 352, scanned range = 38, scanned list = 349
Query time (ms): 0.098401
Scan time (us): 1.63
True: 10, scanned range = 0, scanned list = 10
Query time (ms): 0.01081
Scan time (us): 3.44
True: 25, scanned range = 0, scanned list = 25
Query time (ms): 0.01347
Scan time (us): 4.34
True: 43, scanned range = 0, scanned list = 43
Query time (ms): 0.01665
Scan time (us): 94.751
True: 855, scanned range = 114, scanned list = 851
Query time (ms): 0.254953
Scan time (us): 12.151
True: 81, scanned range = 0, scanned list = 81
Query time (ms): 0.035412
Scan time (us): 11.03
True: 72, scanned range = 0, scanned list = 75
Query time (ms): 0.0328
Scan time (us): 6.05
True: 55, scanned range = 9, scanned list = 55
Query time (ms): 0.021711
Scan time (us): 1260.33
True: 29472, scanned range = 956, scanned list = 29509
Query time (ms): 3.78509
Scan time (us): 20.66
True: 174, scanned range = 0, scanned list = 174
Query time (ms): 0.062621
Scan time (us): 3.64
True: 24, scanned range = 0, scanned list = 24
Query time (ms): 0.0153
Scan time (us): 18.46
True: 115, scanned range = 12, scanned list = 115
Query time (ms): 0.050181
Scan time (us): 5.83
True: 48, scanned range = 0, scanned list = 48
Query time (ms): 0.02061
Scan time (us): 24.98
True: 169, scanned range = 71, scanned list = 168
Query time (ms): 0.065581
Scan time (us): 7.43
True: 48, scanned range = 0, scanned list = 48
Query time (ms): 0.0234
Scan time (us): 9.67
True: 161, scanned range = 76, scanned list = 157
Query time (ms): 0.047512
Scan time (us): 6.73
True: 52, scanned range = 0, scanned list = 52
Query time (ms): 0.02244
Scan time (us): 5.03
True: 33, scanned range = 0, scanned list = 33
Query time (ms): 0.01823
Scan time (us): 0.16
True: 1, scanned range = 0, scanned list = 1
Query time (ms): 0.00601
Scan time (us): 3.57
True: 29, scanned range = 0, scanned list = 29
Query time (ms): 0.01492
Scan time (us): 0.25
True: 1, scanned range = 0, scanned list = 1
Query time (ms): 0.0063
Scan time (us): 2.961
True: 32, scanned range = 0, scanned list = 32
Query time (ms): 0.014361
Scan time (us): 11.32
True: 79, scanned range = 0, scanned list = 79
Query time (ms): 0.03276
Scan time (us): 1.1
True: 5, scanned range = 0, scanned list = 5
Query time (ms): 0.00779
Scan time (us): 1.26
True: 6, scanned range = 0, scanned list = 6
Query time (ms): 0.00769
Scan time (us): 80.961
True: 855, scanned range = 114, scanned list = 851
Query time (ms): 0.219283
Scan time (us): 5.861
True: 38, scanned range = 0, scanned list = 38
Query time (ms): 0.021041
Scan time (us): 118.492
True: 1215, scanned range = 209, scanned list = 1201
Query time (ms): 0.327515
Scan time (us): 0.38
True: 2, scanned range = 0, scanned list = 2
Query time (ms): 0.00786
Scan time (us): 1.73
True: 13, scanned range = 0, scanned list = 13
Query time (ms): 0.00987
Scan time (us): 0.3
True: 1, scanned range = 0, scanned list = 1
Query time (ms): 0.00494
Scan time (us): 1.69
True: 9, scanned range = 0, scanned list = 9
Query time (ms): 0.0084
Scan time (us): 12.99
True: 95, scanned range = 0, scanned list = 95
Query time (ms): 0.03495
Scan time (us): 5.99
True: 43, scanned range = 0, scanned list = 43
Query time (ms): 0.021381
Scan time (us): 10.881
True: 69, scanned range = 20, scanned list = 69
Query time (ms): 0.033851
Scan time (us): 4.57
True: 32, scanned range = 0, scanned list = 32
Query time (ms): 0.01678
Scan time (us): 7.75
True: 52, scanned range = 0, scanned list = 52
Query time (ms): 0.024461
Scan time (us): 3.59
True: 32, scanned range = 0, scanned list = 32
Query time (ms): 0.01435
Scan time (us): 5.43
True: 48, scanned range = 0, scanned list = 48
Query time (ms): 0.01797
Scan time (us): 3.78
True: 53, scanned range = 0, scanned list = 53
Query time (ms): 0.0153
Scan time (us): 0.24
True: 1, scanned range = 0, scanned list = 1
Query time (ms): 0.00548
Scan time (us): 1.72
True: 9, scanned range = 0, scanned list = 9
Query time (ms): 0.00956
Scan time (us): 338.565
True: 4840, scanned range = 947, scanned list = 4736
Query time (ms): 0.906563
Scan time (us): 53.48
True: 509, scanned range = 61, scanned list = 503
Query time (ms): 0.152682
Scan time (us): 7.17
True: 51, scanned range = 0, scanned list = 51
Query time (ms): 0.02377
Scan time (us): 2.11775e+06
True: 171645200, scanned range = 187152295, scanned list = 676455
Query time (ms): 2673.88
Scan time (us): 1.35
True: 2, scanned range = 0, scanned list = 2
Query time (ms): 0.041011
Scan time (us): 56.04
True: 547, scanned range = 102, scanned list = 537
Query time (ms): 0.182192
Scan time (us): 23.15
True: 224, scanned range = 118, scanned list = 210
Query time (ms): 0.077642
Scan time (us): 14.64
True: 145, scanned range = 21, scanned list = 145
Query time (ms): 0.049351
Scan time (us): 7.25
True: 58, scanned range = 0, scanned list = 58
Query time (ms): 0.02615
Scan time (us): 1.81
True: 8, scanned range = 0, scanned list = 8
Query time (ms): 0.00954
Scan time (us): 0.52
True: 2, scanned range = 0, scanned list = 2
Query time (ms): 0.00517
Scan time (us): 1.74
True: 9, scanned range = 0, scanned list = 9
Query time (ms): 0.0073
Scan time (us): 15.731
True: 151, scanned range = 46, scanned list = 148
Query time (ms): 0.049931
Scan time (us): 14.05
True: 169, scanned range = 71, scanned list = 168
Query time (ms): 0.04368
Scan time (us): 10.37
True: 90, scanned range = 29, scanned list = 91
Query time (ms): 0.035611
Scan time (us): 9.86
True: 88, scanned range = 8, scanned list = 88
Query time (ms): 0.03233
Scan time (us): 9.731
True: 99, scanned range = 33, scanned list = 98
Query time (ms): 0.033821
Scan time (us): 10.04
True: 224, scanned range = 138, scanned list = 212
Query time (ms): 0.0362
Scan time (us): 19.02
True: 198, scanned range = 0, scanned list = 198
Query time (ms): 0.078281
Scan time (us): 2.601
True: 18, scanned range = 0, scanned list = 18
Query time (ms): 0.012031
Scan time (us): 8.99
True: 85, scanned range = 0, scanned list = 85
Query time (ms): 0.030081
Scan time (us): 11.52
True: 134, scanned range = 0, scanned list = 134
Query time (ms): 0.03797
Scan time (us): 46.35
True: 519, scanned range = 0, scanned list = 524
Query time (ms): 0.141022
Scan time (us): 6.401
True: 198, scanned range = 0, scanned list = 198
Query time (ms): 0.026241
Scan time (us): 589.868
True: 8187, scanned range = 2192, scanned list = 7784
Query time (ms): 1.76929
Scan time (us): 5.26
True: 29, scanned range = 0, scanned list = 29
Query time (ms): 0.021851
Scan time (us): 459.637
True: 8721, scanned range = 124, scanned list = 8747
Query time (ms): 1.45989
Scan time (us): 17.2
True: 153, scanned range = 0, scanned list = 153
Query time (ms): 0.063831
Scan time (us): 18.64
True: 123, scanned range = 21, scanned list = 124
Query time (ms): 0.051061
Scan time (us): 0.35
True: 1, scanned range = 0, scanned list = 1
Query time (ms): 0.00693
Scan time (us): 15.011
True: 104, scanned range = 0, scanned list = 104
Query time (ms): 0.042561
Scan time (us): 6.96
True: 40, scanned range = 0, scanned list = 40
Query time (ms): 0.020841
Scan time (us): 0.53
True: 2, scanned range = 0, scanned list = 2
Query time (ms): 0.00773
Scan time (us): 6.63
True: 54, scanned range = 0, scanned list = 54
Query time (ms): 0.02202
Scan time (us): 5.74
True: 47, scanned range = 0, scanned list = 47
Query time (ms): 0.02051
Scan time (us): 1.66
True: 40, scanned range = 0, scanned list = 40
Query time (ms): 0.00887
Scan time (us): 6.42
True: 51, scanned range = 0, scanned list = 51
Query time (ms): 0.02139
Scan time (us): 13.39
True: 72, scanned range = 0, scanned list = 75
Query time (ms): 0.036511
Scan time (us): 4.92
True: 26, scanned range = 15, scanned list = 26
Query time (ms): 0.01809
Scan time (us): 3.25
True: 23, scanned range = 0, scanned list = 23
Query time (ms): 0.01413
Scan time (us): 1119.21
True: 22778, scanned range = 4095, scanned list = 22405
Query time (ms): 3.33373
Scan time (us): 6
True: 35, scanned range = 0, scanned list = 35
Query time (ms): 0.02369
Scan time (us): 0.29
True: 1, scanned range = 0, scanned list = 1
Query time (ms): 0.00739
Scan time (us): 0.25
True: 1, scanned range = 0, scanned list = 1
Query time (ms): 0.00555
Scan time (us): 6.95
True: 40, scanned range = 0, scanned list = 40
Query time (ms): 0.02238
Scan time (us): 0.51
True: 2, scanned range = 0, scanned list = 2
Query time (ms): 0.00572
Scan time (us): 1.15
True: 6, scanned range = 0, scanned list = 6
Query time (ms): 0.009
Scan time (us): 518.047
True: 11455, scanned range = 3933, scanned list = 10671
Query time (ms): 1.58715
Scan time (us): 0.22
True: 1, scanned range = 0, scanned list = 1
Query time (ms): 0.00772
Scan time (us): 0.58
True: 3, scanned range = 0, scanned list = 3
Query time (ms): 0.00754
Scan time (us): 3.64
True: 26, scanned range = 0, scanned list = 26
Query time (ms): 0.01517
Scan time (us): 2.3
True: 30, scanned range = 0, scanned list = 31
Query time (ms): 0.01037
Scan time (us): 5.04
True: 33, scanned range = 0, scanned list = 33
Query time (ms): 0.017821
Scan time (us): 129.163
True: 1043, scanned range = 196, scanned list = 1034
Query time (ms): 0.340375
Scan time (us): 5.23
True: 54, scanned range = 0, scanned list = 54
Query time (ms): 0.02126
Scan time (us): 20.32
True: 174, scanned range = 0, scanned list = 174
Query time (ms): 0.058431
Scan time (us): 0.4
True: 2, scanned range = 0, scanned list = 2
Query time (ms): 0.00675
Scan time (us): 0.76
True: 3, scanned range = 0, scanned list = 3
Query time (ms): 0.006341
Scan time (us): 0.33
True: 1, scanned range = 0, scanned list = 1
Query time (ms): 0.00505
Scan time (us): 8.65
True: 52, scanned range = 0, scanned list = 52
Query time (ms): 0.02606
Scan time (us): 35.39
True: 227, scanned range = 25, scanned list = 226
Query time (ms): 0.089601
Scan time (us): 70.881
True: 668, scanned range = 26, scanned list = 668
Query time (ms): 0.198064
Scan time (us): 3.28
True: 52, scanned range = 0, scanned list = 52
Query time (ms): 0.01463
Scan time (us): 397.396
True: 8187, scanned range = 2192, scanned list = 7784
Query time (ms): 1.10646
Scan time (us): 1.96
True: 10, scanned range = 0, scanned list = 10
Query time (ms): 0.012641
Scan time (us): 1.84
True: 9, scanned range = 0, scanned list = 9
Query time (ms): 0.00902
Scan time (us): 5.41
True: 37, scanned range = 0, scanned list = 37
Query time (ms): 0.02035
Scan time (us): 0.18
True: 1, scanned range = 0, scanned list = 1
Query time (ms): 0.00535
Scan time (us): 0.15
True: 1, scanned range = 0, scanned list = 1
Query time (ms): 0.0054
Scan time (us): 0.41
True: 2, scanned range = 0, scanned list = 2
Query time (ms): 0.0058
Scan time (us): 0.86
True: 5, scanned range = 0, scanned list = 5
Query time (ms): 0.00738
Scan time (us): 4.85
True: 35, scanned range = 0, scanned list = 35
Query time (ms): 0.01938
Scan time (us): 34.74
True: 243, scanned range = 42, scanned list = 241
Query time (ms): 0.092422
Scan time (us): 23.23
True: 169, scanned range = 71, scanned list = 168
Query time (ms): 0.063471
Scan time (us): 1.65
True: 8, scanned range = 0, scanned list = 8
Query time (ms): 0.00926
Scan time (us): 312.355
True: 5137, scanned range = 705, scanned list = 5035
Query time (ms): 0.873894
Scan time (us): 5.74
True: 53, scanned range = 0, scanned list = 53
Query time (ms): 0.0215
Scan time (us): 6.98
True: 53, scanned range = 0, scanned list = 53
Query time (ms): 0.02219
Scan time (us): 21.83
True: 136, scanned range = 27, scanned list = 136
Query time (ms): 0.058111
Scan time (us): 0.35
True: 1, scanned range = 0, scanned list = 1
Query time (ms): 0.00614
Scan time (us): 0.59
True: 2, scanned range = 0, scanned list = 2
Query time (ms): 0.00626
Scan time (us): 9.3
True: 77, scanned range = 0, scanned list = 77
Query time (ms): 0.030311
Scan time (us): 4.1
True: 36, scanned range = 0, scanned list = 36
Query time (ms): 0.01643
Scan time (us): 0.24
True: 1, scanned range = 0, scanned list = 1
Query time (ms): 0.00521
Scan time (us): 156.752
True: 2190, scanned range = 363, scanned list = 2151
Query time (ms): 0.447547
Scan time (us): 5.08
True: 37, scanned range = 0, scanned list = 37
Query time (ms): 0.01922
Scan time (us): 6.1
True: 41, scanned range = 0, scanned list = 41
Query time (ms): 0.019431
Scan time (us): 5.15
True: 46, scanned range = 0, scanned list = 46
Query time (ms): 0.01908
Scan time (us): 1.91
True: 44, scanned range = 0, scanned list = 44
Query time (ms): 0.0098
Scan time (us): 21.96
True: 156, scanned range = 19, scanned list = 154
Query time (ms): 0.056721
Scan time (us): 3.67
True: 31, scanned range = 0, scanned list = 31
Query time (ms): 0.01623
Scan time (us): 1.22
True: 8, scanned range = 0, scanned list = 8
Query time (ms): 0.00772
Scan time (us): 3.1
True: 36, scanned range = 0, scanned list = 36
Query time (ms): 0.011671
Scan time (us): 4.62
True: 45, scanned range = 0, scanned list = 45
Query time (ms): 0.01747
Scan time (us): 269.034
True: 6178, scanned range = 296, scanned list = 6179
Query time (ms): 0.850302
Scan time (us): 15.821
True: 243, scanned range = 42, scanned list = 241
Query time (ms): 0.053202
Scan time (us): 4.35
True: 39, scanned range = 0, scanned list = 39
Query time (ms): 0.01662
Scan time (us): 70.021
True: 799, scanned range = 121, scanned list = 793
Query time (ms): 0.209913
Scan time (us): 0.2
True: 1, scanned range = 0, scanned list = 1
Query time (ms): 0.00647
Scan time (us): 4.18
True: 35, scanned range = 0, scanned list = 35
Query time (ms): 0.01702
Scan time (us): 3338.83
True: 104466, scanned range = 41397, scanned list = 88814
Query time (ms): 11.6713
Scan time (us): 1
True: 6, scanned range = 0, scanned list = 6
Query time (ms): 0.01706
Scan time (us): 7.85
True: 40, scanned range = 32, scanned list = 40
Query time (ms): 0.02813
Scan time (us): 12.41
True: 82, scanned range = 4, scanned list = 82
Query time (ms): 0.041751
Scan time (us): 18.261
True: 106, scanned range = 0, scanned list = 106
Query time (ms): 0.050901
Scan time (us): 0.18
True: 1, scanned range = 0, scanned list = 1
Query time (ms): 0.00698
Scan time (us): 0.39
True: 2, scanned range = 0, scanned list = 2
Query time (ms): 0.00578
Scan time (us): 0.37
True: 2, scanned range = 0, scanned list = 2
Query time (ms): 0.00601
Scan time (us): 70.342
True: 536, scanned range = 79, scanned list = 535
Query time (ms): 0.188524
Scan time (us): 10.55
True: 70, scanned range = 0, scanned list = 70
Query time (ms): 0.03475
Scan time (us): 438.217
True: 6282, scanned range = 467, scanned list = 6208
Query time (ms): 1.23939
Scan time (us): 0.34
True: 2, scanned range = 0, scanned list = 2
Query time (ms): 0.00765
Scan time (us): 14.1
True: 99, scanned range = 19, scanned list = 99
Query time (ms): 0.040471
Scan time (us): 0.22
True: 1, scanned range = 0, scanned list = 1
Query time (ms): 0.00609
Scan time (us): 89.041
True: 799, scanned range = 121, scanned list = 793
Query time (ms): 0.250014
Scan time (us): 7.331
True: 45, scanned range = 9, scanned list = 45
Query time (ms): 0.027801
Scan time (us): 8.43
True: 63, scanned range = 9, scanned list = 63
Query time (ms): 0.02909
Scan time (us): 89.311
True: 855, scanned range = 114, scanned list = 851
Query time (ms): 0.251544
Scan time (us): 5.49
True: 34, scanned range = 0, scanned list = 34
Query time (ms): 0.021231
Scan time (us): 447.897
True: 6492, scanned range = 61, scanned list = 6512
Query time (ms): 1.19024
Scan time (us): 7.77
True: 49, scanned range = 0, scanned list = 49
Query time (ms): 0.02831
Scan time (us): 0.88
True: 4, scanned range = 0, scanned list = 4
Query time (ms): 0.007261
Scan time (us): 3.91
True: 25, scanned range = 0, scanned list = 25
Query time (ms): 0.01663
Scan time (us): 0.25
True: 1, scanned range = 0, scanned list = 1
Query time (ms): 0.00587
Scan time (us): 7.32
True: 36, scanned range = 0, scanned list = 37
Query time (ms): 0.02232
Scan time (us): 7.42
True: 99, scanned range = 19, scanned list = 99
Query time (ms): 0.024431
Scan time (us): 4.87
True: 45, scanned range = 9, scanned list = 45
Query time (ms): 0.01725
Scan time (us): 6.85
True: 44, scanned range = 0, scanned list = 44
Query time (ms): 0.02169
Scan time (us): 2.09437e+06
True: 171645200, scanned range = 187152295, scanned list = 676455
Query time (ms): 2640.59
Scan time (us): 31.66
True: 283, scanned range = 80, scanned list = 275
Query time (ms): 0.141472
Scan time (us): 5.2
True: 35, scanned range = 0, scanned list = 35
Query time (ms): 0.020631
Scan time (us): 1.04
True: 3, scanned range = 0, scanned list = 3
Query time (ms): 0.00786
Scan time (us): 6.7
True: 53, scanned range = 0, scanned list = 53
Query time (ms): 0.025001
Scan time (us): 184.352
True: 1629, scanned range = 127, scanned list = 1621
Query time (ms): 9.12491
Scan time (us): 10.45
True: 54, scanned range = 0, scanned list = 54
Query time (ms): 0.034371
Scan time (us): 0.36
True: 1, scanned range = 0, scanned list = 1
Query time (ms): 0.00792
Scan time (us): 192227
True: 14236200, scanned range = 22697528, scanned list = 487100
Query time (ms): 485.113
Scan time (us): 6.38
True: 40, scanned range = 32, scanned list = 40
Query time (ms): 0.03859
Scan time (us): 6.951
True: 53, scanned range = 0, scanned list = 53
Query time (ms): 0.026951
Scan time (us): 9.59
True: 78, scanned range = 0, scanned list = 78
Query time (ms): 0.0345
Scan time (us): 3.85
True: 32, scanned range = 0, scanned list = 32
Query time (ms): 0.0152
Scan time (us): 2.93
True: 20, scanned range = 0, scanned list = 20
Query time (ms): 0.013141
Scan time (us): 1.77
True: 12, scanned range = 0, scanned list = 12
Query time (ms): 0.00886
Scan time (us): 6.52
True: 58, scanned range = 0, scanned list = 58
Query time (ms): 0.02216
Scan time (us): 3.28
True: 24, scanned range = 0, scanned list = 24
Query time (ms): 0.01243
Scan time (us): 17.29
True: 153, scanned range = 0, scanned list = 153
Query time (ms): 0.056401
Scan time (us): 6.3
True: 56, scanned range = 0, scanned list = 57
Query time (ms): 0.02484
Scan time (us): 0.29
True: 1, scanned range = 0, scanned list = 1
Query time (ms): 0.005531
Scan time (us): 5.62
True: 49, scanned range = 0, scanned list = 49
Query time (ms): 0.01958
Scan time (us): 1.66
True: 54, scanned range = 0, scanned list = 54
Query time (ms): 0.00855
Scan time (us): 5.801
True: 48, scanned range = 0, scanned list = 49
Query time (ms): 0.042671
Scan time (us): 0.55
True: 1, scanned range = 0, scanned list = 1
Query time (ms): 0.00502
Scan time (us): 8.55
True: 71, scanned range = 13, scanned list = 71
Query time (ms): 0.03099
Scan time (us): 0.51
True: 2, scanned range = 0, scanned list = 2
Query time (ms): 0.0044
Scan time (us): 0.28
True: 1, scanned range = 0, scanned list = 1
Query time (ms): 0.00418
Scan time (us): 40.45
True: 453, scanned range = 59, scanned list = 447
Query time (ms): 0.139073
Scan time (us): 5.16
True: 37, scanned range = 0, scanned list = 37
Query time (ms): 0.01926
Scan time (us): 19.43
True: 201, scanned range = 37, scanned list = 198
Query time (ms): 0.074921
Scan time (us): 7.33
True: 57, scanned range = 21, scanned list = 58
Query time (ms): 0.02673
Scan time (us): 4.1
True: 28, scanned range = 0, scanned list = 29
Query time (ms): 0.01589
Scan time (us): 8.271
True: 72, scanned range = 0, scanned list = 75
Query time (ms): 0.029281
Scan time (us): 0.96
True: 12, scanned range = 0, scanned list = 12
Query time (ms): 0.00686
Scan time (us): 8.63
True: 68, scanned range = 17, scanned list = 68
Query time (ms): 0.02903
Scan time (us): 5.37
True: 43, scanned range = 0, scanned list = 43
Query time (ms): 0.01993
Scan time (us): 5.75
True: 53, scanned range = 0, scanned list = 53
Query time (ms): 0.02143
Scan time (us): 17.111
True: 193, scanned range = 0, scanned list = 193
Query time (ms): 0.060291
Scan time (us): 2.98
True: 28, scanned range = 0, scanned list = 28
Query time (ms): 0.01332
Scan time (us): 3350.97
True: 104466, scanned range = 41397, scanned list = 88814
Query time (ms): 11.7651
Scan time (us): 499.557
True: 8721, scanned range = 124, scanned list = 8747
Query time (ms): 1.44283
Scan time (us): 8.381
True: 48, scanned range = 0, scanned list = 48
Query time (ms): 0.031801
Scan time (us): 14.82
True: 81, scanned range = 0, scanned list = 81
Query time (ms): 0.044001
Scan time (us): 2.71
True: 16, scanned range = 0, scanned list = 16
Query time (ms): 0.013841
Scan time (us): 83.001
True: 680, scanned range = 1, scanned list = 683
Query time (ms): 0.217072
Scan time (us): 2.49
True: 14, scanned range = 0, scanned list = 14
Query time (ms): 0.013851
Scan time (us): 3.49
True: 22, scanned range = 0, scanned list = 22
Query time (ms): 0.01451
Scan time (us): 4.41
True: 28, scanned range = 0, scanned list = 28
Query time (ms): 0.01925
Scan time (us): 19.5
True: 174, scanned range = 0, scanned list = 174
Query time (ms): 0.059941
Scan time (us): 1.24
True: 16, scanned range = 0, scanned list = 16
Query time (ms): 0.00804
Scan time (us): 2.55
True: 14, scanned range = 18, scanned list = 14
Query time (ms): 0.01149
Scan time (us): 123.642
True: 1215, scanned range = 209, scanned list = 1201
Query time (ms): 0.342865
Scan time (us): 0.21
True: 1, scanned range = 0, scanned list = 1
Query time (ms): 0.00806
Scan time (us): 20
True: 192, scanned range = 0, scanned list = 193
Query time (ms): 0.062511
Scan time (us): 0.27
True: 2, scanned range = 0, scanned list = 2
Query time (ms): 0.00636
Scan time (us): 9.951
True: 96, scanned range = 0, scanned list = 96
Query time (ms): 0.033491
Scan time (us): 7.87
True: 52, scanned range = 0, scanned list = 52
Query time (ms): 0.024731
Scan time (us): 7.3
True: 36, scanned range = 0, scanned list = 37
Query time (ms): 0.02297
Scan time (us): 35.711
True: 243, scanned range = 42, scanned list = 241
Query time (ms): 0.115372
Scan time (us): 10.69
True: 111, scanned range = 0, scanned list = 111
Query time (ms): 0.03735
Scan time (us): 10.94
True: 70, scanned range = 0, scanned list = 70
Query time (ms): 0.033751
Scan time (us): 1.28
True: 7, scanned range = 0, scanned list = 7
Query time (ms): 0.00849
Scan time (us): 3.54
True: 28, scanned range = 0, scanned list = 28
Query time (ms): 0.0155
Scan time (us): 2.63
True: 19, scanned range = 0, scanned list = 19
Query time (ms): 0.011811
Scan time (us): 78.162
True: 855, scanned range = 114, scanned list = 851
Query time (ms): 0.223624
Scan time (us): 23.85
True: 146, scanned range = 22, scanned list = 147
Query time (ms): 0.06487
Scan time (us): 10.16
True: 174, scanned range = 0, scanned list = 174
Query time (ms): 0.03043
Scan time (us): 5.31
True: 26, scanned range = 15, scanned list = 26
Query time (ms): 0.01915
Scan time (us): 30.24
True: 245, scanned range = 85, scanned list = 237
Query time (ms): 0.080921
Scan time (us): 1
True: 4, scanned range = 0, scanned list = 4
Query time (ms): 0.00838
Scan time (us): 6.38
True: 43, scanned range = 0, scanned list = 43
Query time (ms): 0.02171
Scan time (us): 6.87
True: 48, scanned range = 0, scanned list = 48
Query time (ms): 0.02343
Scan time (us): 10.6
True: 146, scanned range = 22, scanned list = 146
Query time (ms): 0.031841
Scan time (us): 365.586
True: 6201, scanned range = 12, scanned list = 6243
Query time (ms): 1.00435
Scan time (us): 42.31
True: 855, scanned range = 114, scanned list = 851
Query time (ms): 0.134141
Scan time (us): 8.46
True: 51, scanned range = 0, scanned list = 51
Query time (ms): 0.02701
Scan time (us): 5.55
True: 40, scanned range = 0, scanned list = 40
Query time (ms): 0.01943
Scan time (us): 6.361
True: 95, scanned range = 0, scanned list = 95
Query time (ms): 0.020451
Scan time (us): 41.32
True: 352, scanned range = 38, scanned list = 349
Query time (ms): 0.114001
Scan time (us): 17.39
True: 199, scanned range = 0, scanned list = 199
Query time (ms): 0.051181
Scan time (us): 0.24
True: 1, scanned range = 0, scanned list = 1
Query time (ms): 0.00639
Scan time (us): 0.47
True: 2, scanned range = 0, scanned list = 2
Query time (ms): 0.00586
Scan time (us): 5.63
True: 37, scanned range = 0, scanned list = 37
Query time (ms): 0.01935
Scan time (us): 3.37
True: 39, scanned range = 0, scanned list = 39
Query time (ms): 0.01453
Scan time (us): 0.47
True: 3, scanned range = 0, scanned list = 3
Query time (ms): 0.00601
Scan time (us): 1.44
True: 9, scanned range = 0, scanned list = 9
Query time (ms): 0.00828
Scan time (us): 7.88
True: 58, scanned range = 4, scanned list = 58
Query time (ms): 0.02756
Scan time (us): 8.64
True: 112, scanned range = 0, scanned list = 112
Query time (ms): 0.03153
Scan time (us): 8.85
True: 55, scanned range = 32, scanned list = 55
Query time (ms): 0.02758
Scan time (us): 2.9
True: 20, scanned range = 0, scanned list = 20
Query time (ms): 0.012241
Scan time (us): 5.1
True: 54, scanned range = 0, scanned list = 54
Query time (ms): 0.01905
Scan time (us): 1.49
True: 19, scanned range = 0, scanned list = 19
Query time (ms): 0.00852
Scan time (us): 0.4
True: 2, scanned range = 0, scanned list = 2
Query time (ms): 0.00693
Scan time (us): 5.831
True: 60, scanned range = 0, scanned list = 60
Query time (ms): 0.021621
Scan time (us): 4.1
True: 32, scanned range = 0, scanned list = 32
Query time (ms): 0.01504
Scan time (us): 0.26
True: 1, scanned range = 0, scanned list = 1
Query time (ms): 0.00589
Scan time (us): 11.071
True: 174, scanned range = 0, scanned list = 174
Query time (ms): 0.039881
Scan time (us): 3.97
True: 41, scanned range = 0, scanned list = 41
Query time (ms): 0.01598
Scan time (us): 0.28
True: 1, scanned range = 0, scanned list = 1
Query time (ms): 0.00565
Scan time (us): 1.99
True: 17, scanned range = 0, scanned list = 17
Query time (ms): 0.0108
Scan time (us): 8.661
True: 192, scanned range = 0, scanned list = 193
Query time (ms): 0.027881
Scan time (us): 1.67
True: 15, scanned range = 18, scanned list = 15
Query time (ms): 0.00912
Scan time (us): 722.951
True: 13559, scanned range = 3679, scanned list = 12783
Query time (ms): 2.01824
Scan time (us): 10.58
True: 175, scanned range = 0, scanned list = 176
Query time (ms): 0.03474
Scan time (us): 6.17
True: 70, scanned range = 0, scanned list = 70
Query time (ms): 0.02186
Scan time (us): 20.42
True: 153, scanned range = 0, scanned list = 153
Query time (ms): 0.05321
Scan time (us): 1.68
True: 20, scanned range = 0, scanned list = 20
Query time (ms): 0.00938
Scan time (us): 4.02
True: 33, scanned range = 0, scanned list = 33
Query time (ms): 0.014851
Scan time (us): 3.74
True: 48, scanned range = 0, scanned list = 48
Query time (ms): 0.01589
Scan time (us): 4.74
True: 39, scanned range = 0, scanned list = 39
Query time (ms): 0.01717
Scan time (us): 2.57
True: 39, scanned range = 0, scanned list = 39
Query time (ms): 0.0112
Scan time (us): 0.39
True: 3, scanned range = 0, scanned list = 3
Query time (ms): 0.00639
Scan time (us): 192654
True: 14236200, scanned range = 22697528, scanned list = 487100
Query time (ms): 493.288
Scan time (us): 1723.95
True: 40721, scanned range = 2137, scanned list = 40569
Query time (ms): 5.91546
Scan time (us): 0.77
True: 2, scanned range = 0, scanned list = 2
Query time (ms): 0.01375
Scan time (us): 7.75
True: 41, scanned range = 0, scanned list = 41
Query time (ms): 0.02556
Scan time (us): 25.75
True: 201, scanned range = 0, scanned list = 201
Query time (ms): 0.077041
Scan time (us): 28.08
True: 145, scanned range = 21, scanned list = 144
Query time (ms): 0.07126
Scan time (us): 0.28
True: 1, scanned range = 0, scanned list = 1
Query time (ms): 0.00661
Scan time (us): 10.53
True: 56, scanned range = 0, scanned list = 57
Query time (ms): 0.03318
Scan time (us): 8.97
True: 58, scanned range = 0, scanned list = 58
Query time (ms): 0.02711
Scan time (us): 20.92
True: 123, scanned range = 21, scanned list = 124
Query time (ms): 0.05471
Scan time (us): 5.911
True: 38, scanned range = 0, scanned list = 38
Query time (ms): 0.022001
Scan time (us): 2.33
True: 14, scanned range = 0, scanned list = 14
Query time (ms): 0.01161
Scan time (us): 0.94
True: 6, scanned range = 0, scanned list = 6
Query time (ms): 0.00859
Scan time (us): 10437.5
True: 432059, scanned range = 547755, scanned list = 202982
Query time (ms): 43.6983
Scan time (us): 1.42
True: 8, scanned range = 0, scanned list = 8
Query time (ms): 0.019972
Scan time (us): 2.75
True: 14, scanned range = 0, scanned list = 14
Query time (ms): 0.01143
Scan time (us): 2.97
True: 28, scanned range = 0, scanned list = 28
Query time (ms): 0.01565
Scan time (us): 382.125
True: 6178, scanned range = 296, scanned list = 6179
Query time (ms): 1.34309
Scan time (us): 13.29
True: 68, scanned range = 17, scanned list = 68
Query time (ms): 0.044251
Scan time (us): 7.59
True: 54, scanned range = 0, scanned list = 54
Query time (ms): 0.02909
Scan time (us): 37.961
True: 241, scanned range = 90, scanned list = 232
Query time (ms): 0.100932
Scan time (us): 5.73
True: 39, scanned range = 0, scanned list = 39
Query time (ms): 0.02138
Scan time (us): 4.07
True: 24, scanned range = 0, scanned list = 24
Query time (ms): 0.01645
Scan time (us): 2.581
True: 14, scanned range = 18, scanned list = 14
Query time (ms): 0.013771
Scan time (us): 12.46
True: 112, scanned range = 0, scanned list = 112
Query time (ms): 0.04509
Scan time (us): 275.584
True: 5815, scanned range = 390, scanned list = 5772
Query time (ms): 0.871603
Scan time (us): 5.75
True: 26, scanned range = 15, scanned list = 26
Query time (ms): 0.022261
Scan time (us): 0.33
True: 1, scanned range = 0, scanned list = 1
Query time (ms): 0.00781
Scan time (us): 484.567
True: 6492, scanned range = 61, scanned list = 6512
Query time (ms): 1.26464
Scan time (us): 0.26
True: 1, scanned range = 0, scanned list = 1
Query time (ms): 0.00794
Scan time (us): 1.31
True: 6, scanned range = 0, scanned list = 6
Query time (ms): 0.00925
Scan time (us): 7.67
True: 45, scanned range = 0, scanned list = 45
Query time (ms): 0.02462
Scan time (us): 8.23
True: 53, scanned range = 0, scanned list = 53
Query time (ms): 0.02455
Scan time (us): 0.46
True: 3, scanned range = 0, scanned list = 3
Query time (ms): 0.0068
Scan time (us): 310.265
True: 5398, scanned range = 754, scanned list = 5262
Query time (ms): 0.905624
Scan time (us): 0.67
True: 2, scanned range = 0, scanned list = 2
Query time (ms): 0.00962
Scan time (us): 12.321
True: 72, scanned range = 15, scanned list = 73
Query time (ms): 0.036181
Scan time (us): 6.85
True: 41, scanned range = 0, scanned list = 41
Query time (ms): 0.02293
Scan time (us): 0.28
True: 1, scanned range = 0, scanned list = 1
Query time (ms): 0.00577
Scan time (us): 1.72
True: 13, scanned range = 0, scanned list = 13
Query time (ms): 0.00907
Scan time (us): 1.75
True: 11, scanned range = 0, scanned list = 11
Query time (ms): 0.008461
Scan time (us): 6.45
True: 68, scanned range = 17, scanned list = 68
Query time (ms): 0.02088
Scan time (us): 15.571
True: 80, scanned range = 8, scanned list = 80
Query time (ms): 0.040532
Scan time (us): 28.311
True: 169, scanned range = 71, scanned list = 168
Query time (ms): 0.072921
Scan time (us): 0.34
True: 1, scanned range = 0, scanned list = 1
Query time (ms): 0.00576
Scan time (us): 14.451
True: 123, scanned range = 0, scanned list = 124
Query time (ms): 0.044281
Scan time (us): 9.23
True: 53, scanned range = 0, scanned list = 53
Query time (ms): 0.0288
Scan time (us): 2.22
True: 28, scanned range = 0, scanned list = 28
Query time (ms): 0.01239
Scan time (us): 0.37
True: 2, scanned range = 0, scanned list = 2
Query time (ms): 0.00617
Scan time (us): 6.58
True: 50, scanned range = 0, scanned list = 50
Query time (ms): 0.0215
Scan time (us): 119.901
True: 1629, scanned range = 127, scanned list = 1621
Query time (ms): 0.350565
Scan time (us): 1.68
True: 9, scanned range = 0, scanned list = 9
Query time (ms): 0.010361
Scan time (us): 0.17
True: 1, scanned range = 0, scanned list = 1
Query time (ms): 0.00506
Scan time (us): 3266.85
True: 104466, scanned range = 41397, scanned list = 88814
Query time (ms): 10.8548
Scan time (us): 22.89
True: 186, scanned range = 0, scanned list = 186
Query time (ms): 0.079711
Scan time (us): 30.99
True: 171, scanned range = 4, scanned list = 170
Query time (ms): 0.081861
Scan time (us): 3.98
True: 28, scanned range = 0, scanned list = 28
Query time (ms): 0.017371
Scan time (us): 17108.5
True: 843003, scanned range = 807660, scanned list = 443681
Query time (ms): 62.7659
Scan time (us): 0.58
True: 2, scanned range = 0, scanned list = 2
Query time (ms): 0.01783
Scan time (us): 5.16
True: 35, scanned range = 0, scanned list = 35
Query time (ms): 0.02259
Scan time (us): 26.23
True: 245, scanned range = 85, scanned list = 237
Query time (ms): 0.093801
Scan time (us): 3.99
True: 26, scanned range = 15, scanned list = 26
Query time (ms): 0.018021
Scan time (us): 510.067
True: 10881, scanned range = 239, scanned list = 10909
Query time (ms): 19.2194
Scan time (us): 0.47
True: 1, scanned range = 0, scanned list = 1
Query time (ms): 0.009381
Scan time (us): 8.61
True: 43, scanned range = 0, scanned list = 43
Query time (ms): 0.02789
Scan time (us): 21.131
True: 134, scanned range = 0, scanned list = 134
Query time (ms): 0.057231
Scan time (us): 1.05
True: 3, scanned range = 0, scanned list = 3
Query time (ms): 0.00822
Scan time (us): 7.77
True: 39, scanned range = 0, scanned list = 40
Query time (ms): 0.02397
Scan time (us): 611.309
True: 9489, scanned range = 2760, scanned list = 8915
Query time (ms): 1.62762
Scan time (us): 166.022
True: 2190, scanned range = 363, scanned list = 2151
Query time (ms): 0.489707
Scan time (us): 7.62
True: 50, scanned range = 0, scanned list = 50
Query time (ms): 0.02713
Scan time (us): 7.95
True: 41, scanned range = 0, scanned list = 41
Query time (ms): 0.023981
Scan time (us): 8.411
True: 44, scanned range = 0, scanned list = 45
Query time (ms): 0.026621
Scan time (us): 3.18
True: 17, scanned range = 0, scanned list = 17
Query time (ms): 0.01434
Scan time (us): 13.15
True: 72, scanned range = 0, scanned list = 75
Query time (ms): 0.0373
Scan time (us): 3.96
True: 30, scanned range = 0, scanned list = 30
Query time (ms): 0.01467
Scan time (us): 6.72
True: 39, scanned range = 0, scanned list = 39
Query time (ms): 0.02128
Scan time (us): 2.52
True: 16, scanned range = 0, scanned list = 16
Query time (ms): 0.01156
Scan time (us): 3.37
True: 24, scanned range = 0, scanned list = 24
Query time (ms): 0.0141
Scan time (us): 7.18
True: 60, scanned range = 0, scanned list = 60
Query time (ms): 0.02265
Scan time (us): 1.03
True: 5, scanned range = 0, scanned list = 5
Query time (ms): 0.00795
Scan time (us): 0.94
True: 2, scanned range = 0, scanned list = 2
Query time (ms): 0.00687
Scan time (us): 2
True: 10, scanned range = 0, scanned list = 10
Query time (ms): 0.01
Scan time (us): 3.64
True: 72, scanned range = 0, scanned list = 75
Query time (ms): 0.014511
Scan time (us): 0.86
True: 4, scanned range = 0, scanned list = 4
Query time (ms): 0.00748
Scan time (us): 0.41
True: 2, scanned range = 0, scanned list = 2
Query time (ms): 0.00535
Scan time (us): 8.68
True: 135, scanned range = 0, scanned list = 135
Query time (ms): 0.02887
Scan time (us): 6.67
True: 49, scanned range = 0, scanned list = 49
Query time (ms): 0.022071
Scan time (us): 0.66
True: 3, scanned range = 0, scanned list = 3
Query time (ms): 0.0065
Scan time (us): 7.77
True: 53, scanned range = 0, scanned list = 53
Query time (ms): 0.02377
Scan time (us): 19.34
True: 103, scanned range = 0, scanned list = 103
Query time (ms): 0.057541
Scan time (us): 0.77
True: 4, scanned range = 0, scanned list = 4
Query time (ms): 0.00712
Scan time (us): 14.67
True: 112, scanned range = 0, scanned list = 112
Query time (ms): 0.040941
Scan time (us): 6.27
True: 46, scanned range = 0, scanned list = 46
Query time (ms): 0.02251
Scan time (us): 2.81
True: 32, scanned range = 0, scanned list = 32
Query time (ms): 0.013
Scan time (us): 8.18
True: 51, scanned range = 0, scanned list = 51
Query time (ms): 0.025511
Scan time (us): 80.841
True: 855, scanned range = 114, scanned list = 851
Query time (ms): 0.235983
Scan time (us): 0.2
True: 1, scanned range = 0, scanned list = 1
Query time (ms): 0.00621
Scan time (us): 0.68
True: 5, scanned range = 0, scanned list = 5
Query time (ms): 0.00663
Scan time (us): 17.08
True: 173, scanned range = 0, scanned list = 173
Query time (ms): 0.052171
Scan time (us): 3.77
True: 29, scanned range = 0, scanned list = 29
Query time (ms): 0.01664
Scan time (us): 5.401
True: 51, scanned range = 0, scanned list = 51
Query time (ms): 0.021792
Scan time (us): 8.47
True: 55, scanned range = 32, scanned list = 55
Query time (ms): 0.02725
Scan time (us): 0.81
True: 4, scanned range = 0, scanned list = 4
Query time (ms): 0.00712
Scan time (us): 9.091
True: 63, scanned range = 9, scanned list = 63
Query time (ms): 0.028331
Scan time (us): 0.4
True: 2, scanned range = 0, scanned list = 2
Query time (ms): 0.00597
Scan time (us): 4.98
True: 43, scanned range = 0, scanned list = 43
Query time (ms): 0.01838
Scan time (us): 0.47
True: 3, scanned range = 0, scanned list = 3
Query time (ms): 0.00553
Scan time (us): 13.29
True: 82, scanned range = 8, scanned list = 82
Query time (ms): 0.037931
Scan time (us): 388.376
True: 7487, scanned range = 50, scanned list = 7521
Query time (ms): 1.11618
Scan time (us): 4.31
True: 39, scanned range = 0, scanned list = 39
Query time (ms): 0.01778
Scan time (us): 252.174
True: 4546, scanned range = 289, scanned list = 4531
Query time (ms): 0.720412
Scan time (us): 3.7
True: 31, scanned range = 0, scanned list = 32
Query time (ms): 0.01686
Scan time (us): 14.14
True: 114, scanned range = 0, scanned list = 114
Query time (ms): 0.04169
Scan time (us): 1311.69
True: 29472, scanned range = 956, scanned list = 29509
Query time (ms): 3.90691
Scan time (us): 26.4
True: 145, scanned range = 21, scanned list = 144
Query time (ms): 0.068291
Scan time (us): 74.991
True: 680, scanned range = 1, scanned list = 683
Query time (ms): 0.199744
Scan time (us): 4.44
True: 26, scanned range = 0, scanned list = 26
Query time (ms): 0.01708
Scan time (us): 6.28
True: 36, scanned range = 0, scanned list = 37
Query time (ms): 0.02103
Scan time (us): 2.11
True: 13, scanned range = 0, scanned list = 13
Query time (ms): 0.01126
Scan time (us): 0.38
True: 2, scanned range = 0, scanned list = 2
Query time (ms): 0.00576
Scan time (us): 1.28
True: 4, scanned range = 0, scanned list = 4
Query time (ms): 0.00671
Scan time (us): 6.32
True: 41, scanned range = 0, scanned list = 41
Query time (ms): 0.02111
Scan time (us): 59.26
True: 530, scanned range = 79, scanned list = 524
Query time (ms): 0.163502
Scan time (us): 0.19
True: 1, scanned range = 0, scanned list = 1
Query time (ms): 0.00605
Scan time (us): 7.26
True: 43, scanned range = 0, scanned list = 43
Query time (ms): 0.02419
Scan time (us): 18.252
True: 111, scanned range = 0, scanned list = 111
Query time (ms): 0.047832
Scan time (us): 4.52
True: 29, scanned range = 0, scanned list = 29
Query time (ms): 0.01762
Scan time (us): 0.71
True: 5, scanned range = 0, scanned list = 5
Query time (ms): 0.00674
Scan time (us): 6.37
True: 41, scanned range = 0, scanned list = 41
Query time (ms): 0.02153
Scan time (us): 438.286
True: 8187, scanned range = 2192, scanned list = 7784
Query time (ms): 1.24856
Scan time (us): 0.79
True: 5, scanned range = 0, scanned list = 5
Query time (ms): 0.0096
Scan time (us): 3.04
True: 15, scanned range = 18, scanned list = 15
Query time (ms): 0.01405
Scan time (us): 373.075
True: 6492, scanned range = 61, scanned list = 6512
Query time (ms): 1.06244
Scan time (us): 0.24
True: 1, scanned range = 0, scanned list = 1
Query time (ms): 0.00813
Scan time (us): 9.27
True: 51, scanned range = 1, scanned list = 51
Query time (ms): 0.02839
Scan time (us): 15.9
True: 97, scanned range = 19, scanned list = 97
Query time (ms): 0.044311
Scan time (us): 0.96
True: 5, scanned range = 0, scanned list = 5
Query time (ms): 0.00706
Scan time (us): 8.62
True: 55, scanned range = 0, scanned list = 55
Query time (ms): 0.02808
Scan time (us): 14.48
True: 99, scanned range = 33, scanned list = 98
Query time (ms): 0.04324
Scan time (us): 7.06
True: 47, scanned range = 0, scanned list = 47
Query time (ms): 0.02268
Scan time (us): 7.21
True: 42, scanned range = 8, scanned list = 42
Query time (ms): 0.02385
Scan time (us): 11.47
True: 145, scanned range = 21, scanned list = 144
Query time (ms): 0.0332
Scan time (us): 0.34
True: 2, scanned range = 0, scanned list = 2
Query time (ms): 0.00587
Scan time (us): 10.45
True: 71, scanned range = 13, scanned list = 71
Query time (ms): 0.03229
Scan time (us): 4.92
True: 35, scanned range = 0, scanned list = 35
Query time (ms): 0.017771
Scan time (us): 10.18
True: 78, scanned range = 0, scanned list = 78
Query time (ms): 0.030391
Scan time (us): 6.6
True: 51, scanned range = 0, scanned list = 51
Query time (ms): 0.02041
Scan time (us): 4.51
True: 33, scanned range = 0, scanned list = 33
Query time (ms): 0.01754
Scan time (us): 1.6
True: 9, scanned range = 0, scanned list = 9
Query time (ms): 0.008871
Scan time (us): 12.63
True: 83, scanned range = 0, scanned list = 85
Query time (ms): 0.03499
Scan time (us): 0.63
True: 5, scanned range = 0, scanned list = 5
Query time (ms): 0.00627
Scan time (us): 3.64
True: 32, scanned range = 0, scanned list = 32
Query time (ms): 0.01332
Scan time (us): 348.946
True: 6591, scanned range = 439, scanned list = 6571
Query time (ms): 0.956695
Scan time (us): 220.323
True: 6492, scanned range = 61, scanned list = 6512
Query time (ms): 0.595258
Scan time (us): 3.19
True: 18, scanned range = 0, scanned list = 18
Query time (ms): 0.015381
Scan time (us): 0.41
True: 2, scanned range = 0, scanned list = 2
Query time (ms): 0.00596
Scan time (us): 5.44
True: 56, scanned range = 0, scanned list = 57
Query time (ms): 0.01973
Scan time (us): 5.2
True: 37, scanned range = 0, scanned list = 37
Query time (ms): 0.01882
Scan time (us): 18.801
True: 121, scanned range = 0, scanned list = 122
Query time (ms): 0.049132
Scan time (us): 13.191
True: 122, scanned range = 0, scanned list = 123
Query time (ms): 0.041541
Scan time (us): 1.78
True: 37, scanned range = 0, scanned list = 37
Query time (ms): 0.00925
Scan time (us): 89.961
True: 844, scanned range = 153, scanned list = 835
Query time (ms): 0.244573
Scan time (us): 28.08
True: 224, scanned range = 118, scanned list = 210
Query time (ms): 0.080981
Scan time (us): 0.9
True: 5, scanned range = 0, scanned list = 5
Query time (ms): 0.00777
Scan time (us): 8.24
True: 224, scanned range = 118, scanned list = 210
Query time (ms): 0.031212
Scan time (us): 60.711
True: 580, scanned range = 41, scanned list = 579
Query time (ms): 0.186772
Scan time (us): 0.45
True: 2, scanned range = 0, scanned list = 2
Query time (ms): 0.0069
Scan time (us): 3.21
True: 26, scanned range = 0, scanned list = 26
Query time (ms): 0.014781
Scan time (us): 7.23
True: 53, scanned range = 0, scanned list = 53
Query time (ms): 0.02393
Scan time (us): 5.59
True: 48, scanned range = 0, scanned list = 48
Query time (ms): 0.0201
Scan time (us): 4.28
True: 47, scanned range = 1, scanned list = 47
Query time (ms): 0.015351
Scan time (us): 1.1
True: 8, scanned range = 0, scanned list = 8
Query time (ms): 0.00818
Scan time (us): 19.381
True: 156, scanned range = 19, scanned list = 154
Query time (ms): 0.055851
Scan time (us): 1.65
True: 12, scanned range = 0, scanned list = 12
Query time (ms): 0.01013
Scan time (us): 8.08
True: 64, scanned range = 15, scanned list = 65
Query time (ms): 0.02751
Scan time (us): 1.01
True: 5, scanned range = 0, scanned list = 5
Query time (ms): 0.00779
Scan time (us): 0.83
True: 4, scanned range = 0, scanned list = 4
Query time (ms): 0.00652
Scan time (us): 9.97
True: 151, scanned range = 46, scanned list = 148
Query time (ms): 0.033291
Scan time (us): 3.54
True: 40, scanned range = 0, scanned list = 40
Query time (ms): 0.01631
Scan time (us): 0.24
True: 1, scanned range = 0, scanned list = 1
Query time (ms): 0.005321
Scan time (us): 10.83
True: 112, scanned range = 0, scanned list = 112
Query time (ms): 0.03598
Scan time (us): 0.66
True: 3, scanned range = 0, scanned list = 3
Query time (ms): 0.00647
Scan time (us): 8.381
True: 115, scanned range = 12, scanned list = 115
Query time (ms): 0.026411
Scan time (us): 14.69
True: 136, scanned range = 27, scanned list = 136
Query time (ms): 0.04232
Scan time (us): 2.54
True: 32, scanned range = 0, scanned list = 32
Query time (ms): 0.01158
Scan time (us): 5.56
True: 45, scanned range = 0, scanned list = 45
Query time (ms): 0.02017
Scan time (us): 0.98
True: 6, scanned range = 0, scanned list = 6
Query time (ms): 0.00735
Scan time (us): 4.22
True: 45, scanned range = 0, scanned list = 45
Query time (ms): 0.01913
Scan time (us): 0.15
True: 1, scanned range = 0, scanned list = 1
Query time (ms): 0.00555
Scan time (us): 0.23
True: 1, scanned range = 0, scanned list = 1
Query time (ms): 0.005341
Scan time (us): 2.37
True: 24, scanned range = 0, scanned list = 24
Query time (ms): 0.01206
Scan time (us): 5.36
True: 44, scanned range = 0, scanned list = 44
Query time (ms): 0.01832
Scan time (us): 0.63
True: 5, scanned range = 0, scanned list = 5
Query time (ms): 0.00594
Scan time (us): 9.541
True: 80, scanned range = 8, scanned list = 80
Query time (ms): 0.027731
Scan time (us): 0.79
True: 6, scanned range = 0, scanned list = 6
Query time (ms): 0.007
Scan time (us): 0.24
True: 1, scanned range = 0, scanned list = 1
Query time (ms): 0.00485
Scan time (us): 9.26
True: 72, scanned range = 15, scanned list = 73
Query time (ms): 0.02793
Scan time (us): 4
True: 33, scanned range = 0, scanned list = 33
Query time (ms): 0.015241
Scan time (us): 15.43
True: 199, scanned range = 0, scanned list = 199
Query time (ms): 0.05409
Scan time (us): 3.67
True: 53, scanned range = 0, scanned list = 53
Query time (ms): 0.014401
Scan time (us): 16.52
True: 140, scanned range = 34, scanned list = 137
Query time (ms): 0.04944
Scan time (us): 4.09
True: 56, scanned range = 0, scanned list = 57
Query time (ms): 0.016291
Scan time (us): 0.16
True: 1, scanned range = 0, scanned list = 1
Query time (ms): 0.00509
Scan time (us): 0.25
True: 1, scanned range = 0, scanned list = 1
Query time (ms): 0.00576
Scan time (us): 0.24
True: 1, scanned range = 0, scanned list = 1
Query time (ms): 0.00506
Scan time (us): 4.5
True: 28, scanned range = 0, scanned list = 29
Query time (ms): 0.01499
Scan time (us): 0.62
True: 4, scanned range = 0, scanned list = 4
Query time (ms): 0.00587
Scan time (us): 0.58
True: 3, scanned range = 0, scanned list = 3
Query time (ms): 0.005561
Scan time (us): 5.15
True: 47, scanned range = 0, scanned list = 47
Query time (ms): 0.01933
Scan time (us): 11.34
True: 92, scanned range = 12, scanned list = 92
Query time (ms): 0.03421
Scan time (us): 1.591
True: 18, scanned range = 0, scanned list = 18
Query time (ms): 0.008621
Scan time (us): 3.65
True: 39, scanned range = 0, scanned list = 39
Query time (ms): 0.01514
Scan time (us): 291.125
True: 5398, scanned range = 754, scanned list = 5262
Query time (ms): 0.866883
Scan time (us): 4.31
True: 39, scanned range = 0, scanned list = 39
Query time (ms): 0.01773
Scan time (us): 0.39
True: 2, scanned range = 0, scanned list = 2
Query time (ms): 0.00689
Scan time (us): 6.77
True: 54, scanned range = 0, scanned list = 55
Query time (ms): 0.023431
Scan time (us): 7.48
True: 92, scanned range = 12, scanned list = 92
Query time (ms): 0.02345
Scan time (us): 176.202
True: 2460, scanned range = 513, scanned list = 2397
Query time (ms): 0.496178
Scan time (us): 0.32
True: 1, scanned range = 0, scanned list = 1
Query time (ms): 0.0074
Scan time (us): 4.89
True: 40, scanned range = 0, scanned list = 40
Query time (ms): 0.01674
Scan time (us): 3.91
True: 33, scanned range = 0, scanned list = 33
Query time (ms): 0.01545
Scan time (us): 3.831
True: 41, scanned range = 0, scanned list = 41
Query time (ms): 0.015942
Scan time (us): 6.66
True: 80, scanned range = 8, scanned list = 80
Query time (ms): 0.02188
Scan time (us): 3.06
True: 32, scanned range = 0, scanned list = 32
Query time (ms): 0.01311
Scan time (us): 3.2
True: 30, scanned range = 0, scanned list = 30
Query time (ms): 0.01333
Scan time (us): 7.9
True: 88, scanned range = 8, scanned list = 88
Query time (ms): 0.025951
Scan time (us): 8.96
True: 99, scanned range = 33, scanned list = 98
Query time (ms): 0.0275
Scan time (us): 0.17
True: 1, scanned range = 0, scanned list = 1
Query time (ms): 0.00531
Scan time (us): 2.87
True: 28, scanned range = 0, scanned list = 28
Query time (ms): 0.01472
Scan time (us): 7.74
True: 114, scanned range = 0, scanned list = 114
Query time (ms): 0.02285
Scan time (us): 221.673
True: 5137, scanned range = 705, scanned list = 5035
Query time (ms): 0.623609
Scan time (us): 13.36
True: 110, scanned range = 0, scanned list = 110
Query time (ms): 0.039311
Scan time (us): 4.27
True: 56, scanned range = 0, scanned list = 57
Query time (ms): 0.0169
Scan time (us): 35.24
True: 331, scanned range = 63, scanned list = 327
Query time (ms): 0.103492
Scan time (us): 0.29
True: 1, scanned range = 0, scanned list = 1
Query time (ms): 0.00621
Scan time (us): 0.58
True: 4, scanned range = 0, scanned list = 4
Query time (ms): 0.00581
Scan time (us): 4.09
True: 40, scanned range = 0, scanned list = 40
Query time (ms): 0.01797
Scan time (us): 4.18
True: 46, scanned range = 0, scanned list = 46
Query time (ms): 0.01764
Scan time (us): 0.41
True: 3, scanned range = 0, scanned list = 3
Query time (ms): 0.005531
Scan time (us): 4.93
True: 34, scanned range = 8, scanned list = 34
Query time (ms): 0.01678
Scan time (us): 13.51
True: 90, scanned range = 29, scanned list = 91
Query time (ms): 0.03789
Scan time (us): 18.48
True: 146, scanned range = 22, scanned list = 147
Query time (ms): 0.053451
Scan time (us): 0.53
True: 3, scanned range = 0, scanned list = 3
Query time (ms): 0.00623
Scan time (us): 2.15
True: 28, scanned range = 0, scanned list = 28
Query time (ms): 0.01028
Scan time (us): 0.49
True: 3, scanned range = 0, scanned list = 3
Query time (ms): 0.00576
Scan time (us): 4.28
True: 35, scanned range = 0, scanned list = 35
Query time (ms): 0.01494
Scan time (us): 14.681
True: 193, scanned range = 0, scanned list = 193
Query time (ms): 0.050251
Scan time (us): 2.44
True: 40, scanned range = 0, scanned list = 40
Query time (ms): 0.01168
Scan time (us): 1.25
True: 9, scanned range = 0, scanned list = 9
Query time (ms): 0.00775
Scan time (us): 1.89
True: 24, scanned range = 0, scanned list = 24
Query time (ms): 0.01038
Scan time (us): 84.152
True: 1043, scanned range = 196, scanned list = 1034
Query time (ms): 0.265684
Scan time (us): 10.77
True: 85, scanned range = 0, scanned list = 85
Query time (ms): 0.03169
Scan time (us): 8.75
True: 122, scanned range = 0, scanned list = 123
Query time (ms): 0.027721
Scan time (us): 1.45
True: 10, scanned range = 0, scanned list = 10
Query time (ms): 0.00855
Scan time (us): 1.44
True: 12, scanned range = 0, scanned list = 12
Query time (ms): 0.00823
Scan time (us): 0.82
True: 8, scanned range = 0, scanned list = 8
Query time (ms): 0.00687
Scan time (us): 0.26
True: 1, scanned range = 0, scanned list = 1
Query time (ms): 0.00551
Scan time (us): 0.77
True: 6, scanned range = 0, scanned list = 6
Query time (ms): 0.00689
Scan time (us): 3.691
True: 41, scanned range = 0, scanned list = 41
Query time (ms): 0.013931
Scan time (us): 4.32
True: 39, scanned range = 0, scanned list = 39
Query time (ms): 0.01566
Scan time (us): 60.741
True: 800, scanned range = 131, scanned list = 793
Query time (ms): 0.182423
Scan time (us): 42.551
True: 680, scanned range = 1, scanned list = 683
Query time (ms): 0.135632
Scan time (us): 4.47
True: 29, scanned range = 0, scanned list = 29
Query time (ms): 0.01669
Scan time (us): 6.6
True: 72, scanned range = 15, scanned list = 73
Query time (ms): 0.021761
Scan time (us): 17.2
True: 155, scanned range = 0, scanned list = 156
Query time (ms): 0.04979
Scan time (us): 0.82
True: 6, scanned range = 0, scanned list = 6
Query time (ms): 0.00748
Scan time (us): 3.77
True: 46, scanned range = 0, scanned list = 46
Query time (ms): 0.01414
Scan time (us): 10.15
True: 97, scanned range = 19, scanned list = 97
Query time (ms): 0.030741
Scan time (us): 0.33
True: 1, scanned range = 0, scanned list = 1
Query time (ms): 0.00529
Scan time (us): 2.73
True: 27, scanned range = 0, scanned list = 27
Query time (ms): 0.01297
Scan time (us): 6.66
True: 90, scanned range = 12, scanned list = 90
Query time (ms): 0.02257
Scan time (us): 3.82
True: 43, scanned range = 0, scanned list = 43
Query time (ms): 0.01737
Scan time (us): 0.36
True: 2, scanned range = 0, scanned list = 2
Query time (ms): 0.00556
Scan time (us): 98.251
True: 2460, scanned range = 513, scanned list = 2397
Query time (ms): 0.274643
Scan time (us): 7.09
True: 67, scanned range = 13, scanned list = 67
Query time (ms): 0.02389
Scan time (us): 4.88
True: 48, scanned range = 0, scanned list = 48
Query time (ms): 0.01638
Scan time (us): 7.16
True: 77, scanned range = 0, scanned list = 77
Query time (ms): 0.025011
Scan time (us): 24.9
True: 215, scanned range = 12, scanned list = 214
Query time (ms): 0.070261
Scan time (us): 4.09
True: 50, scanned range = 0, scanned list = 50
Query time (ms): 0.01682
Scan time (us): 5.34
True: 64, scanned range = 15, scanned list = 65
Query time (ms): 0.020441
Scan time (us): 0.41
True: 2, scanned range = 0, scanned list = 2
Query time (ms): 0.006
Scan time (us): 326.605
True: 7487, scanned range = 50, scanned list = 7521
Query time (ms): 0.953704
Scan time (us): 0.71
True: 5, scanned range = 0, scanned list = 5
Query time (ms): 0.00824
Scan time (us): 0.26
True: 1, scanned range = 0, scanned list = 1
Query time (ms): 0.00502
Scan time (us): 6.51
True: 53, scanned range = 0, scanned list = 53
Query time (ms): 0.020291
Scan time (us): 5.37
True: 55, scanned range = 0, scanned list = 55
Query time (ms): 0.01973
Scan time (us): 29.37
True: 283, scanned range = 80, scanned list = 275
Query time (ms): 0.085471
Scan time (us): 3.47
True: 39, scanned range = 0, scanned list = 39
Query time (ms): 0.01392
Scan time (us): 197.633
True: 4840, scanned range = 947, scanned list = 4736
Query time (ms): 0.582368
Scan time (us): 248.393
True: 5815, scanned range = 390, scanned list = 5772
Query time (ms): 0.809692
Scan time (us): 10
True: 68, scanned range = 17, scanned list = 68
Query time (ms): 0.032031
Scan time (us): 0.17
True: 1, scanned range = 0, scanned list = 1
Query time (ms): 0.00605
Scan time (us): 0.18
True: 1, scanned range = 0, scanned list = 1
Query time (ms): 0.00535
Scan time (us): 2.92
True: 32, scanned range = 0, scanned list = 32
Query time (ms): 0.01387
Scan time (us): 4.42
True: 36, scanned range = 0, scanned list = 36
Query time (ms): 0.016821
Scan time (us): 14.59
True: 133, scanned range = 0, scanned list = 133
Query time (ms): 0.04022
Scan time (us): 4.37
True: 38, scanned range = 0, scanned list = 38
Query time (ms): 0.0157
Scan time (us): 331.855
True: 8025, scanned range = 173, scanned list = 8031
Query time (ms): 1.01004
Scan time (us): 1071.9
True: 22778, scanned range = 4095, scanned list = 22405
Query time (ms): 3.10858
Scan time (us): 3.84
True: 19, scanned range = 0, scanned list = 19
Query time (ms): 0.01671
Scan time (us): 0.78
True: 4, scanned range = 0, scanned list = 4
Query time (ms): 0.007861
Scan time (us): 14.93
True: 90, scanned range = 29, scanned list = 91
Query time (ms): 0.03987
Scan time (us): 44.491
True: 352, scanned range = 38, scanned list = 349
Query time (ms): 0.118212
Scan time (us): 18.68
True: 174, scanned range = 0, scanned list = 174
Query time (ms): 0.057701
Scan time (us): 0.25
True: 1, scanned range = 0, scanned list = 1
Query time (ms): 0.00567
Scan time (us): 98.091
True: 1215, scanned range = 209, scanned list = 1201
Query time (ms): 0.294703
Scan time (us): 20.14
True: 149, scanned range = 0, scanned list = 149
Query time (ms): 0.05606
Scan time (us): 12.93
True: 114, scanned range = 0, scanned list = 114
Query time (ms): 0.036982
Scan time (us): 4.24
True: 114, scanned range = 0, scanned list = 114
Query time (ms): 0.01462
Scan time (us): 22.1
True: 169, scanned range = 71, scanned list = 168
Query time (ms): 0.060481
Scan time (us): 3.78
True: 29, scanned range = 0, scanned list = 29
Query time (ms): 0.01546
Scan time (us): 19.91
True: 169, scanned range = 0, scanned list = 170
Query time (ms): 0.056011
Scan time (us): 4.4
True: 27, scanned range = 0, scanned list = 27
Query time (ms): 0.01636
Scan time (us): 12.43
True: 96, scanned range = 21, scanned list = 96
Query time (ms): 0.036251
Scan time (us): 0.27
True: 1, scanned range = 0, scanned list = 1
Query time (ms): 0.00663
Scan time (us): 10.781
True: 78, scanned range = 0, scanned list = 78
Query time (ms): 0.034051
Scan time (us): 13.08
True: 135, scanned range = 0, scanned list = 135
Query time (ms): 0.04256
Scan time (us): 6.23
True: 36, scanned range = 0, scanned list = 37
Query time (ms): 0.01934
Scan time (us): 4.17
True: 36, scanned range = 0, scanned list = 36
Query time (ms): 0.01549
Scan time (us): 3.89
True: 31, scanned range = 0, scanned list = 31
Query time (ms): 0.01498
Scan time (us): 10.26
True: 145, scanned range = 21, scanned list = 144
Query time (ms): 0.03164
Scan time (us): 4.96
True: 37, scanned range = 0, scanned list = 37
Query time (ms): 0.018041
Scan time (us): 13.8
True: 115, scanned range = 12, scanned list = 115
Query time (ms): 0.03931
Scan time (us): 4.22
True: 33, scanned range = 0, scanned list = 33
Query time (ms): 0.017221
Scan time (us): 1.9
True: 11, scanned range = 0, scanned list = 11
Query time (ms): 0.01072
Scan time (us): 0.24
True: 1, scanned range = 0, scanned list = 1
Query time (ms): 0.00523
Scan time (us): 4.02
True: 27, scanned range = 0, scanned list = 27
Query time (ms): 0.01375
Scan time (us): 0.7
True: 3, scanned range = 0, scanned list = 3
Query time (ms): 0.00646
Scan time (us): 4.77
True: 41, scanned range = 0, scanned list = 41
Query time (ms): 0.016331
Scan time (us): 1.71
True: 13, scanned range = 0, scanned list = 13
Query time (ms): 0.00911
Scan time (us): 8.89
True: 69, scanned range = 20, scanned list = 69
Query time (ms): 0.02625
Scan time (us): 0.54
True: 2, scanned range = 0, scanned list = 2
Query time (ms): 0.00593
Scan time (us): 3.15
True: 26, scanned range = 0, scanned list = 26
Query time (ms): 0.012621
Scan time (us): 0.46
True: 2, scanned range = 0, scanned list = 2
Query time (ms): 0.00572
Scan time (us): 0.43
True: 2, scanned range = 0, scanned list = 2
Query time (ms): 0.00604
Scan time (us): 4.24
True: 37, scanned range = 0, scanned list = 37
Query time (ms): 0.01571
Scan time (us): 0.89
True: 4, scanned range = 0, scanned list = 4
Query time (ms): 0.00659
Scan time (us): 5.64
True: 44, scanned range = 0, scanned list = 44
Query time (ms): 0.019921
Scan time (us): 4.08
True: 32, scanned range = 0, scanned list = 32
Query time (ms): 0.01423
Scan time (us): 2.58
True: 38, scanned range = 0, scanned list = 38
Query time (ms): 0.01199
Scan time (us): 1.67
True: 14, scanned range = 0, scanned list = 14
Query time (ms): 0.00908
Scan time (us): 4.251
True: 43, scanned range = 0, scanned list = 43
Query time (ms): 0.017471
Scan time (us): 1.81
True: 12, scanned range = 0, scanned list = 12
Query time (ms): 0.00984
Scan time (us): 18.36
True: 153, scanned range = 0, scanned list = 153
Query time (ms): 0.04787
Scan time (us): 1.9
True: 24, scanned range = 0, scanned list = 24
Query time (ms): 0.009451
Scan time (us): 17.13
True: 215, scanned range = 12, scanned list = 214
Query time (ms): 0.05249
Scan time (us): 10.8
True: 112, scanned range = 0, scanned list = 112
Query time (ms): 0.036011
Scan time (us): 3.82
True: 30, scanned range = 0, scanned list = 30
Query time (ms): 0.01504
Scan time (us): 14.67
True: 121, scanned range = 21, scanned list = 121
Query time (ms): 0.042621
Scan time (us): 8.85
True: 175, scanned range = 0, scanned list = 176
Query time (ms): 0.02854
Scan time (us): 6.471
True: 88, scanned range = 0, scanned list = 88
Query time (ms): 0.030281
Scan time (us): 3.99
True: 26, scanned range = 15, scanned list = 26
Query time (ms): 0.0169
Scan time (us): 1.98
True: 32, scanned range = 0, scanned list = 32
Query time (ms): 0.00992
Scan time (us): 16.11
True: 127, scanned range = 0, scanned list = 127
Query time (ms): 0.042111
Scan time (us): 2.78
True: 28, scanned range = 0, scanned list = 28
Query time (ms): 0.01212
Scan time (us): 4.01
True: 33, scanned range = 0, scanned list = 33
Query time (ms): 0.01462
Scan time (us): 3.41
True: 88, scanned range = 0, scanned list = 88
Query time (ms): 0.013711
Scan time (us): 57.441
True: 544, scanned range = 61, scanned list = 538
Query time (ms): 0.159543
Scan time (us): 4.54
True: 50, scanned range = 0, scanned list = 50
Query time (ms): 0.0182
Scan time (us): 4.01
True: 31, scanned range = 17, scanned list = 31
Query time (ms): 0.0155
Scan time (us): 1.58
True: 18, scanned range = 0, scanned list = 18
Query time (ms): 0.00839
Scan time (us): 0.28
True: 2, scanned range = 0, scanned list = 2
Query time (ms): 0.0062
Scan time (us): 0.24
True: 1, scanned range = 0, scanned list = 1
Query time (ms): 0.0052
Scan time (us): 2.98
True: 27, scanned range = 0, scanned list = 27
Query time (ms): 0.01412
Scan time (us): 0.17
True: 1, scanned range = 0, scanned list = 1
Query time (ms): 0.0052
Scan time (us): 3.83
True: 33, scanned range = 0, scanned list = 33
Query time (ms): 0.01514
Scan time (us): 0.53
True: 3, scanned range = 0, scanned list = 3
Query time (ms): 0.00678
Scan time (us): 0.37
True: 2, scanned range = 0, scanned list = 2
Query time (ms): 0.00515
Scan time (us): 1.83
True: 14, scanned range = 0, scanned list = 14
Query time (ms): 0.00962
Scan time (us): 19.881
True: 156, scanned range = 19, scanned list = 154
Query time (ms): 0.071681
Scan time (us): 4.42
True: 39, scanned range = 0, scanned list = 40
Query time (ms): 0.01653
Scan time (us): 0.65
True: 3, scanned range = 0, scanned list = 3
Query time (ms): 0.00655
Scan time (us): 4.96
True: 49, scanned range = 0, scanned list = 49
Query time (ms): 0.01791
Scan time (us): 0.26
True: 2, scanned range = 0, scanned list = 2
Query time (ms): 0.00513
Scan time (us): 0.38
True: 2, scanned range = 0, scanned list = 2
Query time (ms): 0.00534
Scan time (us): 4.63
True: 43, scanned range = 0, scanned list = 43
Query time (ms): 0.01663
Scan time (us): 0.66
True: 5, scanned range = 0, scanned list = 5
Query time (ms): 0.00622
Scan time (us): 5.671
True: 54, scanned range = 0, scanned list = 54
Query time (ms): 0.019502
Scan time (us): 2.64
True: 41, scanned range = 0, scanned list = 41
Query time (ms): 0.01141
Scan time (us): 536.858
True: 11455, scanned range = 3933, scanned list = 10671
Query time (ms): 1.61465
Scan time (us): 1.43
True: 10, scanned range = 0, scanned list = 10
Query time (ms): 0.011671
Scan time (us): 5.49
True: 46, scanned range = 0, scanned list = 46
Query time (ms): 0.02033
Scan time (us): 2.43
True: 28, scanned range = 0, scanned list = 28
Query time (ms): 0.01298
Scan time (us): 16.03
True: 193, scanned range = 0, scanned list = 193
Query time (ms): 0.051971
Scan time (us): 1.4
True: 28, scanned range = 0, scanned list = 28
Query time (ms): 0.00926
Scan time (us): 6.99
True: 45, scanned range = 9, scanned list = 45
Query time (ms): 0.02325
Scan time (us): 11.52
True: 88, scanned range = 8, scanned list = 88
Query time (ms): 0.03512
Scan time (us): 3.191
True: 43, scanned range = 0, scanned list = 43
Query time (ms): 0.013561
Scan time (us): 0.69
True: 5, scanned range = 0, scanned list = 5
Query time (ms): 0.00684
Scan time (us): 4.08
True: 37, scanned range = 0, scanned list = 37
Query time (ms): 0.016011
Scan time (us): 9.18
True: 69, scanned range = 0, scanned list = 69
Query time (ms): 0.02917
Scan time (us): 4.78
True: 49, scanned range = 0, scanned list = 49
Query time (ms): 0.01734
Scan time (us): 30.521
True: 544, scanned range = 61, scanned list = 538
Query time (ms): 0.092802
Scan time (us): 3278.35
True: 104466, scanned range = 41397, scanned list = 88814
Query time (ms): 10.7694
Scan time (us): 3.31
True: 16, scanned range = 0, scanned list = 16
Query time (ms): 0.02128
Scan time (us): 4.221
True: 22, scanned range = 0, scanned list = 22
Query time (ms): 0.015761
Scan time (us): 23.481
True: 198, scanned range = 0, scanned list = 198
Query time (ms): 0.076881
Scan time (us): 14.47
True: 80, scanned range = 8, scanned list = 80
Query time (ms): 0.04336
Scan time (us): 6.431
True: 49, scanned range = 0, scanned list = 49
Query time (ms): 0.023961
Scan time (us): 7.96
True: 42, scanned range = 8, scanned list = 42
Query time (ms): 0.02629
Scan time (us): 332.525
True: 5815, scanned range = 390, scanned list = 5772
Query time (ms): 0.984235
Scan time (us): 8.62
True: 47, scanned range = 1, scanned list = 47
Query time (ms): 0.02878
Scan time (us): 28.94
True: 161, scanned range = 76, scanned list = 157
Query time (ms): 0.073001
Scan time (us): 0.36
True: 2, scanned range = 0, scanned list = 2
Query time (ms): 0.008141
Scan time (us): 4.47
True: 26, scanned range = 15, scanned list = 26
Query time (ms): 0.017451
Scan time (us): 14.14
True: 85, scanned range = 0, scanned list = 85
Query time (ms): 0.0404
Scan time (us): 7.28
True: 52, scanned range = 0, scanned list = 52
Query time (ms): 0.025331
Scan time (us): 5.28
True: 38, scanned range = 0, scanned list = 38
Query time (ms): 0.02084
Scan time (us): 0.14
True: 1, scanned range = 0, scanned list = 1
Query time (ms): 0.00573
Scan time (us): 5.64
True: 31, scanned range = 17, scanned list = 31
Query time (ms): 0.0199
Scan time (us): 21.5
True: 136, scanned range = 27, scanned list = 136
Query time (ms): 0.059911
Scan time (us): 4.71
True: 34, scanned range = 8, scanned list = 34
Query time (ms): 0.01739
Scan time (us): 3.11
True: 42, scanned range = 8, scanned list = 42
Query time (ms): 0.01282
Scan time (us): 1.5
True: 10, scanned range = 0, scanned list = 10
Query time (ms): 0.00982
Scan time (us): 30.01
True: 224, scanned range = 138, scanned list = 212
Query time (ms): 0.084651
Total points returned by queries: 393316034
Total queries: 1000
Avg range query time (ns): 7.57528e+06
Total points scanned: 451214964 (range), 5235972 (list)
