found flag dataset = ../continuous/stocks/stocks.5_4.data
found flag workload = ../continuous/stocks/queries_0_w500.dat
found flag visitor = index
found flag mapping-file = ../continuous/stocks/stocks.5_4.mapping
found flag outlier-list = ../continuous/stocks/stocks.5_4.outliers
found flag target-bucket-file = ../continuous/stocks/stocks.5_4.targets
Dimension is 2
Loaded 1000 queries
Found 284969 outliers
Loaded dataset and workload
Reading 13660 mapped buckets
mapping
Finished loading mapping-file
Finished loading target-buckets-file
Finished coaslescing map
Sorting data...
Time to sort and finalize data: 0.0772408s
Not using datacubes
Compression time: 1.65499s
Indexer sizei (B): 2988160
Index creation time: 1.78253s
Starting queries...
40774140
52649991
52738662
6512464
24856780
49909201
40774140
26993799
16786418
32129207
47252692
48246535
51792268
26698330
14889431
2227645
230654
24450104
24373339
21712492
51022579
10399745
46158587
11335901
9652090
40702689
12276641
4657490
41922540
2286295
23378817
7608881
28780520
19991334
21043284
25018412
41708222
53906908
20661799
31799646
53440283
43152453
49103438
15131969
2156496
20512681
1858160
4361498
53272603
5067332
12145490
52286874
21100498
15812198
20624124
53753937
53422196
48114385
16953410
49363314
29499563
24939228
51063967
16715582
20624124
3819377
12420633
14951640
1324948
1428983
5395465
1604748
15424982
27876960
2837218
53301872
14080263
50009865
706531
41797122
17011043
43718218
21141503
10061362
27223809
52348966
491297
14635842
31929077
4640041
30594279
20624124
11428066
52590876
50374134
7888041
10000503
11648523
51478847
5668781
10263919
42721147
50557302
21431599
51884371
30175032
228955
12145490
2756337
9829618
22131669
53613248
8452363
20512681
20956096
51575629
51684962
45930020
18040915
53834718
9407123
52845379
29535497
14706921
11140218
23983873
31997406
18543885
15251258
38887419
50374134
3906595
30780853
10980526
28024907
45940808
14859412
51722282
53053095
11232243
29331557
20512681
28641027
43434787
50818770
22516564
33871
53332718
51423706
25556898
10559726
53739758
29174423
40222083
12376298
53674844
21265690
33672884
20668682
51826250
42244954
52318683
8325984
15203767
6588897
5162989
11274
52379785
10388358
32367705
53656608
49156396
53886024
6599
34097901
52197456
32991041
53698406
29067541
11330840
53114643
45047169
12766856
994452
20512681
11308646
1543137
23195116
23612742
32738229
10607848
335011
19283396
15488892
45047169
53272603
5211929
17674609
27433735
21265690
6076423
3285237
14354701
52061586
53766097
53398265
10770004
53629705
9008092
21305219
4940473
5794263
22093683
38122739
53922683
23057911
10133506
9001144
22006186
22435153
2142027
8297044
4272498
53013875
28959717
17113254
20657845
20657845
49156396
21246639
49363314
1065569
7742509
3756253
11158488
20512681
10139323
11611567
4937742
11780391
1420769
2309910
14635842
4828404
53440283
41273718
28278258
25461674
27827377
16513480
53523093
35183899
28329449
9093424
53212141
14164441
29535497
53814618
52738662
47742148
53892457
27047324
10732194
22184804
33960605
389415
25964
51575629
846759
1327274
14651046
37613240
20512681
38748003
42025775
20620662
48896934
3191102
27274781
50903139
15603256
52649991
10705900
52716957
18444
5122872
11665838
43810658
53863034
2338811
3649953
53904290
24095188
53777776
921051
51302394
1838065
26148472
3884631
31536065
729086
25288641
15292189
20711897
20756529
50557302
10780703
15527466
18917009
2210921
53837828
34812
51756681
21133354
52313387
18153307
2030643
20512681
3492551
41340738
402974
29174423
47222135
51344857
18074237
4353836
19623854
27058370
53314552
28780520
1198161
497167
52716957
23018716
21100498
51684962
43810658
52738662
53892457
52824480
3502310
51756681
5944167
52906566
18830512
51835673
18323561
20711897
9672347
51792268
22127372
20620662
51858445
22617114
15637793
13111293
53908187
14467041
53932567
44176998
27098783
16971043
37480371
8954554
52532520
112873
53272603
47742148
16603361
1444638
15366336
29225841
21305219
19051188
53856305
45546805
47252692
34381948
21431599
44542937
3964854
23401906
754133
51063967
11155467
7119982
21043284
14694987
35624919
9477360
53739758
29174423
17294770
35798490
52998419
27098783
9037694
52527337
27464230
1431322
45216087
43241676
3594244
7575947
17294770
11584
2666192
19959441
20512681
22583471
12698292
23535486
29535497
24035613
671482
52738662
53354924
12430214
46811521
21160510
26208369
12073707
52379785
14681091
20391613
53277732
17962954
6866150
10188208
49663186
20657845
36340568
52766590
53612839
39493376
50557302
8739137
7459251
31333192
307956
44090688
337797
36435395
12376298
51267648
20791257
2877664
23591645
52649991
17259311
50420866
53856305
11391766
53864037
5088174
51826250
36340568
2198660
22441742
2154267
20927567
53277732
6491644
20624124
49761771
32326299
25178858
37823087
15773685
20620662
44166845
48402636
53250292
48862266
17908201
53698406
28379559
24517338
53444809
5477971
18171430
2700642
20793373
34800285
48368177
8994127
11474891
49765443
11474891
47222135
50514244
7091312
53919275
22554771
30969996
20383004
14914233
19386502
52876675
14396496
53613248
52850053
13388842
50903139
9822858
10544367
50814081
53564026
50557302
53904722
8917572
9458037
20661799
15270835
23134064
11110439
14314772
20512681
53351136
50169936
52226287
51186254
17674609
1787801
3092097
39430266
6142326
5750990
4366227
48402636
11007621
5403263
20711897
4748983
206798
30175032
21160510
21844583
22535306
21885638
10764779
52286874
1043
17701306
40222083
53927013
31217209
53572795
53534651
253344
363078
470222
37925027
20909346
18996986
49565967
19769818
218568
34176905
22955758
46600542
21986736
22840676
3295028
3594244
44542937
9086541
14620692
51756681
13468467
53899256
40885047
20624124
10918442
241084
16136317
43797383
50146526
13808639
15206101
53209209
3276619
49663186
4966149
25713611
45940808
24690281
50146526
3540342
2820514
53534651
41495476
15852879
51186254
20512681
11665838
13174508
45047169
35216782
14860262
51994926
15852879
9950252
3500513
51932520
53927013
188776
53108172
20793373
52824480
430640
14287153
3926455
42553915
53013875
20512681
20844448
30354117
35620325
53794650
31484602
48246535
53766097
21043284
11029474
15732706
53354924
50557302
20620662
7109235
18766268
10332245
325812
26884538
20999080
53890343
9757169
9021870
20512681
21431599
11290180
21306232
22547488
53534651
14821599
20738557
21378001
53712616
24013159
52286874
39430266
52028931
8946591
3594244
32884476
4133480
18587507
21371822
52409436
13087259
50604315
46949915
8878885
16966647
52878957
51186254
53398265
22281352
5877298
20661799
20835950
48368177
53723230
53534651
16694543
2350753
53900341
53013875
47111658
7522097
23277063
38748003
20216589
2660041
20383004
10164306
52409436
53911773
26345264
44090688
43921010
10455100
10121128
11061005
20899720
16099028
21141503
52766590
52091014
24879382
23010296
36822350
1276781
50146526
9407123
45047169
9125141
857079
15812198
33426711
3369611
19627720
53135294
27530527
30882761
22399227
1045199
2454401
3044465
276234
38990508
19821246
1746295
20775250
51738756
20499974
53900341
51975839
18323561
43718218
4797909
44166845
10297426
20620662
38351255
1859011
26535237
50009865
52197456
52532520
5212057
23537746
36825838
20512681
515478
53777776
51498433
11913605
50942505
22121562
40774140
23442826
13521818
43797383
51575629
8855517
52348966
20512681
13419208
50775420
21552643
53906908
10775576
22281352
42141677
13077784
53629705
2578696
51994926
29807413
21265690
44538493
52527337
24736550
52197456
27605275
53904290
21285420
17981527
20793373
10653383
3376909
15001735
53900341
15732706
9558275
20714775
3444321
52850053
5131465
11099227
20899720
11187342
20657845
22200299
2669378
50468867
16298042
34800285
2249308
52112268
15907119
31536065
21601539
38564616
20738557
9579511
13576064
51788689
20661799
9729195
15470282
53013875
6258640
28126075
53156927
52409436
348644
52796028
20738557
1303593
49283250
20512681
20999080
34381860
52491566
52274322
17273614
48343469
14709436
23952725
755648
49859305
11220488
20624124
25084397
11702229
49713524
46464591
11665838
43624182
20153667
20512681
44043596
1579546
49592265
48668098
2687950
9107391
50982361
51186254
21631974
23479820
7575947
25548814
3086223
30969996
53277732
34751858
25308345
53417614
5251228
41454870
20063353
324987
3697988
16590118
2481009
52845379
44538493
52561897
24035613
10289511
53863034
28278258
35889448
49959147
20512681
53422196
15656641
49761771
33402073
19738291
397864
22062054
20270686
50814081
22583471
9507225
9565616
16811525
14024822
14916486
53374598
33029836
27948273
20661799
20620662
53613248
2660041
52348966
49194077
4860716
3373903
53906908
22739470
1184212
14140436
6088341
53766097
53845537
4940473
4599113
15155650
53626182
53924034
15732706
18963731
20714775
3068077
3691184
1281849
32884476
5647011
41340738
996903
27320619
2725889
52061586
51128547
7628754
14832998
52649991
15203403
20512681
4205181
22429512
51302394
52766590
19083643
53613248
53924034
53904722
12606058
54258
15203767
53139517
33252470
21601539
53911773
25565072
52274322
11353847
38139689
9709469
4599113
21247423
53698406
51585046
52532520
49761771
22516564
9407123
22774550
16280725
22693877
33710038
29522
29120638
11963688
2976358
51063967
20835950
52846474
16257107
42605327
18153307
16204589
23847859
20582610
53753937
10088134
53924034
53711908
23479820
21021731
17386002
53108172
8444155
53613248
29664054
17547123
46788611
23233026
2210820
14645549
53597118
53641733
23340740
51835673
Total points returned by queries: 27052977191
Total queries: 1000
Avg range query time (ns): 4.41089e+08
