found flag dataset = ../continuous/stocks/stocks_linear.data
found flag workload = ../continuous/stocks/queries_0_w100.dat
found flag visitor = index
found flag rewriter = ../continuous/stocks/stocks_linear.model
found flag outlier-list = ../continuous/stocks/stocks_linear.outliers
Dimension is 2
Loaded 1000 queries
Found 284996 outliers
Loaded dataset and workload
Sorting data...
Time to sort and finalize data: 5.7797s
Not using datacubes
Compression time: 1.69013s
Indexer sizei (B): 1325559272
Index creation time: 7.4708s
Starting queries...
2898542
13803708
860896
7517875
3351967
13384280
16394819
2160278
16611771
12078671
5522633
14482211
728076
3070590
5331172
4667807
5526774
8504482
435813
13884988
268093
322352
3644296
13035905
5185692
2842508
2672755
13367267
3453638
2275486
14863719
2412173
8344868
3354339
9787651
14318141
2712638
2024956
10275145
1237416
9458253
13205034
949
7339519
5361357
2257058
3994291
8755768
6738017
8290398
14471548
14897012
3548885
2405657
3918448
5570718
1931752
1755125
13453948
13035905
3534010
6515024
12465956
3261609
8107928
6001298
2218097
15903641
2221893
4898064
2193986
2712713
2082531
2764107
390629
16228764
16765072
61941
13367267
16488628
2438686
1183461
10038710
8217175
86256
16277485
2695308
11274323
3024026
4372479
5548163
15375984
11797095
3594703
343089
13273052
5124087
6347397
482227
2399812
5599446
295857
6832215
13618547
16319932
80301
14123697
6725571
65065
2275054
7222456
22727
2742734
1026934
4831553
16430302
5399628
8733058
15075474
13535185
4682906
13842691
12522197
2162027
2221893
2416359
10658325
3453638
13035905
4578607
3196343
2659758
2653033
2679402
2875903
12522197
3816197
7646724
2251985
2348356
16711347
16525531
15743155
465702
15838554
14067262
2148760
2731955
6108473
364405
13035905
12721631
10570967
4195841
2410730
16319862
4671348
2278331
103954
4531092
637787
13842013
225668
7289959
6577137
312868
15743155
6694701
3506444
13899398
10975304
8072516
16430302
4883560
15797380
4244365
2101074
1113476
15499549
12355736
579155
10233785
6057727
19107
4779021
7044082
14554140
2677229
2932084
360700
216693
2691395
13089838
2968896
13174746
13618547
887931
7503592
443230
509690
3197546
8199329
6836230
9372516
273670
10347943
25816
3518964
2079583
13453948
488644
3576758
2141838
450156
10275145
16237162
7087745
4719565
2172108
8199329
541533
4757456
1062620
14482211
16454892
162122
8664376
2109228
3781423
4395307
491731
4524601
5202101
141538
2888724
2232881
9400667
14177786
5064439
2907530
2137421
14177786
2221893
14815599
13271460
869190
2081683
15719174
15850617
10233785
381072
265577
242996
4212853
2737141
1325714
4360565
14009454
2088067
16552444
2154820
1755125
1827656
669054
1492865
13686879
12170909
918555
14506781
14482211
14672554
13146440
15535780
511392
13535185
16352681
2931998
13174746
2061875
15715267
453936
2715828
16430302
14830701
809785
1236478
7017013
5526774
2290962
2964425
4645055
4333752
5554235
9683169
9822890
16237162
13667313
829371
852391
3490845
3858472
920317
12913711
2324705
5289043
13089838
4086504
7911005
9856855
9283369
8199329
3251628
2659758
13618547
16726840
16552444
7003052
8968473
14672554
2020550
10233785
1656103
2440499
515604
643012
6295316
15454760
6065986
10883739
4682906
1498130
3646679
1958025
16648284
2157123
3452851
588786
7872381
2798438
839843
59517
15395952
3271957
85706
15340332
2332654
1658568
2311661
79927
3461793
1079778
59870
2879485
11278484
13035905
6952151
1457
1151086
441971
13987524
247096
5845133
160449
4439286
16667901
8326572
7235979
3102463
14123697
5575932
14394752
4757456
15628971
14739240
3879204
1117900
1072285
12747449
831394
4491147
13631540
4802833
7872381
4941630
8733058
925215
5180458
13035905
8328843
4817004
3543849
16765072
15141117
2710407
6113091
16552444
3752816
3722263
16790295
15838554
549487
9928000
13035905
13330383
16291815
1994151
15628971
5845133
64112
12078671
1058705
3040842
4073988
2202363
6356863
8199329
4372479
3635825
14230757
8415566
771132
10155627
246853
16611771
9001
14936795
15610616
15075474
11008880
8922147
601776
8524989
8289683
2082926
14193298
5828620
3937581
59009
5019333
8548171
2209992
16695241
9520260
10347943
3001326
13035905
2467737
5239416
5164662
13035905
3131619
2981261
11743466
1142976
10795766
13842013
13718862
2209992
10062268
15333943
7623634
748984
12818916
747964
16667901
16695241
1255094
4757456
3679846
5261735
772198
14394752
2798438
14318141
2684430
2957664
9043841
10742674
158373
244712
13035905
7027766
86493
2317063
1257926
2979416
2675966
9795637
1194726
14296328
3507007
13035905
13271460
1168900
5358089
4405966
15559588
7547937
2127198
346166
5868625
3749033
1457012
4930658
13035905
9176405
16352681
11325264
11790295
3858472
716958
3563720
1704082
13941418
118897
2914704
14936795
3431836
4958861
2645098
13500306
16783432
936609
398380
3103087
1081349
2964425
8363706
10038710
3781423
1364709
3370480
1566125
6599945
5088407
5070106
3602850
6365861
3119498
6608747
12170909
2736547
13987524
6215581
450232
1203377
9891664
13535185
2922059
6432
176816
270292
14068318
2127198
1677
3460
6995457
16642873
16726840
2129967
509346
7942575
3220766
2676637
16041772
61242
4405464
8968473
2715536
4610922
16637851
3628828
408908
6448237
14815599
16790295
16576815
5836804
7329108
14394752
2893562
2682435
10828847
431782
13667313
13035905
13667313
15141117
7517875
13174746
7474836
9926575
3022561
13035905
2730483
575322
2204383
5394705
4045146
11790295
5908042
11375179
6259684
16765072
4035015
4946134
2032246
14791373
15141117
13436145
2838957
189449
9089928
3084374
16357311
2112773
12170909
8144061
12078671
2823596
3354339
15951940
338
7087745
7017013
11634261
6573349
13035905
2742734
6905077
3711110
4991681
4158168
13035905
14554140
2178273
7003052
5860055
180432
6962939
16277485
1177282
2964425
2214711
423329
5206164
45927
13842013
4682906
5195238
6215581
5505502
2982435
15850617
3056590
4719843
13330383
6958593
4215865
14561589
47803
2403328
7804344
4456618
1178776
242996
438834
4282753
692616
2964425
5010621
14830701
2683034
13035905
13330383
103243
2080161
7150409
16405513
6751505
470932
16790295
6227255
1121991
2678413
16642873
6832215
2593124
2243562
2681455
7651349
16648284
2913437
13035905
47977
5498573
11123902
4949513
5460534
9337584
2152652
16277485
381829
3858472
2105617
16053710
15394956
2698558
17271
2684727
2380142
6347397
3992077
13035905
13330383
3873459
5715813
10742674
11222050
5261735
2178273
9397152
1441715
866296
2007792
4682229
13174746
2789046
1653298
2382531
8686088
13388023
1622
13543860
15838554
2700514
270643
4322106
13987524
421284
36298
13271460
8780300
3762217
3563720
13803708
15345451
1998377
5351860
1418874
12248181
13899398
2983300
7289959
2079766
13035905
573183
11688338
2081272
1746821
4896174
2179276
13271460
12860327
247045
13555413
16357311
2809527
2685259
917312
5239416
1476468
15628971
5381371
7139800
263963
14153037
3927552
2358980
2079153
13035905
3873459
2677229
14123697
2812053
14554140
2740065
497050
15559588
16053710
7636113
328199
2710454
10616460
4354390
11471111
2421155
2679402
2419467
497472
3232766
6001298
4577417
16631691
2502084
2717531
14249015
5690246
2227358
16642873
15066
16761055
74720
11688338
4112696
5604658
13667313
138976
13271460
8733058
328252
2581051
13035905
5010621
859080
13035905
5217873
2872286
794778
6766093
2137786
11222050
16783432
1480292
3308714
16642873
1639477
12511887
14394752
9068963
5302374
9068963
16745473
8595406
5554235
27858
2215826
8056314
458304
8069955
2385120
5195238
13436145
341338
2158720
15345451
10505573
3042341
14387419
2148020
6448237
16711347
9610635
14842090
2951140
16652440
4597558
4817004
6751505
7289959
13884988
6864662
1436785
6530287
1120648
14284930
7249672
5542652
644897
4390514
13101354
3983865
14031351
15996475
2904956
8072516
10444904
456447
3264096
1224203
944665
757996
3527812
2261099
11448429
3781423
2760768
4311603
141487
2028735
5969482
2080668
2079624
14830701
425563
757996
6138885
14786156
13436145
15375984
3313072
16228764
14731913
2683855
6146929
15127265
4492875
14296328
2243562
13842013
13089838
28058
2958635
14177786
3043219
2642969
3395690
8113427
2834552
4402731
15395952
4524601
4019281
79518
15903641
5592388
6012766
11634261
16695241
6972449
13089838
4443071
2109991
15628971
13174746
13035905
3679846
8372269
2678552
4157866
13736171
2743912
7547937
6108473
10742674
2700437
159442
1985118
4912730
16788067
5217993
6558469
10397678
341316
5927882
10883739
6725571
15007200
5613957
6670169
1096232
7150409
11903146
968326
1369331
15499549
6151787
2692845
7443752
294526
3952811
3992077
13618547
5851010
13271460
8880751
5627984
6318987
3697631
433418
8198380
532752
9076104
704396
6915389
2859465
1282772
7386038
7788078
14296328
Total points returned by queries: 6747942516
Total queries: 1000
Avg range query time (ns): 7.60508e+08
