found flag dataset = ../continuous/stocks/stocks_cm.5_4.data
found flag workload = ../continuous/stocks/queries_0.dat
found flag visitor = index
found flag mapping-file = ../continuous/stocks/stocks_cm.5_4.mapping
found flag outlier-list = ../continuous/stocks/stocks_cm.5_4.outliers
found flag target-bucket-file = ../continuous/stocks/stocks_cm.5_4.targets
Dimension is 2
Loaded 1000 queries
Found 0 outliers
Loaded dataset and workload
Reading 6441 mapped buckets
mapping
Finished loading mapping-file
Finished loading target-buckets-file
Finished coaslescing map
Sorting data...
Time to sort and finalize data: 4.46e-06s
Not using datacubes
Compression time: 1.66313s
Indexer sizei (B): 269224
Index creation time: 1.68463s
Starting queries...
27391560
28268591
78334897
39765181
43194978
3455078
27274781
78897600
640466
21710472
18224168
29260577
36941921
54961482
78263203
76306212
76124952
78397533
77668568
70699134
25927464
77758281
25313833
78011394
76930455
51928317
2118883
77127505
17625771
78438778
27470469
45824748
78667541
77893477
35731517
28974738
730696
34789986
73750257
77616181
29075767
73901733
9544774
78752471
30967963
31676975
22880646
6930237
11012209
27556764
33348751
21808596
12680650
71495956
78644125
74731017
66799962
76087281
77380082
758133
34248363
31883047
79016196
5413490
78046224
72478025
27998867
27274781
78649603
642805
13778338
74290685
76714291
27495675
69540376
77126024
78084198
78011394
36387676
71910382
78701633
22008139
27896632
73634386
68520700
8657376
77064147
74931005
77800755
66043108
70378174
51363369
17638210
1555841
57854186
69981108
78800327
28719744
48651836
13435568
36072341
78911787
28793689
78985493
8039139
29355078
43956294
76969130
61667163
18980707
27684382
28535819
52828374
11465263
1769909
6028709
78467480
78935402
7577938
35211274
76933250
13011376
12370213
33651297
37155397
77968606
71053402
27274781
76031999
10795940
55348742
24823892
20992173
77114622
77571914
72114098
30262181
78133152
64045827
27274781
61667163
55747251
76500997
76933250
58797609
25511520
12740499
25660600
32679245
12654561
6058941
77942581
78553264
4658708
98831
58123942
637926
40747182
73634386
78843693
14590708
77951597
10499231
55470
70917902
11176503
77017007
15248163
27998867
77699096
43064024
54150362
71580035
46696542
27950889
78133152
59943964
39377
8348687
16632414
48563087
78498762
77221537
9400138
68912837
78563527
76222880
5584897
30163388
38076930
59306
27274781
77039727
78768911
7718180
74864354
76761222
27871201
15510999
27274781
78955748
14428613
73813707
78844918
4650861
71227192
1284423
18894302
46854540
2923426
41902428
22121999
75286900
76714291
78794260
77758281
77899490
3902924
34101972
67322052
62019621
74864354
31430001
50243052
27274781
43592422
74820424
60724466
78988918
5123013
18477466
15224008
31597247
1723189
74376682
77916432
78994005
76210999
27754380
30602403
74512489
6148285
75923193
70418952
78430621
51579959
15454052
74177989
27274781
76509841
1584092
76474157
1367598
78565376
78565376
78701633
25970513
22945375
74820424
76931505
78412543
78494957
25570953
77173948
76894905
77514475
57225079
26872482
78165243
17560812
58356461
73464396
27470469
21434976
38024164
54464431
4464913
71405604
77295782
27391560
14085460
54926266
21958060
77765862
78897600
78953851
74900437
3596833
77215490
61317891
19038400
78788371
13463122
1333133
79023666
18224168
25064756
78692691
27391560
34304020
73935407
35858401
1367598
27615526
77778903
78857417
76087281
78075626
17001925
67999590
29472932
75809452
78844918
19535618
27950889
4340044
28985297
17715427
20610599
8020077
1618923
72478025
27470469
23034088
78800327
35875459
78853289
9945954
77560074
40147420
21808596
77514475
75632386
176255
10871103
59012194
17332
72841145
77822109
78835560
67979668
316454
71710590
78732008
76144962
36430763
30493698
28385259
16765713
22692530
61758776
23585635
78291567
38076930
74598582
2867
77017007
19403987
77942581
27445084
40635802
64258058
29605573
76610678
11761786
76661279
67599935
10047095
8712377
79024932
75923193
37510764
73842268
56622455
27588957
27274781
62942527
21513437
73940458
76874102
27712943
27615526
18519071
2560459
18268557
77742465
59683982
18785262
76087281
27391560
74355595
78939502
72821421
68545366
77699096
27274781
27274781
62523357
78397533
66043108
29988069
17825837
78302366
40256077
8304589
79026430
34924132
77656627
78808081
23017567
71580035
79012369
22137175
78335484
34349098
72583830
36164236
26698020
78897600
48217259
12047
1561702
4860899
10292513
12847526
71945483
13011376
57038503
78691490
37308742
27712943
15148473
78565376
57974052
33101586
27556764
32129867
78616102
33366824
78834180
38341835
59378813
11465263
27615526
27274781
54243842
43326262
46293312
72471462
33562014
69137940
32118901
79053383
69214540
79026199
78186862
55184662
59012194
78636261
33721327
78155575
33026620
1372220
76874102
28504076
74355595
78677195
27470469
78625749
54027676
79020326
27442954
23158313
27274781
13602212
77514475
70628510
7329899
24207940
24993483
62372211
73750257
14287716
75254760
65660646
3659568
2120944
78800327
78182754
45198683
79003358
833938
35554423
27996053
23979758
47849092
46854540
74145784
7018395
36653617
60351634
27274781
76314962
39422357
75859059
78773663
77493748
9749879
73842268
47015408
25801800
833085
24207940
4604379
71495956
33027851
77347750
5387205
77342494
78598590
43592422
8438627
44719898
36916482
70872559
34475620
41478766
18717053
27274781
78691490
32820849
1853250
68715398
78902548
19067096
17436298
29356476
78742625
44773992
78762685
78877865
78133152
76101728
14720497
42092225
434635
3604987
8496294
78942931
71869918
29451219
462171
70959119
30892563
51363369
3935867
27442954
21401828
79016196
27950889
32421635
13348809
77283986
75859059
76812573
24141003
42705705
53906402
77637294
11392390
25609016
48989331
20101928
77879881
7042852
78046224
70619019
16468590
77656627
26627612
68961936
28268591
70746195
78788360
31315214
15454474
77283986
72862987
25199616
16945396
8806477
79016759
77778903
50403381
76675394
77593894
69633674
29451219
49608152
11199073
11654856
1984644
5527728
32679245
58536024
74731017
76509841
72934703
77409104
48981117
59503271
8958059
72583830
78797297
6297756
42230127
13741464
2213289
52334042
2400376
71949310
78768262
73705086
76946105
72071771
22553525
78940836
78942931
78797297
56136463
79012906
75809452
79053383
77039727
54150362
76969130
77215490
79020326
28848103
28535819
27871201
77286086
78667541
1464720
71227192
17098453
7879749
28848103
28385259
17035842
39167661
77859255
27391560
63403118
77571914
78413262
26444343
16706368
78498762
78911026
72862987
7875812
30328286
73842268
5786386
53233512
29849
76668512
29105796
33863000
76688054
44327238
1124403
38496640
3912686
72396030
19414670
77742465
69981108
79016759
17825837
790219
78199709
73007883
78288881
55637164
78889681
77612068
78616102
69465357
77432352
77544901
17825837
37249029
76231531
27274781
21302057
46293312
62019621
53663321
66214080
76874173
22354162
79020149
24346690
78553264
5671968
63477906
78403932
77942581
41535477
17839159
78967782
40873882
77017007
45999876
27561719
58123942
58978454
78334897
6919362
77728263
7625269
44271365
28504076
23529480
75672391
27712943
48201357
76946105
14680516
44955721
10292513
79025228
14931410
77071713
30495547
29799657
1159041
76002447
77114622
57419236
75796664
77432352
35325419
35554423
18049210
47738971
6209720
16373955
39166232
3399145
58263090
47341050
76714291
27888405
68822069
1930820
5463986
73663543
74276484
78312359
63936187
77786956
77017007
8474543
78084198
23244091
64682252
66799962
53421
22929311
78498762
29095065
32880352
79021781
76697235
7213248
62870345
78165243
57313173
78953851
27274781
73021897
645660
27996053
27442954
23907136
52355338
73748211
15535207
78940836
30495547
50842122
72107218
24607862
78947259
69877995
18490103
78752471
78969491
7770638
51154119
78794260
75170139
72841145
29767947
72742285
78046224
30602403
75421835
78983772
78364737
79024932
4776372
78263203
46293312
14074118
39876840
69137940
27442954
76921294
27442954
35118870
57419236
27996053
70418952
38937656
27391560
77549848
32752267
78797297
55476701
27442954
25759496
77493748
27924775
27391560
40256077
78985493
2206917
27588957
18239998
8001185
77286086
44003441
27588957
77419735
8801310
59545768
20744128
29233189
78920441
965867
48201357
77998470
73778332
5722725
78778413
78084198
29651452
29301885
7936009
62523357
27274781
71877733
22729722
78988315
78351461
36844404
27162705
60423106
70150228
79020149
55242895
40752968
17277056
627054
78359750
48384285
75560784
79025522
78198805
32925266
78246599
27391560
6527459
42727309
4842838
69633674
63658712
79021781
56232887
51689924
15711276
43491740
75023259
1950657
3283044
78691490
46695467
78980048
76447451
73705086
78458885
30805026
56627868
78702303
78896183
25082886
28020872
25082886
78882940
27845644
8486312
1393518
27116573
27445084
77742465
70619019
47681202
33348751
52429679
74679818
43957563
24537297
65204239
4969822
77263212
17335388
77342494
171709
4677854
18570659
72782658
74820424
78278279
47423335
51798878
38049062
15599982
49608152
78335484
65118456
53736930
72934703
77998470
7940189
57990367
28219246
3511050
5935577
46369032
74623591
79025522
46514124
27284505
10436963
78182754
28462856
78732008
78716781
72934703
5701045
4417352
52709001
398493
32715925
71313718
76697235
27470469
43127643
29635483
31046553
71495956
19777178
74146897
32227665
33348751
78046224
30967963
27274781
78121029
78834180
79014143
74145784
61392486
76874102
9062611
75179242
77637294
5023515
66935320
1900634
1756
79057643
79025228
73128933
71784578
2668978
Total points returned by queries: 47306371214
Total queries: 1000
Avg range query time (ns): 1.07663e+09
