found flag dataset = /home/ubuntu/correlations/continuous/chicago_taxi/chicago_taxi_cm.4_2.data
found flag workload = /home/ubuntu/correlations/continuous/chicago_taxi/chicago_taxi.4_point.queries
found flag visitor = index
found flag mapping-file = /home/ubuntu/correlations/continuous/chicago_taxi/chicago_taxi_cm.4_2.mapping
found flag outlier-list = /home/ubuntu/correlations/continuous/chicago_taxi/chicago_taxi_cm.4_2.outliers
found flag target-bucket-file = /home/ubuntu/correlations/continuous/chicago_taxi/chicago_taxi_cm.4_2.targets
Dimension is 2
Loaded 10000 queries
Found 0 outliers
Loaded dataset and workload
Reading 2127 mapped buckets
mapping
Finished loading mapping-file
Finished loading target-buckets-file
Finished coaslescing map
Sorting data...
Time to sort and finalize data: 4.681e-06s
Not using datacubes
Compression time: 2.10642s
Indexer sizei (B): 533680
Index creation time: 2.1205s
Starting queries...
True: 13
True: 1
True: 629
True: 4
True: 2
True: 2
True: 2
True: 5
True: 1
True: 1
True: 44
True: 12763
True: 69
True: 11
True: 34
True: 211
True: 6
True: 1
True: 21
True: 4218
True: 17
True: 3
True: 2
True: 2
True: 19
True: 9
True: 12
True: 1
True: 21
True: 2
True: 2
True: 12
True: 37
True: 109
True: 2
True: 1
True: 1
True: 2
True: 11
True: 11
True: 10
True: 38
True: 5323
True: 1
True: 106
True: 1
True: 4
True: 5
True: 3
True: 1
True: 2
True: 51
True: 683
True: 17
True: 1
True: 45518
True: 3
True: 10
True: 1578
True: 6
True: 2823
True: 2
True: 1
True: 5
True: 106
True: 6
True: 7
True: 1
True: 3
True: 1
True: 28
True: 4
True: 10
True: 21
True: 1
True: 1
True: 6
True: 10
True: 25
True: 1
True: 8
True: 1
True: 1
True: 1
True: 4
True: 1
True: 4
True: 1
True: 1
True: 1
True: 1
True: 25
True: 1
True: 1
True: 2
True: 1
True: 1
True: 3
True: 1
True: 2
True: 43
True: 9
True: 35
True: 5
True: 1
True: 79
True: 98821
True: 1
True: 5
True: 1
True: 1
True: 7
True: 1
True: 2
True: 127164
True: 340
True: 1
True: 1
True: 47
True: 75
True: 9
True: 9
True: 6
True: 2
True: 1
True: 1523
True: 214
True: 40
True: 3
True: 4
True: 4
True: 56
True: 2756913
True: 81
True: 2
True: 22
True: 1
True: 5
True: 3151841
True: 1
True: 1
True: 2
True: 2
True: 6
True: 1
True: 8
True: 185
True: 2
True: 29
True: 11
True: 11
True: 2
True: 4
True: 1
True: 1
True: 1
True: 331
True: 1
True: 2
True: 2
True: 7
True: 1
True: 15
True: 1
True: 5
True: 21
True: 12
True: 1
True: 12
True: 85
True: 1
True: 7
True: 5
True: 5
True: 430
True: 1
True: 2
True: 3
True: 1095
True: 1
True: 2
True: 3
True: 3
True: 2
True: 1
True: 1
True: 1
True: 3
True: 182
True: 15
True: 20
True: 6
True: 15
True: 1
True: 6
True: 1288
True: 5
True: 4046
True: 2
True: 1
True: 2
True: 32
True: 1
True: 12
True: 1
True: 1
True: 3
True: 35
True: 166106
True: 2
True: 11
True: 790
True: 1
True: 13
True: 1
True: 1
True: 2
True: 3
True: 2
True: 176
True: 1
True: 1
True: 1
True: 1
True: 347
True: 1
True: 6
True: 9
True: 7
True: 15
True: 2
True: 35
True: 284672
True: 5610
True: 1
True: 5
True: 1
True: 2530
True: 1
True: 8
True: 1
True: 1
True: 43
True: 1
True: 11
True: 4
True: 1
True: 1
True: 3
True: 462
True: 4
True: 320
True: 1
True: 2
True: 1
True: 19
True: 11
True: 1
True: 2
True: 8
True: 4
True: 1
True: 1
True: 2782523
True: 4
True: 989310
True: 1
True: 2
True: 15
True: 1
True: 1
True: 5
True: 1
True: 2
True: 94
True: 2
True: 5
True: 40
True: 6
True: 395
True: 1
True: 1
True: 4
True: 7414
True: 1
True: 13
True: 1
True: 1
True: 5
True: 3
True: 24
True: 89
True: 17
True: 3
True: 1
True: 1
True: 61
True: 24
True: 1
True: 2
True: 3
True: 4
True: 4
True: 1
True: 32
True: 10577
True: 3
True: 7
True: 1
True: 4
True: 1
True: 26
True: 5
True: 40
True: 3
True: 3
True: 1
True: 1
True: 31
True: 1
True: 119
True: 5
True: 2
True: 277
True: 1
True: 1
True: 1
True: 1
True: 89
True: 1
True: 2
True: 1
True: 1
True: 11883
True: 1
True: 8
True: 1
True: 8
True: 1
True: 3
True: 19
True: 7040
True: 1
True: 1
True: 2
True: 1
True: 7155
True: 54
True: 1
True: 7
True: 19
True: 1
True: 16
True: 1
True: 1
True: 1
True: 1
True: 1
True: 602
True: 5
True: 1
True: 1
True: 2
True: 14
True: 567
True: 3
True: 4
True: 32
True: 1
True: 2
True: 6
True: 1
True: 3
True: 17
True: 2
True: 2
True: 3
True: 2
True: 4
True: 8572
True: 6
True: 17
True: 96
True: 9
True: 1
True: 8
True: 5
True: 95
True: 6
True: 2
True: 1677
True: 5
True: 3
True: 8
True: 1
True: 4
True: 2
True: 111
True: 35
True: 1
True: 46
True: 46
True: 8
True: 371
True: 4
True: 1
True: 4
True: 115
True: 2
True: 5978
True: 2
True: 3
True: 1
True: 1
True: 219162
True: 2
True: 43
True: 11
True: 1
True: 9
True: 19
True: 1
True: 24
True: 3
True: 1
True: 1
True: 23
True: 15
True: 8
True: 2
True: 12
True: 5
True: 8
True: 21
True: 417321
True: 9
True: 4
True: 195
True: 1
True: 111
True: 416
True: 43
True: 824
True: 6
True: 10837
True: 70
True: 12
True: 1
True: 8
True: 1
True: 7
True: 2837
True: 8
True: 441
True: 2
True: 4826127
True: 14
True: 299193
True: 4
True: 16
True: 2
True: 1
True: 3
True: 1
True: 1
True: 4
True: 1
True: 79
True: 2
True: 1
True: 13
True: 139
True: 24
True: 3
True: 5
True: 618
True: 96999
True: 9
True: 16
True: 18
True: 2
True: 2
True: 50
True: 1292173
True: 4
True: 1
True: 1
True: 2018831
True: 26
True: 18082
True: 14
True: 1
True: 8
True: 1
True: 24
True: 31
True: 36
True: 40
True: 7
True: 1
True: 1
True: 20
True: 1
True: 1
True: 1
True: 10
True: 1
True: 25
True: 661160
True: 1
True: 3
True: 1
True: 17
True: 1
True: 1
True: 1
True: 10
True: 9
True: 791
True: 1
True: 113
True: 5675
True: 15
True: 62
True: 3
True: 2
True: 1
True: 14
True: 17
True: 203199
True: 170
True: 2
True: 1
True: 3
True: 1
True: 2
True: 4
True: 2
True: 5
True: 2
True: 2782523
True: 1
True: 2
True: 1
True: 4173
True: 1065
True: 38
True: 25
True: 6
True: 2
True: 164
True: 1
True: 1
True: 4
True: 2
True: 1
True: 3
True: 168
True: 17
True: 1
True: 4
True: 4
True: 22
True: 10
True: 2
True: 4
True: 7
True: 1
True: 4
True: 1
True: 2
True: 1
True: 90
True: 1
True: 3
True: 4
True: 3
True: 1
True: 50
True: 3
True: 75779
True: 5
True: 6
True: 12
True: 108
True: 2
True: 1
True: 208
True: 32
True: 1
True: 7
True: 2
True: 1
True: 3
True: 20
True: 1
True: 57
True: 36
True: 1
True: 3143
True: 3
True: 1
True: 4
True: 43
True: 3
True: 1
True: 21
True: 2
True: 1
True: 1
True: 1
True: 26
True: 299196
True: 2602
True: 1
True: 9
True: 2
True: 60
True: 1
True: 20
True: 1172
True: 119
True: 14
True: 2
True: 1
True: 1
True: 16
True: 22
True: 1
True: 24
True: 353878
True: 5
True: 1
True: 1
True: 2
True: 13
True: 2
True: 15
True: 13
True: 1
True: 1096
True: 148
True: 1
True: 12957
True: 1
True: 3
True: 212766
True: 1
True: 1
True: 2
True: 1
True: 2
True: 28585
True: 5339
True: 2
True: 1
True: 25
True: 2
True: 35
True: 23
True: 245
True: 5
True: 2
True: 1
True: 13
True: 1
True: 1
True: 1
True: 1
True: 19510
True: 82
True: 5
True: 1
True: 939
True: 20
True: 1
True: 8
True: 5
True: 7
True: 99938
True: 10
True: 1
True: 5
True: 4
True: 1
True: 1
True: 7
True: 48106
True: 1
True: 1
True: 3
True: 1882527
True: 1
True: 8
True: 3
True: 1
True: 1
True: 4
True: 1
True: 7
True: 1
True: 1
True: 3
True: 13
True: 10
True: 2
True: 10614
True: 1
True: 31
True: 7293
True: 7
True: 1
True: 2
True: 2
True: 179662
True: 112
True: 1
True: 36
True: 1
True: 14
True: 1
True: 3
True: 1
True: 4
True: 1
True: 26
True: 19
True: 2
True: 2
True: 6
True: 1
True: 1
True: 4
True: 184
True: 1
True: 1
True: 14
True: 101
True: 1
True: 5323
True: 7
True: 23
True: 1
True: 1
True: 1
True: 9
True: 1
True: 7
True: 1
True: 2
True: 7
True: 7
True: 1
True: 4
True: 74
True: 1311041
True: 10
True: 3
True: 31
True: 780676
True: 2
True: 1
True: 2
True: 11
True: 6
True: 28
True: 3
True: 13
True: 79
True: 3
True: 2
True: 1
True: 3
True: 21
True: 4
True: 1
True: 47
True: 2
True: 1
True: 184159
True: 1
True: 2
True: 5
True: 6280
True: 121377
True: 1
True: 87
True: 15
True: 112
True: 3
True: 18
True: 1
True: 6
True: 5
True: 6
True: 59
True: 2
True: 5
True: 1
True: 1
True: 8
True: 4366
True: 9
True: 4
True: 1
True: 2
True: 4
True: 366
True: 5
True: 2
True: 112210
True: 13
True: 7
True: 3
True: 7
True: 51
True: 2
True: 3
True: 44
True: 2
True: 1
True: 1305
True: 13
True: 3
True: 1
True: 1
True: 2
True: 1
True: 5
True: 1
True: 1
True: 1
True: 6
True: 7
True: 30
True: 1
True: 13
True: 1
True: 2
True: 1
True: 9
True: 5884132
True: 25
True: 25
True: 1
True: 1
True: 12078
True: 1
True: 3
True: 9
True: 3
True: 2
True: 18
True: 1
True: 19
True: 2
True: 21483
True: 1
True: 1
True: 22
True: 7
True: 3
True: 4
True: 14
True: 1
True: 1
True: 412446
True: 1
True: 2
True: 2
True: 2
True: 14631
True: 1
True: 1
True: 1
True: 1
True: 213
True: 3
True: 109
True: 195824
True: 1
True: 10
True: 1
True: 12
True: 4366
True: 1
True: 3
True: 1
True: 2
True: 3
True: 1
True: 2
True: 2
True: 13
True: 1
True: 1656329
True: 7
True: 540
True: 6
True: 5056
True: 8
True: 23
True: 30
True: 1
True: 1
True: 1
True: 340160
True: 2
True: 1
True: 1
True: 2
True: 127
True: 1
True: 1
True: 2
True: 1
True: 1
True: 6
True: 1
True: 766
True: 3
True: 32
True: 496304
True: 3
True: 10
True: 4
True: 11
True: 1
True: 16
True: 1
True: 771
True: 2
True: 9
True: 76315
True: 1
True: 2
True: 4
True: 3
True: 1
True: 5375
True: 53
True: 7
True: 3
True: 1
True: 2
True: 10
True: 1
True: 1
True: 30
True: 28
True: 1
True: 1
True: 7
True: 1
True: 410
True: 5
True: 11
True: 1
True: 1
True: 1
True: 2
True: 4
True: 1
True: 1
True: 7055
True: 5
True: 1
True: 1
True: 17
True: 44
True: 11
True: 2
True: 10
True: 24
True: 1
True: 3
True: 22
True: 10833
True: 10
True: 7
True: 10
True: 442
True: 8
True: 7315
True: 13
True: 184
True: 4
True: 6
True: 1
True: 65
True: 1
True: 18
True: 2
True: 1
True: 13
True: 1
True: 3
True: 2
True: 1
True: 1
True: 4
True: 1
True: 2
True: 3
True: 1
True: 1
True: 1492
True: 113
True: 1
True: 5
True: 5
True: 9
True: 23
True: 3
True: 9
True: 2
True: 11
True: 2
True: 11
True: 3
True: 1
True: 1
True: 9
True: 11
True: 3
True: 81
True: 11
True: 1
True: 1
True: 6
True: 1
True: 13
True: 6
True: 1
True: 14
True: 2
True: 1
True: 3
True: 2
True: 5
True: 2
True: 4
True: 1
True: 17
True: 1
True: 392
True: 76
True: 1
True: 12
True: 10
True: 4
True: 182
True: 128
True: 108733
True: 4
True: 4
True: 2
True: 1
True: 2
True: 1
True: 1
True: 32
True: 3746
True: 3
True: 1
True: 2
True: 2
True: 1
True: 111
True: 27
True: 13
True: 1
True: 49
True: 34
True: 2
True: 2
True: 2
True: 1
True: 7293
True: 1
True: 5
True: 1
True: 2
True: 3
True: 3
True: 4
True: 2
True: 1
True: 1495
True: 58
True: 5
True: 14
True: 6
True: 21
True: 3
True: 83
True: 3
True: 2
True: 3
True: 9
True: 24
True: 9
True: 2
True: 548
True: 5
True: 215
True: 12
True: 36
True: 3
True: 1
True: 6
True: 1
True: 26
True: 3
True: 21
True: 1
True: 6
True: 66
True: 1
True: 2
True: 2
True: 1
True: 2831
True: 8
True: 1
True: 9
True: 11
True: 2
True: 10
True: 1
True: 1
True: 1
True: 2518251
True: 3
True: 1
True: 1
True: 5
True: 7626
True: 2
True: 93
True: 1
True: 2
True: 1
True: 15
True: 8
True: 1
True: 7
True: 2
True: 1
True: 1
True: 1
True: 2
True: 1
True: 146
True: 1
True: 1
True: 24
True: 9
True: 378
True: 4
True: 1
True: 3
True: 94
True: 65
True: 6
True: 4
True: 1
True: 22
True: 1
True: 2
True: 1
True: 1
True: 1
True: 4
True: 2
True: 3
True: 3
True: 1
True: 1
True: 4
True: 3
True: 2
True: 4
True: 1
True: 45
True: 1
True: 1
True: 1
True: 37
True: 4
True: 26
True: 1
True: 41
True: 6
True: 32
True: 1
True: 2
True: 2
True: 1
True: 6
True: 10
True: 1
True: 1
True: 5
True: 1
True: 1
True: 4
True: 2
True: 3
True: 69
True: 1
True: 1
True: 236
True: 3
True: 22
True: 1
True: 32
True: 1
True: 1
True: 2
True: 681
True: 1
True: 2
True: 4
True: 11
True: 7
True: 1
True: 2
True: 1
True: 2
True: 24
True: 1
True: 193896
True: 32
True: 2
True: 6
True: 3
True: 7
True: 391
True: 25
True: 5046
True: 1
True: 7
True: 20
True: 9
True: 292
True: 455
True: 110
True: 1
True: 392
True: 1
True: 17
True: 1
True: 1
True: 35
True: 122
True: 51
True: 1
True: 99
True: 1
True: 815
True: 7153
True: 1
True: 1
True: 1
True: 1341
True: 43
True: 3
True: 23
True: 1
True: 318
True: 5
True: 2910137
True: 4
True: 1
True: 1
True: 16
True: 1
True: 12
True: 1
True: 1
True: 4570
True: 1
True: 2
True: 1
True: 2
True: 88
True: 2
True: 10
True: 1
True: 13
True: 2
True: 4
True: 384
True: 2
True: 182768
True: 6
True: 1
True: 7
True: 16
True: 2
True: 99
True: 6
True: 15
True: 239
True: 11
True: 1
True: 11
True: 2
True: 119
True: 69
True: 15
True: 10
True: 5
True: 6
True: 59
True: 9950
True: 2
True: 7
True: 1
True: 1
True: 1
True: 3
True: 1
True: 2
True: 17
True: 1
True: 2
True: 3
True: 1
True: 5
True: 661167
True: 4
True: 1
True: 2
True: 4
True: 32
True: 8
True: 4
True: 3
True: 1
True: 10
True: 1
True: 108040
True: 1
True: 2
True: 1
True: 43
True: 1
True: 1
True: 1
True: 1
True: 2
True: 2
True: 102
True: 3
True: 1
True: 5
True: 5
True: 89
True: 7
True: 2
True: 1
True: 37
True: 7
True: 1
True: 1
True: 1
True: 1
True: 2
True: 2
True: 12
True: 52
True: 1
True: 25
True: 1
True: 9
True: 8605
True: 1
True: 6
True: 4
True: 222155
True: 1
True: 2
True: 1
True: 1
True: 11
True: 8
True: 20
True: 2
True: 3
True: 3
True: 1677
True: 2
True: 10
True: 32
True: 16
True: 2
True: 4
True: 2717387
True: 21
True: 4
True: 1
True: 1
True: 2
True: 689
True: 4
True: 125
True: 1
True: 24
True: 1482
True: 1363737
True: 11
True: 1
True: 3
True: 2
True: 3
True: 3
True: 3
True: 14
True: 2
True: 5
True: 17457
True: 1
True: 16
True: 7
True: 343741
True: 102426
True: 1
True: 2
True: 2
True: 2
True: 3
True: 1
True: 143
True: 70685
True: 1
True: 1
True: 3
True: 7752
True: 19859
True: 2
True: 5
True: 8
True: 404201
True: 2
True: 1
True: 129
True: 113
True: 1
True: 10577
True: 12
True: 4
True: 1
True: 4
True: 4
True: 1
True: 1
True: 6
True: 2
True: 5
True: 7
True: 3
True: 2
True: 2087
True: 1
True: 2
True: 1
True: 2
True: 16
True: 7
True: 1
True: 3
True: 2
True: 6
True: 12519
True: 4
True: 1
True: 72
True: 73
True: 1
True: 47
True: 1
True: 1
True: 6
True: 1
True: 9
True: 2
True: 8
True: 2
True: 2
True: 1
True: 4
True: 137
True: 14
True: 6
True: 1
True: 292
True: 2229
True: 4
True: 2
True: 1
True: 5
True: 1
True: 54
True: 19
True: 7
True: 1
True: 135
True: 28
True: 2
True: 22994
True: 1
True: 1
True: 5
True: 1
True: 1
True: 2
True: 2
True: 1
True: 41
True: 6
True: 1
True: 194283
True: 148
True: 1
True: 2
True: 1
True: 1
True: 1
True: 16
True: 7
True: 3
True: 8
True: 2002
True: 1
True: 2
True: 1
True: 9
True: 4
True: 11
True: 1
True: 1
True: 9
True: 10
True: 9
True: 3
True: 10
True: 1
True: 4
True: 1
True: 4
True: 8
True: 2
True: 3
True: 76
True: 4
True: 1
True: 3
True: 1725
True: 108910
True: 6
True: 861
True: 483
True: 32
True: 4
True: 1
True: 1
True: 84051
True: 2
True: 13
True: 6
True: 2
True: 7
True: 301
True: 2
True: 391
True: 1
True: 12
True: 1
True: 1
True: 1
True: 13
True: 29
True: 1
True: 1720
True: 2
True: 6
True: 4
True: 2
True: 1292173
True: 25
True: 3
True: 7
True: 1
True: 52
True: 34
True: 2
True: 6
True: 622
True: 380
True: 61
True: 7764
True: 397
True: 2
True: 1
True: 4
True: 2
True: 6
True: 626
True: 169
True: 11
True: 2
True: 3
True: 3541
True: 1
True: 1
True: 153
True: 1
True: 1
True: 7
True: 406
True: 6
True: 6
True: 2
True: 105436
True: 1
True: 2
True: 3
True: 16
True: 2324
True: 3
True: 1
True: 18
True: 3
True: 12
True: 1
True: 8
True: 3
True: 1
True: 2
True: 58
True: 12
True: 21
True: 3
True: 1
True: 9
True: 3
True: 1151
True: 668
True: 1
True: 4
True: 1
True: 1
True: 6
True: 4
True: 5752
True: 1307
True: 4
True: 1
True: 10
True: 438
True: 2
True: 603
True: 122
True: 5
True: 7
True: 3
True: 30
True: 127
True: 1
True: 3
True: 1
True: 1141
True: 1
True: 4
True: 2
True: 1
True: 7
True: 10539
True: 3
True: 10
True: 746
True: 1
True: 6
True: 78
True: 1
True: 672026
True: 3
True: 58
True: 12
True: 2
True: 8
True: 1
True: 2
True: 5
True: 2
True: 6
True: 1
True: 8
True: 3
True: 1
True: 3
True: 1
True: 15
True: 694227
True: 5
True: 1
True: 2
True: 8
True: 189
True: 4
True: 1
True: 1
True: 1
True: 22
True: 4
True: 16
True: 91
True: 1
True: 3
True: 2
True: 1
True: 4
True: 3
True: 14
True: 5
True: 9
True: 503
True: 1
True: 1
True: 24
True: 4
True: 1
True: 13228
True: 21
True: 2
True: 6
True: 5
True: 3
True: 20881
True: 4
True: 4
True: 1
True: 25
True: 2717387
True: 5375
True: 291011
True: 1
True: 1
True: 3
True: 6
True: 10
True: 13
True: 19
True: 66
True: 4
True: 1
True: 3
True: 1
True: 1
True: 1
True: 3
True: 1
True: 3
True: 4
True: 6
True: 12
True: 2
True: 5
True: 5210
True: 78
True: 12747
True: 7
True: 4
True: 2
True: 26
True: 5
True: 11
True: 1
True: 6
True: 100303
True: 5
True: 1
True: 14
True: 4
True: 2
True: 1
True: 48
True: 4
True: 5
True: 2
True: 31
True: 1
True: 113
True: 155
True: 20
True: 39
True: 9
True: 6
True: 72
True: 6
True: 4
True: 3
True: 2
True: 179
True: 2
True: 2
True: 3
True: 1
True: 1
True: 1
True: 19
True: 6
True: 4138
True: 6805
True: 1
True: 2
True: 1
True: 1
True: 5
True: 1
True: 31
True: 8
True: 3
True: 13
True: 1
True: 1
True: 3
True: 57
True: 2
True: 17828
True: 1
True: 8
True: 1
True: 5
True: 9
True: 2
True: 23
True: 229
True: 25
True: 151
True: 1
True: 3
True: 1
True: 1
True: 5844
True: 16
True: 11
True: 41
True: 1
True: 5
True: 1
True: 1
True: 1
True: 1
True: 1
True: 5
True: 1
True: 10
True: 17
True: 1
True: 1
True: 1
True: 1
True: 3
True: 26
True: 1
True: 3
True: 5
True: 1
True: 380
True: 2
True: 6
True: 9
True: 3
True: 6
True: 6
True: 11105
True: 2
True: 1
True: 22
True: 382574
True: 257
True: 261
True: 8
True: 2
True: 1
True: 1
True: 11
True: 7495
True: 1
True: 2
True: 2
True: 1
True: 1155
True: 1
True: 13
True: 3
True: 48
True: 2
True: 3
True: 2
True: 11
True: 1
True: 3
True: 11
True: 9
True: 26
True: 1
True: 2
True: 7
True: 5
True: 1
True: 2
True: 1
True: 1
True: 6
True: 1
True: 406
True: 8
True: 1
True: 3
True: 3
True: 15
True: 2
True: 1
True: 1
True: 9
True: 4
True: 3
True: 5
True: 9
True: 1
True: 2756913
True: 2
True: 1
True: 5
True: 2
True: 16
True: 11
True: 2
True: 1
True: 8
True: 3
True: 31
True: 1
True: 1
True: 4
True: 381
True: 1
True: 1
True: 7
True: 1
True: 356
True: 2
True: 166106
True: 6
True: 1
True: 1
True: 18
True: 1
True: 2
True: 1
True: 3
True: 1
True: 9
True: 2
True: 4
True: 1
True: 9
True: 1
True: 68
True: 124
True: 1
True: 1
True: 15727
True: 1
True: 3
True: 65
True: 1
True: 7
True: 5
True: 31
True: 26
True: 7
True: 35
True: 32
True: 7
True: 3
True: 17
True: 21
True: 2792
True: 466
True: 1
True: 1
True: 2
True: 4
True: 2
True: 1
True: 4
True: 9
True: 1
True: 1
True: 6
True: 1
True: 5
True: 4
True: 1
True: 117695
True: 2
True: 20
True: 1
True: 16
True: 5
True: 1
True: 16
True: 1
True: 2
True: 1
True: 5
True: 1
True: 5
True: 5
True: 1
True: 100816
True: 3
True: 1
True: 3
True: 16
True: 9
True: 134
True: 1
True: 1
True: 2
True: 1
True: 1
True: 1
True: 1
True: 19423
True: 1
True: 1
True: 141
True: 2
True: 6
True: 125
True: 1
True: 1
True: 1
True: 27
True: 75
True: 1036
True: 2
True: 7
True: 2
True: 9
True: 115306
True: 103099
True: 6
True: 7
True: 40
True: 3
True: 2
True: 3
True: 15
True: 3
True: 13
True: 1
True: 6
True: 221
True: 1
True: 2
True: 1
True: 1
True: 26
True: 210
True: 8
True: 12
True: 14
True: 1
True: 6
True: 5
True: 5
True: 1
True: 1
True: 1
True: 13
True: 1
True: 8
True: 1
True: 80400
True: 12
True: 6743
True: 1
True: 1
True: 15
True: 2
True: 1
True: 15
True: 2
True: 10
True: 1
True: 27
True: 1
True: 1
True: 3
True: 4
True: 6
True: 39
True: 2
True: 7
True: 25
True: 8
True: 1
True: 10
True: 1
True: 7
True: 6
True: 45519
True: 3
True: 6
True: 1
True: 17
True: 3
True: 1
True: 7
True: 1547
True: 1
True: 16
True: 1
True: 1
True: 5
True: 11
True: 18
True: 92049
True: 1
True: 68
True: 1
True: 6
True: 10
True: 123
True: 8
True: 4
True: 3
True: 1
True: 292843
True: 5
True: 2
True: 187790
True: 1164
True: 2
True: 153
True: 10
True: 58
True: 1
True: 14
True: 59
True: 6483
True: 1
True: 16
True: 1
True: 2
True: 7
True: 11
True: 2
True: 439
True: 1
True: 130
True: 5
True: 312
True: 1119
True: 1
True: 2
True: 1
True: 8
True: 4
True: 14
True: 4
True: 2
True: 3
True: 2
True: 2
True: 2
True: 2
True: 2
True: 1
True: 23
True: 3
True: 6
True: 1
True: 7
True: 1
True: 4
True: 3
True: 28
True: 111320
True: 48
True: 1
True: 1
True: 3
True: 1
True: 1
True: 28
True: 619
True: 2
True: 2
True: 43
True: 5
True: 4
True: 12
True: 2
True: 3
True: 4
True: 1258
True: 73
True: 1
True: 1
True: 5
True: 17
True: 13
True: 1
True: 2
True: 7626
True: 6
True: 16
True: 9
True: 4
True: 2
True: 443
True: 260623
True: 42
True: 1
True: 2
True: 5
True: 1
True: 8
True: 1
True: 2
True: 1
True: 98
True: 13
True: 16
True: 5
True: 105495
True: 11
True: 3
True: 1
True: 86
True: 32
True: 3
True: 32
True: 4
True: 802
True: 1
True: 10
True: 3
True: 1
True: 2
True: 30
True: 3750
True: 2
True: 10
True: 52
True: 8
True: 5
True: 3
True: 4
True: 1
True: 4
True: 4105
True: 1
True: 140
True: 3
True: 2002407
True: 7
True: 243
True: 43
True: 4597
True: 2
True: 1
True: 3
True: 1
True: 1
True: 1
True: 1
True: 167
True: 619
True: 1
True: 1
True: 249
True: 1
True: 3
True: 171
True: 4
True: 7
True: 1
True: 11
True: 17
True: 6
True: 152
True: 1
True: 1
True: 1
True: 8
True: 52
True: 1090
True: 1
True: 1
True: 3
True: 2
True: 5
True: 1
True: 6
True: 331
True: 2
True: 4
True: 6
True: 2
True: 1
True: 4
True: 4570
True: 62
True: 10
True: 4120
True: 1
True: 1
True: 2
True: 125
True: 5
True: 7
True: 25
True: 20
True: 4
True: 1
True: 1
True: 1
True: 40
True: 4
True: 85
True: 6
True: 9
True: 94918
True: 1
True: 3
True: 4
True: 31
True: 2
True: 2
True: 1
True: 24
True: 1
True: 15
True: 1
True: 5
True: 19
True: 6
True: 1
True: 5
True: 1
True: 8
True: 466
True: 1
True: 136
True: 1
True: 6
True: 2
True: 3
True: 1
True: 5
True: 3
True: 15
True: 26
True: 1
True: 3146
True: 1
True: 1
True: 43
True: 48
True: 10
True: 24
True: 7
True: 12
True: 15
True: 1
True: 10724
True: 15
True: 1
True: 1
True: 18
True: 1
True: 1
True: 110302
True: 1328
True: 2
True: 4
True: 481
True: 4
True: 1
True: 1170
True: 2
True: 1
True: 6
True: 1
True: 19
True: 1
True: 30
True: 1
True: 4
True: 11
True: 1496
True: 1
True: 3
True: 12
True: 1
True: 13
True: 1
True: 1
True: 1
True: 2717292
True: 1
True: 4
True: 37
True: 1
True: 3
True: 2
True: 1
True: 150303
True: 2
True: 3
True: 1
True: 2
True: 1
True: 19
True: 22
True: 232186
True: 1
True: 1
True: 40
True: 1
True: 1
True: 9
True: 7
True: 1
True: 110433
True: 106
True: 2
True: 32
True: 4
True: 28
True: 3
True: 22
True: 3
True: 1
True: 1
True: 23
True: 25
True: 51
True: 9
True: 1
True: 74
True: 1
True: 2
True: 2
True: 11
True: 3
True: 3
True: 5
True: 9
True: 1
True: 1
True: 5
True: 63
True: 143
True: 1
True: 762
True: 1
True: 8
True: 5
True: 8
True: 3
True: 1
True: 1
True: 1
True: 1
True: 319499
True: 10
True: 1
True: 1
True: 1
True: 4
True: 1
True: 687
True: 1
True: 1
True: 1
True: 2
True: 212865
True: 4189
True: 1
True: 2
True: 10
True: 5
True: 639
True: 1
True: 1
True: 5
True: 5
True: 1
True: 5
True: 12
True: 431808
True: 1
True: 57
True: 4
True: 12
True: 4
True: 4834
True: 2
True: 1
True: 20
True: 4
True: 2
True: 20
True: 1
True: 1
True: 417312
True: 8
True: 1
True: 49513
True: 1
True: 6
True: 258470
True: 6
True: 1
True: 4
True: 450
True: 5
True: 58
True: 2
True: 20
True: 324
True: 1
True: 3
True: 1
True: 1
True: 167151
True: 1
True: 3
True: 4
True: 5
True: 1
True: 69
True: 28
True: 13
True: 9
True: 1
True: 6
True: 683
True: 7
True: 7
True: 8
True: 2
True: 2
True: 477
True: 2
True: 8081
True: 8
True: 2
True: 3
True: 4
True: 24
True: 8
True: 15
True: 35
True: 1
True: 1
True: 2
True: 6
True: 3
True: 2
True: 9
True: 9
True: 1
True: 128
True: 1
True: 1677
True: 10
True: 4
True: 1
True: 5
True: 5
True: 2
True: 25
True: 10724
True: 2
True: 3
True: 2
True: 1
True: 1
True: 420274
True: 21483
True: 2
True: 1
True: 1
True: 941
True: 2
True: 18
True: 1
True: 6
True: 148
True: 392
True: 1
True: 1
True: 9
True: 1
True: 28
True: 3
True: 8
True: 4
True: 27
True: 2
True: 234023
True: 1
True: 1
True: 12
True: 4
True: 3
True: 5
True: 1
True: 1
True: 1
True: 1
True: 5
True: 1
True: 8
True: 1
True: 8
True: 118106
True: 258470
True: 10
True: 1
True: 11
True: 1
True: 2
True: 1
True: 1
True: 2
True: 11
True: 1
True: 1
True: 1
True: 2
True: 18
True: 1
True: 1
True: 1
True: 3
True: 1
True: 12
True: 3341
True: 5
True: 1
True: 1
True: 26
True: 20
True: 5
True: 901
True: 1
True: 72
True: 5
True: 1
True: 11
True: 55
True: 4
True: 1
True: 2
True: 1
True: 1
True: 13
True: 5
True: 1
True: 20
True: 110
True: 2
True: 177
True: 5
True: 6
True: 4
True: 55
True: 2
True: 2
True: 10
True: 3
True: 11
True: 5
True: 920
True: 1
True: 6
True: 10
True: 1
True: 2
True: 1
True: 1
True: 40
True: 3
True: 2
True: 99
True: 33
True: 1
True: 3
True: 2
True: 9
True: 35
True: 1
True: 4
True: 10
True: 2777
True: 1
True: 1
True: 477
True: 1433236
True: 3
True: 1
True: 1
True: 5
True: 24
True: 1
True: 1433399
True: 4
True: 2
True: 7
True: 7
True: 1
True: 3
True: 1
True: 1
True: 50
True: 3
True: 2
True: 8
True: 2
True: 1
True: 2
True: 61
True: 381
True: 1
True: 10
True: 7
True: 21
True: 1
True: 3
True: 2
True: 1
True: 1
True: 6
True: 10
True: 15
True: 18
True: 1
True: 2
True: 4
True: 6
True: 429
True: 19
True: 4
True: 2
True: 594
True: 1
True: 8
True: 1
True: 41
True: 51
True: 10
True: 67
True: 1
True: 76
True: 8463
True: 3
True: 1
True: 9
True: 1
True: 9
True: 1
True: 1
True: 1
True: 686
True: 24
True: 10
True: 46
True: 3
True: 4
True: 3
True: 2
True: 5675
True: 1
True: 1
True: 20
True: 5
True: 1
True: 1
True: 76
True: 4
True: 4447
True: 80
True: 15
True: 4
True: 24
True: 1
True: 18
True: 54
True: 4
True: 2
True: 2
True: 36
True: 2
True: 1
True: 1
True: 3185
True: 11
True: 2
True: 3
True: 88
True: 1
True: 16
True: 1
True: 4
True: 1
True: 2
True: 7
True: 4
True: 121377
True: 10
True: 2
True: 1
True: 2
True: 1
True: 1
True: 16
True: 160937
True: 21
True: 2
True: 2
True: 4173
True: 3
True: 3
True: 6
True: 132
True: 11
True: 2
True: 1
True: 1
True: 1
True: 15
True: 7
True: 6
True: 1
True: 31
True: 1
True: 1612
True: 1
True: 1
True: 472
True: 1
True: 1
True: 1
True: 1
True: 5
True: 11
True: 1
True: 2
True: 13
True: 3
True: 2
True: 1026
True: 1
True: 3
True: 2
True: 72
True: 2
True: 9
True: 13
True: 1
True: 3
True: 38
True: 1
True: 7
True: 2
True: 9
True: 3
True: 1
True: 1
True: 8
True: 2
True: 3
True: 1
True: 82346
True: 10
True: 3
True: 16
True: 2095176
True: 1
True: 13
True: 69
True: 1
True: 3
True: 2
True: 112
True: 9
True: 1
True: 2
True: 4
True: 165800
True: 2
True: 4
True: 2
True: 1
True: 1
True: 10
True: 6
True: 6
True: 2
True: 1
True: 26
True: 6
True: 1
True: 27
True: 14
True: 2
True: 791
True: 4046
True: 69
True: 66
True: 12
True: 3
True: 18
True: 3
True: 1
True: 4
True: 430
True: 13
True: 1
True: 11
True: 1
True: 1172
True: 2
True: 1
True: 1
True: 1
True: 17
True: 1
True: 2
True: 1
True: 2641
True: 91
True: 11
True: 1
True: 1
True: 3
True: 75
True: 20881
True: 1
True: 4
True: 2
True: 69
True: 1
True: 774889
True: 1
True: 2
True: 122
True: 2328
True: 22
True: 23
True: 1
True: 1
True: 2
True: 1
True: 1143
True: 18
True: 3
True: 6
True: 11
True: 1
True: 14
True: 2
True: 1
True: 2
True: 6
True: 57
True: 1
True: 5
True: 5
True: 9
True: 2
True: 11
True: 2
True: 6
True: 1
True: 10
True: 1
True: 1
True: 6
True: 3
True: 1
True: 1
True: 5
True: 1
True: 6
True: 1
True: 4
True: 35
True: 63
True: 6
True: 6
True: 3
True: 1
True: 2
True: 1
True: 1
True: 1
True: 113
True: 2
True: 8
True: 4
True: 2
True: 2
True: 4826127
True: 4447
True: 2
True: 46
True: 100303
True: 2
True: 4
True: 16
True: 2
True: 6
True: 1
True: 1
True: 2
True: 1445202
True: 1
True: 108211
True: 1
True: 1
True: 5
True: 1
True: 13
True: 4
True: 1
True: 5
True: 3
True: 1
True: 18
True: 2
True: 1
True: 5
True: 4
True: 9
True: 1
True: 7
True: 3
True: 2
True: 4
True: 495
True: 1
True: 2
True: 6
True: 4
True: 4
True: 1
True: 1
True: 1
True: 1
True: 22
True: 21
True: 3
True: 6
True: 4
True: 1
True: 21
True: 82
True: 7
True: 7
True: 22
True: 1
True: 18
True: 11
True: 3
True: 1
True: 6
True: 1
True: 2
True: 1
True: 8
True: 99944
True: 1
True: 6
True: 8
True: 1
True: 21
True: 5
True: 1
True: 2
True: 1
True: 193896
True: 2
True: 35
True: 4
True: 10
True: 1
True: 14
True: 1
True: 4
True: 1
True: 2
True: 8
True: 1
True: 3
True: 6
True: 4
True: 50
True: 6
True: 105495
True: 80
True: 677
True: 5
True: 5
True: 1440
True: 6
True: 1
True: 177
True: 1
True: 1
True: 14688
True: 19
True: 3896
True: 337
True: 3
True: 10
True: 1899
True: 8
True: 1
True: 1
True: 1
True: 32
True: 1
True: 1
True: 2
True: 1
True: 4
True: 1
True: 92049
True: 1
True: 201
True: 6
True: 4
True: 8
True: 3
True: 1
True: 5
True: 3873
True: 1
True: 1
True: 26
True: 1
True: 1
True: 5
True: 2
True: 367616
True: 4
True: 10
True: 1
True: 3
True: 1
True: 1
True: 146
True: 1
True: 4
True: 4
True: 3
True: 61
True: 4476
True: 2
True: 1
True: 1
True: 15
True: 3
True: 18
True: 2
True: 2
True: 1
True: 3
True: 1
True: 2
True: 1
True: 5
True: 14
True: 2
True: 1
True: 1
True: 1
True: 5
True: 2
True: 11
True: 3
True: 3
True: 6
True: 7
True: 4
True: 2
True: 9
True: 56
True: 582
True: 1
True: 3
True: 5
True: 2
True: 4
True: 1
True: 834
True: 1
True: 1156
True: 1
True: 6
True: 11
True: 1
True: 1
True: 30
True: 115
True: 7
True: 61
True: 154123
True: 6
True: 14
True: 1
True: 1
True: 1
True: 238979
True: 266504
True: 75
True: 6
True: 125
True: 3
True: 160691
True: 1
True: 1
True: 5
True: 1
True: 4
True: 20862
True: 375
True: 1
True: 1
True: 1
True: 5
True: 2
True: 2907
True: 1
True: 29
True: 2341
True: 1
True: 1
True: 2
True: 5732
True: 1
True: 1
True: 6
True: 1
True: 12
True: 2
True: 1
True: 28
True: 3
True: 3
True: 1
True: 4
True: 1
True: 3
True: 395
True: 3431
True: 8
True: 19
True: 2
True: 28
True: 6
True: 5
True: 31
True: 177
True: 11
True: 1
True: 1
True: 4
True: 3
True: 8
True: 309
True: 1
True: 1
True: 1
True: 6
True: 1
True: 1
True: 4
True: 1
True: 1
True: 3
True: 1
True: 1
True: 9
True: 409
True: 12
True: 1
True: 1
True: 28422
True: 5
True: 26
True: 17
True: 119
True: 112210
True: 4
True: 4
True: 2
True: 395
True: 66
True: 1
True: 1
True: 2
True: 2
True: 7536
True: 1
True: 133
True: 39217
True: 1
True: 1
True: 13
True: 109
True: 1
True: 2
True: 2
True: 57302
True: 10
True: 2
True: 28
True: 25
True: 4
True: 18
True: 12
True: 1
True: 7
True: 1
True: 108591
True: 1
True: 1
True: 4458
True: 176
True: 1
True: 2
True: 2
True: 7
True: 4
True: 102653
True: 3
True: 1
True: 1
True: 3
True: 2
True: 46
True: 1
True: 2
True: 2
True: 105699
True: 3
True: 1
True: 1
True: 3421
True: 1
True: 1
True: 2518251
True: 4
True: 3
True: 1
True: 1
True: 8
True: 1465
True: 4
True: 2
True: 6
True: 21
True: 2
True: 56825
True: 8
True: 5
True: 12
True: 9
True: 2
True: 2
True: 2
True: 12
True: 2
True: 56
True: 153
True: 1165
True: 1
True: 12
True: 411
True: 1
True: 863
True: 9
True: 2
True: 1
True: 1
True: 1
True: 4
True: 1
True: 17
True: 1
True: 1
True: 1
True: 9
True: 1
True: 5
True: 1
True: 2
True: 4
True: 12
True: 1
True: 1
True: 2
True: 9
True: 1
True: 1
True: 3
True: 1
True: 1
True: 1
True: 1
True: 10
True: 5
True: 2
True: 5
True: 258470
True: 1
True: 3
True: 11
True: 7
True: 2
True: 1
True: 16
True: 5
True: 18
True: 2340
True: 7
True: 1
True: 6
True: 2641
True: 1
True: 1
True: 19
True: 1
True: 1
True: 42
True: 27
True: 24
True: 22
True: 1
True: 3
True: 1
True: 4
True: 2
True: 17359
True: 2
True: 1045
True: 7
True: 133
True: 11
True: 1
True: 10
True: 4
True: 2
True: 1
True: 150
True: 1
True: 17
True: 20
True: 1
True: 16196
True: 1
True: 1
True: 458
True: 1
True: 133685
True: 1
True: 2
True: 82
True: 1
True: 975
True: 4
True: 3
True: 10
True: 2
True: 2
True: 1
True: 1
True: 1
True: 1
True: 3
True: 1
True: 9
True: 1
True: 1
True: 1
True: 2
True: 2
True: 3
True: 4
True: 49710
True: 3
True: 2
True: 1
True: 20
True: 15
True: 2
True: 5612
True: 10
True: 1
True: 2
True: 9868
True: 1
True: 1
True: 4360
True: 2762
True: 2
True: 14688
True: 1213
True: 9047
True: 16
True: 2
True: 1
True: 1
True: 9
True: 1
True: 3
True: 2
True: 2
True: 6
True: 7
True: 2
True: 1
True: 5
True: 1
True: 35
True: 2
True: 40
True: 18640
True: 1
True: 86
True: 5
True: 1
True: 112896
True: 9
True: 5
True: 1
True: 10398
True: 1
True: 3
True: 4157
True: 8
True: 1
True: 5
True: 2976
True: 1
True: 2
True: 24
True: 2
True: 3724
True: 5
True: 7
True: 1
True: 5
True: 1
True: 1
True: 1
True: 3
True: 4
True: 2
True: 21
True: 1
True: 1
True: 2383
True: 1
True: 1
True: 1
True: 12
True: 13
True: 2
True: 6
True: 2
True: 14
True: 1
True: 2
True: 12
True: 3
True: 50
True: 75775
True: 8
True: 5
True: 4
True: 1
True: 168
True: 1
True: 1
True: 1
True: 1
True: 1
True: 3
True: 1
True: 10
True: 1
True: 4
True: 1
True: 1
True: 5
True: 24
True: 5
True: 1
True: 1
True: 2
True: 4
True: 29
True: 2
True: 34
True: 11
True: 1
True: 7
True: 5
True: 6
True: 1
True: 4434
True: 10
True: 2
True: 1
True: 1
True: 5
True: 1
True: 10
True: 9
True: 379109
True: 1
True: 6
True: 14
True: 1
True: 10
True: 14
True: 3
True: 4
True: 10
True: 30
True: 292
True: 1
True: 2
True: 4
True: 1
True: 4
True: 2
True: 1
True: 1
True: 3
True: 2
True: 99343
True: 16
True: 15
True: 8
True: 1
True: 479
True: 60
True: 1
True: 25
True: 4
True: 1286
True: 1
True: 1
True: 1
True: 453423
True: 13
True: 5
True: 8463
True: 1
True: 1
True: 2
True: 1
True: 1
True: 443
True: 2
True: 12
True: 116
True: 1
True: 116
True: 1
True: 6
True: 4
True: 1
True: 1
True: 48
True: 2
True: 1
True: 1
True: 119
True: 4
True: 2086
True: 2
True: 12
True: 12
True: 6
True: 3
True: 8226
True: 3
True: 1
True: 3
True: 67
True: 77
True: 1
True: 1
True: 2
True: 2
True: 124
True: 1
True: 20
True: 1
True: 5
True: 11
True: 411
True: 4
True: 2
True: 7
True: 1
True: 3
True: 40
True: 7
True: 7
True: 2
True: 119286
True: 2443560
True: 1
True: 2
True: 1
True: 2
True: 3
True: 30
True: 13
True: 1102
True: 5
True: 746
True: 4
True: 1
True: 10
True: 8
True: 337117
True: 10
True: 11
True: 3
True: 2
True: 3
True: 1
True: 1
True: 1
True: 27
True: 5
True: 1
True: 225
True: 3
True: 7
True: 4
True: 4
True: 180
True: 23
True: 7
True: 1
True: 1
True: 20
True: 2
True: 3504
True: 7
True: 4
True: 5
True: 1
True: 5401
True: 1
True: 1547
True: 1
True: 8
True: 2
True: 412
True: 17899
True: 1
True: 1
True: 1
True: 28
True: 3
True: 3
True: 64480
True: 1
True: 9
True: 11
True: 2
True: 10579
True: 249
True: 10
True: 1
True: 10
True: 1
True: 2
True: 4
True: 160937
True: 16
True: 3
True: 1
True: 1
True: 2
True: 4834
True: 9
True: 4
True: 7
True: 3
True: 1
True: 2
True: 6
True: 9
True: 1
True: 119
True: 31
True: 170
True: 3
True: 1
True: 14
True: 4
True: 4
True: 63968
True: 815
True: 2
True: 1
True: 40
True: 2
True: 1
True: 4
True: 13
True: 1
True: 524
True: 8
True: 1
True: 10
True: 1
True: 4
True: 1
True: 4
True: 3
True: 3
True: 1
True: 1
True: 12
True: 20
True: 1
True: 3
True: 1064322
True: 1
True: 4
True: 6
True: 1
True: 2
True: 1
True: 5
True: 34
True: 146
True: 1
True: 1
True: 7
True: 3
True: 3
True: 2
True: 2
True: 7
True: 3
True: 1
True: 5
True: 123
True: 1
True: 299196
True: 1
True: 8
True: 1
True: 46
True: 1265980
True: 10
True: 5
True: 2
True: 3
True: 21
True: 26
True: 1
True: 16
True: 3
True: 7
True: 1
True: 20
True: 3
True: 1
True: 2
True: 5
True: 39
True: 1
True: 1
True: 8
True: 1
True: 3
True: 220826
True: 3
True: 72
True: 1
True: 13
True: 1
True: 1
True: 75
True: 3
True: 2
True: 2
True: 4
True: 1
True: 350
True: 110433
True: 4
True: 1
True: 13
True: 1
True: 236
True: 2
True: 3
True: 24
True: 7
True: 1
True: 6
True: 3
True: 21
True: 1
True: 4
True: 48106
True: 1
True: 1
True: 1
True: 2
True: 5377
True: 1
True: 20
True: 31
True: 108
True: 1
True: 103
True: 1
True: 1
True: 134
True: 212859
True: 1
True: 1
True: 122
True: 2
True: 4417
True: 1
True: 2
True: 1
True: 2
True: 4
True: 107366
True: 47
True: 1
True: 7
True: 3
True: 1
True: 33
True: 79
True: 1
True: 4
True: 1
True: 1
True: 1
True: 49710
True: 889
True: 1
True: 1
True: 12
True: 6
True: 1
True: 22
True: 6
True: 31
True: 1
True: 4
True: 14
True: 21
True: 1
True: 17
True: 1
True: 2
True: 6
True: 1
True: 1
True: 1
True: 4
True: 3
True: 1
True: 4
True: 1
True: 2
True: 9
True: 1
True: 406
True: 132
True: 1
True: 14
True: 10
True: 5
True: 12
True: 1
True: 1
True: 1
True: 1
True: 1
True: 5
True: 1
True: 427
True: 5
True: 17
True: 26
True: 1
True: 10
True: 141
True: 1
True: 4
True: 1
True: 1
True: 4
True: 1
True: 3
True: 4
True: 1
True: 18351
True: 203
True: 1
True: 1
True: 5
True: 1
True: 1
True: 2
True: 8
True: 1
True: 577
True: 4
True: 131
True: 1
True: 4
True: 6
True: 5
True: 12
True: 4
True: 1
True: 7
True: 17
True: 15
True: 497
True: 62
True: 1
True: 1
True: 1
True: 1
True: 1
True: 6
True: 18
True: 6
True: 1
True: 91
True: 29
True: 22
True: 4
True: 3
True: 1
True: 1
True: 1
True: 3
True: 1566
True: 1
True: 1
True: 4
True: 933
True: 1
True: 540381
True: 11
True: 4
True: 1
True: 2
True: 1
True: 8
True: 24
True: 4
True: 152578
True: 2
True: 2
True: 1
True: 1
True: 1
True: 5
True: 3
True: 2
True: 1
True: 1265980
True: 2
True: 87
True: 2
True: 1
True: 2568
True: 2
True: 1
True: 470
True: 22
True: 4
True: 1
True: 1
True: 2910146
True: 1
True: 1
True: 8
True: 14
True: 1
True: 9918
True: 1
True: 4
True: 1
True: 1
True: 16
True: 2
True: 9
True: 4
True: 1
True: 6
True: 12
True: 4
True: 1
True: 6802
True: 8605
True: 2
True: 15
True: 1
True: 2
True: 3
True: 5
True: 6
True: 1
True: 872
True: 67
True: 197
True: 3
True: 1
True: 377
True: 1
True: 8
True: 5
True: 16
True: 3
True: 621
True: 220788
True: 1
True: 1
True: 3
True: 1
True: 1
True: 6
True: 7
True: 1
True: 33
True: 4
True: 1
True: 1
True: 1
True: 2
True: 1
True: 1
True: 1
True: 1
True: 72
True: 3
True: 1
True: 1
True: 135
True: 10
True: 3
True: 16800
True: 9
True: 65
True: 6
True: 1
True: 3
True: 3
True: 1
True: 1
True: 169
True: 758
True: 21772
True: 75779
True: 1
True: 3
True: 3
True: 2
True: 1
True: 3
True: 3
True: 4
True: 2
True: 2
True: 1
True: 1
True: 1
True: 2
True: 14
True: 31
True: 59
True: 7
True: 1
True: 13
True: 1
True: 4
True: 1
True: 7
True: 2
True: 65
True: 245
True: 56
True: 1
True: 1
True: 1
True: 6
True: 15
True: 1
True: 14073
True: 1
True: 153
True: 1
True: 6
True: 916
True: 17
True: 297251
True: 1
True: 2
True: 1
True: 3
True: 5
True: 1
True: 1
True: 12
True: 1
True: 1
True: 5
True: 8
True: 2
True: 14
True: 1
True: 173
True: 25
True: 6
True: 2
True: 1
True: 2
True: 2
True: 9
True: 6
True: 5
True: 1
True: 2782523
True: 781
True: 1
True: 7
True: 7
True: 629
True: 5
True: 2
True: 10
True: 119
True: 1
True: 1
True: 4
True: 156
True: 2
True: 3
True: 2
True: 13
True: 2
True: 14
True: 6
True: 3
True: 1
True: 66
True: 7
True: 7345
True: 3
True: 9
True: 140
True: 73
True: 8
True: 2
True: 97
True: 26
True: 1
True: 1
True: 1
True: 1
True: 11
True: 2
True: 2
True: 1
True: 1
True: 1
True: 30
True: 5
True: 1
True: 3
True: 72
True: 11
True: 3
True: 31
True: 1
True: 4
True: 2
True: 13
True: 3
True: 2
True: 3
True: 1563
True: 11
True: 2
True: 689
True: 1
True: 1
True: 2
True: 1
True: 4
True: 1
True: 2
True: 77212
True: 4
True: 9
True: 3
True: 1
True: 3
True: 2
True: 1
True: 18
True: 8
True: 1
True: 1
True: 1
True: 15
True: 2733
True: 6
True: 62
True: 2
True: 1
True: 14688
True: 1
True: 2
True: 7
True: 11
True: 14
True: 8
True: 66
True: 1
True: 194283
True: 22993
True: 1
True: 4
True: 2
True: 40
True: 10
True: 1
True: 4
True: 2165
True: 35
True: 1
True: 19
True: 186873
True: 345
True: 5
True: 3
True: 2
True: 2
True: 1
True: 2
True: 2
True: 97
True: 6
True: 11
True: 1
True: 1
True: 1
True: 145
True: 367
True: 1
True: 7
True: 3
True: 2
True: 2
True: 4429
True: 18
True: 1
True: 105953
True: 8
True: 41
True: 1
True: 8
True: 1
True: 40
True: 1
True: 431813
True: 2
True: 1
True: 586
True: 5
True: 1
True: 2
True: 3
True: 15
True: 1
True: 801
True: 1
True: 1
True: 2
True: 1
True: 4
True: 38
True: 21
True: 1
True: 1
True: 61
True: 1
True: 1
True: 1
True: 9
True: 1
True: 5
True: 356
True: 1
True: 2
True: 1
True: 154
True: 5
True: 1
True: 3
True: 1
True: 4
True: 1
True: 1
True: 6
True: 29
True: 31
True: 7
True: 4
True: 1
True: 1
True: 10397
True: 49
True: 2
True: 2
True: 1
True: 6
True: 1
True: 117
True: 2
True: 2
True: 266501
True: 3
True: 30
True: 5
True: 1
True: 11
True: 1
True: 5
True: 7
True: 50
True: 45
True: 4
True: 1
True: 48
True: 99
True: 616318
True: 13
True: 9
True: 1
True: 12
True: 12
True: 67
True: 1
True: 3
True: 5152
True: 4
True: 5
True: 2
True: 2
True: 1
True: 18
True: 55
True: 45
True: 1
True: 1
True: 3
True: 2
True: 13
True: 2
True: 1
True: 169
True: 1
True: 3624
True: 1
True: 359
True: 1
True: 1388
True: 12
True: 5211
True: 8
True: 22
True: 1
True: 7
True: 2
True: 10
True: 90
True: 15
True: 10
True: 1
True: 6
True: 2268756
True: 1
True: 3
True: 2
True: 1
True: 18
True: 1
True: 1
True: 107104
True: 5
True: 8
True: 9582
True: 2
True: 1
True: 26
True: 2
True: 1
True: 9
True: 1
True: 2
True: 1
True: 4
True: 5
True: 1676
True: 2
True: 5
True: 19423
True: 9
True: 1
True: 4
True: 2
True: 1
True: 1
True: 5
True: 616318
True: 64
True: 1
True: 1
True: 8
True: 6
True: 1
True: 3
True: 7
True: 1
True: 37
True: 1
True: 1
True: 1
True: 1
True: 1
True: 1
True: 6
True: 4
True: 2
True: 5
True: 1
True: 1849
True: 5
True: 1257
True: 1
True: 348
True: 1
True: 2
True: 1
True: 402
True: 4
True: 8
True: 1
True: 1
True: 1
True: 1
True: 2
True: 6
True: 1
True: 1
True: 4
True: 24
True: 3
True: 1
True: 6
True: 7
True: 1
True: 1
True: 1
True: 31
True: 8
True: 2
True: 1
True: 10
True: 1
True: 1
True: 2156
True: 2602
True: 2
True: 135
True: 41
True: 1
True: 1
True: 1
True: 11
True: 1
True: 1
True: 1
True: 1
True: 1
True: 1
True: 1
True: 1
True: 1
True: 11
True: 1
True: 1
True: 31
True: 2
True: 1
True: 4
True: 3
True: 2
True: 21
True: 1
True: 11
True: 20
True: 8
True: 1
True: 1
True: 10
True: 33
True: 1
True: 2
True: 1
True: 1
True: 2
True: 25
True: 5
True: 1
True: 645
True: 21
True: 1
True: 21
True: 1
True: 21
True: 1
True: 2
True: 411
True: 5
True: 1
True: 1
True: 7
True: 1
True: 2
True: 1
True: 3
True: 2
True: 1
True: 1
True: 2
True: 1
True: 48
True: 1
True: 1
True: 22
True: 2
True: 5
True: 8
True: 2
True: 59
True: 3
True: 8
True: 2
True: 29
True: 26
True: 1
True: 2
True: 4
True: 391
True: 1
True: 125
True: 15
True: 1
True: 3
True: 1
True: 4
True: 1
True: 10
True: 2
True: 2
True: 1
True: 8
True: 3
True: 105
True: 99053
True: 3
True: 1
True: 4
True: 9
True: 4
True: 1
True: 1
True: 5
True: 1
True: 1
True: 31
True: 1
True: 1
True: 3
True: 23
True: 1
True: 107
True: 1
True: 179
True: 2
True: 4
True: 1
True: 3
True: 8
True: 73
True: 10
True: 1
True: 2
True: 145
True: 2
True: 1
True: 1
True: 229848
True: 1515
True: 16
True: 1
True: 22
True: 8
True: 1
True: 32
True: 3
True: 19
True: 8
True: 139944
True: 2
True: 3
True: 87
True: 6
True: 1
True: 72
True: 31
True: 17
True: 707
True: 1622
True: 5
True: 1
True: 1
True: 1
True: 53
True: 7
True: 2
True: 3
True: 1
True: 37
True: 1
True: 1
True: 2
True: 8
True: 1
True: 1
True: 1
True: 7
True: 125
True: 1
True: 1
True: 8
True: 40
True: 3
True: 5
True: 349
True: 1
True: 47
True: 138
True: 13
True: 1
True: 4
True: 670
True: 1
True: 2
True: 654
True: 4
True: 93
True: 5
True: 1
True: 1
True: 2
True: 62
True: 7
True: 3
True: 2
True: 7
True: 1
True: 55
True: 115
True: 1
True: 3
True: 4
True: 2
True: 3
True: 1
True: 493
True: 1
True: 2
True: 13
True: 9
True: 9
True: 23
True: 160112
True: 3
True: 1
True: 1
True: 9916
True: 1
True: 1
True: 3
True: 406
True: 1
True: 19
True: 2
True: 5
True: 1
True: 2
True: 3
True: 203199
True: 1
True: 115
True: 1
True: 6
True: 1
True: 18
True: 1
True: 2
True: 102
True: 20
True: 2
True: 2
True: 500
True: 6
True: 1
True: 1
True: 7
True: 11
True: 1
True: 2756913
True: 1
True: 8
True: 3
True: 8
True: 498006
True: 2
True: 1
True: 1
True: 34
True: 4
True: 47
True: 19
True: 9
True: 1560
True: 3
True: 210
True: 6040
True: 12
True: 1
True: 4
True: 2597
True: 1
True: 2
True: 12
True: 2
True: 1
True: 4
True: 8794
True: 193896
True: 5
True: 3
True: 11
True: 33
True: 2
True: 391
True: 1
True: 4
True: 101
True: 29
True: 1
True: 3
True: 3
True: 910
True: 1
True: 2
True: 1
True: 1
True: 9
True: 4
True: 2
True: 550
True: 4
True: 106
True: 4
True: 2
True: 7
True: 1
True: 6
True: 14
True: 3
True: 340160
True: 1
True: 13
True: 4
True: 1
True: 1
True: 5
True: 12
True: 1
True: 1
True: 6
True: 4
True: 1
True: 4
True: 1707
True: 4
True: 99
True: 2
True: 1
True: 16
True: 1
True: 17558
True: 1
True: 7
True: 23
True: 2
True: 3
True: 2
True: 1
True: 4703
True: 1
True: 2
True: 1
True: 9
True: 1
True: 2
True: 8
True: 25
True: 4
True: 125158
True: 11
True: 2
True: 116
True: 3
True: 7
True: 493
True: 8
True: 1
True: 3
True: 7
True: 2
True: 4
True: 1
True: 1
True: 1
True: 22
True: 76436
True: 1
True: 998029
True: 4
True: 180
True: 1111
True: 2
True: 1
True: 1
True: 1
True: 17
True: 975
True: 3
True: 11
True: 1
True: 2
True: 1
True: 327
True: 1
True: 167155
True: 1
True: 57
True: 1
True: 3
True: 25
True: 14
True: 21
True: 3
True: 1
True: 2
True: 1
True: 2
True: 2
True: 11
True: 61
True: 6
True: 834
True: 48
True: 7
True: 10
True: 2229
True: 1
True: 1
True: 1
True: 17
True: 3
True: 11
True: 2
True: 13
True: 7
True: 4
True: 34
True: 1
True: 4
True: 43
True: 3
True: 4
True: 1
True: 20
True: 2
True: 1
True: 2
True: 470
True: 4
True: 212
True: 2
True: 2
True: 2
True: 4
True: 4
True: 82
True: 1
True: 1
True: 1
True: 3
True: 89
True: 2
True: 1
True: 15058
True: 399449
True: 1
True: 1
True: 1
True: 10
True: 2
True: 72
True: 1
True: 1
True: 3
True: 1
True: 7
True: 1
True: 4
True: 2
True: 2
True: 4
True: 14
True: 3116
True: 1
True: 56
True: 1
True: 202134
True: 32
True: 10
True: 27
True: 4
True: 9
True: 1
True: 7
True: 3
True: 787
True: 6
True: 5
True: 1419
True: 11
True: 5
True: 6
True: 14
True: 8095
True: 1
True: 45
True: 3
True: 1
True: 2
True: 7
True: 13
True: 2
True: 1
True: 86
True: 1
True: 766
True: 14
True: 1
True: 784
True: 5
True: 7
True: 1
True: 1
True: 1
True: 1
True: 5
True: 1
True: 1
True: 92
True: 2
True: 1
True: 6
True: 57
True: 1
True: 1
True: 8690
True: 5
True: 19
True: 3
True: 32
True: 101805
True: 2
True: 5
True: 2
True: 1
True: 761
True: 11
True: 3
True: 2
True: 78696
True: 44
True: 2
True: 2
True: 1
True: 51
True: 863
True: 1
True: 1
True: 6
True: 2
True: 2
True: 640
True: 1
True: 4
True: 2
True: 6
True: 35
True: 140
True: 83
True: 87
True: 602
True: 1
True: 2
True: 51
True: 37
True: 1
True: 17
True: 146
True: 1
True: 40
True: 31
True: 941
True: 557
True: 1
True: 14
True: 1
True: 31
True: 9
True: 20
True: 97
True: 8
True: 1
True: 1
True: 1
True: 3
True: 3
True: 5
True: 1
True: 1
True: 2
True: 1
True: 1
True: 6
True: 2
True: 3
True: 24
True: 14
True: 35
True: 517
True: 2
True: 1
True: 38
True: 8
True: 1
True: 1
True: 1
True: 44
True: 4
True: 4
True: 2
True: 1
True: 1
True: 2
True: 2
True: 4
True: 3
True: 5
True: 1
True: 1
True: 7
True: 11
True: 8
True: 10
True: 16
True: 21
True: 2
True: 1
True: 6
True: 4
True: 440
True: 3
True: 1
True: 5
True: 12
True: 2
True: 11
True: 9
True: 4458
True: 2
True: 169
True: 2
True: 15
True: 2
True: 18
True: 4853
True: 1
True: 1
True: 4
True: 1
True: 1
True: 1
True: 3
True: 1
True: 42
True: 1
True: 1
True: 920
True: 35
True: 1
True: 5
True: 5
True: 1
True: 16
True: 6
True: 1
True: 1
True: 1
True: 4
True: 2
True: 1
True: 2
True: 4
True: 27
True: 1
True: 1
True: 14
True: 7340
True: 12
True: 475
True: 12
True: 145
True: 266
True: 1
True: 1
True: 7
True: 7
True: 1
True: 1
True: 1
True: 8
True: 5
True: 4
True: 1
True: 258477
True: 1
True: 66
True: 9
True: 86
True: 1
True: 1
True: 4
True: 17
True: 1
True: 2
True: 25
True: 1
True: 1
True: 33
True: 1
True: 27
True: 37
True: 37
True: 25
True: 12
True: 4
True: 1
True: 1286
True: 419
True: 23
True: 9
True: 131468
True: 7
True: 21
True: 1
True: 34
True: 3
True: 14
True: 7
True: 1
True: 343
True: 1
True: 1
True: 4
True: 73
True: 5
True: 27
True: 1
True: 5
True: 3
True: 6
True: 1
True: 1
True: 1
True: 6
True: 1
True: 15
True: 5
True: 2
True: 3
True: 59
True: 2
True: 4
True: 1
True: 21
True: 1
True: 2
True: 268
True: 14
True: 7020
True: 40
True: 1
True: 93
True: 1
True: 1
True: 2
True: 12
True: 8
True: 7
True: 1
True: 38
True: 2
True: 1
True: 2
True: 1
True: 7
True: 5
True: 44
True: 12957
True: 6
True: 10
True: 2
True: 6
True: 6
True: 7
True: 15
True: 1
True: 1
True: 1863
True: 9
True: 1
True: 6
True: 2
True: 1
True: 1
True: 1
True: 9
True: 1
True: 96243
True: 21
True: 2
True: 1
True: 1
True: 98
True: 12
True: 1
True: 1
True: 1
True: 1
True: 1
True: 3
True: 1
True: 211
True: 5
True: 4
True: 3
True: 66
True: 1
True: 10
True: 4
True: 1
True: 1
True: 4
True: 4
True: 1
True: 16
True: 99938
True: 6
True: 1
True: 9454
True: 19850
True: 420
True: 4
True: 280
True: 1
True: 5
True: 32
True: 1
True: 4
True: 1
True: 1
True: 2
True: 1
True: 1
True: 1
True: 18
True: 1
True: 1
True: 1
True: 2
True: 1
True: 1
True: 9
True: 9
True: 1
True: 340274
True: 1
True: 60
True: 1
True: 1
True: 50
True: 2
True: 4
True: 2
True: 43
True: 12
True: 12
True: 1
True: 4
True: 1
True: 1
True: 1
True: 1
True: 1
True: 1
True: 2
True: 201
True: 8
True: 1
True: 1
True: 1
True: 13
True: 39
True: 3
True: 1
True: 1
True: 8
True: 5
True: 3
True: 4
True: 52
True: 2
True: 683
True: 1
True: 2
True: 45
True: 8
True: 1
True: 1
True: 5
True: 2
True: 3
True: 9424
True: 1
True: 1
True: 1
True: 2
True: 1
True: 1
True: 2
True: 3149
True: 5
True: 9
True: 21
True: 2
True: 1
True: 1
True: 3
True: 11
True: 4
True: 1
True: 1
True: 1
True: 1018
True: 24
True: 2
True: 9
True: 2
True: 2
True: 13
True: 1
True: 1
True: 6
True: 1
True: 1
True: 1
True: 3
True: 20
True: 1
True: 93
True: 7
True: 1
True: 2032
True: 7
True: 102655
True: 1
True: 2
True: 2
True: 1
True: 2
True: 1
True: 1
True: 1
True: 1
True: 2143602
True: 1
True: 770
True: 2
True: 86
True: 1261
True: 5
True: 1
True: 52
True: 1
True: 4
True: 1
True: 1
True: 3
True: 5
True: 215
True: 12
True: 65
True: 1
True: 2
True: 9
True: 3
True: 3
True: 1
True: 1
True: 3
True: 20
True: 10
True: 6
True: 27
True: 1
True: 2
True: 4
True: 73
True: 1
True: 9
True: 20
True: 3
True: 4
True: 62
True: 1
True: 1
True: 3
True: 1
True: 59
True: 1
True: 1
True: 1
True: 3
True: 1
True: 9
True: 4357
True: 3
True: 1
True: 31
True: 4
True: 20
True: 1
True: 9524
True: 223459
True: 5
True: 82
True: 12
True: 5
True: 1
True: 1
True: 4
True: 4
True: 5
True: 37
True: 1
True: 42
True: 46
True: 2
True: 82
True: 1656342
True: 4
True: 45
True: 33
True: 14
True: 8
True: 4
True: 1
True: 1
True: 1
True: 1
True: 28
True: 2
True: 9
True: 1
True: 1
True: 4
True: 10
True: 1
True: 77
True: 185
True: 2
True: 1
True: 1
True: 55
True: 9
True: 14
True: 133511
True: 2
True: 8
True: 10
True: 7
True: 3
True: 5
True: 2
True: 1
True: 2
True: 1
True: 3
True: 3
True: 9
True: 1
True: 1
True: 3
True: 58
True: 5
True: 2
True: 9868
True: 2
True: 15
True: 3
True: 43
True: 360
True: 2
True: 1
True: 1
True: 1
True: 7
True: 1
True: 1
True: 5
True: 16
True: 1
True: 2
True: 3421
True: 1
True: 1
True: 3
True: 41327
True: 19
True: 1
True: 52
True: 1
True: 5
True: 79
True: 1436
True: 8
True: 1
True: 1
True: 97
True: 8
True: 2
True: 36
True: 1
True: 1
True: 603
True: 2
True: 1
True: 113
True: 19
True: 18
True: 4658
True: 6737
True: 443
True: 4
True: 9
True: 1
True: 1
True: 4
True: 13
True: 1
True: 2
True: 18
True: 1
True: 1811878
True: 8
True: 188
True: 9
True: 4
True: 11
True: 3
True: 69
True: 76
True: 1
True: 12
True: 97321
True: 1
True: 1
True: 1
True: 365
True: 2506
True: 5
True: 445
True: 2
True: 10
True: 3
True: 27
True: 3
True: 3303
True: 1
True: 1
True: 1
True: 1
True: 1
True: 1
True: 5
True: 17801
True: 284672
True: 2353
True: 2
True: 1
True: 2
True: 73876
True: 3
True: 1
True: 6
True: 18
True: 16
True: 1
True: 1
True: 1119
True: 6
True: 28
True: 9
True: 1
True: 191
True: 3
True: 8
True: 4
True: 2
True: 1
True: 2
True: 15
True: 1
True: 22308
True: 23
True: 4
True: 8
True: 1
True: 57
True: 1
True: 14
True: 13
True: 4
True: 1
True: 1
True: 8
True: 5
True: 19850
True: 10
True: 7
True: 21
True: 1
True: 11
True: 1
True: 4
True: 4271
True: 1
True: 1
True: 1
True: 20
True: 33
True: 38
True: 2
True: 1309
True: 6
True: 2
True: 3
True: 3
True: 1
True: 2
True: 48
True: 4
True: 4
True: 1
True: 1
True: 2
True: 1
True: 185
True: 2
True: 22
True: 26
True: 6
True: 1
True: 1
True: 48
True: 7
True: 2
True: 1
True: 7
True: 15
True: 1
True: 4
True: 1
True: 1
True: 74
True: 8
True: 5
True: 2
True: 74
True: 4
True: 1
True: 1
True: 8
True: 2
True: 28
True: 2
True: 72
True: 365
True: 1
True: 36
True: 1
True: 15
True: 2
True: 5
True: 4
True: 4
True: 19
True: 3123039
True: 3
True: 1
True: 1
True: 3
True: 2
True: 1
True: 78
True: 209138
True: 1
True: 2
True: 1
True: 4606
True: 2
True: 3
True: 2
True: 6
True: 18
True: 2483
True: 1
True: 1
True: 6
True: 21483
True: 1
True: 2
True: 19
True: 2
True: 1
True: 2
True: 3
True: 1
True: 19
True: 2
True: 13
True: 668
True: 65
True: 142
True: 173
True: 1
True: 1
True: 1
True: 1
True: 6
True: 3020
True: 1
True: 3
True: 1
True: 86
True: 1
True: 2
True: 609771
True: 6
True: 1
True: 14
True: 1
True: 70
True: 2
True: 1
True: 1
True: 21
True: 4
True: 1
True: 1
True: 1656342
True: 133685
True: 5
True: 234841
True: 1
True: 1
True: 25
True: 12078
True: 89
True: 442
True: 5
True: 107
True: 11
True: 10
True: 37
True: 1
True: 87711
True: 1
True: 8
True: 18
True: 6
True: 509
True: 1
True: 3
True: 3
True: 17
True: 5
True: 6
True: 1
True: 2
True: 1
True: 26
True: 6
True: 12
True: 2
True: 1
True: 7
True: 1
True: 1
True: 10
True: 190
True: 59
True: 1
True: 1
True: 6
True: 6
True: 3
True: 1
True: 10
True: 1
True: 1
True: 100303
True: 20
True: 4
True: 5
True: 1
True: 1
True: 9
True: 1
True: 1
True: 14
True: 1
True: 6
True: 2
True: 3
True: 3
True: 87432
True: 1
True: 99050
True: 1
True: 898
True: 13
True: 1
True: 1
True: 201
True: 5
True: 28
True: 77
True: 3
True: 1
True: 43
True: 1
True: 5
True: 1
True: 1
True: 29
True: 97
True: 11
True: 2
True: 3
True: 575
True: 2
True: 3
True: 1
True: 138
True: 1
True: 658
True: 5
True: 13
True: 1
True: 2
True: 64
True: 3
True: 1
True: 1
True: 211
True: 122
True: 3
True: 14
True: 1
True: 9
True: 7
True: 8
True: 12
True: 180
True: 7
True: 103
True: 1
True: 4
True: 1
True: 9
True: 1
True: 2
True: 9
True: 1
True: 1
True: 24
True: 21
True: 22
True: 2
True: 7
True: 1
True: 1
True: 1
True: 2
True: 2
True: 11
True: 1
True: 1
True: 1
True: 3
True: 1
True: 2
True: 3
True: 19
True: 12
True: 0
True: 7
True: 174
True: 1
True: 1
True: 3
True: 1
True: 1
True: 5844
True: 1
True: 33
True: 4
True: 1
True: 268
True: 5
True: 2
True: 27
True: 1
True: 9
True: 4
True: 8
True: 6
True: 187
True: 2
True: 7
True: 39
True: 4
True: 26
True: 1
True: 9936
True: 4
True: 19
True: 6
True: 111320
True: 10
True: 1
True: 2
True: 7
True: 1
True: 1
True: 3
True: 22993
True: 3
True: 1
True: 1
True: 19
True: 34
True: 209166
True: 11
True: 42
True: 1
True: 138
True: 3
True: 8
True: 3
True: 37
True: 5
True: 2
True: 2
True: 3
True: 4
True: 1
True: 1
True: 4
True: 2
True: 2
True: 1
True: 1
True: 1
True: 1
True: 7
True: 9
True: 1
True: 1
True: 7153
True: 395
True: 2
True: 1
True: 2
True: 28
True: 70
True: 7
True: 391
True: 3
True: 2
True: 1
True: 2
True: 1
True: 3
True: 2
True: 7
True: 3
True: 346
True: 97
True: 2
True: 2
True: 455
True: 1
True: 5
True: 2
True: 1
True: 2
True: 4
True: 7
True: 575
True: 1
True: 105577
True: 1
True: 96243
True: 2
True: 610
True: 152
True: 3
True: 7
True: 1
True: 1
True: 17
True: 3
True: 3
True: 10
True: 3
True: 1
True: 2568
True: 1
True: 178
True: 4
True: 1
True: 14
True: 123
True: 29
True: 1
True: 2
True: 3
True: 3
True: 27
True: 1
True: 8
True: 7
True: 7
True: 19
True: 1
True: 1
True: 3
True: 24
True: 1
True: 115
True: 4
True: 1728020
True: 1
True: 126
True: 1
True: 10
True: 17
True: 1
True: 2
True: 7
True: 29538
True: 1
True: 4
True: 1
True: 3
True: 2
True: 1
True: 1
True: 18351
True: 8
True: 4
True: 5
True: 2
True: 44
True: 86451
True: 1
True: 2345
True: 27
True: 10
True: 2
True: 404
True: 8
True: 1
True: 3
True: 1
True: 1
True: 8
True: 1
True: 1
True: 4
True: 1
True: 13
True: 2
True: 75
True: 37
True: 1
True: 10578
True: 947
True: 13
True: 126
True: 2515
True: 2
True: 3
True: 14
True: 2
True: 8
True: 1
True: 569
True: 2
True: 242303
True: 30
True: 1
True: 1
True: 1
True: 20898
True: 4
True: 112
True: 165
True: 2
True: 8
True: 7
True: 2
True: 151
True: 1
True: 5377
True: 2
True: 3
True: 1
True: 2
True: 7
True: 2
True: 2
True: 766
True: 1
True: 187
True: 51
True: 4
True: 1
True: 5
True: 1
True: 2
True: 1
True: 4
True: 11
True: 2
True: 3
True: 2
True: 1
True: 1
True: 1
True: 27
True: 3
True: 8
True: 4
True: 1
True: 1
True: 7
True: 2
True: 1
True: 3
True: 1
True: 2
True: 1
True: 8
True: 1
True: 62
True: 2
True: 1
True: 11
True: 6
True: 237
True: 10
True: 14
True: 1090
True: 806
True: 1
True: 2
True: 9
True: 19
True: 1
True: 1
True: 1
True: 14
True: 1
True: 1
True: 16
True: 1
True: 46
True: 10
True: 32
True: 41
True: 5
True: 1
True: 3
True: 13
True: 6
True: 1
True: 2
True: 379144
True: 10
True: 4
True: 67
True: 635
True: 1
True: 66
True: 20
True: 4
True: 3
True: 9
True: 3
True: 1
True: 1
True: 16
True: 1
True: 3
True: 1
True: 6
True: 10
True: 970
True: 1
True: 8
True: 1
True: 14
True: 1
True: 13
True: 3
True: 1
True: 5
True: 2
True: 1
True: 1
True: 4
True: 12078
True: 252468
True: 189
True: 1
True: 45
True: 2
True: 1
True: 8
True: 86
True: 1
True: 4
True: 1
True: 1
True: 9
True: 4
True: 1
True: 70684
True: 3
True: 6
True: 3
True: 2
True: 1
True: 1
True: 4
True: 2
True: 1
True: 5
True: 1
True: 132
True: 9
True: 8
True: 3
True: 1
True: 7
True: 2
True: 10833
True: 4
True: 4
True: 77
True: 41
True: 1
True: 115
True: 2
True: 119
True: 1
True: 63
True: 7
True: 5675
True: 24
True: 35
True: 257
True: 1
True: 16
True: 27
True: 7
True: 3
True: 420274
True: 413
True: 5
True: 289
True: 6
True: 2338555
True: 9
True: 1
True: 3
True: 2
True: 140
True: 1
True: 3
True: 3
True: 1640
True: 21
True: 25
True: 77192
True: 13
True: 3
True: 1
True: 1
True: 2
True: 21
True: 10
True: 1
True: 2
True: 1
True: 34
True: 1
True: 15
True: 1
True: 13
True: 35
True: 4
True: 36
True: 6
True: 1
True: 6
True: 4309
True: 622
True: 1165
True: 45
True: 2733
True: 2
True: 1
True: 352401
True: 4
True: 1
True: 358
True: 10
True: 30
True: 1
True: 2
True: 11
True: 1
True: 4
True: 30
True: 305780
True: 1
True: 1
True: 6
True: 13
True: 1
True: 1
True: 1
True: 2
True: 1
True: 6
True: 10
True: 1
True: 4
True: 1
True: 10
True: 1
True: 1
True: 10
True: 1
True: 1
True: 1
True: 1
True: 195824
True: 2
True: 2
True: 5
True: 1
True: 279
True: 1
True: 2
True: 4
True: 3
True: 5
True: 1
True: 1
True: 208
True: 6
True: 6
True: 1
True: 1
True: 3
True: 30
True: 2
True: 1
True: 16
True: 1
True: 3
True: 2
True: 12
True: 88
True: 34
True: 9
True: 1
True: 9
True: 209134
True: 1
True: 30
True: 1
True: 3
True: 1
True: 26
True: 7
True: 2
True: 2
True: 7
True: 2
True: 5
True: 35
True: 1
True: 29
True: 4
True: 128
True: 1
True: 2
True: 925
True: 5
True: 11548
True: 1
True: 39
True: 1
True: 6
True: 43
True: 1
True: 496304
True: 4
True: 100
True: 2
True: 5
True: 3
True: 1
True: 3
True: 20
True: 7
True: 9
True: 1
True: 5
True: 1
True: 18739
True: 508
True: 4
True: 4
True: 1
True: 1
True: 1
True: 8
True: 1
True: 2
True: 1
True: 141
True: 311
True: 11313
True: 7
True: 1
True: 74
True: 45519
True: 1
True: 1
True: 9956
True: 2
True: 72
True: 6
True: 1
True: 1
True: 2
True: 9
True: 2
True: 8
True: 6
True: 6
True: 898
True: 1
True: 7
True: 1
True: 215305
True: 2
True: 78
True: 2
True: 13
True: 2
True: 1
True: 2
True: 1
True: 3
True: 2209
True: 8
True: 392
True: 2
True: 1
True: 1
True: 3
True: 1
True: 13
True: 5
True: 11
True: 1
True: 5
True: 2
True: 1
True: 1
True: 8
True: 246
True: 5
True: 15
True: 1
True: 89
True: 1
True: 2
True: 1
True: 4
True: 13
True: 2
True: 2
True: 1
True: 1
True: 2
True: 11
True: 6
True: 95
True: 1
True: 1
True: 1
True: 2
True: 3
True: 1
True: 6
True: 43
True: 3
True: 2
True: 18
True: 1
True: 1
True: 4
True: 4
True: 31
True: 1
True: 1
True: 211
True: 6
True: 4
True: 10
True: 12
True: 1
True: 25
True: 4
True: 12
True: 5528
True: 1
True: 1
True: 13
True: 1
True: 1
True: 4
True: 1
True: 2
True: 1363765
True: 6
True: 16
True: 12
True: 2
True: 2
True: 4
True: 1
True: 46805
True: 134479
True: 9
True: 1
True: 1
True: 3
True: 1
True: 1
True: 2
True: 2
True: 1
True: 8
True: 10
True: 1
True: 78
True: 23
True: 11
True: 234016
True: 1
True: 420274
True: 1
True: 1
True: 1
True: 26
True: 78
True: 756
True: 3
True: 6
True: 2
True: 13
True: 2
True: 2
True: 1
True: 112
True: 781
True: 7
True: 6
True: 12
True: 16
True: 1
True: 1
True: 3
True: 1
True: 25
True: 36
True: 16
True: 1
True: 1
True: 2
True: 8
True: 1
True: 1
True: 1
True: 1
True: 20939
True: 1
True: 1
True: 3
True: 8
True: 6
True: 1
True: 13
True: 1
True: 1
True: 1
True: 21
True: 2
True: 1
True: 1
True: 66
True: 3
True: 68
True: 35
True: 1
True: 5
True: 31
True: 3
True: 1
True: 1
True: 3
True: 1
True: 2
True: 3
True: 19
True: 1
True: 1
True: 14
True: 1
True: 6
True: 1
True: 5
True: 4
True: 4
True: 2
True: 1
True: 6744
True: 1
True: 22
True: 1
True: 4
True: 765
True: 3
True: 1
True: 2234
True: 4
True: 3
True: 1
True: 10
True: 5
True: 1
True: 683
True: 1
True: 128
True: 76458
True: 694194
True: 3
True: 4
True: 2
True: 112048
True: 10
True: 13
True: 8
True: 1
True: 1
True: 5
True: 1
True: 1635
True: 27
True: 1
True: 1
True: 1
True: 1
True: 1
True: 3
True: 8
True: 1
True: 64
True: 15
True: 99
True: 31
True: 758
True: 1
True: 17
True: 7
True: 125
True: 8
True: 4
True: 10
True: 2
True: 2
True: 1
True: 6
True: 1
True: 4
True: 1
True: 2
True: 1
True: 480
True: 123418
True: 1
True: 1
True: 1
True: 1
True: 15
True: 1
True: 1
True: 2
True: 69
True: 1
True: 3
True: 47
True: 1
True: 711
True: 1
True: 14
True: 5
True: 2
True: 3
True: 2
True: 6
True: 1
True: 1
True: 11
True: 2
True: 889
True: 6
True: 3
True: 7
True: 1
True: 1
True: 1
True: 63587
True: 7
True: 4
True: 4
True: 11
True: 11
True: 824
True: 981
True: 381
True: 8
True: 1
True: 31
True: 28
True: 10
True: 1
True: 1
True: 1
True: 22
True: 9
True: 1
True: 2
True: 1
True: 9177
True: 171
True: 5
True: 462
True: 17
True: 1
True: 184
True: 11
True: 9
True: 1
True: 1
True: 2
True: 2
True: 1
True: 1
True: 1
True: 11
True: 1
True: 1
True: 2
True: 1
True: 2
True: 8
True: 4189
True: 6
True: 3
True: 2
True: 353873
True: 1
True: 3
True: 1
True: 1
True: 21
True: 110
True: 1
True: 2
True: 1
True: 1
True: 2
True: 13
True: 2
True: 1
True: 2
True: 213
True: 1
True: 1
True: 6
True: 25
True: 15940
True: 8028
True: 1
True: 32
True: 252165
True: 1
True: 7
True: 4
True: 1
True: 2
True: 26
True: 1
True: 122631
True: 4
True: 1
True: 65
True: 158
True: 14
True: 8
True: 2
True: 19
True: 1
True: 14
True: 226
True: 1
True: 1
True: 1922
True: 448661
True: 6
True: 431808
True: 1
True: 1
True: 2
True: 367616
True: 1
True: 2
True: 1
True: 5
True: 2
True: 2
True: 5
True: 12
True: 2
True: 2
True: 1
True: 400
True: 134
True: 13
True: 1
True: 16
True: 15
True: 16
True: 8
True: 3
True: 2
True: 1
True: 4
True: 36
True: 206
True: 5
True: 7
True: 8248
True: 334047
True: 1
True: 11
True: 10
True: 1
True: 2
True: 82346
True: 4
True: 1
True: 8
True: 51
True: 1
True: 801
True: 3
True: 2
True: 67
True: 1
True: 2
True: 72
True: 8
True: 1
True: 2
True: 28
True: 7
True: 35
True: 5
True: 1
True: 1
True: 1
True: 1
True: 1
True: 40
True: 13
True: 1
True: 2
True: 1
True: 297658
True: 5
True: 1
True: 1
True: 1
True: 855
True: 11
True: 5
True: 8
True: 1
True: 2
True: 2
True: 3
True: 3123021
True: 33
True: 37
True: 877
True: 14
True: 7
True: 5
True: 1
True: 2
True: 3
True: 4
True: 1
True: 1
True: 1
True: 10
True: 6
True: 63
True: 11
True: 43
True: 1
True: 8696
True: 1
True: 1
True: 1
True: 1810221
True: 1
True: 105
True: 10
True: 2
True: 2
True: 1
True: 9
True: 1
True: 9
True: 4
True: 1
True: 21
True: 123
True: 20
True: 4
True: 643
True: 7
True: 1
True: 2
True: 1
True: 1
True: 3
True: 2
True: 1
True: 10
True: 12
True: 5
True: 2
True: 1
True: 17457
True: 26
True: 1
True: 104
True: 1
True: 723
True: 673
True: 3
True: 17
True: 1
True: 21
True: 412
True: 28
True: 1
True: 29
True: 3
True: 21
True: 2
True: 1087
True: 1
True: 1
True: 2
True: 2
True: 1
True: 2
True: 5
True: 8
True: 195819
True: 18
True: 3
True: 6
True: 1
True: 6
True: 1
True: 5
True: 20881
True: 12
True: 1
True: 2
True: 7
True: 5
True: 2338562
True: 40
True: 1
True: 4
True: 19
True: 11
True: 215
True: 10
True: 4
True: 11
True: 406
True: 4
True: 2
True: 1
True: 1
True: 5
True: 1
True: 4
True: 1
True: 1
True: 8
True: 16
True: 14
True: 7
True: 5
True: 20
True: 1
True: 56
True: 9956
True: 21
True: 1
True: 1
True: 1
True: 2
True: 9223
True: 9
True: 1
True: 4
True: 1
True: 1
True: 6
True: 1
True: 1
True: 1
True: 1
True: 4
True: 1
True: 1
True: 1
True: 16
True: 1
True: 96
True: 10
True: 2
True: 20
True: 39
True: 8
True: 2
True: 2
True: 2
True: 1
True: 3
True: 38
True: 4
True: 17
True: 7
True: 8
True: 2
True: 4
True: 83
True: 12
True: 1
True: 1
True: 1
True: 1
True: 9
True: 7055
True: 10833
True: 290
True: 2
True: 1
True: 1
True: 1
True: 24
True: 24
True: 1
True: 1
True: 2
True: 12
True: 2
True: 7
True: 508
True: 14
True: 6
True: 12
True: 1
True: 95
True: 1
True: 19
True: 4
True: 3
True: 25
True: 1
True: 1
True: 2
True: 24
True: 12
True: 9
True: 1
True: 2034
True: 21
True: 105
True: 20
True: 3
True: 2
True: 1
True: 2
True: 1
True: 17
True: 1
True: 4
True: 1
True: 1064322
True: 1
True: 1
True: 7
True: 3
True: 6
True: 1
True: 2
True: 2
True: 3
True: 816
True: 5
True: 3
True: 1
True: 4
True: 2
True: 40
True: 1
True: 1
True: 2
True: 2
True: 1
True: 1
True: 2372
True: 7
True: 1
True: 7
True: 1
True: 99
True: 437
True: 1
True: 5
True: 17
True: 1
True: 3
True: 2
True: 3185
True: 18
True: 1
True: 1
True: 10
True: 77662
True: 10539
True: 4
True: 28
True: 621
True: 4
True: 13
True: 2
True: 2
True: 259
True: 1
True: 1
True: 2
True: 1
True: 74
True: 170
True: 1
True: 238247
True: 1882527
True: 10
True: 11
True: 10
True: 4
True: 1
True: 3
True: 1
True: 1
True: 10
True: 680
True: 1
True: 574
True: 3
True: 2
True: 1
True: 1
True: 29
True: 1
True: 871
True: 95
True: 213
True: 8
True: 127
True: 4
True: 2
True: 2
True: 4
True: 3
True: 1
True: 1
True: 1
True: 5
True: 12
True: 1
True: 7
True: 21
True: 669
True: 1
True: 1292173
True: 3
True: 1
True: 103
True: 1
True: 3
True: 401
True: 1
True: 1
True: 2
True: 3
True: 1
True: 5
True: 2
True: 1
True: 2
True: 1811872
True: 3
True: 8
True: 4
True: 1
True: 2
True: 1
True: 395
True: 1622
True: 3
True: 2
True: 16
True: 1
True: 1
True: 2
True: 16
True: 2
True: 395
True: 2
True: 16
True: 1
True: 12
True: 1
True: 9
True: 2
True: 1
True: 1
True: 1
True: 16
True: 125
True: 4
True: 1
True: 6
True: 3
True: 615
True: 191
True: 2
True: 1
True: 2
True: 1
True: 25
True: 157
True: 2
True: 50
True: 1
True: 5
True: 1
True: 1
True: 18
True: 1186
True: 6566
True: 1
True: 1
True: 4
True: 8
True: 41
True: 14
True: 91
True: 4
True: 7
True: 8
True: 12
True: 30
True: 5
True: 7
True: 9
True: 24
True: 115607
True: 1
True: 5
True: 5
True: 2
True: 3
True: 1
True: 1
True: 5
True: 5
True: 1
True: 1
True: 1
True: 1
True: 10
True: 1
True: 3
True: 2
True: 1
True: 4
True: 33
True: 140
True: 1
True: 15
True: 3
True: 547
True: 2
True: 5301
True: 2
True: 4324
True: 1
True: 1
True: 1
True: 2
True: 1
True: 4
True: 1
True: 7
True: 1
True: 1
True: 1
True: 2
True: 1
True: 5
True: 1
True: 5
True: 4
True: 8
True: 2
True: 5
True: 1
True: 62
True: 1
True: 1
True: 1
True: 1
True: 1
True: 1252
True: 1
True: 263
True: 1
True: 2
True: 2
True: 2
True: 7
True: 11
True: 5
True: 12
True: 3
True: 1
True: 1
True: 2
True: 2
True: 9
True: 1
True: 1
True: 31
True: 1
True: 6
True: 7164
True: 2
True: 11
True: 17
True: 6
True: 6
True: 15
True: 2
True: 4
True: 1
True: 6
True: 2
True: 11
True: 1
True: 1
True: 1
True: 15
True: 14
True: 15
True: 1
True: 6
True: 3
True: 2
True: 1
True: 1
True: 37
True: 26
True: 19
True: 1
True: 302
True: 1
True: 2
True: 5
True: 398
True: 5
True: 1
True: 1
True: 2
True: 8
True: 4703
True: 61
True: 53
True: 1
True: 54
True: 1
True: 2
True: 3
True: 87
True: 181
True: 8
True: 177
True: 1
True: 10539
True: 1
True: 27
True: 8
True: 21
True: 1
True: 1
True: 3
True: 387
True: 1
True: 2
True: 3
True: 30
True: 1
True: 1
True: 6
True: 1
True: 7
True: 6
True: 183
True: 1
True: 5
True: 249
True: 1
True: 3
True: 1
True: 72
True: 1
True: 1
True: 1
True: 2
True: 11
True: 7
True: 4
True: 12
True: 3
True: 1
True: 1
True: 5
True: 5
True: 1
True: 1
True: 431
True: 266
True: 4
True: 4
True: 3
True: 143
True: 1
True: 111
True: 2
True: 7752
True: 30
True: 1
True: 1
True: 1
True: 1
True: 1
True: 8
True: 1
True: 2
True: 23
True: 7
True: 139
True: 1
True: 1
True: 21
True: 1
True: 2
True: 6
True: 1
True: 1397
True: 7
True: 6
True: 1
True: 2
True: 6
True: 5
True: 30
True: 2
True: 1
True: 1
True: 5
True: 27
True: 2
True: 6
True: 18
True: 7
True: 20
True: 47
True: 10
True: 736
True: 14
True: 1
True: 2
True: 8
True: 7021
True: 5
True: 4
True: 1
True: 2
True: 5
True: 4
True: 1
True: 1
True: 1
True: 4
True: 1
True: 1
True: 1
True: 1
True: 1
True: 1
True: 25
True: 1
True: 1
True: 63
True: 3
True: 1
True: 5
True: 2
True: 1
True: 95
True: 3
True: 4
True: 1496
True: 2
True: 31
True: 2
True: 1
True: 1
True: 4
True: 1
True: 2
True: 18
True: 1
True: 3
True: 2
True: 683
True: 1
True: 3
True: 1
True: 12
True: 2
True: 2
True: 2
True: 1
True: 4310
True: 4
True: 2
True: 1739
True: 755
True: 2
True: 1
True: 40
True: 1
True: 1
True: 1
True: 2
True: 1
True: 3
True: 1
True: 4
True: 1
True: 3
True: 3
True: 12
True: 1
True: 9
True: 19
True: 16
True: 4
True: 1
True: 13
True: 18
True: 2
True: 1
True: 1
True: 7
True: 7
True: 1
True: 4
True: 3162
True: 2
True: 64
True: 2
True: 12
True: 2
True: 2
True: 25
True: 415
True: 2
True: 227
True: 5
True: 44
True: 2
True: 1
True: 1
True: 119
True: 10
True: 2
True: 1
True: 5302
True: 2
True: 4
True: 1
True: 1
True: 9
True: 2
True: 6
True: 12
True: 2
True: 1
True: 1
True: 3
True: 5
True: 5
True: 4
True: 12
True: 1052546
True: 1
True: 11
True: 2
True: 5
True: 8
True: 4
True: 6
True: 2
True: 23
True: 1
True: 1
True: 19
True: 5
True: 2
True: 3945
True: 1
True: 1
True: 1
True: 6
True: 3
True: 4
True: 40
True: 11
True: 1
True: 8
True: 2
True: 51
True: 16
True: 68
True: 2
True: 3
True: 1
True: 4
True: 1
True: 18
True: 29531
True: 1
True: 107364
True: 1
True: 4
True: 135
True: 141
True: 10
True: 6
True: 2245
True: 1
True: 1
True: 2
True: 32
True: 4
True: 155
True: 1
True: 1
True: 13
True: 10
True: 27
True: 4
True: 3
True: 1
True: 11
True: 1
True: 5
True: 2
True: 1
True: 15
True: 2
True: 2
True: 628
True: 1
True: 2
True: 7
True: 1
True: 1
True: 1
True: 1911625
True: 1
True: 1
True: 52
True: 1
True: 1
True: 4
True: 78644
True: 20
True: 1
True: 6
True: 105389
True: 9
True: 47
True: 1
True: 1
True: 34
True: 1
True: 84
True: 1
True: 2384698
True: 2
True: 2
True: 4
True: 5
True: 7
True: 2
True: 5
True: 3
True: 4
True: 1
True: 1
True: 5
True: 5
True: 5
True: 2
True: 1
True: 12
True: 5
True: 74
True: 6
True: 1
True: 1
True: 22
True: 1
True: 1
True: 3
True: 7
True: 1
True: 16
True: 9
True: 139
True: 11
True: 1
True: 3
True: 1
True: 3
True: 1
True: 122
True: 18
True: 37
True: 124
True: 2
True: 1
True: 1
True: 49
True: 1
True: 16
True: 10
True: 399443
True: 1
True: 1
True: 1
True: 7
True: 2
True: 9
True: 3
True: 2
True: 1
True: 60
True: 2
True: 5
True: 2530
True: 4
True: 1
True: 2
True: 1
True: 5767
True: 1
True: 70
True: 6299
True: 2
True: 9
True: 21
True: 1
True: 3
True: 477
True: 96699
True: 7
True: 12
True: 3146
True: 1095
True: 3
True: 40
True: 5
True: 1
True: 18
True: 1
True: 1
True: 1
True: 48
True: 1
True: 4
True: 7
True: 5
True: 3
True: 3
True: 209138
True: 42
True: 1
True: 51
True: 1479
True: 2
True: 2
True: 71
True: 8
True: 26
True: 8
True: 1
True: 3
True: 7
True: 1849
True: 20
True: 1
True: 70
True: 53
True: 1
True: 90
True: 2
True: 2
True: 195264
True: 7021
True: 146
True: 17
True: 1
True: 96
True: 3
True: 16
True: 2268756
True: 3
True: 1
True: 1
True: 2
True: 213
True: 1
True: 4
True: 1
True: 1
True: 105444
True: 10
True: 9
True: 101
True: 1
True: 95
True: 1
True: 1
True: 2
True: 214
True: 1
True: 5
True: 21
True: 1107
True: 22
True: 2
True: 5428
True: 94
True: 8
True: 1
True: 1
True: 1115
True: 165382
True: 4489
True: 60
True: 12
True: 1
True: 20
True: 1
True: 1
True: 1
True: 3
True: 1
True: 12
True: 3
True: 1
True: 46
True: 72
True: 27
True: 1
True: 14485
True: 51
True: 9
True: 1
True: 1
True: 70
True: 1
True: 3
True: 1
True: 67
True: 3
True: 6
True: 2002407
True: 2
True: 1
True: 1
True: 13
True: 1
True: 1
True: 34
True: 21728
True: 3
True: 2
True: 2
True: 495
True: 1
True: 1
True: 11
True: 1
True: 1
True: 1
True: 1
True: 2
True: 1
True: 2
True: 1
True: 3
True: 1
True: 4
True: 77212
True: 234
True: 5
True: 1
True: 340159
True: 2
True: 5
True: 1
True: 1
True: 3
True: 1
True: 12
True: 1
True: 23
True: 66
True: 394
True: 27
True: 4
True: 2
True: 1
True: 10539
True: 1
True: 52
True: 18
True: 2
True: 1
True: 7
True: 32
True: 4
True: 1
True: 36
True: 23
True: 16
True: 1
True: 13
True: 12
True: 1
True: 8
True: 1
True: 8
True: 3
True: 2
True: 1
True: 7
True: 95
True: 16
True: 7
True: 77
True: 1
True: 1
True: 14
True: 5
True: 1
True: 150
True: 9
True: 17
True: 1
True: 3
True: 532
True: 5
True: 1
True: 2
True: 2
True: 14
True: 8
True: 1
True: 3
True: 1
True: 2
True: 5
True: 11
True: 3
True: 5
True: 1
True: 1
True: 3
True: 19
True: 5
True: 2245
True: 63
True: 21
True: 2
True: 15
True: 1
True: 1
True: 4
True: 32
True: 11
True: 1
True: 3
True: 3
True: 1
True: 1
True: 1
True: 1
True: 1
True: 575
True: 551
True: 35
True: 1
True: 1
True: 7
True: 3
True: 4
True: 3
True: 11
True: 63
True: 2
True: 1286
True: 3
True: 1
True: 11
True: 2
True: 20
True: 30
True: 23
True: 1
True: 125
True: 1
True: 4
True: 3
True: 1
True: 101805
True: 3
True: 1
True: 294
True: 1
True: 1
True: 2089
True: 1
True: 2
True: 1
True: 1
True: 8
True: 67
True: 11
True: 1
True: 7
True: 1
True: 1713
True: 1
True: 53
True: 25
True: 3
True: 1
True: 53
True: 9
True: 1
True: 3
True: 1278
True: 8
True: 1689
True: 1
True: 2
True: 1
True: 656
True: 2086
True: 8
True: 9
True: 1
True: 9
True: 108
True: 1481
True: 7
True: 6
True: 2
True: 6
True: 2
True: 95466
True: 1
True: 17
True: 112
True: 2
True: 1
True: 1
True: 2
True: 23
True: 1
True: 1164731
True: 1
True: 4
True: 9
True: 2
True: 1
True: 2
True: 1
True: 36
True: 5
True: 170
True: 129
True: 1
True: 2
True: 1
True: 3
True: 1
True: 4
True: 14
True: 88
True: 8
True: 2
True: 7
True: 3
True: 8
True: 456
True: 18
True: 1
True: 10
True: 3
True: 782
True: 1
True: 1
True: 1
True: 6
True: 4
True: 6
True: 10
True: 15
True: 1
True: 7
True: 90
True: 2
True: 1
True: 3
True: 1
True: 5
True: 1
True: 3830
True: 11
True: 9
True: 14
True: 7
True: 3
True: 1
True: 382571
True: 2
True: 1
True: 1026
True: 59
True: 1055
True: 14
True: 2
True: 1
True: 694194
True: 1
True: 1
True: 2
True: 2
True: 8
True: 5
True: 40
True: 1
True: 2
True: 5
True: 56
True: 1
True: 169
True: 1
True: 3
True: 1
True: 1
True: 29
True: 27
True: 1
True: 28
True: 182768
True: 3
True: 6
True: 3
True: 1
True: 2
True: 1
True: 1142
True: 3
True: 1
True: 4
True: 2
True: 3
True: 444
True: 16
True: 1
True: 7281
True: 1
True: 1
True: 1
True: 445
True: 1
True: 8
True: 130
True: 1
True: 8
True: 2076
True: 4
True: 10860
True: 1
True: 1
True: 1
True: 19
True: 6
True: 176692
True: 30
True: 1
True: 16
True: 1
True: 17
True: 3
True: 7
True: 1
True: 2
True: 11
True: 24
True: 3
True: 5
True: 4
True: 6
True: 24
True: 10541
True: 1
True: 2
True: 7
True: 8
True: 4
True: 2
True: 5
True: 1
True: 11
True: 1
True: 1
True: 3
True: 1
True: 11
True: 133685
True: 1
True: 1
True: 53
True: 2
True: 15
True: 1
True: 43
True: 1
True: 3
True: 1
True: 4
True: 1
True: 1
True: 1
True: 3
True: 118106
True: 7
True: 1
True: 1
True: 84
True: 1
True: 2
True: 4
True: 4
True: 1
True: 567
True: 6
True: 24
True: 2
True: 9524
True: 7
True: 11
True: 2
True: 1
True: 16
True: 5
True: 1
True: 2
True: 2
True: 13
True: 48107
True: 1
True: 29
True: 1
True: 2
True: 3
True: 1
True: 5
True: 96
True: 11
True: 2
True: 4
True: 661167
True: 1
True: 1
True: 13
True: 3
True: 8
True: 1
True: 51
True: 4
True: 419
True: 8
True: 448661
True: 1
True: 4
True: 1
True: 1
True: 19
True: 1
True: 8
True: 14
True: 2
True: 46
True: 4
True: 24
True: 40
True: 630
True: 2
True: 2095190
True: 3
True: 90
True: 1
True: 1
True: 14
True: 470
True: 49
True: 1
True: 4
True: 2
True: 1
True: 146
True: 8
True: 226
True: 1
True: 5
True: 6
True: 171
True: 1
True: 2976
True: 17
True: 1
True: 165653
True: 845939
True: 1
True: 3
True: 28
True: 50
True: 2
True: 5
True: 1
True: 17
True: 1
True: 1
True: 1
True: 17
True: 123418
True: 1
True: 1
True: 7
True: 1
True: 18
True: 1
True: 11
True: 2
True: 3
True: 5
True: 2
True: 1
True: 1
True: 1
True: 1
True: 13
True: 2
True: 1
True: 6
True: 44
True: 2
True: 24
True: 4
True: 1
True: 127
True: 15
True: 3
True: 1
True: 2
True: 3
True: 3
True: 1
True: 107
True: 1
True: 1
True: 1
True: 1
True: 54
True: 2
True: 8
True: 8
True: 453423
True: 2
True: 13
True: 1
True: 310
True: 1
True: 4
True: 1
True: 1
True: 30
True: 1
True: 1
True: 47
True: 2
True: 20
True: 2
True: 103
True: 104
True: 5
True: 92056
True: 1
True: 1
True: 38
True: 16
True: 1
True: 16
True: 2
True: 419
True: 2
True: 5
True: 1
True: 18
True: 2
True: 901
True: 1
True: 1
True: 18
True: 3
True: 11
True: 6
True: 1
True: 3
True: 1
True: 1
True: 6
True: 11
True: 11
True: 4
True: 4
True: 2
True: 2
True: 18
True: 11
True: 1
True: 16
True: 6743
True: 9
True: 1
True: 3
True: 3
True: 7
True: 8
True: 1
True: 6
True: 1
True: 1
True: 20
True: 17
True: 917
True: 3
True: 4
True: 1
True: 60
True: 2
True: 1
True: 16
True: 86
True: 12
True: 1
True: 6
True: 1291321
True: 1
True: 3
True: 47
True: 1
True: 115168
True: 1
True: 3
True: 68
True: 2
True: 73
True: 5
True: 17
True: 6
True: 1
True: 8
True: 20
True: 1
True: 3
True: 1
True: 3
True: 7
True: 3
True: 10
True: 1
True: 23
True: 2
True: 1
True: 4
True: 41
True: 2
True: 17
True: 6
True: 1
True: 25
True: 1
True: 1
True: 4
True: 1
True: 4
True: 26
True: 1
True: 8
True: 17
True: 3
True: 8
True: 13
True: 1
True: 1
True: 1
True: 4834
True: 97
True: 10833
True: 29
True: 3073043
True: 4
True: 4
True: 1
True: 5
True: 95888
True: 4
True: 2
True: 5
True: 3
True: 15
True: 11
True: 2
True: 1
True: 550
True: 11
True: 556
True: 8
True: 3
True: 115607
True: 2
True: 1
True: 2
True: 182768
True: 166
True: 1
True: 1
True: 1
True: 1
True: 1
True: 5
True: 6
True: 8
True: 74
True: 1214
True: 2
True: 1
True: 7
True: 26
True: 41
True: 6
True: 8
True: 1
True: 1
True: 18
True: 44
True: 13
True: 2
True: 28
True: 8
True: 2
True: 1
True: 1
True: 1
True: 1
True: 1
True: 7
True: 5448
True: 4
True: 2
True: 16
True: 2
True: 14
True: 1
True: 1
True: 8
True: 4
True: 3
True: 22
True: 5
True: 310215
True: 5
True: 4
True: 2
True: 2
True: 1
True: 5
True: 57
True: 5
True: 1
True: 3
True: 7
True: 2
True: 18
True: 7
True: 1
True: 2046
True: 10
True: 1
True: 1
True: 5
True: 19
True: 1
True: 503
True: 34
True: 14
True: 1
True: 10
True: 4
True: 3
True: 5
True: 1
True: 4
True: 1
True: 4111
True: 39
True: 5
True: 34
True: 1
True: 209138
True: 30
True: 1
True: 1
True: 1
True: 3
True: 163
True: 4
True: 1
True: 2
True: 11
True: 7
True: 31
True: 11
True: 4
True: 1
True: 7
True: 1
True: 1
True: 1
True: 1
True: 1
True: 197
True: 2
True: 112896
True: 1
True: 736
True: 5
True: 5
True: 5
True: 1720
True: 1
True: 3
True: 13
True: 25
True: 1
True: 3
True: 143
True: 1
True: 1
True: 1
True: 2
True: 1
True: 1
True: 2
True: 5
True: 4
True: 2
True: 19
True: 2763
True: 9304
True: 16
True: 2
True: 1
True: 391
True: 191
True: 5
True: 1
True: 1
True: 3
True: 18351
True: 10
True: 3
True: 9
True: 551
True: 20
True: 1
True: 1
True: 2
True: 5
True: 3
True: 1
True: 1
True: 13
True: 150
True: 125
True: 5528
True: 1
True: 5
True: 1
True: 1
True: 83
True: 4
True: 2
True: 1
True: 7
True: 160691
True: 225100
True: 1
True: 38
True: 1
True: 2
True: 4287
True: 28
True: 3
True: 1
True: 1
True: 5
True: 1440
True: 1
True: 1
True: 256480
True: 8
True: 133
True: 12
True: 5
True: 1
True: 3
True: 2
True: 1
True: 1
True: 1
True: 88687
True: 4
True: 2
True: 2
True: 4
True: 6
True: 1
True: 7
True: 1
True: 1
True: 1
True: 5
True: 2976
True: 1
True: 1
True: 15
True: 7
True: 83
True: 140
True: 22
True: 1560
True: 234016
True: 5
True: 7
True: 31
True: 1
True: 1
True: 5697
True: 2
True: 5
True: 9
True: 112
True: 1265980
True: 36
True: 1
True: 52
True: 1
True: 11
True: 8
True: 82
True: 1
True: 4
True: 25
True: 148
True: 3
True: 2
True: 1
True: 1
True: 2
True: 3
True: 2
True: 6
True: 2
True: 11
True: 78907
True: 1
True: 2
True: 6
True: 5
True: 2
True: 3
True: 5
True: 1
True: 1
True: 13
True: 2018913
True: 1
True: 237
True: 1
True: 4284
True: 5443
True: 4
True: 13
True: 2
True: 1
True: 2
True: 108
True: 1
True: 1
True: 97
True: 1
True: 1
True: 1
True: 1
True: 1
True: 56
True: 1
True: 3
True: 3
True: 1
True: 24
True: 3
True: 2
True: 7
True: 5
True: 207
True: 2
True: 1
True: 2
True: 3
True: 1
True: 45
True: 2
True: 1
True: 1
True: 28
True: 1
True: 6
True: 290
True: 367
True: 2
True: 1292173
True: 6
True: 9
True: 1
True: 1455
True: 2
True: 1
True: 1
True: 4
True: 3
True: 1
True: 134479
True: 1
True: 3
True: 8
True: 1
True: 4
True: 2
True: 7
True: 31
True: 94
True: 33
True: 124
True: 4
True: 11
True: 82
True: 11
True: 11
True: 1
True: 6
True: 1
True: 3
True: 35
True: 69
True: 1
True: 179656
True: 2913
True: 23
True: 43
True: 2
True: 1
True: 3
True: 21865
True: 1
True: 2
True: 6
True: 1
True: 39
True: 53
True: 1
True: 1
True: 659
True: 1
True: 1
True: 1
True: 10
True: 2
True: 1
True: 43
True: 171
True: 1
True: 3
True: 1
True: 1
True: 2
True: 2
True: 2
True: 1
True: 3
True: 9
True: 1311041
True: 514
True: 1
True: 1
True: 1
True: 1
True: 8
True: 2
True: 3
True: 4
True: 1
True: 1
True: 40
True: 1
True: 5
True: 1214
True: 9
True: 6
True: 4
True: 2
True: 1
True: 2
True: 91
True: 2
True: 7
True: 2
True: 194297
True: 9
True: 1
True: 1689
True: 1
True: 1
True: 1
True: 109
True: 388
True: 1
True: 1
True: 1
True: 9
True: 1
True: 1
True: 40
True: 1
True: 1
True: 16
True: 3
True: 7
True: 4
True: 7
True: 1
True: 47339
True: 1
True: 11
True: 3
True: 2
True: 211
True: 10
True: 13
True: 3
True: 6
True: 8
True: 3
True: 5
True: 1
True: 38
True: 165381
True: 2
True: 179656
True: 2
True: 2
True: 10579
True: 2
True: 21
True: 33
True: 4
True: 31
True: 1
True: 2
True: 1875
True: 3
True: 1
True: 1
True: 48
True: 1
True: 2
True: 12957
True: 28
True: 720564
True: 48
True: 8
True: 2
True: 1
True: 2
True: 8
True: 1
True: 4045
True: 1
True: 15
True: 2
True: 96707
True: 2
True: 4
True: 11
True: 2
True: 2
True: 1
True: 116
True: 21
True: 10
True: 3
True: 3
True: 1
True: 2
True: 1
True: 5
True: 30
True: 1
True: 1
True: 2
True: 22
True: 31
True: 3
True: 343741
True: 2
True: 73
True: 2
True: 1
True: 1
True: 2717292
True: 1
True: 1
True: 1
True: 1
True: 1
True: 1
True: 1
True: 1
True: 2
True: 1
True: 2
True: 1
True: 2
True: 1
True: 33
True: 7
True: 20
True: 1
True: 1
True: 801
True: 57
True: 1
True: 3
True: 1
True: 42
True: 593
True: 2
True: 2
True: 1
True: 2
True: 5
True: 1
True: 1
True: 1
True: 1
True: 1
True: 25
True: 24
True: 3
True: 1
True: 6
True: 4
True: 4
True: 1
True: 14
True: 1
True: 25
True: 1
True: 1
True: 18
True: 54
True: 1
True: 11
True: 6
True: 1
True: 121
True: 7
True: 2
True: 76435
True: 3
True: 9
True: 4429
True: 1
True: 4
True: 9
True: 16
True: 7
True: 2
True: 2
True: 6
True: 1
True: 3
True: 1
True: 102
True: 2
True: 10
True: 25
True: 7
True: 1
True: 1
True: 1
True: 1
True: 23
True: 5
True: 3
True: 3
True: 5
True: 8
True: 1
True: 2
True: 22
True: 1
True: 6
True: 8
True: 227
True: 3
True: 2
True: 16
True: 1
True: 3
True: 5
True: 1
True: 10
True: 125151
True: 3
True: 8
True: 301
True: 1
True: 4
True: 1
True: 53
True: 8
True: 18
True: 3
True: 30
True: 1
True: 38
True: 3
True: 111321
True: 1
True: 2
True: 8
True: 10
True: 1
True: 183
True: 15
True: 26931
True: 13
True: 28
True: 1
True: 20
True: 164526
True: 2
True: 573
True: 4
True: 102655
True: 1
True: 3
True: 1
True: 1
True: 6
True: 1
True: 1
True: 32
True: 9
True: 1
True: 30
True: 5
True: 21
True: 449
True: 1
True: 7
True: 10
True: 11
True: 3
True: 17
True: 1
True: 1
True: 1
True: 1
True: 1
True: 2
True: 3
True: 1
True: 3
True: 1
True: 3
True: 1
True: 1
True: 13
True: 66
True: 1
True: 3
True: 3
True: 3
True: 1
True: 1
True: 1707
True: 5
True: 1
True: 5
True: 2717292
True: 2
True: 1
True: 1
True: 9
True: 1
True: 3
True: 1
True: 54
True: 5
True: 349
True: 547
True: 5
True: 3
True: 1
True: 2
True: 602
True: 142
True: 910
True: 549
True: 3
True: 13
True: 4
True: 1
True: 26
True: 2111
True: 1
True: 4
True: 2
True: 125
True: 1
True: 9
True: 6
True: 21
True: 13
True: 2
True: 10
True: 2
True: 92
True: 9
True: 6
True: 3
True: 5
True: 9
True: 28
True: 1
True: 51
True: 1
True: 1
True: 7
True: 155
True: 5
True: 2
True: 1
True: 318
True: 5
True: 1
True: 1
True: 30
True: 2
True: 14
True: 10
True: 4
True: 1
True: 2
True: 5
True: 6
True: 1
True: 292843
True: 20
True: 10
True: 9
True: 2944
True: 27
True: 48107
True: 111320
True: 2
True: 3
True: 4
True: 16
True: 3
True: 2
True: 1
True: 2
True: 1
True: 1
True: 11
True: 1
True: 1
True: 97
True: 1
True: 1
True: 2
True: 51
True: 1
True: 375
True: 18
True: 2
True: 746
True: 8
True: 184159
True: 18
True: 1
True: 1
True: 4
True: 1
True: 2
True: 5
True: 168182
True: 18
True: 112
True: 1
True: 63
True: 4
True: 8
True: 1
True: 5
True: 3
True: 1
True: 1
True: 112897
True: 28
True: 1
True: 1
True: 21
True: 18080
True: 3
True: 1
True: 1
True: 239
True: 1
True: 5
True: 7
True: 6
True: 1
True: 39
True: 6
True: 1143
True: 12
True: 3
True: 6
True: 106
True: 10
True: 3
True: 11
True: 2
True: 203
True: 2
True: 92056
True: 97390
True: 2
True: 256479
True: 7
True: 4
True: 427
True: 7
True: 3
True: 71
True: 4
True: 1
True: 1
True: 95
True: 11
True: 16
True: 2
True: 2
True: 2
True: 1
True: 4
True: 10
True: 2
True: 33
True: 367
True: 1
True: 3
True: 1
True: 1
True: 27
True: 1548
True: 2
True: 1258
True: 4
True: 4
True: 340270
True: 11
True: 1
True: 2
True: 5
True: 4
True: 2
True: 13
True: 3
True: 6
True: 1
True: 3
True: 2
True: 27
True: 9
True: 95
True: 1
True: 1
True: 1
True: 14
True: 6
True: 1
True: 2
True: 1
True: 1
True: 1
True: 1
True: 6
True: 42
True: 21
True: 4
True: 2
True: 1
True: 7055
True: 1
True: 6
True: 1
True: 13
True: 179
True: 3
True: 11
True: 4
True: 1
True: 1
True: 1
True: 6
True: 455
True: 3
True: 1560
True: 25
True: 10
True: 1
True: 3
True: 1
True: 3
True: 45
True: 1
True: 11
True: 3
True: 1
True: 4
True: 1
True: 849
True: 5
True: 4
True: 1
True: 2
True: 61
True: 4
True: 1
True: 27
True: 2
True: 183
True: 3
True: 2
True: 10
True: 2
True: 2
True: 1
True: 1
True: 1
True: 1
True: 3
True: 59
True: 1
True: 1
True: 4
True: 1
True: 1
True: 3
True: 1
True: 1
True: 1
True: 75
True: 4
True: 1091
True: 8
True: 1
True: 1
True: 1
True: 4
True: 4
True: 51
True: 1
True: 2
True: 1
True: 1
True: 20
True: 1
True: 1
True: 6
True: 1
True: 1
True: 1
True: 37
True: 1
True: 4
True: 1
True: 7021
True: 2
True: 22
True: 2
True: 1455
True: 5
True: 52
True: 626
True: 1
True: 6
True: 1305
True: 22
True: 1
True: 5
True: 10
True: 4
True: 1
True: 28
True: 37
True: 2
True: 1907
True: 23
True: 3
True: 2324
True: 2
True: 5
True: 430
True: 30
True: 2
True: 7
True: 1
True: 2
True: 10
True: 5
True: 52
True: 9
True: 4
True: 2
True: 1
True: 176
True: 2
True: 1
True: 1
True: 3
True: 11
True: 2
True: 3
True: 1
True: 1
True: 15
True: 4
True: 7
True: 1
True: 1
True: 4
True: 6
True: 1
True: 4
True: 57
True: 11
True: 2
True: 379144
True: 2
True: 1
True: 8
True: 5
True: 14
True: 7
True: 1
True: 602
True: 31
True: 1
True: 12058
True: 6
True: 18
True: 1
True: 6
True: 1
True: 3896
True: 1
True: 6
True: 8
True: 6
True: 1
True: 3
True: 21
True: 5233
True: 2535
True: 938
True: 4
True: 6
True: 8690
True: 14
True: 594
True: 17
True: 1
True: 67
True: 64
True: 1
True: 1
True: 1
True: 1
True: 1
True: 10
True: 1
True: 2
True: 1
True: 144
True: 1
True: 1
True: 4
True: 65
True: 2
True: 1348
True: 5
True: 1
True: 342
True: 107166
True: 4
True: 4
True: 2
True: 1
True: 1
True: 2
True: 2
True: 11
True: 4
True: 2
True: 22290
True: 2
True: 6
True: 15
True: 3
True: 4
True: 8
True: 10
True: 96
True: 19
True: 72
True: 1
True: 3
True: 1
True: 1
True: 1
True: 2
True: 2
True: 3
True: 26
True: 3
True: 2
True: 1
True: 3
True: 1
True: 4
True: 3
True: 1
True: 2
True: 10
True: 28
True: 3
True: 1
True: 14
True: 4
True: 3
True: 136
True: 1
Total points returned by queries: 201782117
Total queries: 10000
Avg range query time (ns): 5.17194e+08
Total points scanned: 1186171096122
