True: 5
True: 793
True: 136
True: 3
True: 1
True: 7
True: 2
True: 1
True: 1
True: 13
True: 2415
True: 2
True: 201
True: 2
True: 6
True: 21
True: 6535609
True: 555
True: 10
True: 18
True: 2
True: 33
True: 1
True: 2
True: 2155628
True: 19095
True: 1
True: 1
True: 13
True: 1
True: 13
True: 5
True: 7
True: 206
True: 9031
True: 57
True: 30
True: 1
True: 2
True: 112
True: 1
True: 9620
True: 23
True: 21
True: 9
True: 11
True: 2
True: 2233
True: 1
True: 9
True: 24
True: 7
True: 4
True: 1
True: 100
True: 3
True: 111
True: 112
True: 826437
True: 4
True: 18
True: 1
True: 142
True: 1
True: 1
True: 3
True: 18
True: 51
True: 1
True: 329
True: 35
True: 4
True: 12
True: 1
True: 10797
True: 3
True: 151
True: 1
True: 1
True: 1
True: 2
True: 1152235
True: 1
True: 1
True: 1
True: 1
True: 27
True: 2
True: 6
True: 1
True: 1
True: 4
True: 26
True: 30
True: 1
True: 156
True: 311
True: 9
True: 1652
True: 1660
True: 4
True: 1
True: 2
True: 3
True: 13
True: 4
True: 42
True: 1
True: 1
True: 9
True: 35
True: 4
True: 7
True: 2
True: 7
True: 12
True: 1
True: 104
True: 30
True: 4
True: 64
True: 1
True: 1
True: 820407
True: 826830
True: 78468
True: 25
True: 4
True: 62935
True: 1
True: 4
True: 25
True: 17
True: 4
True: 1
True: 1
True: 5
True: 43844
True: 228
True: 32
True: 1
True: 4
True: 13
True: 153877
True: 15
True: 14
True: 1
True: 252
True: 1
True: 281
True: 6
True: 33
True: 14
True: 15
True: 2
True: 35
True: 1
True: 16
True: 10
True: 1
True: 480
True: 269917
True: 1
True: 2
True: 2
True: 1
True: 3
True: 1
True: 1
True: 24
True: 1
True: 56
True: 3
True: 26
True: 30
True: 7
True: 67202
True: 9
True: 11987
True: 1
True: 36
True: 5
True: 414
True: 2
True: 1
True: 5
True: 25
True: 2
True: 34
True: 48
True: 1
True: 1
True: 1
True: 1
True: 19
True: 3
True: 1
True: 8
True: 185
True: 16
True: 1
True: 2
True: 1
True: 14
True: 37
True: 4
True: 4
True: 104
True: 2
True: 1
True: 4
True: 1
True: 4
True: 1
True: 4
True: 63
True: 1
True: 782
True: 1
True: 1
True: 1
True: 48915
True: 9
True: 3
True: 1
True: 23
True: 1
True: 1
True: 1
True: 2
True: 1
True: 1
True: 419
True: 399340
True: 39
True: 11476
True: 10
True: 1
True: 1
True: 1
True: 15
True: 32
True: 6033899
True: 32
True: 3
True: 17
True: 1
True: 662823
True: 2
True: 4
True: 1
True: 15
True: 5
True: 12
True: 48
True: 7
True: 1
True: 8334
True: 33240
True: 1
True: 37
True: 1
True: 720067
True: 4
True: 1
True: 1
True: 50
True: 10
True: 6
True: 2
True: 32
True: 1
True: 1
True: 2144
True: 39
True: 1
True: 3
True: 15
True: 7
True: 1113288
True: 14
True: 1
True: 10
True: 6
True: 2
True: 1
True: 19
True: 16
True: 126
True: 3
True: 1
True: 2
True: 33
True: 3
True: 26487
True: 7
True: 2
True: 2013
True: 17
True: 1
True: 2
True: 1
True: 8847
True: 8
True: 19
True: 104
True: 4
True: 1
True: 1
True: 267
True: 856916
True: 2
True: 3
True: 2
True: 1
True: 32
True: 8
True: 27
True: 159
True: 1
True: 26
True: 19
True: 131
True: 9
True: 66
True: 35
True: 1
True: 20
True: 1
True: 23
True: 2
True: 116
True: 149
True: 6
True: 265
True: 173
True: 19
True: 18
True: 1
True: 38
True: 16
True: 18
True: 132
True: 1
True: 17
True: 1
True: 860546
True: 9
True: 1
True: 387
True: 83
True: 2
True: 4
True: 1
True: 53
True: 480
True: 1
True: 13
True: 1
True: 1
True: 21785
True: 8
True: 2
True: 1
True: 2
True: 15
True: 1
True: 161
True: 1
True: 2
True: 71
True: 79
True: 419
True: 8
True: 4
True: 8
True: 9
True: 49
True: 11
True: 46
True: 1
True: 1
True: 2
True: 19
True: 1
True: 1
True: 62
True: 2
True: 444
True: 104
True: 1
True: 4
True: 1
True: 22
True: 1
True: 2
True: 273
True: 1019838
True: 3
True: 31
True: 2
True: 1
True: 1
True: 2
True: 7
True: 23
True: 5
True: 1
True: 25
True: 12
True: 6
True: 1
True: 3
True: 1
True: 7
True: 1
True: 1
True: 780508
True: 12
True: 1
True: 4
True: 2
True: 15
True: 7
True: 194
True: 1486
True: 1
True: 13
True: 1676452
True: 52
True: 25
True: 3
True: 18
True: 110
True: 1
True: 46
True: 2
True: 37
True: 1
True: 6
True: 4
True: 21
True: 4
True: 25
True: 5
True: 7
True: 342
True: 13
True: 23
True: 3
True: 1648
True: 3
True: 14
True: 13
True: 13
True: 3
True: 31
True: 4
True: 1
True: 1
True: 355
True: 18
True: 1
True: 334
True: 1
True: 32
True: 5
True: 7
True: 42
True: 7
True: 19
True: 173
True: 1626
True: 2869
True: 1
True: 23
True: 17
True: 4
True: 161
True: 9
True: 9372
True: 7
True: 1
True: 8
True: 2
True: 10
True: 53
True: 36
True: 12904081
True: 1
True: 627
True: 7
True: 6
True: 1079
True: 6
True: 196
True: 2
True: 31
True: 4
True: 3
True: 9
True: 5
True: 31
True: 58
True: 36
True: 1
True: 1
True: 7
True: 12
True: 16
True: 5
True: 4
True: 1
True: 9
True: 5848
True: 1
True: 21788
True: 9
True: 2
True: 12
True: 3
True: 1
True: 26893
True: 11
True: 21
True: 1
True: 2
True: 1
True: 4
True: 7
True: 6
True: 4
True: 1
True: 1
True: 4
True: 27
True: 12
True: 6
True: 62
True: 2
True: 2
True: 1
True: 4
True: 1
True: 8
True: 19
True: 3
True: 39
True: 17
True: 1
True: 882579
True: 1
True: 1
True: 86
True: 34030
True: 14
True: 8
True: 29
True: 33618
True: 18
True: 7
True: 2
True: 404
True: 76258
True: 1
True: 12
True: 1
True: 28
True: 33
True: 1
True: 2
True: 12
True: 39
True: 16
True: 8
True: 12
True: 3
True: 4
True: 13
True: 1
True: 22
True: 10
True: 11
True: 1
True: 110
True: 8
True: 9
True: 206
True: 1
True: 2
True: 1
True: 31
True: 9
True: 264837
True: 38
True: 50
True: 4
True: 1
True: 15
True: 21
True: 7
True: 2
True: 73
True: 52
True: 6
True: 66
True: 34
True: 4
True: 27
True: 1
True: 1
True: 3
True: 1
True: 3
True: 8
True: 1431455
True: 22
True: 1
True: 1
True: 2
True: 8890295
True: 1
True: 1
True: 4
True: 17
True: 150
True: 15
True: 2
True: 1
True: 52
True: 10
True: 3
True: 439
True: 1406
True: 5
True: 25
True: 1
True: 1
True: 1
True: 7
True: 377
True: 31
True: 10
True: 4
True: 9
True: 1
True: 21
True: 1367
True: 1
True: 4
True: 2
True: 1
True: 1
True: 1
True: 26441
True: 2
True: 2
True: 27
True: 2
True: 1
True: 1002938
True: 1
True: 7
True: 1
True: 249
True: 4
True: 1
True: 8
True: 1050
True: 1
True: 89
True: 58
True: 304
True: 1
True: 1
True: 8
True: 1
True: 1
True: 1161
True: 1
True: 4
True: 32
True: 2
True: 47
True: 2
True: 5
True: 42
True: 13
True: 1
True: 2
True: 28
True: 57360
True: 1
True: 2
True: 5731827
True: 982
True: 1
True: 4
True: 1681
True: 12
True: 6
True: 5
True: 1
True: 7
True: 26020323
True: 4
True: 18
True: 39
True: 2
True: 1
True: 3
True: 44
True: 5
True: 150
True: 414
True: 7
True: 61
True: 33
True: 2
True: 9216
True: 26
True: 41
True: 839921
True: 1
True: 1
True: 3
True: 1
True: 593409
True: 24
True: 3
True: 1
True: 1
True: 1
True: 10
True: 3
True: 24
True: 6
True: 9
True: 11
True: 34
True: 6
True: 8
True: 1
True: 1
True: 132
True: 556
True: 262
True: 180
True: 275
True: 4
True: 41
True: 2
True: 21
True: 1
True: 7
True: 4
True: 5
True: 1
True: 17
True: 31
True: 24
True: 2
True: 9
True: 9910
True: 4
True: 197
True: 1
True: 1
True: 7
True: 1
True: 7
True: 14
True: 1
True: 4
True: 10
True: 1
True: 1
True: 5
True: 13
True: 54
True: 1
True: 54
True: 22
True: 7
True: 14
True: 58865
True: 5
True: 22
True: 2
True: 129
True: 5
True: 332108
True: 7
True: 11
True: 12
True: 1
True: 1
True: 1
True: 2
True: 6
True: 2
True: 4
True: 3169
True: 6
True: 2
True: 1
True: 1
True: 3
True: 2
True: 101
True: 1
True: 2
True: 2
True: 5
True: 1
True: 16
True: 8
True: 2498
True: 63015
True: 26
True: 1
True: 29
True: 1
True: 1
True: 2
True: 416
True: 5
True: 102
True: 59
True: 55
True: 1
True: 39
True: 38
True: 2
True: 1
True: 12
True: 1925339
True: 102
True: 1
True: 1
True: 12
True: 1
True: 26
True: 1
True: 21
True: 47
True: 781
True: 1
True: 21
True: 3
True: 911
True: 16
True: 1
True: 70561
True: 1
True: 2
True: 5
True: 5463
True: 1
True: 10
True: 50
True: 22
True: 1
True: 1
True: 2
True: 144
True: 1
True: 26
True: 3
True: 43
True: 18
True: 198
True: 1
True: 14
True: 68
True: 7
True: 1
True: 22
True: 2
True: 9043
True: 10
True: 3
True: 28
True: 1
True: 8
True: 1
True: 1
True: 3
True: 1
True: 20
True: 1
True: 6
True: 10
True: 1
True: 406
True: 126
True: 1284777
True: 2
True: 2
True: 1
True: 234337
True: 2
True: 1
True: 1
True: 8
True: 1
True: 19
True: 29
True: 1
True: 4515
True: 7
True: 1
True: 70
True: 1
True: 1
True: 4
True: 8
True: 1083634
True: 1
True: 1
True: 16
True: 195
True: 2
True: 21
True: 1
True: 12076
True: 76
True: 57
True: 560
True: 65
True: 1003
True: 18
True: 4
True: 1
True: 1
True: 68
True: 1
True: 12
True: 4
True: 129
True: 25625600
True: 1
True: 3
True: 1
True: 8
True: 5
True: 45
True: 1
True: 1
True: 1
True: 1
True: 74
True: 9
True: 1
True: 1
True: 4
True: 18
True: 21
True: 17
True: 888334
True: 1
True: 105
True: 4
True: 26
True: 2
True: 896
True: 17
True: 2
True: 1
True: 1
True: 2
True: 3830
True: 4
True: 3
True: 112
True: 2
True: 1
True: 1
True: 3
True: 1
True: 8
True: 1
True: 4
True: 534082
True: 41
True: 23
True: 2
True: 44
True: 1
True: 91
True: 9110
True: 4
True: 2
True: 47
True: 45449
True: 1
True: 6
True: 1
True: 10696
True: 6
