found flag name = base_gen
found flag dataset = /home/ubuntu/correlations/continuous/chicago_taxi/chicago_taxi_sort_octree_0_2_8.bin
found flag workload = /home/ubuntu/correlations/continuous/chicago_taxi/queries_4_s01.dat
found flag visitor = index
found flag indexer-spec = /home/ubuntu/correlations/continuous/chicago_taxi/index_octree_base.build
found flag save = results/base_gen.dat
Dimension is 9
Loaded 1000 queries
Loaded dataset and workload
Sorting data...
Building Octree with page size 1000 on dimensions: 0 2 8 
Data was modified
Time to sort and finalize data: 162.889s
Not using datacubes
Compression time: 19.4071s
Leaf nodes: 876100, inner nodes: 125157, max page size: 17250
Indexer sizei (B): 160201160
Index creation time: 182.314s
Starting queries...
Scan time (us): ranges = 938187, list = 0.22, total = 938188
True: 1787016, scanned range = 194069509, scanned list = 0
Query time (ms): 938.227
Scan time (us): ranges = 938558, list = 0.2, total = 938558
True: 2131128, scanned range = 194069509, scanned list = 0
Query time (ms): 938.602
Scan time (us): ranges = 933174, list = 0.2, total = 933174
True: 1908060, scanned range = 194069509, scanned list = 0
Query time (ms): 933.215
Scan time (us): ranges = 930808, list = 0.47, total = 930808
True: 1684935, scanned range = 194069509, scanned list = 0
Query time (ms): 930.844
Scan time (us): ranges = 931243, list = 0.3, total = 931243
True: 1807908, scanned range = 194069509, scanned list = 0
Query time (ms): 931.281
Scan time (us): ranges = 931216, list = 0.08, total = 931216
True: 2034428, scanned range = 194069509, scanned list = 0
Query time (ms): 931.255
Scan time (us): ranges = 913079, list = 0.29, total = 913080
True: 27627, scanned range = 194069509, scanned list = 0
Query time (ms): 913.117
Scan time (us): ranges = 929074, list = 0.29, total = 929075
True: 1897801, scanned range = 194069509, scanned list = 0
Query time (ms): 929.114
Scan time (us): ranges = 928838, list = 0.18, total = 928838
True: 1721058, scanned range = 194069509, scanned list = 0
Query time (ms): 928.877
Scan time (us): ranges = 932746, list = 0.09, total = 932746
True: 1916756, scanned range = 194069509, scanned list = 0
Query time (ms): 932.786
Scan time (us): ranges = 934798, list = 0.29, total = 934798
True: 2071469, scanned range = 194069509, scanned list = 0
Query time (ms): 934.838
Scan time (us): ranges = 932651, list = 0.32, total = 932652
True: 2005466, scanned range = 194069509, scanned list = 0
Query time (ms): 932.691
Scan time (us): ranges = 930325, list = 0.29, total = 930325
True: 1980832, scanned range = 194069509, scanned list = 0
Query time (ms): 930.363
Scan time (us): ranges = 927143, list = 0.23, total = 927143
True: 2053909, scanned range = 194069509, scanned list = 0
Query time (ms): 927.183
Scan time (us): ranges = 931033, list = 0.29, total = 931033
True: 1835876, scanned range = 194069509, scanned list = 0
Query time (ms): 931.072
Scan time (us): ranges = 926500, list = 0.14, total = 926500
True: 1778443, scanned range = 194069509, scanned list = 0
Query time (ms): 926.539
Scan time (us): ranges = 931575, list = 0.11, total = 931575
True: 1914282, scanned range = 194069509, scanned list = 0
Query time (ms): 931.614
Scan time (us): ranges = 928368, list = 0.3, total = 928368
True: 1808179, scanned range = 194069509, scanned list = 0
Query time (ms): 928.406
Scan time (us): ranges = 930066, list = 0.3, total = 930066
True: 1747402, scanned range = 194069509, scanned list = 0
Query time (ms): 930.104
Scan time (us): ranges = 911858, list = 0.3, total = 911858
True: 22030, scanned range = 194069509, scanned list = 0
Query time (ms): 911.898
Scan time (us): ranges = 929968, list = 0.26, total = 929968
True: 2062226, scanned range = 194069509, scanned list = 0
Query time (ms): 930.008
Scan time (us): ranges = 912567, list = 0.11, total = 912567
True: 0, scanned range = 194069509, scanned list = 0
Query time (ms): 912.606
Scan time (us): ranges = 933168, list = 0.08, total = 933168
True: 2099006, scanned range = 194069509, scanned list = 0
Query time (ms): 933.21
Scan time (us): ranges = 932337, list = 0.2, total = 932337
True: 1985528, scanned range = 194069509, scanned list = 0
Query time (ms): 932.391
Scan time (us): ranges = 928857, list = 0.32, total = 928858
True: 2004029, scanned range = 194069509, scanned list = 0
Query time (ms): 928.896
Scan time (us): ranges = 931381, list = 0.3, total = 931381
True: 1767816, scanned range = 194069509, scanned list = 0
Query time (ms): 931.433
Scan time (us): ranges = 934134, list = 0.31, total = 934134
True: 1942653, scanned range = 194069509, scanned list = 0
Query time (ms): 934.174
Scan time (us): ranges = 932083, list = 0.3, total = 932083
True: 1840507, scanned range = 194069509, scanned list = 0
Query time (ms): 932.122
Scan time (us): ranges = 927923, list = 0.32, total = 927923
True: 1847150, scanned range = 194069509, scanned list = 0
Query time (ms): 927.962
Scan time (us): ranges = 929736, list = 0.29, total = 929736
True: 1861337, scanned range = 194069509, scanned list = 0
Query time (ms): 929.775
Scan time (us): ranges = 931980, list = 0.09, total = 931980
True: 2005474, scanned range = 194069509, scanned list = 0
Query time (ms): 932.019
Scan time (us): ranges = 930102, list = 0.29, total = 930102
True: 1840928, scanned range = 194069509, scanned list = 0
Query time (ms): 930.142
Scan time (us): ranges = 931123, list = 0.07, total = 931123
True: 1928143, scanned range = 194069509, scanned list = 0
Query time (ms): 931.161
Scan time (us): ranges = 927837, list = 0.3, total = 927838
True: 1867352, scanned range = 194069509, scanned list = 0
Query time (ms): 927.878
Scan time (us): ranges = 930379, list = 0.31, total = 930380
True: 1945440, scanned range = 194069509, scanned list = 0
Query time (ms): 930.419
Scan time (us): ranges = 922973, list = 0.36, total = 922973
True: 1002543, scanned range = 194069509, scanned list = 0
Query time (ms): 923.012
Scan time (us): ranges = 930679, list = 0.32, total = 930679
True: 1859839, scanned range = 194069509, scanned list = 0
Query time (ms): 930.718
Scan time (us): ranges = 933197, list = 0.32, total = 933197
True: 1907934, scanned range = 194069509, scanned list = 0
Query time (ms): 933.237
Scan time (us): ranges = 927593, list = 0.32, total = 927593
True: 1287760, scanned range = 194069509, scanned list = 0
Query time (ms): 927.633
Scan time (us): ranges = 927747, list = 0.28, total = 927748
True: 1883074, scanned range = 194069509, scanned list = 0
Query time (ms): 927.788
Scan time (us): ranges = 931380, list = 0.36, total = 931381
True: 1914278, scanned range = 194069509, scanned list = 0
Query time (ms): 931.42
Scan time (us): ranges = 929297, list = 0.31, total = 929297
True: 1774341, scanned range = 194069509, scanned list = 0
Query time (ms): 929.336
Scan time (us): ranges = 926829, list = 0.32, total = 926829
True: 1509139, scanned range = 194069509, scanned list = 0
Query time (ms): 926.871
Scan time (us): ranges = 912234, list = 0.3, total = 912234
True: 197, scanned range = 194069509, scanned list = 0
Query time (ms): 912.275
Scan time (us): ranges = 928684, list = 0.21, total = 928684
True: 1372154, scanned range = 194069509, scanned list = 0
Query time (ms): 928.724
Scan time (us): ranges = 913137, list = 0.32, total = 913138
True: 99, scanned range = 194069509, scanned list = 0
Query time (ms): 913.177
Scan time (us): ranges = 928839, list = 0.3, total = 928839
True: 1825235, scanned range = 194069509, scanned list = 0
Query time (ms): 928.878
Scan time (us): ranges = 930941, list = 0.28, total = 930942
True: 1888389, scanned range = 194069509, scanned list = 0
Query time (ms): 930.981
Scan time (us): ranges = 931644, list = 0.11, total = 931644
True: 2009841, scanned range = 194069509, scanned list = 0
Query time (ms): 931.685
Scan time (us): ranges = 931135, list = 0.2, total = 931135
True: 1940493, scanned range = 194069509, scanned list = 0
Query time (ms): 931.176
Scan time (us): ranges = 931937, list = 0.31, total = 931937
True: 1785304, scanned range = 194069509, scanned list = 0
Query time (ms): 931.976
Scan time (us): ranges = 924319, list = 0.33, total = 924319
True: 2028207, scanned range = 194069509, scanned list = 0
Query time (ms): 924.371
Scan time (us): ranges = 930432, list = 0.26, total = 930432
True: 2055225, scanned range = 194069509, scanned list = 0
Query time (ms): 930.472
Scan time (us): ranges = 929289, list = 0.2, total = 929289
True: 1679490, scanned range = 194069509, scanned list = 0
Query time (ms): 929.327
Scan time (us): ranges = 931535, list = 0.23, total = 931535
True: 1977958, scanned range = 194069509, scanned list = 0
Query time (ms): 931.574
Scan time (us): ranges = 929454, list = 0.12, total = 929454
True: 2062101, scanned range = 194069509, scanned list = 0
Query time (ms): 929.493
Scan time (us): ranges = 936154, list = 0.3, total = 936155
True: 2062790, scanned range = 194069509, scanned list = 0
Query time (ms): 936.194
Scan time (us): ranges = 931607, list = 0.32, total = 931607
True: 1856726, scanned range = 194069509, scanned list = 0
Query time (ms): 931.646
Scan time (us): ranges = 929813, list = 0.3, total = 929813
True: 1914371, scanned range = 194069509, scanned list = 0
Query time (ms): 929.852
Scan time (us): ranges = 928889, list = 0.32, total = 928889
True: 2009633, scanned range = 194069509, scanned list = 0
Query time (ms): 928.93
Scan time (us): ranges = 940087, list = 0.3, total = 940088
True: 2131543, scanned range = 194069509, scanned list = 0
Query time (ms): 940.125
Scan time (us): ranges = 931649, list = 0.21, total = 931649
True: 1904573, scanned range = 194069509, scanned list = 0
Query time (ms): 931.689
Scan time (us): ranges = 913139, list = 0.29, total = 913139
True: 11, scanned range = 194069509, scanned list = 0
Query time (ms): 913.177
Scan time (us): ranges = 930547, list = 0.27, total = 930547
True: 1911407, scanned range = 194069509, scanned list = 0
Query time (ms): 930.585
Scan time (us): ranges = 941112, list = 0.31, total = 941112
True: 2116236, scanned range = 194069509, scanned list = 0
Query time (ms): 941.15
Scan time (us): ranges = 931566, list = 0.08, total = 931566
True: 1970085, scanned range = 194069509, scanned list = 0
Query time (ms): 931.609
Scan time (us): ranges = 931367, list = 0.28, total = 931368
True: 2069188, scanned range = 194069509, scanned list = 0
Query time (ms): 931.407
Scan time (us): ranges = 928646, list = 0.21, total = 928647
True: 1873361, scanned range = 194069509, scanned list = 0
Query time (ms): 928.687
Scan time (us): ranges = 930794, list = 0.27, total = 930794
True: 1970247, scanned range = 194069509, scanned list = 0
Query time (ms): 930.833
Scan time (us): ranges = 930359, list = 0.07, total = 930359
True: 1852180, scanned range = 194069509, scanned list = 0
Query time (ms): 930.397
Scan time (us): ranges = 932933, list = 0.23, total = 932933
True: 2013556, scanned range = 194069509, scanned list = 0
Query time (ms): 932.978
Scan time (us): ranges = 931687, list = 0.37, total = 931687
True: 2013547, scanned range = 194069509, scanned list = 0
Query time (ms): 931.727
Scan time (us): ranges = 933164, list = 0.32, total = 933164
True: 1952195, scanned range = 194069509, scanned list = 0
Query time (ms): 933.203
Scan time (us): ranges = 922207, list = 0.3, total = 922207
True: 1996572, scanned range = 194069509, scanned list = 0
Query time (ms): 922.247
Scan time (us): ranges = 929983, list = 0.32, total = 929983
True: 1945459, scanned range = 194069509, scanned list = 0
Query time (ms): 930.021
Scan time (us): ranges = 931895, list = 0.31, total = 931895
True: 1755835, scanned range = 194069509, scanned list = 0
Query time (ms): 931.932
Scan time (us): ranges = 932359, list = 0.1, total = 932359
True: 1993710, scanned range = 194069509, scanned list = 0
Query time (ms): 932.401
Scan time (us): ranges = 929764, list = 0.21, total = 929765
True: 2007047, scanned range = 194069509, scanned list = 0
Query time (ms): 929.804
Scan time (us): ranges = 926011, list = 0.31, total = 926011
True: 1963882, scanned range = 194069509, scanned list = 0
Query time (ms): 926.05
Scan time (us): ranges = 929941, list = 0.6, total = 929942
True: 1526919, scanned range = 194069509, scanned list = 0
Query time (ms): 929.982
Scan time (us): ranges = 929202, list = 0.33, total = 929202
True: 1828793, scanned range = 194069509, scanned list = 0
Query time (ms): 929.243
Scan time (us): ranges = 932349, list = 0.09, total = 932349
True: 1841451, scanned range = 194069509, scanned list = 0
Query time (ms): 932.388
Scan time (us): ranges = 927858, list = 0.31, total = 927858
True: 1307920, scanned range = 194069509, scanned list = 0
Query time (ms): 927.896
Scan time (us): ranges = 933077, list = 0.22, total = 933077
True: 1935743, scanned range = 194069509, scanned list = 0
Query time (ms): 933.115
Scan time (us): ranges = 931974, list = 0.09, total = 931974
True: 2045528, scanned range = 194069509, scanned list = 0
Query time (ms): 932.012
Scan time (us): ranges = 932237, list = 0.31, total = 932238
True: 1931207, scanned range = 194069509, scanned list = 0
Query time (ms): 932.274
Scan time (us): ranges = 928897, list = 0.29, total = 928898
True: 1953747, scanned range = 194069509, scanned list = 0
Query time (ms): 928.933
Scan time (us): ranges = 925698, list = 0.34, total = 925699
True: 1944601, scanned range = 194069509, scanned list = 0
Query time (ms): 925.737
Scan time (us): ranges = 928959, list = 0.31, total = 928959
True: 1468232, scanned range = 194069509, scanned list = 0
Query time (ms): 928.997
Scan time (us): ranges = 913254, list = 0.25, total = 913254
True: 22100, scanned range = 194069509, scanned list = 0
Query time (ms): 913.293
Scan time (us): ranges = 929088, list = 0.09, total = 929088
True: 2074885, scanned range = 194069509, scanned list = 0
Query time (ms): 929.127
Scan time (us): ranges = 933765, list = 0.09, total = 933765
True: 2055910, scanned range = 194069509, scanned list = 0
Query time (ms): 933.808
Scan time (us): ranges = 932143, list = 0.24, total = 932143
True: 1878834, scanned range = 194069509, scanned list = 0
Query time (ms): 932.182
Scan time (us): ranges = 927778, list = 0.31, total = 927778
True: 1867352, scanned range = 194069509, scanned list = 0
Query time (ms): 927.817
Scan time (us): ranges = 929390, list = 0.29, total = 929391
True: 2084089, scanned range = 194069509, scanned list = 0
Query time (ms): 929.431
Scan time (us): ranges = 929540, list = 0.12, total = 929540
True: 1510878, scanned range = 194069509, scanned list = 0
Query time (ms): 929.577
Scan time (us): ranges = 931856, list = 0.1, total = 931856
True: 2004244, scanned range = 194069509, scanned list = 0
Query time (ms): 931.897
Scan time (us): ranges = 942119, list = 0.31, total = 942120
True: 2112280, scanned range = 194069509, scanned list = 0
Query time (ms): 942.157
Scan time (us): ranges = 930946, list = 0.41, total = 930946
True: 1952688, scanned range = 194069509, scanned list = 0
Query time (ms): 930.987
Scan time (us): ranges = 929537, list = 0.31, total = 929538
True: 1821709, scanned range = 194069509, scanned list = 0
Query time (ms): 929.571
Scan time (us): ranges = 932850, list = 0.58, total = 932851
True: 1760814, scanned range = 194069509, scanned list = 0
Query time (ms): 932.89
Scan time (us): ranges = 929719, list = 0.31, total = 929719
True: 1876947, scanned range = 194069509, scanned list = 0
Query time (ms): 929.756
Scan time (us): ranges = 931196, list = 0.33, total = 931197
True: 1967531, scanned range = 194069509, scanned list = 0
Query time (ms): 931.233
Scan time (us): ranges = 937469, list = 0.33, total = 937470
True: 2101693, scanned range = 194069509, scanned list = 0
Query time (ms): 937.511
Scan time (us): ranges = 932105, list = 0.33, total = 932105
True: 1962486, scanned range = 194069509, scanned list = 0
Query time (ms): 932.147
Scan time (us): ranges = 928835, list = 0.24, total = 928835
True: 1955456, scanned range = 194069509, scanned list = 0
Query time (ms): 928.872
Scan time (us): ranges = 929686, list = 0.2, total = 929686
True: 2029338, scanned range = 194069509, scanned list = 0
Query time (ms): 929.724
Scan time (us): ranges = 937192, list = 0.08, total = 937193
True: 2115430, scanned range = 194069509, scanned list = 0
Query time (ms): 937.231
Scan time (us): ranges = 931887, list = 0.26, total = 931887
True: 1943768, scanned range = 194069509, scanned list = 0
Query time (ms): 931.939
Scan time (us): ranges = 930284, list = 0.28, total = 930284
True: 1975020, scanned range = 194069509, scanned list = 0
Query time (ms): 930.326
Scan time (us): ranges = 929642, list = 0.31, total = 929643
True: 1928124, scanned range = 194069509, scanned list = 0
Query time (ms): 929.68
Scan time (us): ranges = 927618, list = 0.09, total = 927618
True: 1791322, scanned range = 194069509, scanned list = 0
Query time (ms): 927.657
Scan time (us): ranges = 927964, list = 0.1, total = 927964
True: 1912392, scanned range = 194069509, scanned list = 0
Query time (ms): 928.003
Scan time (us): ranges = 929980, list = 0.53, total = 929980
True: 1463376, scanned range = 194069509, scanned list = 0
Query time (ms): 930.02
Scan time (us): ranges = 930026, list = 0.29, total = 930026
True: 2014042, scanned range = 194069509, scanned list = 0
Query time (ms): 930.064
Scan time (us): ranges = 913858, list = 0.3, total = 913858
True: 29, scanned range = 194069509, scanned list = 0
Query time (ms): 913.898
Scan time (us): ranges = 932713, list = 0.31, total = 932713
True: 1872960, scanned range = 194069509, scanned list = 0
Query time (ms): 932.753
Scan time (us): ranges = 927333, list = 0.08, total = 927333
True: 1164819, scanned range = 194069509, scanned list = 0
Query time (ms): 927.372
Scan time (us): ranges = 936131, list = 0.22, total = 936132
True: 2133264, scanned range = 194069509, scanned list = 0
Query time (ms): 936.17
Scan time (us): ranges = 931913, list = 0.17, total = 931914
True: 1690097, scanned range = 194069509, scanned list = 0
Query time (ms): 931.956
Scan time (us): ranges = 929181, list = 0.38, total = 929181
True: 1884684, scanned range = 194069509, scanned list = 0
Query time (ms): 929.218
Scan time (us): ranges = 913039, list = 0.06, total = 913039
True: 266, scanned range = 194069509, scanned list = 0
Query time (ms): 913.075
Scan time (us): ranges = 926291, list = 0.1, total = 926291
True: 1130106, scanned range = 194069509, scanned list = 0
Query time (ms): 926.329
Scan time (us): ranges = 926318, list = 0.18, total = 926318
True: 1972264, scanned range = 194069509, scanned list = 0
Query time (ms): 926.355
Scan time (us): ranges = 927249, list = 0.17, total = 927249
True: 1785669, scanned range = 194069509, scanned list = 0
Query time (ms): 927.29
Scan time (us): ranges = 926072, list = 0.05, total = 926072
True: 1970306, scanned range = 194069509, scanned list = 0
Query time (ms): 926.11
Scan time (us): ranges = 923197, list = 0.26, total = 923197
True: 1992315, scanned range = 194069509, scanned list = 0
Query time (ms): 923.236
Scan time (us): ranges = 929650, list = 0.27, total = 929651
True: 1836715, scanned range = 194069509, scanned list = 0
Query time (ms): 929.689
Scan time (us): ranges = 930697, list = 0.06, total = 930697
True: 1602473, scanned range = 194069509, scanned list = 0
Query time (ms): 930.748
Scan time (us): ranges = 925961, list = 0.13, total = 925961
True: 2054168, scanned range = 194069509, scanned list = 0
Query time (ms): 925.997
Scan time (us): ranges = 930660, list = 0.08, total = 930660
True: 2001268, scanned range = 194069509, scanned list = 0
Query time (ms): 930.699
Scan time (us): ranges = 930431, list = 0.24, total = 930431
True: 2091039, scanned range = 194069509, scanned list = 0
Query time (ms): 930.468
Scan time (us): ranges = 931252, list = 0.13, total = 931252
True: 1675395, scanned range = 194069509, scanned list = 0
Query time (ms): 931.288
Scan time (us): ranges = 934255, list = 0.06, total = 934255
True: 1987365, scanned range = 194069509, scanned list = 0
Query time (ms): 934.291
Scan time (us): ranges = 934325, list = 0.12, total = 934325
True: 1975562, scanned range = 194069509, scanned list = 0
Query time (ms): 934.361
Scan time (us): ranges = 938741, list = 0.34, total = 938741
True: 2104833, scanned range = 194069509, scanned list = 0
Query time (ms): 938.783
Scan time (us): ranges = 928161, list = 0.29, total = 928161
True: 1895154, scanned range = 194069509, scanned list = 0
Query time (ms): 928.212
Scan time (us): ranges = 932934, list = 0.08, total = 932934
True: 1989628, scanned range = 194069509, scanned list = 0
Query time (ms): 932.97
Scan time (us): ranges = 931569, list = 0.09, total = 931569
True: 1861380, scanned range = 194069509, scanned list = 0
Query time (ms): 931.606
Scan time (us): ranges = 928952, list = 0.08, total = 928952
True: 1855516, scanned range = 194069509, scanned list = 0
Query time (ms): 928.99
Scan time (us): ranges = 931030, list = 0.05, total = 931030
True: 2000813, scanned range = 194069509, scanned list = 0
Query time (ms): 931.067
Scan time (us): ranges = 933128, list = 0.07, total = 933128
True: 1931940, scanned range = 194069509, scanned list = 0
Query time (ms): 933.164
Scan time (us): ranges = 934868, list = 0.08, total = 934868
True: 2125711, scanned range = 194069509, scanned list = 0
Query time (ms): 934.908
Scan time (us): ranges = 927952, list = 0.07, total = 927952
True: 2015557, scanned range = 194069509, scanned list = 0
Query time (ms): 927.991
Scan time (us): ranges = 932199, list = 0.3, total = 932199
True: 1774717, scanned range = 194069509, scanned list = 0
Query time (ms): 932.237
Scan time (us): ranges = 929609, list = 0.05, total = 929609
True: 2074881, scanned range = 194069509, scanned list = 0
Query time (ms): 929.646
Scan time (us): ranges = 928047, list = 0.06, total = 928047
True: 1778145, scanned range = 194069509, scanned list = 0
Query time (ms): 928.084
Scan time (us): ranges = 930350, list = 0.07, total = 930350
True: 2112199, scanned range = 194069509, scanned list = 0
Query time (ms): 930.39
Scan time (us): ranges = 930848, list = 0.08, total = 930848
True: 1964248, scanned range = 194069509, scanned list = 0
Query time (ms): 930.888
Scan time (us): ranges = 930141, list = 0.06, total = 930141
True: 1950593, scanned range = 194069509, scanned list = 0
Query time (ms): 930.178
Scan time (us): ranges = 928241, list = 0.06, total = 928241
True: 2062744, scanned range = 194069509, scanned list = 0
Query time (ms): 928.278
Scan time (us): ranges = 923315, list = 0.06, total = 923315
True: 1964453, scanned range = 194069509, scanned list = 0
Query time (ms): 923.353
Scan time (us): ranges = 928391, list = 0.08, total = 928391
True: 2074881, scanned range = 194069509, scanned list = 0
Query time (ms): 928.428
Scan time (us): ranges = 931941, list = 0.22, total = 931941
True: 2091039, scanned range = 194069509, scanned list = 0
Query time (ms): 931.981
Scan time (us): ranges = 926389, list = 0.26, total = 926389
True: 1433263, scanned range = 194069509, scanned list = 0
Query time (ms): 926.428
Scan time (us): ranges = 924516, list = 0.18, total = 924516
True: 2029732, scanned range = 194069509, scanned list = 0
Query time (ms): 924.552
Scan time (us): ranges = 929574, list = 0.07, total = 929574
True: 1853476, scanned range = 194069509, scanned list = 0
Query time (ms): 929.613
Scan time (us): ranges = 933305, list = 0.06, total = 933305
True: 1898129, scanned range = 194069509, scanned list = 0
Query time (ms): 933.357
Scan time (us): ranges = 931562, list = 0.51, total = 931563
True: 1949962, scanned range = 194069509, scanned list = 0
Query time (ms): 931.605
Scan time (us): ranges = 932888, list = 0.33, total = 932888
True: 1945325, scanned range = 194069509, scanned list = 0
Query time (ms): 932.928
Scan time (us): ranges = 912810, list = 0.29, total = 912810
True: 16911, scanned range = 194069509, scanned list = 0
Query time (ms): 912.847
Scan time (us): ranges = 930239, list = 0.35, total = 930240
True: 1767834, scanned range = 194069509, scanned list = 0
Query time (ms): 930.294
Scan time (us): ranges = 931254, list = 0.27, total = 931254
True: 1880892, scanned range = 194069509, scanned list = 0
Query time (ms): 931.294
Scan time (us): ranges = 928301, list = 0.14, total = 928301
True: 1862458, scanned range = 194069509, scanned list = 0
Query time (ms): 928.338
Scan time (us): ranges = 930183, list = 0.07, total = 930183
True: 1828134, scanned range = 194069509, scanned list = 0
Query time (ms): 930.22
Scan time (us): ranges = 929354, list = 0.28, total = 929354
True: 1399635, scanned range = 194069509, scanned list = 0
Query time (ms): 929.392
Scan time (us): ranges = 930511, list = 0.32, total = 930511
True: 1936872, scanned range = 194069509, scanned list = 0
Query time (ms): 930.546
Scan time (us): ranges = 932733, list = 0.12, total = 932733
True: 2035588, scanned range = 194069509, scanned list = 0
Query time (ms): 932.768
Scan time (us): ranges = 927719, list = 0.3, total = 927719
True: 1896228, scanned range = 194069509, scanned list = 0
Query time (ms): 927.756
Scan time (us): ranges = 924122, list = 0.29, total = 924123
True: 1002543, scanned range = 194069509, scanned list = 0
Query time (ms): 924.16
Scan time (us): ranges = 931983, list = 0.18, total = 931983
True: 1716706, scanned range = 194069509, scanned list = 0
Query time (ms): 932.021
Scan time (us): ranges = 927200, list = 0.13, total = 927200
True: 1135665, scanned range = 194069509, scanned list = 0
Query time (ms): 927.235
Scan time (us): ranges = 930603, list = 0.06, total = 930603
True: 2112441, scanned range = 194069509, scanned list = 0
Query time (ms): 930.643
Scan time (us): ranges = 928743, list = 0.09, total = 928743
True: 1897013, scanned range = 194069509, scanned list = 0
Query time (ms): 928.783
Scan time (us): ranges = 928934, list = 0.27, total = 928934
True: 1862458, scanned range = 194069509, scanned list = 0
Query time (ms): 928.972
Scan time (us): ranges = 912891, list = 0.28, total = 912891
True: 3916, scanned range = 194069509, scanned list = 0
Query time (ms): 912.93
Scan time (us): ranges = 930543, list = 0.05, total = 930543
True: 2069174, scanned range = 194069509, scanned list = 0
Query time (ms): 930.578
Scan time (us): ranges = 930318, list = 0.12, total = 930318
True: 2068607, scanned range = 194069509, scanned list = 0
Query time (ms): 930.353
Scan time (us): ranges = 924092, list = 0.08, total = 924093
True: 1997969, scanned range = 194069509, scanned list = 0
Query time (ms): 924.131
Scan time (us): ranges = 928659, list = 0.26, total = 928659
True: 1463380, scanned range = 194069509, scanned list = 0
Query time (ms): 928.695
Scan time (us): ranges = 929685, list = 0.13, total = 929685
True: 2056841, scanned range = 194069509, scanned list = 0
Query time (ms): 929.725
Scan time (us): ranges = 929005, list = 0.12, total = 929005
True: 1702104, scanned range = 194069509, scanned list = 0
Query time (ms): 929.041
Scan time (us): ranges = 929589, list = 0.11, total = 929590
True: 1809107, scanned range = 194069509, scanned list = 0
Query time (ms): 929.627
Scan time (us): ranges = 930183, list = 0.3, total = 930183
True: 1610476, scanned range = 194069509, scanned list = 0
Query time (ms): 930.221
Scan time (us): ranges = 923184, list = 0.14, total = 923184
True: 1874868, scanned range = 194069509, scanned list = 0
Query time (ms): 923.22
Scan time (us): ranges = 931263, list = 0.14, total = 931263
True: 1888250, scanned range = 194069509, scanned list = 0
Query time (ms): 931.3
Scan time (us): ranges = 930369, list = 0.09, total = 930369
True: 1970892, scanned range = 194069509, scanned list = 0
Query time (ms): 930.406
Scan time (us): ranges = 931578, list = 0.18, total = 931578
True: 1878835, scanned range = 194069509, scanned list = 0
Query time (ms): 931.614
Scan time (us): ranges = 927708, list = 0.13, total = 927708
True: 1912872, scanned range = 194069509, scanned list = 0
Query time (ms): 927.743
Scan time (us): ranges = 934041, list = 0.17, total = 934042
True: 2004977, scanned range = 194069509, scanned list = 0
Query time (ms): 934.078
Scan time (us): ranges = 931965, list = 0.27, total = 931965
True: 1770226, scanned range = 194069509, scanned list = 0
Query time (ms): 932.003
Scan time (us): ranges = 928713, list = 0.28, total = 928713
True: 1468163, scanned range = 194069509, scanned list = 0
Query time (ms): 928.749
Scan time (us): ranges = 928768, list = 0.27, total = 928769
True: 1969468, scanned range = 194069509, scanned list = 0
Query time (ms): 928.804
Scan time (us): ranges = 912902, list = 0.13, total = 912902
True: 26, scanned range = 194069509, scanned list = 0
Query time (ms): 912.951
Scan time (us): ranges = 932376, list = 0.14, total = 932376
True: 1969809, scanned range = 194069509, scanned list = 0
Query time (ms): 932.414
Scan time (us): ranges = 936763, list = 0.08, total = 936764
True: 2119503, scanned range = 194069509, scanned list = 0
Query time (ms): 936.803
Scan time (us): ranges = 930448, list = 0.18, total = 930448
True: 1889634, scanned range = 194069509, scanned list = 0
Query time (ms): 930.486
Scan time (us): ranges = 926177, list = 0.57, total = 926177
True: 1959383, scanned range = 194069509, scanned list = 0
Query time (ms): 926.215
Scan time (us): ranges = 930203, list = 0.15, total = 930204
True: 2056949, scanned range = 194069509, scanned list = 0
Query time (ms): 930.237
Scan time (us): ranges = 926036, list = 0.06, total = 926036
True: 2041680, scanned range = 194069509, scanned list = 0
Query time (ms): 926.074
Scan time (us): ranges = 939244, list = 0.19, total = 939244
True: 2131548, scanned range = 194069509, scanned list = 0
Query time (ms): 939.281
Scan time (us): ranges = 929610, list = 0.08, total = 929610
True: 2074881, scanned range = 194069509, scanned list = 0
Query time (ms): 929.649
Scan time (us): ranges = 927370, list = 0.28, total = 927370
True: 1851965, scanned range = 194069509, scanned list = 0
Query time (ms): 927.404
Scan time (us): ranges = 931985, list = 0.06, total = 931985
True: 2069523, scanned range = 194069509, scanned list = 0
Query time (ms): 932.019
Scan time (us): ranges = 940346, list = 0.21, total = 940346
True: 2112311, scanned range = 194069509, scanned list = 0
Query time (ms): 940.384
Scan time (us): ranges = 928894, list = 0.21, total = 928894
True: 1943512, scanned range = 194069509, scanned list = 0
Query time (ms): 928.935
Scan time (us): ranges = 929081, list = 0.24, total = 929081
True: 1873364, scanned range = 194069509, scanned list = 0
Query time (ms): 929.116
Scan time (us): ranges = 930959, list = 0.12, total = 930959
True: 2001865, scanned range = 194069509, scanned list = 0
Query time (ms): 930.994
Scan time (us): ranges = 929629, list = 0.09, total = 929630
True: 1834379, scanned range = 194069509, scanned list = 0
Query time (ms): 929.668
Scan time (us): ranges = 930524, list = 0.27, total = 930524
True: 1835992, scanned range = 194069509, scanned list = 0
Query time (ms): 930.561
Scan time (us): ranges = 928450, list = 0.17, total = 928450
True: 1841658, scanned range = 194069509, scanned list = 0
Query time (ms): 928.485
Scan time (us): ranges = 931297, list = 0.05, total = 931297
True: 1867169, scanned range = 194069509, scanned list = 0
Query time (ms): 931.333
Scan time (us): ranges = 931529, list = 0.31, total = 931529
True: 1967531, scanned range = 194069509, scanned list = 0
Query time (ms): 931.567
Scan time (us): ranges = 930734, list = 0.27, total = 930734
True: 2069155, scanned range = 194069509, scanned list = 0
Query time (ms): 930.771
Scan time (us): ranges = 933931, list = 0.06, total = 933931
True: 2095221, scanned range = 194069509, scanned list = 0
Query time (ms): 933.965
Scan time (us): ranges = 928907, list = 0.06, total = 928907
True: 2130537, scanned range = 194069509, scanned list = 0
Query time (ms): 928.946
Scan time (us): ranges = 927555, list = 0.06, total = 927555
True: 1761611, scanned range = 194069509, scanned list = 0
Query time (ms): 927.593
Scan time (us): ranges = 931059, list = 0.28, total = 931059
True: 1909686, scanned range = 194069509, scanned list = 0
Query time (ms): 931.1
Scan time (us): ranges = 931280, list = 0.13, total = 931280
True: 2001865, scanned range = 194069509, scanned list = 0
Query time (ms): 931.317
Scan time (us): ranges = 930218, list = 0.09, total = 930218
True: 1553788, scanned range = 194069509, scanned list = 0
Query time (ms): 930.254
Scan time (us): ranges = 929492, list = 0.07, total = 929492
True: 1912071, scanned range = 194069509, scanned list = 0
Query time (ms): 929.528
Scan time (us): ranges = 928626, list = 0.15, total = 928627
True: 1876947, scanned range = 194069509, scanned list = 0
Query time (ms): 928.679
Scan time (us): ranges = 931089, list = 0.28, total = 931089
True: 1871311, scanned range = 194069509, scanned list = 0
Query time (ms): 931.128
Scan time (us): ranges = 931248, list = 0.06, total = 931248
True: 1977958, scanned range = 194069509, scanned list = 0
Query time (ms): 931.284
Scan time (us): ranges = 934178, list = 0.31, total = 934178
True: 1898112, scanned range = 194069509, scanned list = 0
Query time (ms): 934.213
Scan time (us): ranges = 928874, list = 0.1, total = 928874
True: 2050665, scanned range = 194069509, scanned list = 0
Query time (ms): 928.912
Scan time (us): ranges = 924516, list = 0.07, total = 924516
True: 1755922, scanned range = 194069509, scanned list = 0
Query time (ms): 924.552
Scan time (us): ranges = 929782, list = 0.18, total = 929782
True: 1956474, scanned range = 194069509, scanned list = 0
Query time (ms): 929.832
Scan time (us): ranges = 924341, list = 0.25, total = 924341
True: 1859163, scanned range = 194069509, scanned list = 0
Query time (ms): 924.388
Scan time (us): ranges = 929493, list = 0.31, total = 929494
True: 1787942, scanned range = 194069509, scanned list = 0
Query time (ms): 929.531
Scan time (us): ranges = 931094, list = 0.1, total = 931094
True: 2068564, scanned range = 194069509, scanned list = 0
Query time (ms): 931.133
Scan time (us): ranges = 929706, list = 0.05, total = 929706
True: 2041025, scanned range = 194069509, scanned list = 0
Query time (ms): 929.743
Scan time (us): ranges = 929113, list = 0.25, total = 929113
True: 1787699, scanned range = 194069509, scanned list = 0
Query time (ms): 929.15
Scan time (us): ranges = 930450, list = 0.04, total = 930450
True: 1969368, scanned range = 194069509, scanned list = 0
Query time (ms): 930.486
Scan time (us): ranges = 930572, list = 0.3, total = 930572
True: 1903312, scanned range = 194069509, scanned list = 0
Query time (ms): 930.61
Scan time (us): ranges = 915355, list = 0.18, total = 915355
True: 0, scanned range = 194069509, scanned list = 0
Query time (ms): 915.391
Scan time (us): ranges = 930668, list = 0.07, total = 930668
True: 1793552, scanned range = 194069509, scanned list = 0
Query time (ms): 930.706
Scan time (us): ranges = 930849, list = 0.07, total = 930849
True: 1901697, scanned range = 194069509, scanned list = 0
Query time (ms): 930.888
